[2023-05-27 09:45:22,570][__main__][INFO] - Net(
  (fc1): Linear(in_features=3754, out_features=136, bias=True)
  (fc2): Linear(in_features=136, out_features=136, bias=True)
  (fc3): Linear(in_features=136, out_features=136, bias=True)
  (fc4): Linear(in_features=136, out_features=136, bias=True)
  (fc5): Linear(in_features=136, out_features=136, bias=True)
  (fc6): Linear(in_features=136, out_features=136, bias=True)
  (fc7): Linear(in_features=136, out_features=136, bias=True)
  (fc8): Linear(in_features=136, out_features=1, bias=True)
  (dropout): Dropout(p=0.01, inplace=False)
  (batchnorm): BatchNorm1d(136, eps=1e-05, momentum=0.1, affine=True, track_running_stats=True)
  (act1): ReLU()
)
[2023-05-27 09:45:29,626][__main__][INFO] - Iteration 0, epoch 0, train accuracy 0.49, loss 0.6933
[2023-05-27 09:45:42,581][__main__][INFO] - Test accuracy - 0.500748156046702
[2023-05-27 09:45:42,865][__main__][INFO] - Iteration 0, epoch 1, train accuracy 0.87, loss 0.3163
[2023-05-27 09:45:54,987][__main__][INFO] - Test accuracy - 0.9996555555555555
[2023-05-27 09:45:55,252][__main__][INFO] - Iteration 0, epoch 2, train accuracy 1.00, loss 0.0018
[2023-05-27 09:46:07,431][__main__][INFO] - Test accuracy - 0.9999944444444444
[2023-05-27 09:46:07,732][__main__][INFO] - Iteration 0, epoch 3, train accuracy 1.00, loss 0.0002
[2023-05-27 09:46:19,541][__main__][INFO] - Test accuracy - 1.0
[2023-05-27 09:46:19,716][__main__][INFO] - Iteration 0, epoch 4, train accuracy 1.00, loss 0.0001
[2023-05-27 09:46:31,801][__main__][INFO] - Test accuracy - 1.0
[2023-05-27 09:46:32,106][__main__][INFO] - Iteration 0, epoch 5, train accuracy 1.00, loss 0.0000
