[2023-05-25 19:17:52,087][__main__][INFO] - Net(
  (fc1): Linear(in_features=17, out_features=136, bias=True)
  (fc2): Linear(in_features=136, out_features=136, bias=True)
  (fc3): Linear(in_features=136, out_features=136, bias=True)
  (fc4): Linear(in_features=136, out_features=136, bias=True)
  (fc5): Linear(in_features=136, out_features=136, bias=True)
  (fc6): Linear(in_features=136, out_features=136, bias=True)
  (fc7): Linear(in_features=136, out_features=136, bias=True)
  (fc8): Linear(in_features=136, out_features=1, bias=True)
  (dropout): Dropout(p=0.025, inplace=False)
  (batchnorm): BatchNorm1d(136, eps=1e-05, momentum=0.1, affine=True, track_running_stats=True)
  (act1): ReLU()
)
[2023-05-25 19:17:52,991][__main__][INFO] - Iteration 0, epoch 0, train accuracy 0.49, loss 0.6956
[2023-05-25 19:17:55,820][__main__][INFO] - Test accuracy - 0.6725965964413425
[2023-05-25 19:17:55,907][__main__][INFO] - Iteration 0, epoch 1, train accuracy 0.73, loss 0.5412
[2023-05-25 19:17:58,608][__main__][INFO] - Test accuracy - 0.7371650898280987
[2023-05-25 19:17:58,667][__main__][INFO] - Iteration 0, epoch 2, train accuracy 0.74, loss 0.5163
[2023-05-25 19:18:01,491][__main__][INFO] - Test accuracy - 0.7553019732023608
[2023-05-25 19:18:01,583][__main__][INFO] - Iteration 0, epoch 3, train accuracy 0.75, loss 0.5088
[2023-05-25 19:18:04,555][__main__][INFO] - Test accuracy - 0.7599644328120286
[2023-05-25 19:18:04,626][__main__][INFO] - Iteration 0, epoch 4, train accuracy 0.76, loss 0.4994
[2023-05-25 19:18:07,534][__main__][INFO] - Test accuracy - 0.7575817608030676
[2023-05-25 19:18:07,638][__main__][INFO] - Iteration 0, epoch 5, train accuracy 0.76, loss 0.4991
[2023-05-25 19:18:10,419][__main__][INFO] - Test accuracy - 0.7516046378872087
[2023-05-25 19:18:10,485][__main__][INFO] - Iteration 0, epoch 6, train accuracy 0.76, loss 0.5013
[2023-05-25 19:18:13,317][__main__][INFO] - Test accuracy - 0.740832837878592
[2023-05-25 19:18:13,378][__main__][INFO] - Iteration 0, epoch 7, train accuracy 0.77, loss 0.4813
[2023-05-25 19:18:16,165][__main__][INFO] - Test accuracy - 0.7662472189909957
[2023-05-25 19:18:16,224][__main__][INFO] - Iteration 0, epoch 8, train accuracy 0.77, loss 0.4833
[2023-05-25 19:18:19,067][__main__][INFO] - Test accuracy - 0.7561639308948342
[2023-05-25 19:18:19,140][__main__][INFO] - Iteration 0, epoch 9, train accuracy 0.77, loss 0.4910
[2023-05-25 19:18:22,084][__main__][INFO] - Test accuracy - 0.7680517750204645
[2023-05-25 19:18:22,197][__main__][INFO] - Iteration 0, epoch 10, train accuracy 0.78, loss 0.4818
[2023-05-25 19:18:25,269][__main__][INFO] - Test accuracy - 0.7686628301236483
[2023-05-25 19:18:25,338][__main__][INFO] - Iteration 0, epoch 11, train accuracy 0.77, loss 0.4803
[2023-05-25 19:18:28,396][__main__][INFO] - Test accuracy - 0.7664127116453406
[2023-05-25 19:18:28,484][__main__][INFO] - Iteration 0, epoch 12, train accuracy 0.76, loss 0.4918
[2023-05-25 19:18:31,499][__main__][INFO] - Test accuracy - 0.7705114923958468
[2023-05-25 19:18:31,564][__main__][INFO] - Iteration 0, epoch 13, train accuracy 0.76, loss 0.4885
[2023-05-25 19:18:34,530][__main__][INFO] - Test accuracy - 0.7707469561845677
[2023-05-25 19:18:34,645][__main__][INFO] - Iteration 0, epoch 14, train accuracy 0.77, loss 0.4791
[2023-05-25 19:18:37,421][__main__][INFO] - Test accuracy - 0.7685235017879454
[2023-05-25 19:18:37,485][__main__][INFO] - Iteration 0, epoch 15, train accuracy 0.78, loss 0.4752
[2023-05-25 19:18:40,260][__main__][INFO] - Test accuracy - 0.7723776636077722
[2023-05-25 19:18:40,360][__main__][INFO] - Iteration 0, epoch 16, train accuracy 0.77, loss 0.4740
[2023-05-25 19:18:43,192][__main__][INFO] - Test accuracy - 0.7729252703459567
[2023-05-25 19:18:43,259][__main__][INFO] - Iteration 0, epoch 17, train accuracy 0.77, loss 0.4784
[2023-05-25 19:18:46,054][__main__][INFO] - Test accuracy - 0.7723782581534617
[2023-05-25 19:18:46,107][__main__][INFO] - Iteration 0, epoch 18, train accuracy 0.77, loss 0.4780
[2023-05-25 19:18:48,962][__main__][INFO] - Test accuracy - 0.7716683856792038
[2023-05-25 19:18:49,023][__main__][INFO] - Iteration 0, epoch 19, train accuracy 0.78, loss 0.4710
[2023-05-25 19:18:51,949][__main__][INFO] - Test accuracy - 0.7702327021670761
[2023-05-25 19:18:52,036][__main__][INFO] - Iteration 0, epoch 20, train accuracy 0.77, loss 0.4770
[2023-05-25 19:18:54,813][__main__][INFO] - Test accuracy - 0.7753961979233984
[2023-05-25 19:18:54,876][__main__][INFO] - Iteration 0, epoch 21, train accuracy 0.78, loss 0.4716
[2023-05-25 19:18:57,756][__main__][INFO] - Test accuracy - 0.7700083968807891
[2023-05-25 19:18:57,817][__main__][INFO] - Iteration 0, epoch 22, train accuracy 0.78, loss 0.4760
[2023-05-25 19:19:00,593][__main__][INFO] - Test accuracy - 0.7688483693076558
[2023-05-25 19:19:00,679][__main__][INFO] - Iteration 0, epoch 23, train accuracy 0.78, loss 0.4646
[2023-05-25 19:19:03,702][__main__][INFO] - Test accuracy - 0.7600769527379261
[2023-05-25 19:19:03,792][__main__][INFO] - Iteration 0, epoch 24, train accuracy 0.78, loss 0.4668
[2023-05-25 19:19:06,527][__main__][INFO] - Test accuracy - 0.7805540691913317
[2023-05-25 19:19:06,623][__main__][INFO] - Iteration 0, epoch 25, train accuracy 0.78, loss 0.4644
[2023-05-25 19:19:09,562][__main__][INFO] - Test accuracy - 0.7795928589892722
[2023-05-25 19:19:09,626][__main__][INFO] - Iteration 0, epoch 26, train accuracy 0.78, loss 0.4595
[2023-05-25 19:19:12,549][__main__][INFO] - Test accuracy - 0.7755184761535479
[2023-05-25 19:19:12,677][__main__][INFO] - Iteration 0, epoch 27, train accuracy 0.78, loss 0.4586
[2023-05-25 19:19:15,462][__main__][INFO] - Test accuracy - 0.7851092413080006
[2023-05-25 19:19:15,514][__main__][INFO] - Iteration 0, epoch 28, train accuracy 0.78, loss 0.4587
[2023-05-25 19:19:18,303][__main__][INFO] - Test accuracy - 0.7684975938132782
[2023-05-25 19:19:18,397][__main__][INFO] - Iteration 0, epoch 29, train accuracy 0.78, loss 0.4613
[2023-05-25 19:19:21,251][__main__][INFO] - Test accuracy - 0.7827951337727802
[2023-05-25 19:19:21,318][__main__][INFO] - Iteration 0, epoch 30, train accuracy 0.79, loss 0.4418
[2023-05-25 19:19:24,163][__main__][INFO] - Test accuracy - 0.7895598552410495
[2023-05-25 19:19:24,219][__main__][INFO] - Iteration 0, epoch 31, train accuracy 0.79, loss 0.4477
[2023-05-25 19:19:27,063][__main__][INFO] - Test accuracy - 0.7739058614450046
[2023-05-25 19:19:27,129][__main__][INFO] - Iteration 0, epoch 32, train accuracy 0.79, loss 0.4488
[2023-05-25 19:19:29,880][__main__][INFO] - Test accuracy - 0.6356979320149929
[2023-05-25 19:19:29,935][__main__][INFO] - Iteration 0, epoch 33, train accuracy 0.79, loss 0.4452
[2023-05-25 19:19:32,801][__main__][INFO] - Test accuracy - 0.7929904894231183
[2023-05-25 19:19:32,861][__main__][INFO] - Iteration 0, epoch 34, train accuracy 0.80, loss 0.4377
[2023-05-25 19:19:35,692][__main__][INFO] - Test accuracy - 0.7908661345913576
[2023-05-25 19:19:35,773][__main__][INFO] - Iteration 0, epoch 35, train accuracy 0.79, loss 0.4437
[2023-05-25 19:19:38,664][__main__][INFO] - Test accuracy - 0.7994902136917841
[2023-05-25 19:19:38,767][__main__][INFO] - Iteration 0, epoch 36, train accuracy 0.80, loss 0.4262
[2023-05-25 19:19:41,581][__main__][INFO] - Test accuracy - 0.7906428503726681
[2023-05-25 19:19:41,657][__main__][INFO] - Iteration 0, epoch 37, train accuracy 0.80, loss 0.4306
[2023-05-25 19:19:44,611][__main__][INFO] - Test accuracy - 0.7900884257464134
[2023-05-25 19:19:44,725][__main__][INFO] - Iteration 0, epoch 38, train accuracy 0.80, loss 0.4257
[2023-05-25 19:19:47,605][__main__][INFO] - Test accuracy - 0.8020424540088752
[2023-05-25 19:19:47,694][__main__][INFO] - Iteration 0, epoch 39, train accuracy 0.80, loss 0.4228
[2023-05-25 19:19:50,617][__main__][INFO] - Test accuracy - 0.7921942010253759
[2023-05-25 19:19:50,730][__main__][INFO] - Iteration 0, epoch 40, train accuracy 0.80, loss 0.4252
[2023-05-25 19:19:53,600][__main__][INFO] - Test accuracy - 0.8048621731075783
[2023-05-25 19:19:53,670][__main__][INFO] - Iteration 0, epoch 41, train accuracy 0.80, loss 0.4275
[2023-05-25 19:19:56,599][__main__][INFO] - Test accuracy - 0.8037177502046444
[2023-05-25 19:19:56,667][__main__][INFO] - Iteration 0, epoch 42, train accuracy 0.79, loss 0.4315
[2023-05-25 19:19:59,505][__main__][INFO] - Test accuracy - 0.8002234716298307
[2023-05-25 19:19:59,567][__main__][INFO] - Iteration 0, epoch 43, train accuracy 0.80, loss 0.4199
[2023-05-25 19:20:02,405][__main__][INFO] - Test accuracy - 0.6663527336176813
[2023-05-25 19:20:02,467][__main__][INFO] - Iteration 0, epoch 44, train accuracy 0.81, loss 0.4100
[2023-05-25 19:20:05,356][__main__][INFO] - Test accuracy - 0.7744443884365173
[2023-05-25 19:20:05,427][__main__][INFO] - Iteration 0, epoch 45, train accuracy 0.81, loss 0.4157
[2023-05-25 19:20:08,317][__main__][INFO] - Test accuracy - 0.8080421244237647
[2023-05-25 19:20:08,382][__main__][INFO] - Iteration 0, epoch 46, train accuracy 0.81, loss 0.4089
[2023-05-25 19:20:11,166][__main__][INFO] - Test accuracy - 0.805816332773254
[2023-05-25 19:20:11,259][__main__][INFO] - Iteration 0, epoch 47, train accuracy 0.80, loss 0.4183
[2023-05-25 19:20:14,155][__main__][INFO] - Test accuracy - 0.8040666860540261
[2023-05-25 19:20:14,223][__main__][INFO] - Iteration 0, epoch 48, train accuracy 0.81, loss 0.4144
[2023-05-25 19:20:17,027][__main__][INFO] - Test accuracy - 0.7904118672181295
[2023-05-25 19:20:17,123][__main__][INFO] - Iteration 0, epoch 49, train accuracy 0.82, loss 0.4031
[2023-05-25 19:20:20,027][__main__][INFO] - Test accuracy - 0.8114991404937313
[2023-05-25 19:20:20,086][__main__][INFO] - Iteration 0, epoch 50, train accuracy 0.81, loss 0.4109
[2023-05-25 19:20:22,887][__main__][INFO] - Test accuracy - 0.8096384688294344
[2023-05-25 19:20:22,986][__main__][INFO] - Iteration 0, epoch 51, train accuracy 0.81, loss 0.4089
[2023-05-25 19:20:25,800][__main__][INFO] - Test accuracy - 0.8137002929645427
[2023-05-25 19:20:25,860][__main__][INFO] - Iteration 0, epoch 52, train accuracy 0.81, loss 0.4200
[2023-05-25 19:20:28,656][__main__][INFO] - Test accuracy - 0.8125399616561112
[2023-05-25 19:20:28,755][__main__][INFO] - Iteration 0, epoch 53, train accuracy 0.81, loss 0.4055
[2023-05-25 19:20:31,709][__main__][INFO] - Test accuracy - 0.7820863405281978
[2023-05-25 19:20:31,782][__main__][INFO] - Iteration 0, epoch 54, train accuracy 0.81, loss 0.4110
[2023-05-25 19:20:34,730][__main__][INFO] - Test accuracy - 0.8137349661798284
[2023-05-25 19:20:34,797][__main__][INFO] - Iteration 0, epoch 55, train accuracy 0.82, loss 0.4021
[2023-05-25 19:20:37,579][__main__][INFO] - Test accuracy - 0.8140588126319418
[2023-05-25 19:20:37,641][__main__][INFO] - Iteration 0, epoch 56, train accuracy 0.82, loss 0.3975
[2023-05-25 19:20:40,465][__main__][INFO] - Test accuracy - 0.8052124596096677
[2023-05-25 19:20:40,523][__main__][INFO] - Iteration 0, epoch 57, train accuracy 0.81, loss 0.4064
[2023-05-25 19:20:43,440][__main__][INFO] - Test accuracy - 0.7995084744302271
[2023-05-25 19:20:43,510][__main__][INFO] - Iteration 0, epoch 58, train accuracy 0.81, loss 0.4055
[2023-05-25 19:20:46,259][__main__][INFO] - Test accuracy - 0.7818197837232347
[2023-05-25 19:20:46,348][__main__][INFO] - Iteration 0, epoch 59, train accuracy 0.82, loss 0.4020
[2023-05-25 19:20:49,147][__main__][INFO] - Test accuracy - 0.7858098746284089
[2023-05-25 19:20:49,228][__main__][INFO] - Iteration 0, epoch 60, train accuracy 0.82, loss 0.3943
[2023-05-25 19:20:52,043][__main__][INFO] - Test accuracy - 0.7905538085390548
[2023-05-25 19:20:52,113][__main__][INFO] - Iteration 0, epoch 61, train accuracy 0.82, loss 0.3956
[2023-05-25 19:20:55,029][__main__][INFO] - Test accuracy - 0.8082966933781397
[2023-05-25 19:20:55,137][__main__][INFO] - Iteration 0, epoch 62, train accuracy 0.82, loss 0.3927
[2023-05-25 19:20:57,985][__main__][INFO] - Test accuracy - 0.8063335616733445
[2023-05-25 19:20:58,061][__main__][INFO] - Iteration 0, epoch 63, train accuracy 0.81, loss 0.4011
[2023-05-25 19:21:00,900][__main__][INFO] - Test accuracy - 0.8183169811727198
[2023-05-25 19:21:00,998][__main__][INFO] - Iteration 0, epoch 64, train accuracy 0.82, loss 0.3864
[2023-05-25 19:21:03,766][__main__][INFO] - Test accuracy - 0.8193767868682953
[2023-05-25 19:21:03,839][__main__][INFO] - Iteration 0, epoch 65, train accuracy 0.82, loss 0.3898
[2023-05-25 19:21:06,668][__main__][INFO] - Test accuracy - 0.8130797078971177
[2023-05-25 19:21:06,732][__main__][INFO] - Iteration 0, epoch 66, train accuracy 0.83, loss 0.3846
[2023-05-25 19:21:09,579][__main__][INFO] - Test accuracy - 0.8017712873206669
[2023-05-25 19:21:09,643][__main__][INFO] - Iteration 0, epoch 67, train accuracy 0.82, loss 0.3916
[2023-05-25 19:21:12,531][__main__][INFO] - Test accuracy - 0.8205583516436172
[2023-05-25 19:21:12,599][__main__][INFO] - Iteration 0, epoch 68, train accuracy 0.83, loss 0.3846
[2023-05-25 19:21:15,485][__main__][INFO] - Test accuracy - 0.8133843522467796
[2023-05-25 19:21:15,551][__main__][INFO] - Iteration 0, epoch 69, train accuracy 0.82, loss 0.3899
[2023-05-25 19:21:18,443][__main__][INFO] - Test accuracy - 0.7989609560122355
[2023-05-25 19:21:18,509][__main__][INFO] - Iteration 0, epoch 70, train accuracy 0.82, loss 0.3812
[2023-05-25 19:21:21,427][__main__][INFO] - Test accuracy - 0.8131798177588213
[2023-05-25 19:21:21,517][__main__][INFO] - Iteration 0, epoch 71, train accuracy 0.82, loss 0.3860
[2023-05-25 19:21:24,463][__main__][INFO] - Test accuracy - 0.8178094394898969
[2023-05-25 19:21:24,536][__main__][INFO] - Iteration 0, epoch 72, train accuracy 0.83, loss 0.3798
[2023-05-25 19:21:27,519][__main__][INFO] - Test accuracy - 0.822627478350782
[2023-05-25 19:21:27,611][__main__][INFO] - Iteration 0, epoch 73, train accuracy 0.81, loss 0.3926
[2023-05-25 19:21:30,609][__main__][INFO] - Test accuracy - 0.82037932230408
[2023-05-25 19:21:30,670][__main__][INFO] - Iteration 0, epoch 74, train accuracy 0.82, loss 0.3909
[2023-05-25 19:21:33,515][__main__][INFO] - Test accuracy - 0.810370628150446
[2023-05-25 19:21:33,608][__main__][INFO] - Iteration 0, epoch 75, train accuracy 0.82, loss 0.3950
[2023-05-25 19:21:36,515][__main__][INFO] - Test accuracy - 0.8122158631683255
[2023-05-25 19:21:36,572][__main__][INFO] - Iteration 0, epoch 76, train accuracy 0.82, loss 0.3878
[2023-05-25 19:21:39,428][__main__][INFO] - Test accuracy - 0.8180414006290121
[2023-05-25 19:21:39,517][__main__][INFO] - Iteration 0, epoch 77, train accuracy 0.82, loss 0.3792
[2023-05-25 19:21:42,356][__main__][INFO] - Test accuracy - 0.8094680151652233
[2023-05-25 19:21:42,418][__main__][INFO] - Iteration 0, epoch 78, train accuracy 0.83, loss 0.3754
[2023-05-25 19:21:45,185][__main__][INFO] - Test accuracy - 0.8184378656671405
[2023-05-25 19:21:45,244][__main__][INFO] - Iteration 0, epoch 79, train accuracy 0.82, loss 0.3876
[2023-05-25 19:21:48,243][__main__][INFO] - Test accuracy - 0.8195084076515445
[2023-05-25 19:21:48,311][__main__][INFO] - Iteration 0, epoch 80, train accuracy 0.82, loss 0.3812
[2023-05-25 19:21:51,193][__main__][INFO] - Test accuracy - 0.8115698268062557
[2023-05-25 19:21:51,260][__main__][INFO] - Iteration 0, epoch 81, train accuracy 0.83, loss 0.3766
[2023-05-25 19:21:54,179][__main__][INFO] - Test accuracy - 0.7848226164318642
[2023-05-25 19:21:54,267][__main__][INFO] - Iteration 0, epoch 82, train accuracy 0.82, loss 0.3818
[2023-05-25 19:21:57,036][__main__][INFO] - Test accuracy - 0.8199915104907156
[2023-05-25 19:21:57,109][__main__][INFO] - Iteration 0, epoch 83, train accuracy 0.83, loss 0.3680
[2023-05-25 19:21:59,986][__main__][INFO] - Test accuracy - 0.8251302227392183
[2023-05-25 19:22:00,092][__main__][INFO] - Iteration 0, epoch 84, train accuracy 0.83, loss 0.3761
[2023-05-25 19:22:02,900][__main__][INFO] - Test accuracy - 0.8178988669165482
[2023-05-25 19:22:02,966][__main__][INFO] - Iteration 0, epoch 85, train accuracy 0.83, loss 0.3713
[2023-05-25 19:22:05,806][__main__][INFO] - Test accuracy - 0.8257245465512041
[2023-05-25 19:22:05,914][__main__][INFO] - Iteration 0, epoch 86, train accuracy 0.82, loss 0.3841
[2023-05-25 19:22:08,753][__main__][INFO] - Test accuracy - 0.8296506333204083
[2023-05-25 19:22:08,823][__main__][INFO] - Iteration 0, epoch 87, train accuracy 0.83, loss 0.3671
[2023-05-25 19:22:11,740][__main__][INFO] - Test accuracy - 0.8253092089957348
[2023-05-25 19:22:11,835][__main__][INFO] - Iteration 0, epoch 88, train accuracy 0.82, loss 0.3753
[2023-05-25 19:22:14,619][__main__][INFO] - Test accuracy - 0.8057258218086253
[2023-05-25 19:22:14,682][__main__][INFO] - Iteration 0, epoch 89, train accuracy 0.83, loss 0.3678
[2023-05-25 19:22:17,619][__main__][INFO] - Test accuracy - 0.7973004157511524
[2023-05-25 19:22:17,718][__main__][INFO] - Iteration 0, epoch 90, train accuracy 0.83, loss 0.3654
[2023-05-25 19:22:20,497][__main__][INFO] - Test accuracy - 0.8224377665761923
[2023-05-25 19:22:20,573][__main__][INFO] - Iteration 0, epoch 91, train accuracy 0.83, loss 0.3771
[2023-05-25 19:22:23,540][__main__][INFO] - Test accuracy - 0.8302625457757098
[2023-05-25 19:22:23,628][__main__][INFO] - Iteration 0, epoch 92, train accuracy 0.83, loss 0.3714
[2023-05-25 19:22:26,643][__main__][INFO] - Test accuracy - 0.8175598573952005
[2023-05-25 19:22:26,728][__main__][INFO] - Iteration 0, epoch 93, train accuracy 0.83, loss 0.3734
[2023-05-25 19:22:29,505][__main__][INFO] - Test accuracy - 0.8291711753048124
[2023-05-25 19:22:29,575][__main__][INFO] - Iteration 0, epoch 94, train accuracy 0.84, loss 0.3639
[2023-05-25 19:22:32,348][__main__][INFO] - Test accuracy - 0.8180200680711732
[2023-05-25 19:22:32,430][__main__][INFO] - Iteration 0, epoch 95, train accuracy 0.83, loss 0.3703
[2023-05-25 19:22:35,167][__main__][INFO] - Test accuracy - 0.8244509413640084
[2023-05-25 19:22:35,231][__main__][INFO] - Iteration 0, epoch 96, train accuracy 0.83, loss 0.3629
[2023-05-25 19:22:38,166][__main__][INFO] - Test accuracy - 0.8279698698892766
[2023-05-25 19:22:38,262][__main__][INFO] - Iteration 0, epoch 97, train accuracy 0.83, loss 0.3698
[2023-05-25 19:22:41,092][__main__][INFO] - Test accuracy - 0.8307993494463832
[2023-05-25 19:22:41,157][__main__][INFO] - Iteration 0, epoch 98, train accuracy 0.84, loss 0.3576
[2023-05-25 19:22:43,954][__main__][INFO] - Test accuracy - 0.8257434319934513
[2023-05-25 19:22:44,045][__main__][INFO] - Iteration 0, epoch 99, train accuracy 0.83, loss 0.3607
[2023-05-25 19:22:46,916][__main__][INFO] - Test accuracy - 0.8172681142561715
[2023-05-25 19:22:46,985][__main__][INFO] - Iteration 0, epoch 100, train accuracy 0.84, loss 0.3588
[2023-05-25 19:22:49,757][__main__][INFO] - Test accuracy - 0.8251275559002198
[2023-05-25 19:22:49,857][__main__][INFO] - Iteration 0, epoch 101, train accuracy 0.83, loss 0.3637
[2023-05-25 19:22:52,728][__main__][INFO] - Test accuracy - 0.8218061134806772
[2023-05-25 19:22:52,789][__main__][INFO] - Iteration 0, epoch 102, train accuracy 0.84, loss 0.3532
[2023-05-25 19:22:55,621][__main__][INFO] - Test accuracy - 0.8152023587953986
[2023-05-25 19:22:55,687][__main__][INFO] - Iteration 0, epoch 103, train accuracy 0.84, loss 0.3612
[2023-05-25 19:22:58,764][__main__][INFO] - Test accuracy - 0.8179147214682695
[2023-05-25 19:22:58,847][__main__][INFO] - Iteration 0, epoch 104, train accuracy 0.84, loss 0.3643
[2023-05-25 19:23:01,630][__main__][INFO] - Test accuracy - 0.8290063870578604
[2023-05-25 19:23:01,694][__main__][INFO] - Iteration 0, epoch 105, train accuracy 0.83, loss 0.3676
[2023-05-25 19:23:04,490][__main__][INFO] - Test accuracy - 0.8290275559002196
[2023-05-25 19:23:04,554][__main__][INFO] - Iteration 0, epoch 106, train accuracy 0.83, loss 0.3619
[2023-05-25 19:23:07,294][__main__][INFO] - Test accuracy - 0.8212359333936496
[2023-05-25 19:23:07,355][__main__][INFO] - Iteration 0, epoch 107, train accuracy 0.84, loss 0.3473
[2023-05-25 19:23:10,132][__main__][INFO] - Test accuracy - 0.8284048942311836
[2023-05-25 19:23:10,233][__main__][INFO] - Iteration 0, epoch 108, train accuracy 0.84, loss 0.3590
[2023-05-25 19:23:13,058][__main__][INFO] - Test accuracy - 0.8115708263323423
[2023-05-25 19:23:13,136][__main__][INFO] - Iteration 0, epoch 109, train accuracy 0.84, loss 0.3514
[2023-05-25 19:23:16,121][__main__][INFO] - Test accuracy - 0.805405620180087
[2023-05-25 19:23:16,220][__main__][INFO] - Iteration 0, epoch 110, train accuracy 0.84, loss 0.3558
[2023-05-25 19:23:19,052][__main__][INFO] - Test accuracy - 0.7722922148981087
[2023-05-25 19:23:19,115][__main__][INFO] - Iteration 0, epoch 111, train accuracy 0.83, loss 0.3547
[2023-05-25 19:23:21,958][__main__][INFO] - Test accuracy - 0.8326933544440136
[2023-05-25 19:23:22,067][__main__][INFO] - Iteration 0, epoch 112, train accuracy 0.84, loss 0.3579
[2023-05-25 19:23:24,826][__main__][INFO] - Test accuracy - 0.8313335272069278
[2023-05-25 19:23:24,905][__main__][INFO] - Iteration 0, epoch 113, train accuracy 0.84, loss 0.3462
[2023-05-25 19:23:27,769][__main__][INFO] - Test accuracy - 0.7799094524148034
[2023-05-25 19:23:27,874][__main__][INFO] - Iteration 0, epoch 114, train accuracy 0.84, loss 0.3472
[2023-05-25 19:23:30,790][__main__][INFO] - Test accuracy - 0.816073439317565
[2023-05-25 19:23:30,858][__main__][INFO] - Iteration 0, epoch 115, train accuracy 0.83, loss 0.3601
[2023-05-25 19:23:33,740][__main__][INFO] - Test accuracy - 0.8303759747533497
[2023-05-25 19:23:33,816][__main__][INFO] - Iteration 0, epoch 116, train accuracy 0.84, loss 0.3501
[2023-05-25 19:23:36,752][__main__][INFO] - Test accuracy - 0.8361714833484124
[2023-05-25 19:23:36,819][__main__][INFO] - Iteration 0, epoch 117, train accuracy 0.84, loss 0.3580
[2023-05-25 19:23:39,593][__main__][INFO] - Test accuracy - 0.8273277648528715
[2023-05-25 19:23:39,669][__main__][INFO] - Iteration 0, epoch 118, train accuracy 0.85, loss 0.3444
[2023-05-25 19:23:42,545][__main__][INFO] - Test accuracy - 0.8301086166041963
[2023-05-25 19:23:42,639][__main__][INFO] - Iteration 0, epoch 119, train accuracy 0.84, loss 0.3502
[2023-05-25 19:23:45,572][__main__][INFO] - Test accuracy - 0.813655180733273
[2023-05-25 19:23:45,639][__main__][INFO] - Iteration 0, epoch 120, train accuracy 0.84, loss 0.3583
[2023-05-25 19:23:48,428][__main__][INFO] - Test accuracy - 0.8289997673516867
[2023-05-25 19:23:48,525][__main__][INFO] - Iteration 0, epoch 121, train accuracy 0.84, loss 0.3495
[2023-05-25 19:23:51,295][__main__][INFO] - Test accuracy - 0.8335933544440136
[2023-05-25 19:23:51,377][__main__][INFO] - Iteration 0, epoch 122, train accuracy 0.84, loss 0.3523
[2023-05-25 19:23:54,217][__main__][INFO] - Test accuracy - 0.8291234716298308
[2023-05-25 19:23:54,315][__main__][INFO] - Iteration 0, epoch 123, train accuracy 0.84, loss 0.3475
[2023-05-25 19:23:57,354][__main__][INFO] - Test accuracy - 0.8284560036189739
[2023-05-25 19:23:57,423][__main__][INFO] - Iteration 0, epoch 124, train accuracy 0.84, loss 0.3502
[2023-05-25 19:24:00,349][__main__][INFO] - Test accuracy - 0.8194115376330188
[2023-05-25 19:24:00,450][__main__][INFO] - Iteration 0, epoch 125, train accuracy 0.84, loss 0.3419
[2023-05-25 19:24:03,177][__main__][INFO] - Test accuracy - 0.8352381500150791
[2023-05-25 19:24:03,248][__main__][INFO] - Iteration 0, epoch 126, train accuracy 0.84, loss 0.3509
[2023-05-25 19:24:06,048][__main__][INFO] - Test accuracy - 0.831964534057128
[2023-05-25 19:24:06,116][__main__][INFO] - Iteration 0, epoch 127, train accuracy 0.84, loss 0.3520
[2023-05-25 19:24:09,175][__main__][INFO] - Test accuracy - 0.8299327603291543
[2023-05-25 19:24:09,238][__main__][INFO] - Iteration 0, epoch 128, train accuracy 0.84, loss 0.3545
[2023-05-25 19:24:12,205][__main__][INFO] - Test accuracy - 0.8299111197277154
[2023-05-25 19:24:12,282][__main__][INFO] - Iteration 0, epoch 129, train accuracy 0.84, loss 0.3421
[2023-05-25 19:24:15,241][__main__][INFO] - Test accuracy - 0.8217639201240792
[2023-05-25 19:24:15,312][__main__][INFO] - Iteration 0, epoch 130, train accuracy 0.85, loss 0.3362
[2023-05-25 19:24:18,118][__main__][INFO] - Test accuracy - 0.8339120524751196
[2023-05-25 19:24:18,178][__main__][INFO] - Iteration 0, epoch 131, train accuracy 0.84, loss 0.3442
[2023-05-25 19:24:20,943][__main__][INFO] - Test accuracy - 0.8219347809228382
[2023-05-25 19:24:21,034][__main__][INFO] - Iteration 0, epoch 132, train accuracy 0.84, loss 0.3458
[2023-05-25 19:24:24,123][__main__][INFO] - Test accuracy - 0.8250032700012926
[2023-05-25 19:24:24,183][__main__][INFO] - Iteration 0, epoch 133, train accuracy 0.84, loss 0.3503
[2023-05-25 19:24:27,146][__main__][INFO] - Test accuracy - 0.8323270949118953
[2023-05-25 19:24:27,253][__main__][INFO] - Iteration 0, epoch 134, train accuracy 0.85, loss 0.3433
[2023-05-25 19:24:30,600][__main__][INFO] - Test accuracy - 0.8336400284347937
[2023-05-25 19:24:30,676][__main__][INFO] - Iteration 0, epoch 135, train accuracy 0.84, loss 0.3477
[2023-05-25 19:24:33,818][__main__][INFO] - Test accuracy - 0.8241380746197924
[2023-05-25 19:24:33,936][__main__][INFO] - Iteration 0, epoch 136, train accuracy 0.84, loss 0.3466
[2023-05-25 19:24:37,020][__main__][INFO] - Test accuracy - 0.8263850114170005
[2023-05-25 19:24:37,081][__main__][INFO] - Iteration 0, epoch 137, train accuracy 0.84, loss 0.3524
[2023-05-25 19:24:40,058][__main__][INFO] - Test accuracy - 0.8338869975442678
[2023-05-25 19:24:40,150][__main__][INFO] - Iteration 0, epoch 138, train accuracy 0.83, loss 0.3451
[2023-05-25 19:24:43,264][__main__][INFO] - Test accuracy - 0.8118516565421566
[2023-05-25 19:24:43,324][__main__][INFO] - Iteration 0, epoch 139, train accuracy 0.84, loss 0.3446
[2023-05-25 19:24:46,290][__main__][INFO] - Test accuracy - 0.8329325513765026
[2023-05-25 19:24:46,359][__main__][INFO] - Iteration 0, epoch 140, train accuracy 0.84, loss 0.3468
[2023-05-25 19:24:49,327][__main__][INFO] - Test accuracy - 0.8344188488216795
[2023-05-25 19:24:49,386][__main__][INFO] - Iteration 0, epoch 141, train accuracy 0.83, loss 0.3562
[2023-05-25 19:24:52,326][__main__][INFO] - Test accuracy - 0.8414916418939297
[2023-05-25 19:24:52,395][__main__][INFO] - Iteration 0, epoch 142, train accuracy 0.84, loss 0.3505
[2023-05-25 19:24:55,343][__main__][INFO] - Test accuracy - 0.8107875920899574
[2023-05-25 19:24:55,439][__main__][INFO] - Iteration 0, epoch 143, train accuracy 0.84, loss 0.3425
[2023-05-25 19:24:58,434][__main__][INFO] - Test accuracy - 0.8416145555986385
[2023-05-25 19:24:58,508][__main__][INFO] - Iteration 0, epoch 144, train accuracy 0.85, loss 0.3359
[2023-05-25 19:25:01,294][__main__][INFO] - Test accuracy - 0.8317776765326784
[2023-05-25 19:25:01,381][__main__][INFO] - Iteration 0, epoch 145, train accuracy 0.85, loss 0.3335
[2023-05-25 19:25:04,100][__main__][INFO] - Test accuracy - 0.8261981646633062
[2023-05-25 19:25:04,158][__main__][INFO] - Iteration 0, epoch 146, train accuracy 0.84, loss 0.3387
[2023-05-25 19:25:06,953][__main__][INFO] - Test accuracy - 0.8350280384300546
[2023-05-25 19:25:07,038][__main__][INFO] - Iteration 0, epoch 147, train accuracy 0.84, loss 0.3384
[2023-05-25 19:25:09,850][__main__][INFO] - Test accuracy - 0.8421841971479042
[2023-05-25 19:25:09,915][__main__][INFO] - Iteration 0, epoch 148, train accuracy 0.84, loss 0.3468
[2023-05-25 19:25:12,726][__main__][INFO] - Test accuracy - 0.8230961225281116
[2023-05-25 19:25:12,829][__main__][INFO] - Iteration 0, epoch 149, train accuracy 0.85, loss 0.3385
[2023-05-25 19:25:15,754][__main__][INFO] - Test accuracy - 0.8295087156951445
[2023-05-25 19:25:15,826][__main__][INFO] - Iteration 0, epoch 150, train accuracy 0.84, loss 0.3380
[2023-05-25 19:25:18,818][__main__][INFO] - Test accuracy - 0.8366836155271207
[2023-05-25 19:25:18,890][__main__][INFO] - Iteration 0, epoch 151, train accuracy 0.85, loss 0.3307
[2023-05-25 19:25:21,988][__main__][INFO] - Test accuracy - 0.8154261513937358
[2023-05-25 19:25:22,050][__main__][INFO] - Iteration 0, epoch 152, train accuracy 0.84, loss 0.3362
[2023-05-25 19:25:25,169][__main__][INFO] - Test accuracy - 0.8391673883072681
[2023-05-25 19:25:25,243][__main__][INFO] - Iteration 0, epoch 153, train accuracy 0.84, loss 0.3384
[2023-05-25 19:25:28,437][__main__][INFO] - Test accuracy - 0.838355047175908
[2023-05-25 19:25:28,496][__main__][INFO] - Iteration 0, epoch 154, train accuracy 0.85, loss 0.3410
[2023-05-25 19:25:31,517][__main__][INFO] - Test accuracy - 0.8310567941924089
[2023-05-25 19:25:31,580][__main__][INFO] - Iteration 0, epoch 155, train accuracy 0.85, loss 0.3396
[2023-05-25 19:25:34,509][__main__][INFO] - Test accuracy - 0.8287873939080608
[2023-05-25 19:25:34,604][__main__][INFO] - Iteration 0, epoch 156, train accuracy 0.85, loss 0.3300
[2023-05-25 19:25:37,516][__main__][INFO] - Test accuracy - 0.8355944853733144
[2023-05-25 19:25:37,576][__main__][INFO] - Iteration 0, epoch 157, train accuracy 0.85, loss 0.3313
[2023-05-25 19:25:40,494][__main__][INFO] - Test accuracy - 0.834700568695877
[2023-05-25 19:25:40,595][__main__][INFO] - Iteration 0, epoch 158, train accuracy 0.85, loss 0.3288
[2023-05-25 19:25:43,425][__main__][INFO] - Test accuracy - 0.8377971974494852
[2023-05-25 19:25:43,494][__main__][INFO] - Iteration 0, epoch 159, train accuracy 0.85, loss 0.3429
[2023-05-25 19:25:46,234][__main__][INFO] - Test accuracy - 0.8156428180604024
[2023-05-25 19:25:46,322][__main__][INFO] - Iteration 0, epoch 160, train accuracy 0.85, loss 0.3436
[2023-05-25 19:25:49,246][__main__][INFO] - Test accuracy - 0.8395457261643187
[2023-05-25 19:25:49,306][__main__][INFO] - Iteration 0, epoch 161, train accuracy 0.84, loss 0.3446
[2023-05-25 19:25:52,110][__main__][INFO] - Test accuracy - 0.808946090215846
[2023-05-25 19:25:52,247][__main__][INFO] - Iteration 0, epoch 162, train accuracy 0.84, loss 0.3475
[2023-05-25 19:25:55,247][__main__][INFO] - Test accuracy - 0.8378158739390806
[2023-05-25 19:25:55,325][__main__][INFO] - Iteration 0, epoch 163, train accuracy 0.85, loss 0.3272
[2023-05-25 19:25:58,185][__main__][INFO] - Test accuracy - 0.816851887036319
[2023-05-25 19:25:58,252][__main__][INFO] - Iteration 0, epoch 164, train accuracy 0.85, loss 0.3291
[2023-05-25 19:26:01,191][__main__][INFO] - Test accuracy - 0.8351966373702124
[2023-05-25 19:26:01,258][__main__][INFO] - Iteration 0, epoch 165, train accuracy 0.85, loss 0.3322
[2023-05-25 19:26:04,273][__main__][INFO] - Test accuracy - 0.8371697277153074
[2023-05-25 19:26:04,353][__main__][INFO] - Iteration 0, epoch 166, train accuracy 0.85, loss 0.3296
[2023-05-25 19:26:07,269][__main__][INFO] - Test accuracy - 0.8326296863556072
[2023-05-25 19:26:07,337][__main__][INFO] - Iteration 0, epoch 167, train accuracy 0.84, loss 0.3355
[2023-05-25 19:26:10,167][__main__][INFO] - Test accuracy - 0.8422305415535738
[2023-05-25 19:26:10,226][__main__][INFO] - Iteration 0, epoch 168, train accuracy 0.85, loss 0.3343
[2023-05-25 19:26:13,016][__main__][INFO] - Test accuracy - 0.8197198052647452
[2023-05-25 19:26:13,106][__main__][INFO] - Iteration 0, epoch 169, train accuracy 0.85, loss 0.3376
[2023-05-25 19:26:15,985][__main__][INFO] - Test accuracy - 0.8361644565076902
[2023-05-25 19:26:16,044][__main__][INFO] - Iteration 0, epoch 170, train accuracy 0.85, loss 0.3229
[2023-05-25 19:26:19,018][__main__][INFO] - Test accuracy - 0.8294939813019688
[2023-05-25 19:26:19,115][__main__][INFO] - Iteration 0, epoch 171, train accuracy 0.84, loss 0.3397
[2023-05-25 19:26:22,007][__main__][INFO] - Test accuracy - 0.8385189586833828
[2023-05-25 19:26:22,075][__main__][INFO] - Iteration 0, epoch 172, train accuracy 0.85, loss 0.3391
[2023-05-25 19:26:24,865][__main__][INFO] - Test accuracy - 0.8342312330360604
[2023-05-25 19:26:24,990][__main__][INFO] - Iteration 0, epoch 173, train accuracy 0.85, loss 0.3393
[2023-05-25 19:26:27,795][__main__][INFO] - Test accuracy - 0.7663878592046873
[2023-05-25 19:26:27,873][__main__][INFO] - Iteration 0, epoch 174, train accuracy 0.85, loss 0.3220
[2023-05-25 19:26:30,665][__main__][INFO] - Test accuracy - 0.8059352095988971
[2023-05-25 19:26:30,719][__main__][INFO] - Iteration 0, epoch 175, train accuracy 0.85, loss 0.3239
[2023-05-25 19:26:33,646][__main__][INFO] - Test accuracy - 0.8301581556158717
[2023-05-25 19:26:33,716][__main__][INFO] - Iteration 0, epoch 176, train accuracy 0.85, loss 0.3285
[2023-05-25 19:26:36,659][__main__][INFO] - Test accuracy - 0.5009840915945027
[2023-05-25 19:26:36,726][__main__][INFO] - Iteration 0, epoch 177, train accuracy 0.84, loss 0.3384
[2023-05-25 19:26:39,697][__main__][INFO] - Test accuracy - 0.8411538731635863
[2023-05-25 19:26:39,768][__main__][INFO] - Iteration 0, epoch 178, train accuracy 0.84, loss 0.3332
[2023-05-25 19:26:42,613][__main__][INFO] - Test accuracy - 0.8073756796346561
[2023-05-25 19:26:42,696][__main__][INFO] - Iteration 0, epoch 179, train accuracy 0.85, loss 0.3216
[2023-05-25 19:26:45,628][__main__][INFO] - Test accuracy - 0.8288593856361207
[2023-05-25 19:26:45,713][__main__][INFO] - Iteration 0, epoch 180, train accuracy 0.86, loss 0.3174
[2023-05-25 19:26:48,519][__main__][INFO] - Test accuracy - 0.8251287751497134
[2023-05-25 19:26:48,576][__main__][INFO] - Iteration 0, epoch 181, train accuracy 0.85, loss 0.3354
[2023-05-25 19:26:51,467][__main__][INFO] - Test accuracy - 0.8238498664426348
[2023-05-25 19:26:51,576][__main__][INFO] - Iteration 0, epoch 182, train accuracy 0.85, loss 0.3286
[2023-05-25 19:26:54,430][__main__][INFO] - Test accuracy - 0.8371094718021628
[2023-05-25 19:26:54,497][__main__][INFO] - Iteration 0, epoch 183, train accuracy 0.85, loss 0.3316
[2023-05-25 19:26:57,413][__main__][INFO] - Test accuracy - 0.8407572982637542
[2023-05-25 19:26:57,510][__main__][INFO] - Iteration 0, epoch 184, train accuracy 0.85, loss 0.3300
[2023-05-25 19:27:00,286][__main__][INFO] - Test accuracy - 0.8040448494248417
[2023-05-25 19:27:00,341][__main__][INFO] - Iteration 0, epoch 185, train accuracy 0.85, loss 0.3331
[2023-05-25 19:27:03,282][__main__][INFO] - Test accuracy - 0.8257382943431995
[2023-05-25 19:27:03,371][__main__][INFO] - Iteration 0, epoch 186, train accuracy 0.85, loss 0.3299
[2023-05-25 19:27:06,254][__main__][INFO] - Test accuracy - 0.8171841002111069
[2023-05-25 19:27:06,321][__main__][INFO] - Iteration 0, epoch 187, train accuracy 0.84, loss 0.3400
[2023-05-25 19:27:09,219][__main__][INFO] - Test accuracy - 0.805024449614407
[2023-05-25 19:27:09,296][__main__][INFO] - Iteration 0, epoch 188, train accuracy 0.84, loss 0.3322
[2023-05-25 19:27:12,191][__main__][INFO] - Test accuracy - 0.8386913015380639
[2023-05-25 19:27:12,250][__main__][INFO] - Iteration 0, epoch 189, train accuracy 0.85, loss 0.3248
[2023-05-25 19:27:15,057][__main__][INFO] - Test accuracy - 0.8191901059842317
[2023-05-25 19:27:15,115][__main__][INFO] - Iteration 0, epoch 190, train accuracy 0.85, loss 0.3233
[2023-05-25 19:27:17,915][__main__][INFO] - Test accuracy - 0.8331488561457928
[2023-05-25 19:27:17,976][__main__][INFO] - Iteration 0, epoch 191, train accuracy 0.85, loss 0.3337
[2023-05-25 19:27:20,950][__main__][INFO] - Test accuracy - 0.8299747016500798
[2023-05-25 19:27:21,018][__main__][INFO] - Iteration 0, epoch 192, train accuracy 0.85, loss 0.3294
[2023-05-25 19:27:24,047][__main__][INFO] - Test accuracy - 0.8133510856921288
[2023-05-25 19:27:24,151][__main__][INFO] - Iteration 0, epoch 193, train accuracy 0.85, loss 0.3316
[2023-05-25 19:27:27,081][__main__][INFO] - Test accuracy - 0.8393950239110767
[2023-05-25 19:27:27,165][__main__][INFO] - Iteration 0, epoch 194, train accuracy 0.85, loss 0.3265
[2023-05-25 19:27:30,019][__main__][INFO] - Test accuracy - 0.8333145232863728
[2023-05-25 19:27:30,119][__main__][INFO] - Iteration 0, epoch 195, train accuracy 0.86, loss 0.3201
[2023-05-25 19:27:32,913][__main__][INFO] - Test accuracy - 0.8050858903106286
[2023-05-25 19:27:32,979][__main__][INFO] - Iteration 0, epoch 196, train accuracy 0.85, loss 0.3225
[2023-05-25 19:27:35,812][__main__][INFO] - Test accuracy - 0.8401686290982724
[2023-05-25 19:27:35,911][__main__][INFO] - Iteration 0, epoch 197, train accuracy 0.85, loss 0.3235
[2023-05-25 19:27:38,720][__main__][INFO] - Test accuracy - 0.8301279738055233
[2023-05-25 19:27:38,802][__main__][INFO] - Iteration 0, epoch 198, train accuracy 0.85, loss 0.3308
[2023-05-25 19:27:41,760][__main__][INFO] - Test accuracy - 0.8007856598164663
[2023-05-25 19:27:41,834][__main__][INFO] - Iteration 0, epoch 199, train accuracy 0.84, loss 0.3363
[2023-05-25 19:27:44,771][__main__][INFO] - Test accuracy - 0.8377893477230623
[2023-05-25 19:27:44,856][__main__][INFO] - Iteration 0, epoch 200, train accuracy 0.84, loss 0.3307
[2023-05-25 19:27:47,655][__main__][INFO] - Test accuracy - 0.8316364827021672
[2023-05-25 19:27:47,730][__main__][INFO] - Iteration 0, epoch 201, train accuracy 0.85, loss 0.3302
[2023-05-25 19:27:50,558][__main__][INFO] - Test accuracy - 0.8239678837620095
[2023-05-25 19:27:50,625][__main__][INFO] - Iteration 0, epoch 202, train accuracy 0.86, loss 0.3181
[2023-05-25 19:27:53,382][__main__][INFO] - Test accuracy - 0.8381041144285039
[2023-05-25 19:27:53,441][__main__][INFO] - Iteration 0, epoch 203, train accuracy 0.85, loss 0.3280
[2023-05-25 19:27:56,277][__main__][INFO] - Test accuracy - 0.8320509973719357
[2023-05-25 19:27:56,385][__main__][INFO] - Iteration 0, epoch 204, train accuracy 0.86, loss 0.3211
[2023-05-25 19:27:59,097][__main__][INFO] - Test accuracy - 0.840761020636767
[2023-05-25 19:27:59,151][__main__][INFO] - Iteration 0, epoch 205, train accuracy 0.85, loss 0.3236
[2023-05-25 19:28:02,045][__main__][INFO] - Test accuracy - 0.785133497048813
[2023-05-25 19:28:02,136][__main__][INFO] - Iteration 0, epoch 206, train accuracy 0.85, loss 0.3201
[2023-05-25 19:28:05,051][__main__][INFO] - Test accuracy - 0.8262843199345139
[2023-05-25 19:28:05,120][__main__][INFO] - Iteration 0, epoch 207, train accuracy 0.85, loss 0.3254
[2023-05-25 19:28:08,257][__main__][INFO] - Test accuracy - 0.837567564947654
[2023-05-25 19:28:08,382][__main__][INFO] - Iteration 0, epoch 208, train accuracy 0.85, loss 0.3211
[2023-05-25 19:28:11,418][__main__][INFO] - Test accuracy - 0.8390426306492611
[2023-05-25 19:28:11,472][__main__][INFO] - Iteration 0, epoch 209, train accuracy 0.85, loss 0.3209
[2023-05-25 19:28:14,459][__main__][INFO] - Test accuracy - 0.8328248115117833
[2023-05-25 19:28:14,549][__main__][INFO] - Iteration 0, epoch 210, train accuracy 0.86, loss 0.3186
[2023-05-25 19:28:17,628][__main__][INFO] - Test accuracy - 0.8279769742794365
[2023-05-25 19:28:17,686][__main__][INFO] - Iteration 0, epoch 211, train accuracy 0.84, loss 0.3349
[2023-05-25 19:28:20,688][__main__][INFO] - Test accuracy - 0.7553250872431174
[2023-05-25 19:28:20,754][__main__][INFO] - Iteration 0, epoch 212, train accuracy 0.86, loss 0.3184
[2023-05-25 19:28:24,276][__main__][INFO] - Test accuracy - 0.8401972965404335
[2023-05-25 19:28:24,343][__main__][INFO] - Iteration 0, epoch 213, train accuracy 0.85, loss 0.3252
[2023-05-25 19:28:27,309][__main__][INFO] - Test accuracy - 0.8287118779888846
[2023-05-25 19:28:27,373][__main__][INFO] - Iteration 0, epoch 214, train accuracy 0.85, loss 0.3267
[2023-05-25 19:28:30,491][__main__][INFO] - Test accuracy - 0.8271626685623195
[2023-05-25 19:28:30,562][__main__][INFO] - Iteration 0, epoch 215, train accuracy 0.85, loss 0.3152
[2023-05-25 19:28:33,595][__main__][INFO] - Test accuracy - 0.8374128322777992
[2023-05-25 19:28:33,665][__main__][INFO] - Iteration 0, epoch 216, train accuracy 0.85, loss 0.3212
[2023-05-25 19:28:36,686][__main__][INFO] - Test accuracy - 0.8191650295118695
[2023-05-25 19:28:36,770][__main__][INFO] - Iteration 0, epoch 217, train accuracy 0.85, loss 0.3220
[2023-05-25 19:28:40,157][__main__][INFO] - Test accuracy - 0.8164196846322863
[2023-05-25 19:28:40,225][__main__][INFO] - Iteration 0, epoch 218, train accuracy 0.85, loss 0.3251
[2023-05-25 19:28:43,313][__main__][INFO] - Test accuracy - 0.7915359894015769
[2023-05-25 19:28:43,410][__main__][INFO] - Iteration 0, epoch 219, train accuracy 0.85, loss 0.3182
[2023-05-25 19:28:46,471][__main__][INFO] - Test accuracy - 0.8326957821722458
[2023-05-25 19:28:46,547][__main__][INFO] - Iteration 0, epoch 220, train accuracy 0.85, loss 0.3241
[2023-05-25 19:28:49,575][__main__][INFO] - Test accuracy - 0.8414925530998233
[2023-05-25 19:28:49,693][__main__][INFO] - Iteration 0, epoch 221, train accuracy 0.85, loss 0.3185
[2023-05-25 19:28:52,601][__main__][INFO] - Test accuracy - 0.8363157748481325
[2023-05-25 19:28:52,674][__main__][INFO] - Iteration 0, epoch 222, train accuracy 0.85, loss 0.3155
[2023-05-25 19:28:55,641][__main__][INFO] - Test accuracy - 0.8335934104519409
[2023-05-25 19:28:55,745][__main__][INFO] - Iteration 0, epoch 223, train accuracy 0.85, loss 0.3187
[2023-05-25 19:28:58,576][__main__][INFO] - Test accuracy - 0.7635889212011546
[2023-05-25 19:28:58,645][__main__][INFO] - Iteration 0, epoch 224, train accuracy 0.86, loss 0.3166
[2023-05-25 19:29:01,519][__main__][INFO] - Test accuracy - 0.8261785446555512
[2023-05-25 19:29:01,595][__main__][INFO] - Iteration 0, epoch 225, train accuracy 0.85, loss 0.3278
[2023-05-25 19:29:04,638][__main__][INFO] - Test accuracy - 0.7975784024815821
[2023-05-25 19:29:04,709][__main__][INFO] - Iteration 0, epoch 226, train accuracy 0.86, loss 0.3140
[2023-05-25 19:29:07,592][__main__][INFO] - Test accuracy - 0.8246228684675371
[2023-05-25 19:29:07,660][__main__][INFO] - Iteration 0, epoch 227, train accuracy 0.86, loss 0.3191
[2023-05-25 19:29:10,467][__main__][INFO] - Test accuracy - 0.8297479341691438
[2023-05-25 19:29:10,551][__main__][INFO] - Iteration 0, epoch 228, train accuracy 0.86, loss 0.3140
[2023-05-25 19:29:13,396][__main__][INFO] - Test accuracy - 0.8015485825686096
[2023-05-25 19:29:13,459][__main__][INFO] - Iteration 0, epoch 229, train accuracy 0.85, loss 0.3270
[2023-05-25 19:29:16,201][__main__][INFO] - Test accuracy - 0.8368768299513163
[2023-05-25 19:29:16,306][__main__][INFO] - Iteration 0, epoch 230, train accuracy 0.85, loss 0.3264
[2023-05-25 19:29:19,210][__main__][INFO] - Test accuracy - 0.8395000301581148
[2023-05-25 19:29:19,290][__main__][INFO] - Iteration 0, epoch 231, train accuracy 0.86, loss 0.3189
[2023-05-25 19:29:22,177][__main__][INFO] - Test accuracy - 0.8313475054930852
[2023-05-25 19:29:22,274][__main__][INFO] - Iteration 0, epoch 232, train accuracy 0.85, loss 0.3313
[2023-05-25 19:29:25,179][__main__][INFO] - Test accuracy - 0.8032435978630822
[2023-05-25 19:29:25,251][__main__][INFO] - Iteration 0, epoch 233, train accuracy 0.85, loss 0.3244
[2023-05-25 19:29:28,253][__main__][INFO] - Test accuracy - 0.7839198828141829
[2023-05-25 19:29:28,350][__main__][INFO] - Iteration 0, epoch 234, train accuracy 0.85, loss 0.3253
[2023-05-25 19:29:31,472][__main__][INFO] - Test accuracy - 0.8150870320106846
[2023-05-25 19:29:31,542][__main__][INFO] - Iteration 0, epoch 235, train accuracy 0.86, loss 0.3110
[2023-05-25 19:29:34,757][__main__][INFO] - Test accuracy - 0.8063090237387445
[2023-05-25 19:29:34,811][__main__][INFO] - Iteration 0, epoch 236, train accuracy 0.86, loss 0.3051
[2023-05-25 19:29:37,899][__main__][INFO] - Test accuracy - 0.8380603399250356
[2023-05-25 19:29:37,968][__main__][INFO] - Iteration 0, epoch 237, train accuracy 0.86, loss 0.3114
[2023-05-25 19:29:41,035][__main__][INFO] - Test accuracy - 0.8268820580759123
[2023-05-25 19:29:41,103][__main__][INFO] - Iteration 0, epoch 238, train accuracy 0.85, loss 0.3271
[2023-05-25 19:29:44,190][__main__][INFO] - Test accuracy - 0.8281237904441859
[2023-05-25 19:29:44,254][__main__][INFO] - Iteration 0, epoch 239, train accuracy 0.86, loss 0.3172
[2023-05-25 19:29:47,435][__main__][INFO] - Test accuracy - 0.7870391624660721
[2023-05-25 19:29:47,501][__main__][INFO] - Iteration 0, epoch 240, train accuracy 0.85, loss 0.3257
[2023-05-25 19:29:50,560][__main__][INFO] - Test accuracy - 0.7919592326913963
[2023-05-25 19:29:50,662][__main__][INFO] - Iteration 0, epoch 241, train accuracy 0.86, loss 0.3173
[2023-05-25 19:29:53,757][__main__][INFO] - Test accuracy - 0.8147320365344018
[2023-05-25 19:29:53,817][__main__][INFO] - Iteration 0, epoch 242, train accuracy 0.85, loss 0.3147
[2023-05-25 19:29:56,794][__main__][INFO] - Test accuracy - 0.798793587092327
[2023-05-25 19:29:56,894][__main__][INFO] - Iteration 0, epoch 243, train accuracy 0.86, loss 0.3208
[2023-05-25 19:29:59,811][__main__][INFO] - Test accuracy - 0.825259045280255
[2023-05-25 19:29:59,901][__main__][INFO] - Iteration 0, epoch 244, train accuracy 0.86, loss 0.3173
[2023-05-25 19:30:02,834][__main__][INFO] - Test accuracy - 0.836602720692775
[2023-05-25 19:30:02,932][__main__][INFO] - Iteration 0, epoch 245, train accuracy 0.85, loss 0.3152
[2023-05-25 19:30:05,785][__main__][INFO] - Test accuracy - 0.8286618887596399
[2023-05-25 19:30:05,854][__main__][INFO] - Iteration 0, epoch 246, train accuracy 0.86, loss 0.3096
[2023-05-25 19:30:08,743][__main__][INFO] - Test accuracy - 0.8340987462840894
[2023-05-25 19:30:08,841][__main__][INFO] - Iteration 0, epoch 247, train accuracy 0.85, loss 0.3209
[2023-05-25 19:30:11,582][__main__][INFO] - Test accuracy - 0.8325895459049587
[2023-05-25 19:30:11,638][__main__][INFO] - Iteration 0, epoch 248, train accuracy 0.86, loss 0.3207
[2023-05-25 19:30:14,510][__main__][INFO] - Test accuracy - 0.776925548231442
[2023-05-25 19:30:14,590][__main__][INFO] - Iteration 0, epoch 249, train accuracy 0.86, loss 0.3154
[2023-05-25 19:30:17,560][__main__][INFO] - Test accuracy - 0.7704957283184696
[2023-05-25 19:30:17,637][__main__][INFO] - Iteration 0, epoch 250, train accuracy 0.85, loss 0.3202
[2023-05-25 19:30:20,621][__main__][INFO] - Test accuracy - 0.7945727262935677
[2023-05-25 19:30:20,688][__main__][INFO] - Iteration 0, epoch 251, train accuracy 0.86, loss 0.3102
[2023-05-25 19:30:23,944][__main__][INFO] - Test accuracy - 0.8214832988669165
[2023-05-25 19:30:24,027][__main__][INFO] - Iteration 0, epoch 252, train accuracy 0.86, loss 0.3106
[2023-05-25 19:30:26,990][__main__][INFO] - Test accuracy - 0.8239592542329067
[2023-05-25 19:30:27,055][__main__][INFO] - Iteration 0, epoch 253, train accuracy 0.85, loss 0.3219
[2023-05-25 19:30:30,012][__main__][INFO] - Test accuracy - 0.8193050601008144
[2023-05-25 19:30:30,104][__main__][INFO] - Iteration 0, epoch 254, train accuracy 0.85, loss 0.3180
[2023-05-25 19:30:33,060][__main__][INFO] - Test accuracy - 0.8381099887984146
[2023-05-25 19:30:33,142][__main__][INFO] - Iteration 0, epoch 255, train accuracy 0.86, loss 0.3164
[2023-05-25 19:30:36,687][__main__][INFO] - Test accuracy - 0.8312306083322563
[2023-05-25 19:30:36,794][__main__][INFO] - Iteration 0, epoch 256, train accuracy 0.86, loss 0.3119
[2023-05-25 19:30:40,023][__main__][INFO] - Test accuracy - 0.7956369113782258
[2023-05-25 19:30:40,084][__main__][INFO] - Iteration 0, epoch 257, train accuracy 0.86, loss 0.3112
[2023-05-25 19:30:43,125][__main__][INFO] - Test accuracy - 0.8146191137822584
[2023-05-25 19:30:43,207][__main__][INFO] - Iteration 0, epoch 258, train accuracy 0.85, loss 0.3181
[2023-05-25 19:30:45,981][__main__][INFO] - Test accuracy - 0.8400525117401232
[2023-05-25 19:30:46,047][__main__][INFO] - Iteration 0, epoch 259, train accuracy 0.86, loss 0.3118
[2023-05-25 19:30:48,986][__main__][INFO] - Test accuracy - 0.8078528973331611
[2023-05-25 19:30:49,055][__main__][INFO] - Iteration 0, epoch 260, train accuracy 0.85, loss 0.3193
[2023-05-25 19:30:51,847][__main__][INFO] - Test accuracy - 0.8294808280556631
[2023-05-25 19:30:51,913][__main__][INFO] - Iteration 0, epoch 261, train accuracy 0.86, loss 0.3194
[2023-05-25 19:30:54,733][__main__][INFO] - Test accuracy - 0.7983828163370816
[2023-05-25 19:30:54,792][__main__][INFO] - Iteration 0, epoch 262, train accuracy 0.86, loss 0.3119
[2023-05-25 19:30:57,677][__main__][INFO] - Test accuracy - 0.7885722653052433
[2023-05-25 19:30:57,745][__main__][INFO] - Iteration 0, epoch 263, train accuracy 0.86, loss 0.3155
[2023-05-25 19:31:00,621][__main__][INFO] - Test accuracy - 0.8186676424970919
[2023-05-25 19:31:00,693][__main__][INFO] - Iteration 0, epoch 264, train accuracy 0.86, loss 0.3123
[2023-05-25 19:31:03,679][__main__][INFO] - Test accuracy - 0.8019359506268579
[2023-05-25 19:31:03,773][__main__][INFO] - Iteration 0, epoch 265, train accuracy 0.86, loss 0.3161
[2023-05-25 19:31:06,698][__main__][INFO] - Test accuracy - 0.7759956184567662
[2023-05-25 19:31:06,776][__main__][INFO] - Iteration 0, epoch 266, train accuracy 0.86, loss 0.3084
[2023-05-25 19:31:09,673][__main__][INFO] - Test accuracy - 0.8396174873982165
[2023-05-25 19:31:09,760][__main__][INFO] - Iteration 0, epoch 267, train accuracy 0.86, loss 0.3151
[2023-05-25 19:31:12,570][__main__][INFO] - Test accuracy - 0.8022091228296929
[2023-05-25 19:31:12,631][__main__][INFO] - Iteration 0, epoch 268, train accuracy 0.85, loss 0.3180
[2023-05-25 19:31:15,371][__main__][INFO] - Test accuracy - 0.8346949032786178
[2023-05-25 19:31:15,459][__main__][INFO] - Iteration 0, epoch 269, train accuracy 0.85, loss 0.3216
[2023-05-25 19:31:18,282][__main__][INFO] - Test accuracy - 0.8094354400930593
[2023-05-25 19:31:18,354][__main__][INFO] - Iteration 0, epoch 270, train accuracy 0.85, loss 0.3194
[2023-05-25 19:31:21,201][__main__][INFO] - Test accuracy - 0.8203527982422126
[2023-05-25 19:31:21,295][__main__][INFO] - Iteration 0, epoch 271, train accuracy 0.86, loss 0.3130
[2023-05-25 19:31:24,219][__main__][INFO] - Test accuracy - 0.8222922795226402
[2023-05-25 19:31:24,297][__main__][INFO] - Iteration 0, epoch 272, train accuracy 0.85, loss 0.3154
[2023-05-25 19:31:27,264][__main__][INFO] - Test accuracy - 0.8337972965404334
[2023-05-25 19:31:27,347][__main__][INFO] - Iteration 0, epoch 273, train accuracy 0.86, loss 0.3118
[2023-05-25 19:31:30,295][__main__][INFO] - Test accuracy - 0.8335921912024471
[2023-05-25 19:31:30,362][__main__][INFO] - Iteration 0, epoch 274, train accuracy 0.86, loss 0.3071
[2023-05-25 19:31:33,240][__main__][INFO] - Test accuracy - 0.8195762720261944
[2023-05-25 19:31:33,292][__main__][INFO] - Iteration 0, epoch 275, train accuracy 0.86, loss 0.3150
[2023-05-25 19:31:36,119][__main__][INFO] - Test accuracy - 0.8301511072336392
[2023-05-25 19:31:36,223][__main__][INFO] - Iteration 0, epoch 276, train accuracy 0.86, loss 0.3154
[2023-05-25 19:31:39,125][__main__][INFO] - Test accuracy - 0.7653394920511826
[2023-05-25 19:31:39,194][__main__][INFO] - Iteration 0, epoch 277, train accuracy 0.86, loss 0.3071
[2023-05-25 19:31:42,071][__main__][INFO] - Test accuracy - 0.7322579595881262
[2023-05-25 19:31:42,155][__main__][INFO] - Iteration 0, epoch 278, train accuracy 0.85, loss 0.3199
[2023-05-25 19:31:45,036][__main__][INFO] - Test accuracy - 0.8412073973547025
[2023-05-25 19:31:45,106][__main__][INFO] - Iteration 0, epoch 279, train accuracy 0.85, loss 0.3217
[2023-05-25 19:31:47,950][__main__][INFO] - Test accuracy - 0.8400847141441559
[2023-05-25 19:31:48,038][__main__][INFO] - Iteration 0, epoch 280, train accuracy 0.85, loss 0.3162
[2023-05-25 19:31:50,943][__main__][INFO] - Test accuracy - 0.8293558722157598
[2023-05-25 19:31:51,028][__main__][INFO] - Iteration 0, epoch 281, train accuracy 0.85, loss 0.3197
[2023-05-25 19:31:53,917][__main__][INFO] - Test accuracy - 0.8372647430097797
[2023-05-25 19:31:54,002][__main__][INFO] - Iteration 0, epoch 282, train accuracy 0.86, loss 0.3045
[2023-05-25 19:31:56,881][__main__][INFO] - Test accuracy - 0.7817078820386886
[2023-05-25 19:31:56,950][__main__][INFO] - Iteration 0, epoch 283, train accuracy 0.85, loss 0.3204
[2023-05-25 19:31:59,852][__main__][INFO] - Test accuracy - 0.8342267545560296
[2023-05-25 19:31:59,915][__main__][INFO] - Iteration 0, epoch 284, train accuracy 0.86, loss 0.3143
[2023-05-25 19:32:02,854][__main__][INFO] - Test accuracy - 0.8065191137822584
[2023-05-25 19:32:02,915][__main__][INFO] - Iteration 0, epoch 285, train accuracy 0.86, loss 0.3050
[2023-05-25 19:32:05,791][__main__][INFO] - Test accuracy - 0.7996116151824566
[2023-05-25 19:32:05,851][__main__][INFO] - Iteration 0, epoch 286, train accuracy 0.85, loss 0.3189
[2023-05-25 19:32:08,920][__main__][INFO] - Test accuracy - 0.8299904571108526
[2023-05-25 19:32:09,003][__main__][INFO] - Iteration 0, epoch 287, train accuracy 0.85, loss 0.3186
[2023-05-25 19:32:11,819][__main__][INFO] - Test accuracy - 0.8312084076515446
[2023-05-25 19:32:11,887][__main__][INFO] - Iteration 0, epoch 288, train accuracy 0.85, loss 0.3175
[2023-05-25 19:32:14,708][__main__][INFO] - Test accuracy - 0.8309862629787601
[2023-05-25 19:32:14,797][__main__][INFO] - Iteration 0, epoch 289, train accuracy 0.86, loss 0.3115
[2023-05-25 19:32:17,663][__main__][INFO] - Test accuracy - 0.8371721209771229
[2023-05-25 19:32:17,724][__main__][INFO] - Iteration 0, epoch 290, train accuracy 0.86, loss 0.3113
[2023-05-25 19:32:20,613][__main__][INFO] - Test accuracy - 0.8318964844254879
[2023-05-25 19:32:20,710][__main__][INFO] - Iteration 0, epoch 291, train accuracy 0.86, loss 0.3054
[2023-05-25 19:32:23,657][__main__][INFO] - Test accuracy - 0.8248901059842316
[2023-05-25 19:32:23,730][__main__][INFO] - Iteration 0, epoch 292, train accuracy 0.86, loss 0.3089
[2023-05-25 19:32:26,659][__main__][INFO] - Test accuracy - 0.8281021800008617
[2023-05-25 19:32:26,772][__main__][INFO] - Iteration 0, epoch 293, train accuracy 0.85, loss 0.3130
[2023-05-25 19:32:29,627][__main__][INFO] - Test accuracy - 0.8209100555770971
[2023-05-25 19:32:29,683][__main__][INFO] - Iteration 0, epoch 294, train accuracy 0.86, loss 0.3104
[2023-05-25 19:32:32,553][__main__][INFO] - Test accuracy - 0.8068680927146611
[2023-05-25 19:32:32,665][__main__][INFO] - Iteration 0, epoch 295, train accuracy 0.86, loss 0.3180
[2023-05-25 19:32:35,707][__main__][INFO] - Test accuracy - 0.7917932575072163
[2023-05-25 19:32:35,778][__main__][INFO] - Iteration 0, epoch 296, train accuracy 0.86, loss 0.3050
[2023-05-25 19:32:38,631][__main__][INFO] - Test accuracy - 0.7753740769462755
[2023-05-25 19:32:38,700][__main__][INFO] - Iteration 0, epoch 297, train accuracy 0.86, loss 0.3212
[2023-05-25 19:32:41,671][__main__][INFO] - Test accuracy - 0.81932839817328
[2023-05-25 19:32:41,744][__main__][INFO] - Iteration 0, epoch 298, train accuracy 0.86, loss 0.3059
[2023-05-25 19:32:44,483][__main__][INFO] - Test accuracy - 0.8305281052087373
[2023-05-25 19:32:44,537][__main__][INFO] - Iteration 0, epoch 299, train accuracy 0.86, loss 0.3117
[2023-05-25 19:32:47,333][__main__][INFO] - Test accuracy - 0.8119261406229805
[2023-05-25 19:32:47,393][__main__][INFO] - Iteration 0, epoch 300, train accuracy 0.86, loss 0.3083
[2023-05-25 19:32:50,242][__main__][INFO] - Test accuracy - 0.7848559389944424
[2023-05-25 19:32:50,319][__main__][INFO] - Iteration 0, epoch 301, train accuracy 0.85, loss 0.3184
[2023-05-25 19:32:53,125][__main__][INFO] - Test accuracy - 0.8204380530782818
[2023-05-25 19:32:53,226][__main__][INFO] - Iteration 0, epoch 302, train accuracy 0.86, loss 0.3104
[2023-05-25 19:32:56,022][__main__][INFO] - Test accuracy - 0.8279912993839128
[2023-05-25 19:32:56,086][__main__][INFO] - Iteration 0, epoch 303, train accuracy 0.86, loss 0.3156
[2023-05-25 19:32:59,018][__main__][INFO] - Test accuracy - 0.7760059389944424
[2023-05-25 19:32:59,122][__main__][INFO] - Iteration 0, epoch 304, train accuracy 0.86, loss 0.3073
[2023-05-25 19:33:02,133][__main__][INFO] - Test accuracy - 0.8383508530438154
[2023-05-25 19:33:02,206][__main__][INFO] - Iteration 0, epoch 305, train accuracy 0.86, loss 0.3076
[2023-05-25 19:33:04,979][__main__][INFO] - Test accuracy - 0.8051663909353324
[2023-05-25 19:33:05,062][__main__][INFO] - Iteration 0, epoch 306, train accuracy 0.86, loss 0.3106
[2023-05-25 19:33:07,852][__main__][INFO] - Test accuracy - 0.8394360647968635
[2023-05-25 19:33:07,913][__main__][INFO] - Iteration 0, epoch 307, train accuracy 0.86, loss 0.3135
[2023-05-25 19:33:10,773][__main__][INFO] - Test accuracy - 0.8388923549179269
[2023-05-25 19:33:10,839][__main__][INFO] - Iteration 0, epoch 308, train accuracy 0.85, loss 0.3128
[2023-05-25 19:33:13,623][__main__][INFO] - Test accuracy - 0.8049560703976563
[2023-05-25 19:33:13,680][__main__][INFO] - Iteration 0, epoch 309, train accuracy 0.86, loss 0.3162
[2023-05-25 19:33:16,565][__main__][INFO] - Test accuracy - 0.8247614385420705
[2023-05-25 19:33:16,626][__main__][INFO] - Iteration 0, epoch 310, train accuracy 0.86, loss 0.3051
[2023-05-25 19:33:19,470][__main__][INFO] - Test accuracy - 0.8171394145017449
[2023-05-25 19:33:19,533][__main__][INFO] - Iteration 0, epoch 311, train accuracy 0.86, loss 0.3054
[2023-05-25 19:33:22,426][__main__][INFO] - Test accuracy - 0.7672453879626039
[2023-05-25 19:33:22,486][__main__][INFO] - Iteration 0, epoch 312, train accuracy 0.85, loss 0.3140
[2023-05-25 19:33:25,320][__main__][INFO] - Test accuracy - 0.8298416979018568
[2023-05-25 19:33:25,409][__main__][INFO] - Iteration 0, epoch 313, train accuracy 0.85, loss 0.3311
[2023-05-25 19:33:28,279][__main__][INFO] - Test accuracy - 0.8351151932273492
[2023-05-25 19:33:28,338][__main__][INFO] - Iteration 0, epoch 314, train accuracy 0.86, loss 0.3096
[2023-05-25 19:33:31,135][__main__][INFO] - Test accuracy - 0.8154729675584851
[2023-05-25 19:33:31,227][__main__][INFO] - Iteration 0, epoch 315, train accuracy 0.85, loss 0.3200
[2023-05-25 19:33:34,046][__main__][INFO] - Test accuracy - 0.8100819266726984
[2023-05-25 19:33:34,114][__main__][INFO] - Iteration 0, epoch 316, train accuracy 0.86, loss 0.3054
[2023-05-25 19:33:37,069][__main__][INFO] - Test accuracy - 0.8366875145405195
[2023-05-25 19:33:37,191][__main__][INFO] - Iteration 0, epoch 317, train accuracy 0.86, loss 0.3044
[2023-05-25 19:33:39,979][__main__][INFO] - Test accuracy - 0.8023567511093879
[2023-05-25 19:33:40,033][__main__][INFO] - Iteration 0, epoch 318, train accuracy 0.85, loss 0.3092
[2023-05-25 19:33:42,905][__main__][INFO] - Test accuracy - 0.8143724290207229
[2023-05-25 19:33:42,998][__main__][INFO] - Iteration 0, epoch 319, train accuracy 0.86, loss 0.3089
[2023-05-25 19:33:45,928][__main__][INFO] - Test accuracy - 0.8209358019904355
[2023-05-25 19:33:45,994][__main__][INFO] - Iteration 0, epoch 320, train accuracy 0.85, loss 0.3099
[2023-05-25 19:33:48,832][__main__][INFO] - Test accuracy - 0.8226465253543579
[2023-05-25 19:33:48,908][__main__][INFO] - Iteration 0, epoch 321, train accuracy 0.86, loss 0.2997
[2023-05-25 19:33:51,905][__main__][INFO] - Test accuracy - 0.7802859894015768
[2023-05-25 19:33:51,988][__main__][INFO] - Iteration 0, epoch 322, train accuracy 0.86, loss 0.3060
[2023-05-25 19:33:54,729][__main__][INFO] - Test accuracy - 0.8271227586058334
[2023-05-25 19:33:54,794][__main__][INFO] - Iteration 0, epoch 323, train accuracy 0.85, loss 0.3184
[2023-05-25 19:33:57,627][__main__][INFO] - Test accuracy - 0.8446474387144026
[2023-05-25 19:33:57,701][__main__][INFO] - Iteration 0, epoch 324, train accuracy 0.86, loss 0.3127
[2023-05-25 19:34:00,588][__main__][INFO] - Test accuracy - 0.8248557623540562
[2023-05-25 19:34:00,654][__main__][INFO] - Iteration 0, epoch 325, train accuracy 0.86, loss 0.3019
[2023-05-25 19:34:03,680][__main__][INFO] - Test accuracy - 0.8325190556201801
[2023-05-25 19:34:03,780][__main__][INFO] - Iteration 0, epoch 326, train accuracy 0.86, loss 0.3078
[2023-05-25 19:34:06,687][__main__][INFO] - Test accuracy - 0.7446661281289044
[2023-05-25 19:34:06,761][__main__][INFO] - Iteration 0, epoch 327, train accuracy 0.86, loss 0.3136
[2023-05-25 19:34:09,627][__main__][INFO] - Test accuracy - 0.5134611111111111
[2023-05-25 19:34:09,715][__main__][INFO] - Iteration 0, epoch 328, train accuracy 0.86, loss 0.3151
[2023-05-25 19:34:12,718][__main__][INFO] - Test accuracy - 0.7344190706992374
[2023-05-25 19:34:12,797][__main__][INFO] - Iteration 0, epoch 329, train accuracy 0.85, loss 0.3167
[2023-05-25 19:34:15,640][__main__][INFO] - Test accuracy - 0.8269001960277456
[2023-05-25 19:34:15,766][__main__][INFO] - Iteration 0, epoch 330, train accuracy 0.85, loss 0.3131
[2023-05-25 19:34:18,583][__main__][INFO] - Test accuracy - 0.8287364029985783
[2023-05-25 19:34:18,646][__main__][INFO] - Iteration 0, epoch 331, train accuracy 0.86, loss 0.3069
[2023-05-25 19:34:21,558][__main__][INFO] - Test accuracy - 0.8244158631683254
[2023-05-25 19:34:21,617][__main__][INFO] - Iteration 0, epoch 332, train accuracy 0.86, loss 0.3054
[2023-05-25 19:34:24,496][__main__][INFO] - Test accuracy - 0.8388188595924346
[2023-05-25 19:34:24,567][__main__][INFO] - Iteration 0, epoch 333, train accuracy 0.86, loss 0.3166
[2023-05-25 19:34:27,427][__main__][INFO] - Test accuracy - 0.8154611821980958
[2023-05-25 19:34:27,487][__main__][INFO] - Iteration 0, epoch 334, train accuracy 0.87, loss 0.3022
[2023-05-25 19:34:30,359][__main__][INFO] - Test accuracy - 0.8391614708543362
[2023-05-25 19:34:30,420][__main__][INFO] - Iteration 0, epoch 335, train accuracy 0.86, loss 0.3093
[2023-05-25 19:34:33,190][__main__][INFO] - Test accuracy - 0.8414309810003878
[2023-05-25 19:34:33,251][__main__][INFO] - Iteration 0, epoch 336, train accuracy 0.86, loss 0.3090
[2023-05-25 19:34:36,016][__main__][INFO] - Test accuracy - 0.8214386562405757
[2023-05-25 19:34:36,110][__main__][INFO] - Iteration 0, epoch 337, train accuracy 0.85, loss 0.3217
[2023-05-25 19:34:38,954][__main__][INFO] - Test accuracy - 0.7778059389944424
[2023-05-25 19:34:39,035][__main__][INFO] - Iteration 0, epoch 338, train accuracy 0.86, loss 0.3086
[2023-05-25 19:34:41,842][__main__][INFO] - Test accuracy - 0.7832159191762526
[2023-05-25 19:34:41,933][__main__][INFO] - Iteration 0, epoch 339, train accuracy 0.86, loss 0.3083
[2023-05-25 19:34:44,889][__main__][INFO] - Test accuracy - 0.7926773814139847
[2023-05-25 19:34:44,965][__main__][INFO] - Iteration 0, epoch 340, train accuracy 0.86, loss 0.3134
[2023-05-25 19:34:47,795][__main__][INFO] - Test accuracy - 0.8343494033001595
[2023-05-25 19:34:47,902][__main__][INFO] - Iteration 0, epoch 341, train accuracy 0.86, loss 0.2975
[2023-05-25 19:34:50,693][__main__][INFO] - Test accuracy - 0.8405958575675325
[2023-05-25 19:34:50,755][__main__][INFO] - Iteration 0, epoch 342, train accuracy 0.86, loss 0.3060
[2023-05-25 19:34:53,735][__main__][INFO] - Test accuracy - 0.7642406337512386
[2023-05-25 19:34:53,844][__main__][INFO] - Iteration 0, epoch 343, train accuracy 0.86, loss 0.3075
[2023-05-25 19:34:56,566][__main__][INFO] - Test accuracy - 0.8273656219034078
[2023-05-25 19:34:56,627][__main__][INFO] - Iteration 0, epoch 344, train accuracy 0.86, loss 0.3090
[2023-05-25 19:34:59,438][__main__][INFO] - Test accuracy - 0.8262946620137004
[2023-05-25 19:34:59,498][__main__][INFO] - Iteration 0, epoch 345, train accuracy 0.86, loss 0.3112
[2023-05-25 19:35:02,522][__main__][INFO] - Test accuracy - 0.7862319159019431
[2023-05-25 19:35:02,612][__main__][INFO] - Iteration 0, epoch 346, train accuracy 0.86, loss 0.3104
[2023-05-25 19:35:05,479][__main__][INFO] - Test accuracy - 0.8114880530782818
[2023-05-25 19:35:05,548][__main__][INFO] - Iteration 0, epoch 347, train accuracy 0.86, loss 0.3105
[2023-05-25 19:35:08,503][__main__][INFO] - Test accuracy - 0.8337511395459049
[2023-05-25 19:35:08,570][__main__][INFO] - Iteration 0, epoch 348, train accuracy 0.86, loss 0.3020
[2023-05-25 19:35:11,477][__main__][INFO] - Test accuracy - 0.7984677415880401
[2023-05-25 19:35:11,552][__main__][INFO] - Iteration 0, epoch 349, train accuracy 0.87, loss 0.3002
[2023-05-25 19:35:14,352][__main__][INFO] - Test accuracy - 0.8104618672181294
[2023-05-25 19:35:14,452][__main__][INFO] - Iteration 0, epoch 350, train accuracy 0.86, loss 0.3109
[2023-05-25 19:35:17,312][__main__][INFO] - Test accuracy - 0.8339929494636164
[2023-05-25 19:35:17,382][__main__][INFO] - Iteration 0, epoch 351, train accuracy 0.86, loss 0.3079
[2023-05-25 19:35:20,279][__main__][INFO] - Test accuracy - 0.8215404355693422
[2023-05-25 19:35:20,383][__main__][INFO] - Iteration 0, epoch 352, train accuracy 0.86, loss 0.3010
[2023-05-25 19:35:23,312][__main__][INFO] - Test accuracy - 0.8432801904269528
[2023-05-25 19:35:23,378][__main__][INFO] - Iteration 0, epoch 353, train accuracy 0.86, loss 0.3103
[2023-05-25 19:35:26,199][__main__][INFO] - Test accuracy - 0.8084318060402395
[2023-05-25 19:35:26,320][__main__][INFO] - Iteration 0, epoch 354, train accuracy 0.86, loss 0.2959
[2023-05-25 19:35:29,075][__main__][INFO] - Test accuracy - 0.8274813881349359
[2023-05-25 19:35:29,137][__main__][INFO] - Iteration 0, epoch 355, train accuracy 0.85, loss 0.3158
[2023-05-25 19:35:31,997][__main__][INFO] - Test accuracy - 0.8352557817414157
[2023-05-25 19:35:32,091][__main__][INFO] - Iteration 0, epoch 356, train accuracy 0.86, loss 0.3103
[2023-05-25 19:35:34,920][__main__][INFO] - Test accuracy - 0.7919389427426651
[2023-05-25 19:35:34,989][__main__][INFO] - Iteration 0, epoch 357, train accuracy 0.86, loss 0.3081
[2023-05-25 19:35:37,857][__main__][INFO] - Test accuracy - 0.7968553896859247
[2023-05-25 19:35:37,934][__main__][INFO] - Iteration 0, epoch 358, train accuracy 0.86, loss 0.3052
[2023-05-25 19:35:40,854][__main__][INFO] - Test accuracy - 0.8356977575287579
[2023-05-25 19:35:40,927][__main__][INFO] - Iteration 0, epoch 359, train accuracy 0.86, loss 0.3142
[2023-05-25 19:35:43,739][__main__][INFO] - Test accuracy - 0.7532965188919047
[2023-05-25 19:35:43,797][__main__][INFO] - Iteration 0, epoch 360, train accuracy 0.86, loss 0.3084
[2023-05-25 19:35:46,615][__main__][INFO] - Test accuracy - 0.8255793567704968
[2023-05-25 19:35:46,703][__main__][INFO] - Iteration 0, epoch 361, train accuracy 0.86, loss 0.2929
[2023-05-25 19:35:49,473][__main__][INFO] - Test accuracy - 0.835865764077377
[2023-05-25 19:35:49,533][__main__][INFO] - Iteration 0, epoch 362, train accuracy 0.86, loss 0.3015
[2023-05-25 19:35:52,390][__main__][INFO] - Test accuracy - 0.8191978243074405
[2023-05-25 19:35:52,478][__main__][INFO] - Iteration 0, epoch 363, train accuracy 0.86, loss 0.3075
[2023-05-25 19:35:55,273][__main__][INFO] - Test accuracy - 0.7556487807505062
[2023-05-25 19:35:55,333][__main__][INFO] - Iteration 0, epoch 364, train accuracy 0.86, loss 0.3044
[2023-05-25 19:35:58,171][__main__][INFO] - Test accuracy - 0.8364536534401792
[2023-05-25 19:35:58,267][__main__][INFO] - Iteration 0, epoch 365, train accuracy 0.86, loss 0.3049
[2023-05-25 19:36:01,192][__main__][INFO] - Test accuracy - 0.8256116690362327
[2023-05-25 19:36:01,260][__main__][INFO] - Iteration 0, epoch 366, train accuracy 0.86, loss 0.3066
[2023-05-25 19:36:04,145][__main__][INFO] - Test accuracy - 0.8318379970703547
[2023-05-25 19:36:04,248][__main__][INFO] - Iteration 0, epoch 367, train accuracy 0.86, loss 0.3048
[2023-05-25 19:36:07,125][__main__][INFO] - Test accuracy - 0.8244446512429451
[2023-05-25 19:36:07,187][__main__][INFO] - Iteration 0, epoch 368, train accuracy 0.86, loss 0.3068
[2023-05-25 19:36:10,010][__main__][INFO] - Test accuracy - 0.8124711666882082
[2023-05-25 19:36:10,077][__main__][INFO] - Iteration 0, epoch 369, train accuracy 0.86, loss 0.3055
[2023-05-25 19:36:13,014][__main__][INFO] - Test accuracy - 0.8226064322950326
[2023-05-25 19:36:13,072][__main__][INFO] - Iteration 0, epoch 370, train accuracy 0.86, loss 0.3097
[2023-05-25 19:36:16,297][__main__][INFO] - Test accuracy - 0.7874630864676231
[2023-05-25 19:36:16,382][__main__][INFO] - Iteration 0, epoch 371, train accuracy 0.87, loss 0.2998
[2023-05-25 19:36:19,587][__main__][INFO] - Test accuracy - 0.8271665223385464
[2023-05-25 19:36:19,668][__main__][INFO] - Iteration 0, epoch 372, train accuracy 0.87, loss 0.2959
[2023-05-25 19:36:22,679][__main__][INFO] - Test accuracy - 0.8203991749601482
[2023-05-25 19:36:22,740][__main__][INFO] - Iteration 0, epoch 373, train accuracy 0.86, loss 0.3024
[2023-05-25 19:36:25,720][__main__][INFO] - Test accuracy - 0.8330781052087372
[2023-05-25 19:36:25,830][__main__][INFO] - Iteration 0, epoch 374, train accuracy 0.86, loss 0.3080
[2023-05-25 19:36:28,840][__main__][INFO] - Test accuracy - 0.8279443216578346
[2023-05-25 19:36:28,919][__main__][INFO] - Iteration 0, epoch 375, train accuracy 0.86, loss 0.3119
[2023-05-25 19:36:31,873][__main__][INFO] - Test accuracy - 0.8113363512989531
[2023-05-25 19:36:31,979][__main__][INFO] - Iteration 0, epoch 376, train accuracy 0.86, loss 0.3036
[2023-05-25 19:36:35,104][__main__][INFO] - Test accuracy - 0.8392913790875016
[2023-05-25 19:36:35,167][__main__][INFO] - Iteration 0, epoch 377, train accuracy 0.86, loss 0.2996
[2023-05-25 19:36:38,038][__main__][INFO] - Test accuracy - 0.8288831997759682
[2023-05-25 19:36:38,128][__main__][INFO] - Iteration 0, epoch 378, train accuracy 0.86, loss 0.2952
[2023-05-25 19:36:41,172][__main__][INFO] - Test accuracy - 0.837862733186851
[2023-05-25 19:36:41,252][__main__][INFO] - Iteration 0, epoch 379, train accuracy 0.86, loss 0.3088
[2023-05-25 19:36:44,242][__main__][INFO] - Test accuracy - 0.8243724290207228
[2023-05-25 19:36:44,339][__main__][INFO] - Iteration 0, epoch 380, train accuracy 0.86, loss 0.3001
[2023-05-25 19:36:47,259][__main__][INFO] - Test accuracy - 0.8393258541208908
[2023-05-25 19:36:47,322][__main__][INFO] - Iteration 0, epoch 381, train accuracy 0.86, loss 0.3083
[2023-05-25 19:36:50,520][__main__][INFO] - Test accuracy - 0.5794213153246307
[2023-05-25 19:36:50,579][__main__][INFO] - Iteration 0, epoch 382, train accuracy 0.86, loss 0.2973
[2023-05-25 19:36:53,944][__main__][INFO] - Test accuracy - 0.7096858472276076
[2023-05-25 19:36:54,028][__main__][INFO] - Iteration 0, epoch 383, train accuracy 0.86, loss 0.2966
[2023-05-25 19:36:57,194][__main__][INFO] - Test accuracy - 0.8361959566584809
[2023-05-25 19:36:57,264][__main__][INFO] - Iteration 0, epoch 384, train accuracy 0.86, loss 0.2996
[2023-05-25 19:37:00,378][__main__][INFO] - Test accuracy - 0.8424036749816897
[2023-05-25 19:37:00,484][__main__][INFO] - Iteration 0, epoch 385, train accuracy 0.86, loss 0.3084
[2023-05-25 19:37:03,497][__main__][INFO] - Test accuracy - 0.8159447611046486
[2023-05-25 19:37:03,567][__main__][INFO] - Iteration 0, epoch 386, train accuracy 0.86, loss 0.3093
[2023-05-25 19:37:06,681][__main__][INFO] - Test accuracy - 0.8258838697169445
[2023-05-25 19:37:06,775][__main__][INFO] - Iteration 0, epoch 387, train accuracy 0.86, loss 0.3003
[2023-05-25 19:37:09,711][__main__][INFO] - Test accuracy - 0.8466486687346517
[2023-05-25 19:37:09,779][__main__][INFO] - Iteration 0, epoch 388, train accuracy 0.86, loss 0.3018
[2023-05-25 19:37:12,769][__main__][INFO] - Test accuracy - 0.8097750096936798
[2023-05-25 19:37:12,897][__main__][INFO] - Iteration 0, epoch 389, train accuracy 0.86, loss 0.2995
[2023-05-25 19:37:15,672][__main__][INFO] - Test accuracy - 0.7567690814699928
[2023-05-25 19:37:15,726][__main__][INFO] - Iteration 0, epoch 390, train accuracy 0.87, loss 0.3016
[2023-05-25 19:37:18,852][__main__][INFO] - Test accuracy - 0.8077372517340915
[2023-05-25 19:37:18,969][__main__][INFO] - Iteration 0, epoch 391, train accuracy 0.85, loss 0.3127
[2023-05-25 19:37:21,965][__main__][INFO] - Test accuracy - 0.8393179268450304
[2023-05-25 19:37:22,026][__main__][INFO] - Iteration 0, epoch 392, train accuracy 0.86, loss 0.3049
[2023-05-25 19:37:25,261][__main__][INFO] - Test accuracy - 0.8205131187798889
[2023-05-25 19:37:25,331][__main__][INFO] - Iteration 0, epoch 393, train accuracy 0.86, loss 0.3021
[2023-05-25 19:37:28,417][__main__][INFO] - Test accuracy - 0.7219866485717978
[2023-05-25 19:37:28,485][__main__][INFO] - Iteration 0, epoch 394, train accuracy 0.86, loss 0.3064
[2023-05-25 19:37:31,350][__main__][INFO] - Test accuracy - 0.8158738787643789
[2023-05-25 19:37:31,409][__main__][INFO] - Iteration 0, epoch 395, train accuracy 0.86, loss 0.3051
[2023-05-25 19:37:34,684][__main__][INFO] - Test accuracy - 0.8405385011417
[2023-05-25 19:37:34,749][__main__][INFO] - Iteration 0, epoch 396, train accuracy 0.87, loss 0.2972
[2023-05-25 19:37:37,895][__main__][INFO] - Test accuracy - 0.7840617358149153
[2023-05-25 19:37:37,960][__main__][INFO] - Iteration 0, epoch 397, train accuracy 0.86, loss 0.2962
[2023-05-25 19:37:40,842][__main__][INFO] - Test accuracy - 0.8351171039593297
[2023-05-25 19:37:40,946][__main__][INFO] - Iteration 0, epoch 398, train accuracy 0.87, loss 0.2910
[2023-05-25 19:37:44,058][__main__][INFO] - Test accuracy - 0.7859099177114299
[2023-05-25 19:37:44,156][__main__][INFO] - Iteration 0, epoch 399, train accuracy 0.86, loss 0.3049
[2023-05-25 19:37:47,394][__main__][INFO] - Test accuracy - 0.8369252164921803
[2023-05-25 19:37:47,508][__main__][INFO] - Iteration 0, epoch 400, train accuracy 0.86, loss 0.2985
[2023-05-25 19:37:50,645][__main__][INFO] - Test accuracy - 0.8302865150144326
[2023-05-25 19:37:50,717][__main__][INFO] - Iteration 0, epoch 401, train accuracy 0.86, loss 0.3038
[2023-05-25 19:37:53,681][__main__][INFO] - Test accuracy - 0.8320799276205249
[2023-05-25 19:37:53,773][__main__][INFO] - Iteration 0, epoch 402, train accuracy 0.87, loss 0.2908
[2023-05-25 19:37:56,932][__main__][INFO] - Test accuracy - 0.814021199000474
[2023-05-25 19:37:57,002][__main__][INFO] - Iteration 0, epoch 403, train accuracy 0.86, loss 0.3050
[2023-05-25 19:38:00,116][__main__][INFO] - Test accuracy - 0.8037710352849943
[2023-05-25 19:38:00,224][__main__][INFO] - Iteration 0, epoch 404, train accuracy 0.87, loss 0.2992
[2023-05-25 19:38:03,293][__main__][INFO] - Test accuracy - 0.8235739993968377
[2023-05-25 19:38:03,366][__main__][INFO] - Iteration 0, epoch 405, train accuracy 0.87, loss 0.2951
[2023-05-25 19:38:06,400][__main__][INFO] - Test accuracy - 0.7974696738615312
[2023-05-25 19:38:06,464][__main__][INFO] - Iteration 0, epoch 406, train accuracy 0.87, loss 0.2944
[2023-05-25 19:38:09,323][__main__][INFO] - Test accuracy - 0.8234452113222179
[2023-05-25 19:38:09,378][__main__][INFO] - Iteration 0, epoch 407, train accuracy 0.86, loss 0.3064
[2023-05-25 19:38:12,232][__main__][INFO] - Test accuracy - 0.8269685644737409
[2023-05-25 19:38:12,293][__main__][INFO] - Iteration 0, epoch 408, train accuracy 0.85, loss 0.3144
[2023-05-25 19:38:15,380][__main__][INFO] - Test accuracy - 0.8155742191202447
[2023-05-25 19:38:15,471][__main__][INFO] - Iteration 0, epoch 409, train accuracy 0.86, loss 0.2990
[2023-05-25 19:38:18,404][__main__][INFO] - Test accuracy - 0.8226376028607125
[2023-05-25 19:38:18,472][__main__][INFO] - Iteration 0, epoch 410, train accuracy 0.86, loss 0.3016
[2023-05-25 19:38:21,577][__main__][INFO] - Test accuracy - 0.8256981065012279
[2023-05-25 19:38:21,673][__main__][INFO] - Iteration 0, epoch 411, train accuracy 0.86, loss 0.3020
[2023-05-25 19:38:24,729][__main__][INFO] - Test accuracy - 0.8205819482142088
[2023-05-25 19:38:24,801][__main__][INFO] - Iteration 0, epoch 412, train accuracy 0.86, loss 0.3078
[2023-05-25 19:38:27,952][__main__][INFO] - Test accuracy - 0.8076141183059755
[2023-05-25 19:38:28,041][__main__][INFO] - Iteration 0, epoch 413, train accuracy 0.86, loss 0.3047
[2023-05-25 19:38:31,079][__main__][INFO] - Test accuracy - 0.8407658847098358
[2023-05-25 19:38:31,141][__main__][INFO] - Iteration 0, epoch 414, train accuracy 0.86, loss 0.2997
[2023-05-25 19:38:34,299][__main__][INFO] - Test accuracy - 0.8323463637930292
[2023-05-25 19:38:34,404][__main__][INFO] - Iteration 0, epoch 415, train accuracy 0.86, loss 0.2996
[2023-05-25 19:38:37,504][__main__][INFO] - Test accuracy - 0.83104069837577
[2023-05-25 19:38:37,565][__main__][INFO] - Iteration 0, epoch 416, train accuracy 0.85, loss 0.3131
[2023-05-25 19:38:40,703][__main__][INFO] - Test accuracy - 0.8329315410796605
[2023-05-25 19:38:40,784][__main__][INFO] - Iteration 0, epoch 417, train accuracy 0.87, loss 0.2973
[2023-05-25 19:38:43,909][__main__][INFO] - Test accuracy - 0.8413792684503038
[2023-05-25 19:38:43,981][__main__][INFO] - Iteration 0, epoch 418, train accuracy 0.86, loss 0.2981
[2023-05-25 19:38:47,058][__main__][INFO] - Test accuracy - 0.7751378010426091
[2023-05-25 19:38:47,118][__main__][INFO] - Iteration 0, epoch 419, train accuracy 0.87, loss 0.2900
[2023-05-25 19:38:49,990][__main__][INFO] - Test accuracy - 0.8345947718754039
[2023-05-25 19:38:50,053][__main__][INFO] - Iteration 0, epoch 420, train accuracy 0.86, loss 0.3070
[2023-05-25 19:38:53,022][__main__][INFO] - Test accuracy - 0.8454803002886562
[2023-05-25 19:38:53,097][__main__][INFO] - Iteration 0, epoch 421, train accuracy 0.86, loss 0.2992
[2023-05-25 19:38:56,073][__main__][INFO] - Test accuracy - 0.8273452328637284
[2023-05-25 19:38:56,167][__main__][INFO] - Iteration 0, epoch 422, train accuracy 0.86, loss 0.3011
[2023-05-25 19:38:59,171][__main__][INFO] - Test accuracy - 0.8304697169445521
[2023-05-25 19:38:59,242][__main__][INFO] - Iteration 0, epoch 423, train accuracy 0.87, loss 0.2952
[2023-05-25 19:39:02,217][__main__][INFO] - Test accuracy - 0.8135854508638145
[2023-05-25 19:39:02,299][__main__][INFO] - Iteration 0, epoch 424, train accuracy 0.87, loss 0.2945
[2023-05-25 19:39:05,307][__main__][INFO] - Test accuracy - 0.8314563439748395
[2023-05-25 19:39:05,371][__main__][INFO] - Iteration 0, epoch 425, train accuracy 0.86, loss 0.3029
[2023-05-25 19:39:08,484][__main__][INFO] - Test accuracy - 0.8422039270173625
[2023-05-25 19:39:08,604][__main__][INFO] - Iteration 0, epoch 426, train accuracy 0.86, loss 0.3009
[2023-05-25 19:39:12,012][__main__][INFO] - Test accuracy - 0.78444811080953
[2023-05-25 19:39:12,087][__main__][INFO] - Iteration 0, epoch 427, train accuracy 0.86, loss 0.3093
[2023-05-25 19:39:15,472][__main__][INFO] - Test accuracy - 0.8156805652492352
[2023-05-25 19:39:15,580][__main__][INFO] - Iteration 0, epoch 428, train accuracy 0.86, loss 0.3009
[2023-05-25 19:39:18,735][__main__][INFO] - Test accuracy - 0.8196069557537375
[2023-05-25 19:39:18,796][__main__][INFO] - Iteration 0, epoch 429, train accuracy 0.87, loss 0.2993
[2023-05-25 19:39:21,750][__main__][INFO] - Test accuracy - 0.8263638102623756
[2023-05-25 19:39:21,808][__main__][INFO] - Iteration 0, epoch 430, train accuracy 0.86, loss 0.3015
[2023-05-25 19:39:25,143][__main__][INFO] - Test accuracy - 0.8246783249321443
[2023-05-25 19:39:25,204][__main__][INFO] - Iteration 0, epoch 431, train accuracy 0.86, loss 0.3069
[2023-05-25 19:39:28,335][__main__][INFO] - Test accuracy - 0.8188337490844858
[2023-05-25 19:39:28,397][__main__][INFO] - Iteration 0, epoch 432, train accuracy 0.87, loss 0.2948
[2023-05-25 19:39:31,439][__main__][INFO] - Test accuracy - 0.8207969131015467
[2023-05-25 19:39:31,507][__main__][INFO] - Iteration 0, epoch 433, train accuracy 0.86, loss 0.2994
[2023-05-25 19:39:34,504][__main__][INFO] - Test accuracy - 0.7938910947395631
[2023-05-25 19:39:34,557][__main__][INFO] - Iteration 0, epoch 434, train accuracy 0.86, loss 0.3059
[2023-05-25 19:39:37,587][__main__][INFO] - Test accuracy - 0.8335491965016586
[2023-05-25 19:39:37,691][__main__][INFO] - Iteration 0, epoch 435, train accuracy 0.86, loss 0.3007
[2023-05-25 19:39:40,601][__main__][INFO] - Test accuracy - 0.7914118564473741
[2023-05-25 19:39:40,662][__main__][INFO] - Iteration 0, epoch 436, train accuracy 0.86, loss 0.3053
[2023-05-25 19:39:43,890][__main__][INFO] - Test accuracy - 0.7326423139890568
[2023-05-25 19:39:43,989][__main__][INFO] - Iteration 0, epoch 437, train accuracy 0.86, loss 0.2964
[2023-05-25 19:39:47,433][__main__][INFO] - Test accuracy - 0.6240442247210375
[2023-05-25 19:39:47,488][__main__][INFO] - Iteration 0, epoch 438, train accuracy 0.87, loss 0.2981
[2023-05-25 19:39:50,672][__main__][INFO] - Test accuracy - 0.8259805867907458
[2023-05-25 19:39:50,774][__main__][INFO] - Iteration 0, epoch 439, train accuracy 0.86, loss 0.3003
[2023-05-25 19:39:53,779][__main__][INFO] - Test accuracy - 0.8088788634699067
[2023-05-25 19:39:53,856][__main__][INFO] - Iteration 0, epoch 440, train accuracy 0.86, loss 0.3000
[2023-05-25 19:39:56,988][__main__][INFO] - Test accuracy - 0.8156359010813838
[2023-05-25 19:39:57,063][__main__][INFO] - Iteration 0, epoch 441, train accuracy 0.86, loss 0.3041
[2023-05-25 19:40:00,314][__main__][INFO] - Test accuracy - 0.8068592434621515
[2023-05-25 19:40:00,387][__main__][INFO] - Iteration 0, epoch 442, train accuracy 0.86, loss 0.2961
[2023-05-25 19:40:03,507][__main__][INFO] - Test accuracy - 0.7806639869027616
[2023-05-25 19:40:03,570][__main__][INFO] - Iteration 0, epoch 443, train accuracy 0.87, loss 0.2938
[2023-05-25 19:40:06,667][__main__][INFO] - Test accuracy - 0.7832341777605446
[2023-05-25 19:40:06,747][__main__][INFO] - Iteration 0, epoch 444, train accuracy 0.86, loss 0.2977
[2023-05-25 19:40:09,919][__main__][INFO] - Test accuracy - 0.8305974839515746
[2023-05-25 19:40:09,979][__main__][INFO] - Iteration 0, epoch 445, train accuracy 0.86, loss 0.3022
[2023-05-25 19:40:12,850][__main__][INFO] - Test accuracy - 0.8078628775149714
[2023-05-25 19:40:12,947][__main__][INFO] - Iteration 0, epoch 446, train accuracy 0.87, loss 0.2981
[2023-05-25 19:40:15,849][__main__][INFO] - Test accuracy - 0.8370639739778553
[2023-05-25 19:40:15,904][__main__][INFO] - Iteration 0, epoch 447, train accuracy 0.87, loss 0.2944
[2023-05-25 19:40:18,804][__main__][INFO] - Test accuracy - 0.8371271056826504
[2023-05-25 19:40:18,900][__main__][INFO] - Iteration 0, epoch 448, train accuracy 0.86, loss 0.3002
[2023-05-25 19:40:21,890][__main__][INFO] - Test accuracy - 0.8139369113782259
[2023-05-25 19:40:21,963][__main__][INFO] - Iteration 0, epoch 449, train accuracy 0.86, loss 0.3022
[2023-05-25 19:40:25,186][__main__][INFO] - Test accuracy - 0.8453483391495413
[2023-05-25 19:40:25,284][__main__][INFO] - Iteration 0, epoch 450, train accuracy 0.86, loss 0.3002
[2023-05-25 19:40:28,561][__main__][INFO] - Test accuracy - 0.8382171362715953
[2023-05-25 19:40:28,636][__main__][INFO] - Iteration 0, epoch 451, train accuracy 0.86, loss 0.2957
[2023-05-25 19:40:31,917][__main__][INFO] - Test accuracy - 0.8242276334496575
[2023-05-25 19:40:32,016][__main__][INFO] - Iteration 0, epoch 452, train accuracy 0.86, loss 0.3086
[2023-05-25 19:40:35,054][__main__][INFO] - Test accuracy - 0.7641173904614192
[2023-05-25 19:40:35,111][__main__][INFO] - Iteration 0, epoch 453, train accuracy 0.86, loss 0.3013
[2023-05-25 19:40:38,144][__main__][INFO] - Test accuracy - 0.8248206281504459
[2023-05-25 19:40:38,212][__main__][INFO] - Iteration 0, epoch 454, train accuracy 0.86, loss 0.3020
[2023-05-25 19:40:41,299][__main__][INFO] - Test accuracy - 0.8227106264271251
[2023-05-25 19:40:41,372][__main__][INFO] - Iteration 0, epoch 455, train accuracy 0.87, loss 0.2932
[2023-05-25 19:40:44,270][__main__][INFO] - Test accuracy - 0.8230525892895609
[2023-05-25 19:40:44,334][__main__][INFO] - Iteration 0, epoch 456, train accuracy 0.87, loss 0.2906
[2023-05-25 19:40:47,315][__main__][INFO] - Test accuracy - 0.8063402158459351
[2023-05-25 19:40:47,393][__main__][INFO] - Iteration 0, epoch 457, train accuracy 0.87, loss 0.2929
[2023-05-25 19:40:50,441][__main__][INFO] - Test accuracy - 0.7825192021024514
[2023-05-25 19:40:50,494][__main__][INFO] - Iteration 0, epoch 458, train accuracy 0.86, loss 0.2994
[2023-05-25 19:40:53,793][__main__][INFO] - Test accuracy - 0.8262492955926068
[2023-05-25 19:40:53,892][__main__][INFO] - Iteration 0, epoch 459, train accuracy 0.87, loss 0.2937
[2023-05-25 19:40:57,121][__main__][INFO] - Test accuracy - 0.8047796540433416
[2023-05-25 19:40:57,179][__main__][INFO] - Iteration 0, epoch 460, train accuracy 0.87, loss 0.2872
[2023-05-25 19:41:00,352][__main__][INFO] - Test accuracy - 0.825881299814743
[2023-05-25 19:41:00,465][__main__][INFO] - Iteration 0, epoch 461, train accuracy 0.87, loss 0.3010
[2023-05-25 19:41:03,564][__main__][INFO] - Test accuracy - 0.8053589031062859
[2023-05-25 19:41:03,622][__main__][INFO] - Iteration 0, epoch 462, train accuracy 0.86, loss 0.2998
[2023-05-25 19:41:06,847][__main__][INFO] - Test accuracy - 0.8238507668777735
[2023-05-25 19:41:06,930][__main__][INFO] - Iteration 0, epoch 463, train accuracy 0.87, loss 0.2959
[2023-05-25 19:41:09,765][__main__][INFO] - Test accuracy - 0.7931722760759984
[2023-05-25 19:41:09,834][__main__][INFO] - Iteration 0, epoch 464, train accuracy 0.86, loss 0.2947
[2023-05-25 19:41:12,604][__main__][INFO] - Test accuracy - 0.7979159299470079
[2023-05-25 19:41:12,663][__main__][INFO] - Iteration 0, epoch 465, train accuracy 0.86, loss 0.3010
[2023-05-25 19:41:15,950][__main__][INFO] - Test accuracy - 0.8307793567704969
[2023-05-25 19:41:16,018][__main__][INFO] - Iteration 0, epoch 466, train accuracy 0.86, loss 0.3049
[2023-05-25 19:41:18,939][__main__][INFO] - Test accuracy - 0.7347453771918486
[2023-05-25 19:41:19,005][__main__][INFO] - Iteration 0, epoch 467, train accuracy 0.86, loss 0.2969
[2023-05-25 19:41:22,256][__main__][INFO] - Test accuracy - 0.7862382620309335
[2023-05-25 19:41:22,312][__main__][INFO] - Iteration 0, epoch 468, train accuracy 0.87, loss 0.2903
[2023-05-25 19:41:25,341][__main__][INFO] - Test accuracy - 0.8031785123432855
[2023-05-25 19:41:25,401][__main__][INFO] - Iteration 0, epoch 469, train accuracy 0.87, loss 0.2964
[2023-05-25 19:41:28,354][__main__][INFO] - Test accuracy - 0.8280656434449183
[2023-05-25 19:41:28,468][__main__][INFO] - Iteration 0, epoch 470, train accuracy 0.87, loss 0.2883
[2023-05-25 19:41:31,386][__main__][INFO] - Test accuracy - 0.7769071905562018
[2023-05-25 19:41:31,456][__main__][INFO] - Iteration 0, epoch 471, train accuracy 0.87, loss 0.2945
[2023-05-25 19:41:34,419][__main__][INFO] - Test accuracy - 0.7521942570333031
[2023-05-25 19:41:34,509][__main__][INFO] - Iteration 0, epoch 472, train accuracy 0.86, loss 0.2953
[2023-05-25 19:41:37,409][__main__][INFO] - Test accuracy - 0.8292152686226358
[2023-05-25 19:41:37,498][__main__][INFO] - Iteration 0, epoch 473, train accuracy 0.86, loss 0.3001
[2023-05-25 19:41:40,306][__main__][INFO] - Test accuracy - 0.8132200465296627
[2023-05-25 19:41:40,396][__main__][INFO] - Iteration 0, epoch 474, train accuracy 0.86, loss 0.2997
[2023-05-25 19:41:43,433][__main__][INFO] - Test accuracy - 0.8004972211451468
[2023-05-25 19:41:43,497][__main__][INFO] - Iteration 0, epoch 475, train accuracy 0.86, loss 0.3073
[2023-05-25 19:41:46,408][__main__][INFO] - Test accuracy - 0.7918583322562578
[2023-05-25 19:41:46,498][__main__][INFO] - Iteration 0, epoch 476, train accuracy 0.87, loss 0.2922
[2023-05-25 19:41:49,482][__main__][INFO] - Test accuracy - 0.8400627224160959
[2023-05-25 19:41:49,545][__main__][INFO] - Iteration 0, epoch 477, train accuracy 0.86, loss 0.2934
[2023-05-25 19:41:52,503][__main__][INFO] - Test accuracy - 0.7979397333161001
[2023-05-25 19:41:52,571][__main__][INFO] - Iteration 0, epoch 478, train accuracy 0.87, loss 0.2937
[2023-05-25 19:41:55,488][__main__][INFO] - Test accuracy - 0.8278733402266167
[2023-05-25 19:41:55,718][__main__][INFO] - Iteration 0, epoch 479, train accuracy 0.86, loss 0.3127
[2023-05-25 19:41:58,672][__main__][INFO] - Test accuracy - 0.7858887122485029
[2023-05-25 19:41:58,731][__main__][INFO] - Iteration 0, epoch 480, train accuracy 0.88, loss 0.2812
[2023-05-25 19:42:01,763][__main__][INFO] - Test accuracy - 0.8223970229632501
[2023-05-25 19:42:01,822][__main__][INFO] - Iteration 0, epoch 481, train accuracy 0.86, loss 0.3037
[2023-05-25 19:42:04,828][__main__][INFO] - Test accuracy - 0.815092268751885
[2023-05-25 19:42:04,882][__main__][INFO] - Iteration 0, epoch 482, train accuracy 0.86, loss 0.2972
[2023-05-25 19:42:07,685][__main__][INFO] - Test accuracy - 0.8207099457153935
[2023-05-25 19:42:07,770][__main__][INFO] - Iteration 0, epoch 483, train accuracy 0.87, loss 0.2946
[2023-05-25 19:42:10,703][__main__][INFO] - Test accuracy - 0.8064361208047908
[2023-05-25 19:42:10,773][__main__][INFO] - Iteration 0, epoch 484, train accuracy 0.86, loss 0.2897
[2023-05-25 19:42:13,710][__main__][INFO] - Test accuracy - 0.6967511524708113
[2023-05-25 19:42:13,813][__main__][INFO] - Iteration 0, epoch 485, train accuracy 0.86, loss 0.3051
[2023-05-25 19:42:16,862][__main__][INFO] - Test accuracy - 0.8263883158847098
[2023-05-25 19:42:16,937][__main__][INFO] - Iteration 0, epoch 486, train accuracy 0.87, loss 0.2890
[2023-05-25 19:42:19,925][__main__][INFO] - Test accuracy - 0.8266465942871916
[2023-05-25 19:42:20,013][__main__][INFO] - Iteration 0, epoch 487, train accuracy 0.87, loss 0.2916
[2023-05-25 19:42:23,101][__main__][INFO] - Test accuracy - 0.7502837060014648
[2023-05-25 19:42:23,164][__main__][INFO] - Iteration 0, epoch 488, train accuracy 0.87, loss 0.2877
[2023-05-25 19:42:26,296][__main__][INFO] - Test accuracy - 0.7964133277325405
[2023-05-25 19:42:26,422][__main__][INFO] - Iteration 0, epoch 489, train accuracy 0.86, loss 0.2919
[2023-05-25 19:42:29,442][__main__][INFO] - Test accuracy - 0.8345658287019087
[2023-05-25 19:42:29,498][__main__][INFO] - Iteration 0, epoch 490, train accuracy 0.86, loss 0.2932
[2023-05-25 19:42:32,372][__main__][INFO] - Test accuracy - 0.835513172633665
[2023-05-25 19:42:32,438][__main__][INFO] - Iteration 0, epoch 491, train accuracy 0.87, loss 0.2891
[2023-05-25 19:42:35,345][__main__][INFO] - Test accuracy - 0.838812030933609
[2023-05-25 19:42:35,405][__main__][INFO] - Iteration 0, epoch 492, train accuracy 0.86, loss 0.2944
[2023-05-25 19:42:38,278][__main__][INFO] - Test accuracy - 0.8308284563353582
[2023-05-25 19:42:38,340][__main__][INFO] - Iteration 0, epoch 493, train accuracy 0.86, loss 0.3012
[2023-05-25 19:42:41,277][__main__][INFO] - Test accuracy - 0.7805893929602344
[2023-05-25 19:42:41,372][__main__][INFO] - Iteration 0, epoch 494, train accuracy 0.87, loss 0.2901
[2023-05-25 19:42:44,308][__main__][INFO] - Test accuracy - 0.8294261944767567
[2023-05-25 19:42:44,363][__main__][INFO] - Iteration 0, epoch 495, train accuracy 0.87, loss 0.2931
[2023-05-25 19:42:47,308][__main__][INFO] - Test accuracy - 0.8223937400370515
[2023-05-25 19:42:47,405][__main__][INFO] - Iteration 0, epoch 496, train accuracy 0.87, loss 0.2883
[2023-05-25 19:42:50,303][__main__][INFO] - Test accuracy - 0.7938805652492352
[2023-05-25 19:42:50,365][__main__][INFO] - Iteration 0, epoch 497, train accuracy 0.86, loss 0.2958
[2023-05-25 19:42:53,300][__main__][INFO] - Test accuracy - 0.8241082654775753
[2023-05-25 19:42:53,396][__main__][INFO] - Iteration 0, epoch 498, train accuracy 0.87, loss 0.2914
[2023-05-25 19:42:56,281][__main__][INFO] - Test accuracy - 0.8032711559174529
[2023-05-25 19:42:56,338][__main__][INFO] - Iteration 0, epoch 499, train accuracy 0.86, loss 0.3038
[2023-05-25 19:42:59,325][__main__][INFO] - Test accuracy - 0.8277639718237043
[2023-05-25 19:42:59,333][__main__][INFO] - Total time 1507.2465 seconds
