[2023-05-05 16:16:44,898][__main__][INFO] - Net(
  (fc1): Linear(in_features=17, out_features=68, bias=True)
  (fc2): Linear(in_features=68, out_features=68, bias=True)
  (fc3): Linear(in_features=68, out_features=68, bias=True)
  (fc4): Linear(in_features=68, out_features=17, bias=True)
  (fc5): Linear(in_features=17, out_features=1, bias=True)
  (act1): ReLU()
  (act2): Tanh()
)
[2023-05-05 16:16:45,757][__main__][INFO] - Iteration 0, epoch 0, train accuracy 0.54, loss 0.4987
[2023-05-05 16:16:48,359][__main__][INFO] - Test accuracy - 0.5444881329113924
[2023-05-05 16:16:48,381][__main__][INFO] - Iteration 0, epoch 1, train accuracy 0.53, loss 0.4779
[2023-05-05 16:16:51,031][__main__][INFO] - Test accuracy - 0.6780999712313003
[2023-05-05 16:16:51,052][__main__][INFO] - Iteration 0, epoch 2, train accuracy 0.70, loss 0.3757
[2023-05-05 16:16:54,047][__main__][INFO] - Test accuracy - 0.7056410385500576
[2023-05-05 16:16:54,075][__main__][INFO] - Iteration 0, epoch 3, train accuracy 0.70, loss 0.3217
[2023-05-05 16:16:57,116][__main__][INFO] - Test accuracy - 0.7124515966628309
[2023-05-05 16:16:57,145][__main__][INFO] - Iteration 0, epoch 4, train accuracy 0.73, loss 0.2944
[2023-05-05 16:17:00,061][__main__][INFO] - Test accuracy - 0.7181903049482163
[2023-05-05 16:17:00,083][__main__][INFO] - Iteration 0, epoch 5, train accuracy 0.70, loss 0.3100
[2023-05-05 16:17:03,005][__main__][INFO] - Test accuracy - 0.7236164413118527
[2023-05-05 16:17:03,025][__main__][INFO] - Iteration 0, epoch 6, train accuracy 0.73, loss 0.2771
[2023-05-05 16:17:06,026][__main__][INFO] - Test accuracy - 0.7284857594936708
[2023-05-05 16:17:06,046][__main__][INFO] - Iteration 0, epoch 7, train accuracy 0.72, loss 0.2800
[2023-05-05 16:17:09,083][__main__][INFO] - Test accuracy - 0.7325407077100116
[2023-05-05 16:17:09,106][__main__][INFO] - Iteration 0, epoch 8, train accuracy 0.74, loss 0.2628
[2023-05-05 16:17:12,112][__main__][INFO] - Test accuracy - 0.7348324223245108
[2023-05-05 16:17:12,145][__main__][INFO] - Iteration 0, epoch 9, train accuracy 0.74, loss 0.2649
[2023-05-05 16:17:15,628][__main__][INFO] - Test accuracy - 0.7365842922899885
[2023-05-05 16:17:15,656][__main__][INFO] - Iteration 0, epoch 10, train accuracy 0.73, loss 0.2643
[2023-05-05 16:17:18,758][__main__][INFO] - Test accuracy - 0.7376334867663982
[2023-05-05 16:17:18,787][__main__][INFO] - Iteration 0, epoch 11, train accuracy 0.73, loss 0.2739
[2023-05-05 16:17:21,854][__main__][INFO] - Test accuracy - 0.7391599539700806
[2023-05-05 16:17:21,882][__main__][INFO] - Iteration 0, epoch 12, train accuracy 0.74, loss 0.2605
[2023-05-05 16:17:24,960][__main__][INFO] - Test accuracy - 0.7402546749136939
[2023-05-05 16:17:24,982][__main__][INFO] - Iteration 0, epoch 13, train accuracy 0.75, loss 0.2573
[2023-05-05 16:17:28,037][__main__][INFO] - Test accuracy - 0.7411637658227849
[2023-05-05 16:17:28,067][__main__][INFO] - Iteration 0, epoch 14, train accuracy 0.76, loss 0.2473
[2023-05-05 16:17:31,156][__main__][INFO] - Test accuracy - 0.7419856156501726
[2023-05-05 16:17:31,181][__main__][INFO] - Iteration 0, epoch 15, train accuracy 0.74, loss 0.2588
[2023-05-05 16:17:34,167][__main__][INFO] - Test accuracy - 0.7427205840046031
[2023-05-05 16:17:34,192][__main__][INFO] - Iteration 0, epoch 16, train accuracy 0.77, loss 0.2323
[2023-05-05 16:17:37,160][__main__][INFO] - Test accuracy - 0.7437394275028769
[2023-05-05 16:17:37,184][__main__][INFO] - Iteration 0, epoch 17, train accuracy 0.75, loss 0.2462
[2023-05-05 16:17:40,246][__main__][INFO] - Test accuracy - 0.7440235184119678
[2023-05-05 16:17:40,273][__main__][INFO] - Iteration 0, epoch 18, train accuracy 0.76, loss 0.2456
[2023-05-05 16:17:43,286][__main__][INFO] - Test accuracy - 0.7450594073647872
[2023-05-05 16:17:43,313][__main__][INFO] - Iteration 0, epoch 19, train accuracy 0.74, loss 0.2638
[2023-05-05 16:17:46,308][__main__][INFO] - Test accuracy - 0.7454270713463752
[2023-05-05 16:17:46,334][__main__][INFO] - Iteration 0, epoch 20, train accuracy 0.75, loss 0.2532
[2023-05-05 16:17:49,319][__main__][INFO] - Test accuracy - 0.7467924338319908
[2023-05-05 16:17:49,342][__main__][INFO] - Iteration 0, epoch 21, train accuracy 0.76, loss 0.2393
[2023-05-05 16:17:52,348][__main__][INFO] - Test accuracy - 0.7471106875719218
[2023-05-05 16:17:52,376][__main__][INFO] - Iteration 0, epoch 22, train accuracy 0.77, loss 0.2363
[2023-05-05 16:17:55,371][__main__][INFO] - Test accuracy - 0.7477014528193325
[2023-05-05 16:17:55,392][__main__][INFO] - Iteration 0, epoch 23, train accuracy 0.74, loss 0.2655
[2023-05-05 16:17:58,377][__main__][INFO] - Test accuracy - 0.7474062140391253
[2023-05-05 16:17:58,406][__main__][INFO] - Iteration 0, epoch 24, train accuracy 0.75, loss 0.2573
[2023-05-05 16:18:01,378][__main__][INFO] - Test accuracy - 0.7486315448791715
[2023-05-05 16:18:01,401][__main__][INFO] - Iteration 0, epoch 25, train accuracy 0.77, loss 0.2306
[2023-05-05 16:18:04,387][__main__][INFO] - Test accuracy - 0.7480139528193326
[2023-05-05 16:18:04,411][__main__][INFO] - Iteration 0, epoch 26, train accuracy 0.77, loss 0.2320
[2023-05-05 16:18:07,397][__main__][INFO] - Test accuracy - 0.7498341484464902
[2023-05-05 16:18:07,420][__main__][INFO] - Iteration 0, epoch 27, train accuracy 0.74, loss 0.2623
[2023-05-05 16:18:10,440][__main__][INFO] - Test accuracy - 0.7502962456846951
[2023-05-05 16:18:10,468][__main__][INFO] - Iteration 0, epoch 28, train accuracy 0.73, loss 0.2780
[2023-05-05 16:18:13,462][__main__][INFO] - Test accuracy - 0.7504685701956272
[2023-05-05 16:18:13,483][__main__][INFO] - Iteration 0, epoch 29, train accuracy 0.75, loss 0.2490
[2023-05-05 16:18:16,497][__main__][INFO] - Test accuracy - 0.7513038693901035
[2023-05-05 16:18:16,517][__main__][INFO] - Iteration 0, epoch 30, train accuracy 0.76, loss 0.2450
[2023-05-05 16:18:19,528][__main__][INFO] - Test accuracy - 0.7516466484464902
[2023-05-05 16:18:19,549][__main__][INFO] - Iteration 0, epoch 31, train accuracy 0.75, loss 0.2495
[2023-05-05 16:18:22,545][__main__][INFO] - Test accuracy - 0.7522867520138089
[2023-05-05 16:18:22,568][__main__][INFO] - Iteration 0, epoch 32, train accuracy 0.77, loss 0.2326
[2023-05-05 16:18:25,543][__main__][INFO] - Test accuracy - 0.7528511939010355
[2023-05-05 16:18:25,571][__main__][INFO] - Iteration 0, epoch 33, train accuracy 0.73, loss 0.2690
[2023-05-05 16:18:28,559][__main__][INFO] - Test accuracy - 0.7534685701956271
[2023-05-05 16:18:28,583][__main__][INFO] - Iteration 0, epoch 34, train accuracy 0.74, loss 0.2577
[2023-05-05 16:18:31,586][__main__][INFO] - Test accuracy - 0.7537412974683544
[2023-05-05 16:18:31,607][__main__][INFO] - Iteration 0, epoch 35, train accuracy 0.75, loss 0.2542
[2023-05-05 16:18:34,613][__main__][INFO] - Test accuracy - 0.7534552646720368
[2023-05-05 16:18:34,634][__main__][INFO] - Iteration 0, epoch 36, train accuracy 0.75, loss 0.2500
[2023-05-05 16:18:37,631][__main__][INFO] - Test accuracy - 0.7553076093210586
[2023-05-05 16:18:37,656][__main__][INFO] - Iteration 0, epoch 37, train accuracy 0.76, loss 0.2407
[2023-05-05 16:18:40,635][__main__][INFO] - Test accuracy - 0.7556201093210588
[2023-05-05 16:18:40,663][__main__][INFO] - Iteration 0, epoch 38, train accuracy 0.77, loss 0.2371
[2023-05-05 16:18:43,650][__main__][INFO] - Test accuracy - 0.7564042002301495
[2023-05-05 16:18:43,670][__main__][INFO] - Iteration 0, epoch 39, train accuracy 0.79, loss 0.2112
[2023-05-05 16:18:46,616][__main__][INFO] - Test accuracy - 0.7565121547756042
[2023-05-05 16:18:46,643][__main__][INFO] - Iteration 0, epoch 40, train accuracy 0.75, loss 0.2516
[2023-05-05 16:18:49,662][__main__][INFO] - Test accuracy - 0.7572299338319908
[2023-05-05 16:18:49,683][__main__][INFO] - Iteration 0, epoch 41, train accuracy 0.78, loss 0.2275
[2023-05-05 16:18:52,666][__main__][INFO] - Test accuracy - 0.7573889528193326
[2023-05-05 16:18:52,687][__main__][INFO] - Iteration 0, epoch 42, train accuracy 0.76, loss 0.2453
[2023-05-05 16:18:55,632][__main__][INFO] - Test accuracy - 0.7584951093210588
[2023-05-05 16:18:55,656][__main__][INFO] - Iteration 0, epoch 43, train accuracy 0.76, loss 0.2344
[2023-05-05 16:18:58,592][__main__][INFO] - Test accuracy - 0.7589836737629458
[2023-05-05 16:18:58,613][__main__][INFO] - Iteration 0, epoch 44, train accuracy 0.76, loss 0.2399
[2023-05-05 16:19:01,565][__main__][INFO] - Test accuracy - 0.7596181674338319
[2023-05-05 16:19:01,586][__main__][INFO] - Iteration 0, epoch 45, train accuracy 0.75, loss 0.2456
[2023-05-05 16:19:04,546][__main__][INFO] - Test accuracy - 0.7598245828538551
[2023-05-05 16:19:04,570][__main__][INFO] - Iteration 0, epoch 46, train accuracy 0.75, loss 0.2494
[2023-05-05 16:19:07,542][__main__][INFO] - Test accuracy - 0.7603624856156501
[2023-05-05 16:19:07,561][__main__][INFO] - Iteration 0, epoch 47, train accuracy 0.76, loss 0.2414
[2023-05-05 16:19:10,508][__main__][INFO] - Test accuracy - 0.7606787974683544
[2023-05-05 16:19:10,528][__main__][INFO] - Iteration 0, epoch 48, train accuracy 0.75, loss 0.2455
[2023-05-05 16:19:13,497][__main__][INFO] - Test accuracy - 0.7611162974683545
[2023-05-05 16:19:13,525][__main__][INFO] - Iteration 0, epoch 49, train accuracy 0.77, loss 0.2334
[2023-05-05 16:19:16,483][__main__][INFO] - Test accuracy - 0.7613947065592636
[2023-05-05 16:19:16,511][__main__][INFO] - Iteration 0, epoch 50, train accuracy 0.76, loss 0.2405
[2023-05-05 16:19:19,521][__main__][INFO] - Test accuracy - 0.7616920310701957
[2023-05-05 16:19:19,542][__main__][INFO] - Iteration 0, epoch 51, train accuracy 0.77, loss 0.2306
[2023-05-05 16:19:22,508][__main__][INFO] - Test accuracy - 0.7609400891829687
[2023-05-05 16:19:22,534][__main__][INFO] - Iteration 0, epoch 52, train accuracy 0.77, loss 0.2258
[2023-05-05 16:19:25,436][__main__][INFO] - Test accuracy - 0.7624704401611048
[2023-05-05 16:19:25,458][__main__][INFO] - Iteration 0, epoch 53, train accuracy 0.77, loss 0.2295
[2023-05-05 16:19:28,435][__main__][INFO] - Test accuracy - 0.7618473101265824
[2023-05-05 16:19:28,456][__main__][INFO] - Iteration 0, epoch 54, train accuracy 0.79, loss 0.2170
[2023-05-05 16:19:31,409][__main__][INFO] - Test accuracy - 0.7630140247410818
[2023-05-05 16:19:31,435][__main__][INFO] - Iteration 0, epoch 55, train accuracy 0.79, loss 0.2103
[2023-05-05 16:19:34,417][__main__][INFO] - Test accuracy - 0.7630537974683542
[2023-05-05 16:19:34,442][__main__][INFO] - Iteration 0, epoch 56, train accuracy 0.78, loss 0.2278
[2023-05-05 16:19:37,381][__main__][INFO] - Test accuracy - 0.7618150891829689
[2023-05-05 16:19:37,406][__main__][INFO] - Iteration 0, epoch 57, train accuracy 0.78, loss 0.2249
[2023-05-05 16:19:40,375][__main__][INFO] - Test accuracy - 0.7626086737629459
[2023-05-05 16:19:40,396][__main__][INFO] - Iteration 0, epoch 58, train accuracy 0.76, loss 0.2432
[2023-05-05 16:19:43,355][__main__][INFO] - Test accuracy - 0.7634382192174912
[2023-05-05 16:19:43,379][__main__][INFO] - Iteration 0, epoch 59, train accuracy 0.77, loss 0.2355
[2023-05-05 16:19:46,346][__main__][INFO] - Test accuracy - 0.76322418009206
[2023-05-05 16:19:46,366][__main__][INFO] - Iteration 0, epoch 60, train accuracy 0.77, loss 0.2303
[2023-05-05 16:19:49,364][__main__][INFO] - Test accuracy - 0.7638984464902187
[2023-05-05 16:19:49,386][__main__][INFO] - Iteration 0, epoch 61, train accuracy 0.78, loss 0.2250
[2023-05-05 16:19:52,321][__main__][INFO] - Test accuracy - 0.764455336593786
[2023-05-05 16:19:52,342][__main__][INFO] - Iteration 0, epoch 62, train accuracy 0.78, loss 0.2252
[2023-05-05 16:19:55,311][__main__][INFO] - Test accuracy - 0.7633491800920599
[2023-05-05 16:19:55,337][__main__][INFO] - Iteration 0, epoch 63, train accuracy 0.78, loss 0.2263
[2023-05-05 16:19:58,289][__main__][INFO] - Test accuracy - 0.7646162974683545
[2023-05-05 16:19:58,310][__main__][INFO] - Iteration 0, epoch 64, train accuracy 0.76, loss 0.2421
[2023-05-05 16:20:01,289][__main__][INFO] - Test accuracy - 0.764714830264672
[2023-05-05 16:20:01,311][__main__][INFO] - Iteration 0, epoch 65, train accuracy 0.77, loss 0.2370
[2023-05-05 16:20:04,272][__main__][INFO] - Test accuracy - 0.7645386219792866
[2023-05-05 16:20:04,295][__main__][INFO] - Iteration 0, epoch 66, train accuracy 0.76, loss 0.2408
[2023-05-05 16:20:07,227][__main__][INFO] - Test accuracy - 0.7652015247410818
[2023-05-05 16:20:07,253][__main__][INFO] - Iteration 0, epoch 67, train accuracy 0.79, loss 0.2156
[2023-05-05 16:20:10,218][__main__][INFO] - Test accuracy - 0.7655973820483314
[2023-05-05 16:20:10,237][__main__][INFO] - Iteration 0, epoch 68, train accuracy 0.78, loss 0.2262
[2023-05-05 16:20:13,209][__main__][INFO] - Test accuracy - 0.7655783947065593
[2023-05-05 16:20:13,230][__main__][INFO] - Iteration 0, epoch 69, train accuracy 0.73, loss 0.2643
[2023-05-05 16:20:16,209][__main__][INFO] - Test accuracy - 0.7641844073647871
[2023-05-05 16:20:16,230][__main__][INFO] - Iteration 0, epoch 70, train accuracy 0.76, loss 0.2381
[2023-05-05 16:20:19,242][__main__][INFO] - Test accuracy - 0.7655632192174913
[2023-05-05 16:20:19,264][__main__][INFO] - Iteration 0, epoch 71, train accuracy 0.74, loss 0.2638
[2023-05-05 16:20:22,246][__main__][INFO] - Test accuracy - 0.7663966484464901
[2023-05-05 16:20:22,273][__main__][INFO] - Iteration 0, epoch 72, train accuracy 0.77, loss 0.2336
[2023-05-05 16:20:25,226][__main__][INFO] - Test accuracy - 0.7666845512082855
[2023-05-05 16:20:25,248][__main__][INFO] - Iteration 0, epoch 73, train accuracy 0.79, loss 0.2103
[2023-05-05 16:20:28,231][__main__][INFO] - Test accuracy - 0.766758414844649
[2023-05-05 16:20:28,251][__main__][INFO] - Iteration 0, epoch 74, train accuracy 0.77, loss 0.2338
[2023-05-05 16:20:31,203][__main__][INFO] - Test accuracy - 0.7665480437284234
[2023-05-05 16:20:31,229][__main__][INFO] - Iteration 0, epoch 75, train accuracy 0.77, loss 0.2316
[2023-05-05 16:20:34,181][__main__][INFO] - Test accuracy - 0.7673796029919447
[2023-05-05 16:20:34,203][__main__][INFO] - Iteration 0, epoch 76, train accuracy 0.78, loss 0.2270
[2023-05-05 16:20:37,173][__main__][INFO] - Test accuracy - 0.7675955120828539
[2023-05-05 16:20:37,195][__main__][INFO] - Iteration 0, epoch 77, train accuracy 0.80, loss 0.2099
[2023-05-05 16:20:40,136][__main__][INFO] - Test accuracy - 0.767902330264672
[2023-05-05 16:20:40,167][__main__][INFO] - Iteration 0, epoch 78, train accuracy 0.77, loss 0.2267
[2023-05-05 16:20:43,104][__main__][INFO] - Test accuracy - 0.7660764528193326
[2023-05-05 16:20:43,137][__main__][INFO] - Iteration 0, epoch 79, train accuracy 0.77, loss 0.2255
[2023-05-05 16:20:46,075][__main__][INFO] - Test accuracy - 0.7680500575373993
[2023-05-05 16:20:46,102][__main__][INFO] - Iteration 0, epoch 80, train accuracy 0.75, loss 0.2532
[2023-05-05 16:20:49,078][__main__][INFO] - Test accuracy - 0.7679628883774453
[2023-05-05 16:20:49,101][__main__][INFO] - Iteration 0, epoch 81, train accuracy 0.78, loss 0.2225
[2023-05-05 16:20:52,020][__main__][INFO] - Test accuracy - 0.7683378883774453
[2023-05-05 16:20:52,041][__main__][INFO] - Iteration 0, epoch 82, train accuracy 0.77, loss 0.2358
[2023-05-05 16:20:54,967][__main__][INFO] - Test accuracy - 0.7673264528193325
[2023-05-05 16:20:54,987][__main__][INFO] - Iteration 0, epoch 83, train accuracy 0.79, loss 0.2183
[2023-05-05 16:20:57,963][__main__][INFO] - Test accuracy - 0.7665669591484465
[2023-05-05 16:20:57,989][__main__][INFO] - Iteration 0, epoch 84, train accuracy 0.77, loss 0.2313
[2023-05-05 16:21:00,935][__main__][INFO] - Test accuracy - 0.7687621547756042
[2023-05-05 16:21:00,959][__main__][INFO] - Iteration 0, epoch 85, train accuracy 0.78, loss 0.2209
[2023-05-05 16:21:03,856][__main__][INFO] - Test accuracy - 0.7690614211737629
[2023-05-05 16:21:03,876][__main__][INFO] - Iteration 0, epoch 86, train accuracy 0.79, loss 0.2166
[2023-05-05 16:21:06,851][__main__][INFO] - Test accuracy - 0.768155998273878
[2023-05-05 16:21:06,872][__main__][INFO] - Iteration 0, epoch 87, train accuracy 0.77, loss 0.2349
[2023-05-05 16:21:09,828][__main__][INFO] - Test accuracy - 0.769137082853855
[2023-05-05 16:21:09,848][__main__][INFO] - Iteration 0, epoch 88, train accuracy 0.77, loss 0.2347
[2023-05-05 16:21:12,797][__main__][INFO] - Test accuracy - 0.7695689729574223
[2023-05-05 16:21:12,823][__main__][INFO] - Iteration 0, epoch 89, train accuracy 0.75, loss 0.2534
[2023-05-05 16:21:15,743][__main__][INFO] - Test accuracy - 0.7687829401611047
[2023-05-05 16:21:15,769][__main__][INFO] - Iteration 0, epoch 90, train accuracy 0.79, loss 0.2179
[2023-05-05 16:21:18,736][__main__][INFO] - Test accuracy - 0.7682355437284234
[2023-05-05 16:21:18,761][__main__][INFO] - Iteration 0, epoch 91, train accuracy 0.78, loss 0.2264
[2023-05-05 16:21:21,730][__main__][INFO] - Test accuracy - 0.7700917002301495
[2023-05-05 16:21:21,755][__main__][INFO] - Iteration 0, epoch 92, train accuracy 0.77, loss 0.2396
[2023-05-05 16:21:24,731][__main__][INFO] - Test accuracy - 0.7697014528193326
[2023-05-05 16:21:24,752][__main__][INFO] - Iteration 0, epoch 93, train accuracy 0.80, loss 0.2053
[2023-05-05 16:21:27,728][__main__][INFO] - Test accuracy - 0.7698378883774453
[2023-05-05 16:21:27,756][__main__][INFO] - Iteration 0, epoch 94, train accuracy 0.79, loss 0.2164
[2023-05-05 16:21:30,721][__main__][INFO] - Test accuracy - 0.7677203682393554
[2023-05-05 16:21:30,743][__main__][INFO] - Iteration 0, epoch 95, train accuracy 0.77, loss 0.2264
[2023-05-05 16:21:33,727][__main__][INFO] - Test accuracy - 0.7709042002301495
[2023-05-05 16:21:33,753][__main__][INFO] - Iteration 0, epoch 96, train accuracy 0.78, loss 0.2281
[2023-05-05 16:21:36,766][__main__][INFO] - Test accuracy - 0.7714837456846951
[2023-05-05 16:21:36,790][__main__][INFO] - Iteration 0, epoch 97, train accuracy 0.79, loss 0.2140
[2023-05-05 16:21:39,766][__main__][INFO] - Test accuracy - 0.7712451093210586
[2023-05-05 16:21:39,793][__main__][INFO] - Iteration 0, epoch 98, train accuracy 0.78, loss 0.2249
[2023-05-05 16:21:42,816][__main__][INFO] - Test accuracy - 0.7712224539700805
[2023-05-05 16:21:42,836][__main__][INFO] - Iteration 0, epoch 99, train accuracy 0.76, loss 0.2427
[2023-05-05 16:21:45,801][__main__][INFO] - Test accuracy - 0.7693342922899885
[2023-05-05 16:21:45,824][__main__][INFO] - Iteration 0, epoch 100, train accuracy 0.78, loss 0.2214
[2023-05-05 16:21:48,763][__main__][INFO] - Test accuracy - 0.7721296029919448
[2023-05-05 16:21:48,785][__main__][INFO] - Iteration 0, epoch 101, train accuracy 0.77, loss 0.2359
[2023-05-05 16:21:51,738][__main__][INFO] - Test accuracy - 0.7711900891829689
[2023-05-05 16:21:51,758][__main__][INFO] - Iteration 0, epoch 102, train accuracy 0.77, loss 0.2393
[2023-05-05 16:21:54,714][__main__][INFO] - Test accuracy - 0.770780998273878
[2023-05-05 16:21:54,741][__main__][INFO] - Iteration 0, epoch 103, train accuracy 0.79, loss 0.2175
[2023-05-05 16:21:57,748][__main__][INFO] - Test accuracy - 0.770737413693901
[2023-05-05 16:21:57,775][__main__][INFO] - Iteration 0, epoch 104, train accuracy 0.77, loss 0.2351
[2023-05-05 16:22:00,750][__main__][INFO] - Test accuracy - 0.7723378164556962
[2023-05-05 16:22:00,770][__main__][INFO] - Iteration 0, epoch 105, train accuracy 0.76, loss 0.2391
[2023-05-05 16:22:03,763][__main__][INFO] - Test accuracy - 0.7725954401611047
[2023-05-05 16:22:03,787][__main__][INFO] - Iteration 0, epoch 106, train accuracy 0.75, loss 0.2478
[2023-05-05 16:22:06,803][__main__][INFO] - Test accuracy - 0.7729344792865362
[2023-05-05 16:22:06,832][__main__][INFO] - Iteration 0, epoch 107, train accuracy 0.77, loss 0.2395
[2023-05-05 16:22:09,789][__main__][INFO] - Test accuracy - 0.7730860184119678
[2023-05-05 16:22:09,810][__main__][INFO] - Iteration 0, epoch 108, train accuracy 0.78, loss 0.2233
[2023-05-05 16:22:13,528][__main__][INFO] - Test accuracy - 0.7714855437284235
[2023-05-05 16:22:13,556][__main__][INFO] - Iteration 0, epoch 109, train accuracy 0.77, loss 0.2349
[2023-05-05 16:22:16,973][__main__][INFO] - Test accuracy - 0.7738455120828539
[2023-05-05 16:22:17,000][__main__][INFO] - Iteration 0, epoch 110, train accuracy 0.77, loss 0.2345
[2023-05-05 16:22:20,344][__main__][INFO] - Test accuracy - 0.7723889528193325
[2023-05-05 16:22:20,375][__main__][INFO] - Iteration 0, epoch 111, train accuracy 0.76, loss 0.2368
[2023-05-05 16:22:23,807][__main__][INFO] - Test accuracy - 0.7740235184119679
[2023-05-05 16:22:23,831][__main__][INFO] - Iteration 0, epoch 112, train accuracy 0.79, loss 0.2155
[2023-05-05 16:22:25,943][__main__][INFO] - Test accuracy - 0.7722487773302646
[2023-05-05 16:22:25,973][__main__][INFO] - Iteration 0, epoch 113, train accuracy 0.80, loss 0.2097
[2023-05-05 16:22:29,479][__main__][INFO] - Test accuracy - 0.7740746547756042
[2023-05-05 16:22:29,499][__main__][INFO] - Iteration 0, epoch 114, train accuracy 0.78, loss 0.2194
[2023-05-05 16:22:32,628][__main__][INFO] - Test accuracy - 0.7743606875719217
[2023-05-05 16:22:32,649][__main__][INFO] - Iteration 0, epoch 115, train accuracy 0.79, loss 0.2159
[2023-05-05 16:22:35,617][__main__][INFO] - Test accuracy - 0.7745652330264672
[2023-05-05 16:22:35,637][__main__][INFO] - Iteration 0, epoch 116, train accuracy 0.76, loss 0.2388
[2023-05-05 16:22:38,842][__main__][INFO] - Test accuracy - 0.7750765247410816
[2023-05-05 16:22:38,864][__main__][INFO] - Iteration 0, epoch 117, train accuracy 0.78, loss 0.2296
[2023-05-05 16:22:42,086][__main__][INFO] - Test accuracy - 0.7745575373993095
[2023-05-05 16:22:42,117][__main__][INFO] - Iteration 0, epoch 118, train accuracy 0.78, loss 0.2224
[2023-05-05 16:22:45,016][__main__][INFO] - Test accuracy - 0.7746902330264672
[2023-05-05 16:22:45,043][__main__][INFO] - Iteration 0, epoch 119, train accuracy 0.75, loss 0.2475
[2023-05-05 16:22:48,285][__main__][INFO] - Test accuracy - 0.7755576093210587
[2023-05-05 16:22:48,306][__main__][INFO] - Iteration 0, epoch 120, train accuracy 0.79, loss 0.2155
[2023-05-05 16:22:51,619][__main__][INFO] - Test accuracy - 0.7756636219792864
[2023-05-05 16:22:51,646][__main__][INFO] - Iteration 0, epoch 121, train accuracy 0.76, loss 0.2363
[2023-05-05 16:22:55,094][__main__][INFO] - Test accuracy - 0.7758076093210587
[2023-05-05 16:22:55,117][__main__][INFO] - Iteration 0, epoch 122, train accuracy 0.80, loss 0.2019
[2023-05-05 16:22:58,213][__main__][INFO] - Test accuracy - 0.7761750575373992
[2023-05-05 16:22:58,240][__main__][INFO] - Iteration 0, epoch 123, train accuracy 0.76, loss 0.2398
[2023-05-05 16:23:01,440][__main__][INFO] - Test accuracy - 0.776218570195627
[2023-05-05 16:23:01,464][__main__][INFO] - Iteration 0, epoch 124, train accuracy 0.77, loss 0.2357
[2023-05-05 16:23:04,338][__main__][INFO] - Test accuracy - 0.7762375575373994
[2023-05-05 16:23:04,359][__main__][INFO] - Iteration 0, epoch 125, train accuracy 0.78, loss 0.2257
[2023-05-05 16:23:07,299][__main__][INFO] - Test accuracy - 0.7763227128883776
[2023-05-05 16:23:07,325][__main__][INFO] - Iteration 0, epoch 126, train accuracy 0.80, loss 0.2018
[2023-05-05 16:23:10,307][__main__][INFO] - Test accuracy - 0.7768455120828538
[2023-05-05 16:23:10,327][__main__][INFO] - Iteration 0, epoch 127, train accuracy 0.78, loss 0.2210
[2023-05-05 16:23:13,241][__main__][INFO] - Test accuracy - 0.7765177646720367
[2023-05-05 16:23:13,267][__main__][INFO] - Iteration 0, epoch 128, train accuracy 0.80, loss 0.2029
[2023-05-05 16:23:16,306][__main__][INFO] - Test accuracy - 0.7770955120828539
[2023-05-05 16:23:16,326][__main__][INFO] - Iteration 0, epoch 129, train accuracy 0.78, loss 0.2233
[2023-05-05 16:23:19,341][__main__][INFO] - Test accuracy - 0.7772185701956271
[2023-05-05 16:23:19,364][__main__][INFO] - Iteration 0, epoch 130, train accuracy 0.79, loss 0.2151
[2023-05-05 16:23:22,316][__main__][INFO] - Test accuracy - 0.777387154775604
[2023-05-05 16:23:22,344][__main__][INFO] - Iteration 0, epoch 131, train accuracy 0.79, loss 0.2236
[2023-05-05 16:23:25,282][__main__][INFO] - Test accuracy - 0.7774723820483312
[2023-05-05 16:23:25,302][__main__][INFO] - Iteration 0, epoch 132, train accuracy 0.80, loss 0.2033
[2023-05-05 16:23:28,276][__main__][INFO] - Test accuracy - 0.7772905638665132
[2023-05-05 16:23:28,296][__main__][INFO] - Iteration 0, epoch 133, train accuracy 0.79, loss 0.2174
[2023-05-05 16:23:31,269][__main__][INFO] - Test accuracy - 0.7776844792865364
[2023-05-05 16:23:31,291][__main__][INFO] - Iteration 0, epoch 134, train accuracy 0.79, loss 0.2137
[2023-05-05 16:23:34,291][__main__][INFO] - Test accuracy - 0.7780064729574222
[2023-05-05 16:23:34,314][__main__][INFO] - Iteration 0, epoch 135, train accuracy 0.79, loss 0.2140
[2023-05-05 16:23:37,264][__main__][INFO] - Test accuracy - 0.7780727848101265
[2023-05-05 16:23:37,293][__main__][INFO] - Iteration 0, epoch 136, train accuracy 0.75, loss 0.2466
[2023-05-05 16:23:40,292][__main__][INFO] - Test accuracy - 0.777727991944764
[2023-05-05 16:23:40,318][__main__][INFO] - Iteration 0, epoch 137, train accuracy 0.82, loss 0.1850
[2023-05-05 16:23:43,293][__main__][INFO] - Test accuracy - 0.7779382192174912
[2023-05-05 16:23:43,312][__main__][INFO] - Iteration 0, epoch 138, train accuracy 0.81, loss 0.1989
[2023-05-05 16:23:46,244][__main__][INFO] - Test accuracy - 0.7772412255466054
[2023-05-05 16:23:46,266][__main__][INFO] - Iteration 0, epoch 139, train accuracy 0.80, loss 0.2058
[2023-05-05 16:23:49,231][__main__][INFO] - Test accuracy - 0.7782393555811278
[2023-05-05 16:23:49,253][__main__][INFO] - Iteration 0, epoch 140, train accuracy 0.75, loss 0.2461
[2023-05-05 16:23:52,185][__main__][INFO] - Test accuracy - 0.7790651611047181
[2023-05-05 16:23:52,212][__main__][INFO] - Iteration 0, epoch 141, train accuracy 0.78, loss 0.2183
[2023-05-05 16:23:55,140][__main__][INFO] - Test accuracy - 0.7787792002301497
[2023-05-05 16:23:55,167][__main__][INFO] - Iteration 0, epoch 142, train accuracy 0.76, loss 0.2409
[2023-05-05 16:23:58,123][__main__][INFO] - Test accuracy - 0.7789117520138089
[2023-05-05 16:23:58,145][__main__][INFO] - Iteration 0, epoch 143, train accuracy 0.76, loss 0.2379
[2023-05-05 16:24:01,095][__main__][INFO] - Test accuracy - 0.7772790563866512
[2023-05-05 16:24:01,117][__main__][INFO] - Iteration 0, epoch 144, train accuracy 0.80, loss 0.2053
[2023-05-05 16:24:04,038][__main__][INFO] - Test accuracy - 0.7784761219792865
[2023-05-05 16:24:04,064][__main__][INFO] - Iteration 0, epoch 145, train accuracy 0.78, loss 0.2170
[2023-05-05 16:24:07,054][__main__][INFO] - Test accuracy - 0.7778548619102417
[2023-05-05 16:24:07,075][__main__][INFO] - Iteration 0, epoch 146, train accuracy 0.77, loss 0.2347
[2023-05-05 16:24:10,055][__main__][INFO] - Test accuracy - 0.779498921173763
[2023-05-05 16:24:10,077][__main__][INFO] - Iteration 0, epoch 147, train accuracy 0.83, loss 0.1782
[2023-05-05 16:24:13,025][__main__][INFO] - Test accuracy - 0.779440161104718
[2023-05-05 16:24:13,044][__main__][INFO] - Iteration 0, epoch 148, train accuracy 0.78, loss 0.2177
[2023-05-05 16:24:15,995][__main__][INFO] - Test accuracy - 0.7801958429229
[2023-05-05 16:24:16,015][__main__][INFO] - Iteration 0, epoch 149, train accuracy 0.79, loss 0.2186
[2023-05-05 16:24:19,006][__main__][INFO] - Test accuracy - 0.7797242520138089
[2023-05-05 16:24:19,029][__main__][INFO] - Iteration 0, epoch 150, train accuracy 0.78, loss 0.2220
[2023-05-05 16:24:21,969][__main__][INFO] - Test accuracy - 0.7803435701956271
[2023-05-05 16:24:21,990][__main__][INFO] - Iteration 0, epoch 151, train accuracy 0.78, loss 0.2217
[2023-05-05 16:24:24,967][__main__][INFO] - Test accuracy - 0.7800935701956271
[2023-05-05 16:24:24,993][__main__][INFO] - Iteration 0, epoch 152, train accuracy 0.80, loss 0.2085
[2023-05-05 16:24:27,942][__main__][INFO] - Test accuracy - 0.7795461737629459
[2023-05-05 16:24:27,964][__main__][INFO] - Iteration 0, epoch 153, train accuracy 0.82, loss 0.1842
[2023-05-05 16:24:30,882][__main__][INFO] - Test accuracy - 0.7800481156501727
[2023-05-05 16:24:30,903][__main__][INFO] - Iteration 0, epoch 154, train accuracy 0.77, loss 0.2309
[2023-05-05 16:24:33,860][__main__][INFO] - Test accuracy - 0.7803435701956271
[2023-05-05 16:24:33,888][__main__][INFO] - Iteration 0, epoch 155, train accuracy 0.77, loss 0.2268
[2023-05-05 16:24:36,898][__main__][INFO] - Test accuracy - 0.7805500575373994
[2023-05-05 16:24:36,920][__main__][INFO] - Iteration 0, epoch 156, train accuracy 0.79, loss 0.2094
[2023-05-05 16:24:39,890][__main__][INFO] - Test accuracy - 0.7805822065592636
[2023-05-05 16:24:39,911][__main__][INFO] - Iteration 0, epoch 157, train accuracy 0.76, loss 0.2456
[2023-05-05 16:24:43,370][__main__][INFO] - Test accuracy - 0.780589830264672
[2023-05-05 16:24:43,406][__main__][INFO] - Iteration 0, epoch 158, train accuracy 0.77, loss 0.2361
[2023-05-05 16:24:46,992][__main__][INFO] - Test accuracy - 0.7812792002301496
[2023-05-05 16:24:47,014][__main__][INFO] - Iteration 0, epoch 159, train accuracy 0.77, loss 0.2335
[2023-05-05 16:24:50,555][__main__][INFO] - Test accuracy - 0.7816162974683546
[2023-05-05 16:24:50,592][__main__][INFO] - Iteration 0, epoch 160, train accuracy 0.80, loss 0.2024
[2023-05-05 16:24:54,181][__main__][INFO] - Test accuracy - 0.7795082710011507
[2023-05-05 16:24:54,206][__main__][INFO] - Iteration 0, epoch 161, train accuracy 0.79, loss 0.2076
[2023-05-05 16:24:57,555][__main__][INFO] - Test accuracy - 0.7814912974683544
[2023-05-05 16:24:57,582][__main__][INFO] - Iteration 0, epoch 162, train accuracy 0.81, loss 0.1976
[2023-05-05 16:25:00,864][__main__][INFO] - Test accuracy - 0.7809022583429229
[2023-05-05 16:25:00,888][__main__][INFO] - Iteration 0, epoch 163, train accuracy 0.79, loss 0.2176
[2023-05-05 16:25:04,134][__main__][INFO] - Test accuracy - 0.7817526611047181
[2023-05-05 16:25:04,157][__main__][INFO] - Iteration 0, epoch 164, train accuracy 0.80, loss 0.2068
[2023-05-05 16:25:07,414][__main__][INFO] - Test accuracy - 0.7817412974683545
[2023-05-05 16:25:07,447][__main__][INFO] - Iteration 0, epoch 165, train accuracy 0.79, loss 0.2072
[2023-05-05 16:25:10,646][__main__][INFO] - Test accuracy - 0.7829572065592635
[2023-05-05 16:25:10,674][__main__][INFO] - Iteration 0, epoch 166, train accuracy 0.76, loss 0.2410
[2023-05-05 16:25:13,861][__main__][INFO] - Test accuracy - 0.7826219792865362
[2023-05-05 16:25:13,885][__main__][INFO] - Iteration 0, epoch 167, train accuracy 0.77, loss 0.2310
[2023-05-05 16:25:17,037][__main__][INFO] - Test accuracy - 0.7828833429228997
[2023-05-05 16:25:17,069][__main__][INFO] - Iteration 0, epoch 168, train accuracy 0.78, loss 0.2223
[2023-05-05 16:25:20,257][__main__][INFO] - Test accuracy - 0.7828265247410816
[2023-05-05 16:25:20,286][__main__][INFO] - Iteration 0, epoch 169, train accuracy 0.78, loss 0.2236
[2023-05-05 16:25:23,434][__main__][INFO] - Test accuracy - 0.7833265247410816
[2023-05-05 16:25:23,459][__main__][INFO] - Iteration 0, epoch 170, train accuracy 0.78, loss 0.2246
[2023-05-05 16:25:26,660][__main__][INFO] - Test accuracy - 0.7823795310701956
[2023-05-05 16:25:26,692][__main__][INFO] - Iteration 0, epoch 171, train accuracy 0.77, loss 0.2277
[2023-05-05 16:25:29,883][__main__][INFO] - Test accuracy - 0.7838890247410817
[2023-05-05 16:25:29,905][__main__][INFO] - Iteration 0, epoch 172, train accuracy 0.78, loss 0.2180
[2023-05-05 16:25:33,112][__main__][INFO] - Test accuracy - 0.7825404919447639
[2023-05-05 16:25:33,137][__main__][INFO] - Iteration 0, epoch 173, train accuracy 0.81, loss 0.1903
[2023-05-05 16:25:36,370][__main__][INFO] - Test accuracy - 0.781565089182969
[2023-05-05 16:25:36,392][__main__][INFO] - Iteration 0, epoch 174, train accuracy 0.79, loss 0.2174
[2023-05-05 16:25:39,618][__main__][INFO] - Test accuracy - 0.7836390247410818
[2023-05-05 16:25:39,640][__main__][INFO] - Iteration 0, epoch 175, train accuracy 0.79, loss 0.2169
[2023-05-05 16:25:42,929][__main__][INFO] - Test accuracy - 0.7835197065592635
[2023-05-05 16:25:42,959][__main__][INFO] - Iteration 0, epoch 176, train accuracy 0.78, loss 0.2235
[2023-05-05 16:25:46,186][__main__][INFO] - Test accuracy - 0.7840992520138088
[2023-05-05 16:25:46,208][__main__][INFO] - Iteration 0, epoch 177, train accuracy 0.77, loss 0.2265
[2023-05-05 16:25:49,324][__main__][INFO] - Test accuracy - 0.7804002445339471
[2023-05-05 16:25:49,347][__main__][INFO] - Iteration 0, epoch 178, train accuracy 0.79, loss 0.2063
[2023-05-05 16:25:52,544][__main__][INFO] - Test accuracy - 0.7853947065592635
[2023-05-05 16:25:52,568][__main__][INFO] - Iteration 0, epoch 179, train accuracy 0.78, loss 0.2197
[2023-05-05 16:25:55,735][__main__][INFO] - Test accuracy - 0.7848435701956272
[2023-05-05 16:25:55,771][__main__][INFO] - Iteration 0, epoch 180, train accuracy 0.80, loss 0.2070
[2023-05-05 16:25:58,874][__main__][INFO] - Test accuracy - 0.7852015247410816
[2023-05-05 16:25:58,919][__main__][INFO] - Iteration 0, epoch 181, train accuracy 0.81, loss 0.1923
[2023-05-05 16:26:02,077][__main__][INFO] - Test accuracy - 0.7848776611047179
[2023-05-05 16:26:02,103][__main__][INFO] - Iteration 0, epoch 182, train accuracy 0.77, loss 0.2187
[2023-05-05 16:26:05,242][__main__][INFO] - Test accuracy - 0.7857697065592636
[2023-05-05 16:26:05,273][__main__][INFO] - Iteration 0, epoch 183, train accuracy 0.77, loss 0.2322
[2023-05-05 16:26:08,459][__main__][INFO] - Test accuracy - 0.7851029919447641
[2023-05-05 16:26:08,484][__main__][INFO] - Iteration 0, epoch 184, train accuracy 0.78, loss 0.2223
[2023-05-05 16:26:11,663][__main__][INFO] - Test accuracy - 0.7863606156501727
[2023-05-05 16:26:11,692][__main__][INFO] - Iteration 0, epoch 185, train accuracy 0.78, loss 0.2266
[2023-05-05 16:26:14,888][__main__][INFO] - Test accuracy - 0.7858795310701955
[2023-05-05 16:26:14,914][__main__][INFO] - Iteration 0, epoch 186, train accuracy 0.80, loss 0.2036
[2023-05-05 16:26:18,001][__main__][INFO] - Test accuracy - 0.7865840765247412
[2023-05-05 16:26:18,027][__main__][INFO] - Iteration 0, epoch 187, train accuracy 0.79, loss 0.2163
[2023-05-05 16:26:21,026][__main__][INFO] - Test accuracy - 0.7867697065592636
[2023-05-05 16:26:21,052][__main__][INFO] - Iteration 0, epoch 188, train accuracy 0.79, loss 0.2104
[2023-05-05 16:26:24,240][__main__][INFO] - Test accuracy - 0.7855991800920599
[2023-05-05 16:26:24,267][__main__][INFO] - Iteration 0, epoch 189, train accuracy 0.81, loss 0.1937
[2023-05-05 16:26:27,444][__main__][INFO] - Test accuracy - 0.7872090765247411
[2023-05-05 16:26:27,472][__main__][INFO] - Iteration 0, epoch 190, train accuracy 0.78, loss 0.2229
[2023-05-05 16:26:30,574][__main__][INFO] - Test accuracy - 0.7872545310701956
[2023-05-05 16:26:30,594][__main__][INFO] - Iteration 0, epoch 191, train accuracy 0.81, loss 0.2006
[2023-05-05 16:26:33,813][__main__][INFO] - Test accuracy - 0.7869894275028767
[2023-05-05 16:26:33,833][__main__][INFO] - Iteration 0, epoch 192, train accuracy 0.81, loss 0.1937
[2023-05-05 16:26:37,021][__main__][INFO] - Test accuracy - 0.7877469792865363
[2023-05-05 16:26:37,050][__main__][INFO] - Iteration 0, epoch 193, train accuracy 0.81, loss 0.1906
[2023-05-05 16:26:40,234][__main__][INFO] - Test accuracy - 0.7874950373993095
[2023-05-05 16:26:40,255][__main__][INFO] - Iteration 0, epoch 194, train accuracy 0.82, loss 0.1878
[2023-05-05 16:26:43,434][__main__][INFO] - Test accuracy - 0.7879174338319909
[2023-05-05 16:26:43,459][__main__][INFO] - Iteration 0, epoch 195, train accuracy 0.80, loss 0.2090
[2023-05-05 16:26:46,610][__main__][INFO] - Test accuracy - 0.7883681674338319
[2023-05-05 16:26:46,638][__main__][INFO] - Iteration 0, epoch 196, train accuracy 0.79, loss 0.2106
[2023-05-05 16:26:49,880][__main__][INFO] - Test accuracy - 0.7880632192174915
[2023-05-05 16:26:49,905][__main__][INFO] - Iteration 0, epoch 197, train accuracy 0.78, loss 0.2250
[2023-05-05 16:26:53,075][__main__][INFO] - Test accuracy - 0.7869173619102416
[2023-05-05 16:26:53,101][__main__][INFO] - Iteration 0, epoch 198, train accuracy 0.79, loss 0.2134
[2023-05-05 16:26:56,379][__main__][INFO] - Test accuracy - 0.7886408947065593
[2023-05-05 16:26:56,408][__main__][INFO] - Iteration 0, epoch 199, train accuracy 0.82, loss 0.1847
[2023-05-05 16:26:59,514][__main__][INFO] - Test accuracy - 0.7884306674338319
[2023-05-05 16:26:59,535][__main__][INFO] - Iteration 0, epoch 200, train accuracy 0.78, loss 0.2251
[2023-05-05 16:27:02,770][__main__][INFO] - Test accuracy - 0.7888662974683545
[2023-05-05 16:27:02,794][__main__][INFO] - Iteration 0, epoch 201, train accuracy 0.79, loss 0.2130
[2023-05-05 16:27:05,919][__main__][INFO] - Test accuracy - 0.7889856156501726
[2023-05-05 16:27:05,939][__main__][INFO] - Iteration 0, epoch 202, train accuracy 0.79, loss 0.2212
[2023-05-05 16:27:08,981][__main__][INFO] - Test accuracy - 0.7894779919447642
[2023-05-05 16:27:09,001][__main__][INFO] - Iteration 0, epoch 203, train accuracy 0.79, loss 0.2179
[2023-05-05 16:27:12,032][__main__][INFO] - Test accuracy - 0.7883908227848102
[2023-05-05 16:27:12,061][__main__][INFO] - Iteration 0, epoch 204, train accuracy 0.77, loss 0.2284
[2023-05-05 16:27:15,047][__main__][INFO] - Test accuracy - 0.7901958429229
[2023-05-05 16:27:15,077][__main__][INFO] - Iteration 0, epoch 205, train accuracy 0.80, loss 0.2099
[2023-05-05 16:27:18,082][__main__][INFO] - Test accuracy - 0.7894969073647871
[2023-05-05 16:27:18,108][__main__][INFO] - Iteration 0, epoch 206, train accuracy 0.81, loss 0.1897
[2023-05-05 16:27:21,112][__main__][INFO] - Test accuracy - 0.7900253883774454
[2023-05-05 16:27:21,133][__main__][INFO] - Iteration 0, epoch 207, train accuracy 0.79, loss 0.2106
[2023-05-05 16:27:24,113][__main__][INFO] - Test accuracy - 0.7904799338319909
[2023-05-05 16:27:24,134][__main__][INFO] - Iteration 0, epoch 208, train accuracy 0.79, loss 0.2060
[2023-05-05 16:27:27,157][__main__][INFO] - Test accuracy - 0.7904515247410817
[2023-05-05 16:27:27,179][__main__][INFO] - Iteration 0, epoch 209, train accuracy 0.79, loss 0.2205
[2023-05-05 16:27:30,158][__main__][INFO] - Test accuracy - 0.7906106156501725
[2023-05-05 16:27:30,181][__main__][INFO] - Iteration 0, epoch 210, train accuracy 0.80, loss 0.2040
[2023-05-05 16:27:33,225][__main__][INFO] - Test accuracy - 0.7909458429228998
[2023-05-05 16:27:33,247][__main__][INFO] - Iteration 0, epoch 211, train accuracy 0.81, loss 0.1920
[2023-05-05 16:27:36,528][__main__][INFO] - Test accuracy - 0.7900765247410817
[2023-05-05 16:27:36,553][__main__][INFO] - Iteration 0, epoch 212, train accuracy 0.79, loss 0.2103
[2023-05-05 16:27:40,023][__main__][INFO] - Test accuracy - 0.7902885500575375
[2023-05-05 16:27:40,056][__main__][INFO] - Iteration 0, epoch 213, train accuracy 0.81, loss 0.1982
[2023-05-05 16:27:44,011][__main__][INFO] - Test accuracy - 0.7915424338319909
[2023-05-05 16:27:44,042][__main__][INFO] - Iteration 0, epoch 214, train accuracy 0.82, loss 0.1836
[2023-05-05 16:27:47,465][__main__][INFO] - Test accuracy - 0.791224252013809
[2023-05-05 16:27:47,491][__main__][INFO] - Iteration 0, epoch 215, train accuracy 0.81, loss 0.1942
[2023-05-05 16:27:51,217][__main__][INFO] - Test accuracy - 0.7918833429228997
[2023-05-05 16:27:51,240][__main__][INFO] - Iteration 0, epoch 216, train accuracy 0.80, loss 0.2045
[2023-05-05 16:27:54,710][__main__][INFO] - Test accuracy - 0.7915651611047181
[2023-05-05 16:27:54,736][__main__][INFO] - Iteration 0, epoch 217, train accuracy 0.77, loss 0.2323
[2023-05-05 16:27:57,708][__main__][INFO] - Test accuracy - 0.7920537974683545
[2023-05-05 16:27:57,731][__main__][INFO] - Iteration 0, epoch 218, train accuracy 0.78, loss 0.2187
[2023-05-05 16:28:00,919][__main__][INFO] - Test accuracy - 0.791252589182969
[2023-05-05 16:28:00,939][__main__][INFO] - Iteration 0, epoch 219, train accuracy 0.79, loss 0.2078
[2023-05-05 16:28:03,878][__main__][INFO] - Test accuracy - 0.7914722382048331
[2023-05-05 16:28:03,899][__main__][INFO] - Iteration 0, epoch 220, train accuracy 0.78, loss 0.2201
[2023-05-05 16:28:06,886][__main__][INFO] - Test accuracy - 0.7922525891829689
[2023-05-05 16:28:06,907][__main__][INFO] - Iteration 0, epoch 221, train accuracy 0.79, loss 0.2105
[2023-05-05 16:28:09,935][__main__][INFO] - Test accuracy - 0.7927981156501726
[2023-05-05 16:28:09,965][__main__][INFO] - Iteration 0, epoch 222, train accuracy 0.80, loss 0.1975
[2023-05-05 16:28:13,396][__main__][INFO] - Test accuracy - 0.791040420023015
[2023-05-05 16:28:13,419][__main__][INFO] - Iteration 0, epoch 223, train accuracy 0.81, loss 0.1996
[2023-05-05 16:28:16,452][__main__][INFO] - Test accuracy - 0.7925594073647869
[2023-05-05 16:28:16,475][__main__][INFO] - Iteration 0, epoch 224, train accuracy 0.77, loss 0.2266
[2023-05-05 16:28:19,451][__main__][INFO] - Test accuracy - 0.7923586018411968
[2023-05-05 16:28:19,479][__main__][INFO] - Iteration 0, epoch 225, train accuracy 0.80, loss 0.2041
[2023-05-05 16:28:22,438][__main__][INFO] - Test accuracy - 0.7936731156501726
[2023-05-05 16:28:22,461][__main__][INFO] - Iteration 0, epoch 226, train accuracy 0.80, loss 0.2003
[2023-05-05 16:28:25,428][__main__][INFO] - Test accuracy - 0.793690161104718
[2023-05-05 16:28:25,450][__main__][INFO] - Iteration 0, epoch 227, train accuracy 0.80, loss 0.2094
[2023-05-05 16:28:28,465][__main__][INFO] - Test accuracy - 0.7938378883774454
[2023-05-05 16:28:28,487][__main__][INFO] - Iteration 0, epoch 228, train accuracy 0.79, loss 0.2151
[2023-05-05 16:28:31,496][__main__][INFO] - Test accuracy - 0.7941863492520138
[2023-05-05 16:28:31,523][__main__][INFO] - Iteration 0, epoch 229, train accuracy 0.79, loss 0.2100
[2023-05-05 16:28:34,549][__main__][INFO] - Test accuracy - 0.7943265247410817
[2023-05-05 16:28:34,571][__main__][INFO] - Iteration 0, epoch 230, train accuracy 0.79, loss 0.2169
[2023-05-05 16:28:37,564][__main__][INFO] - Test accuracy - 0.7944761219792866
[2023-05-05 16:28:37,584][__main__][INFO] - Iteration 0, epoch 231, train accuracy 0.81, loss 0.1942
[2023-05-05 16:28:40,563][__main__][INFO] - Test accuracy - 0.794786752013809
[2023-05-05 16:28:40,584][__main__][INFO] - Iteration 0, epoch 232, train accuracy 0.79, loss 0.2060
[2023-05-05 16:28:43,579][__main__][INFO] - Test accuracy - 0.7934741800920598
[2023-05-05 16:28:43,604][__main__][INFO] - Iteration 0, epoch 233, train accuracy 0.80, loss 0.2026
[2023-05-05 16:28:46,565][__main__][INFO] - Test accuracy - 0.7947033227848102
[2023-05-05 16:28:46,588][__main__][INFO] - Iteration 0, epoch 234, train accuracy 0.79, loss 0.2072
[2023-05-05 16:28:49,588][__main__][INFO] - Test accuracy - 0.7953624136939009
[2023-05-05 16:28:49,609][__main__][INFO] - Iteration 0, epoch 235, train accuracy 0.78, loss 0.2248
[2023-05-05 16:28:52,591][__main__][INFO] - Test accuracy - 0.7948756472957423
[2023-05-05 16:28:52,618][__main__][INFO] - Iteration 0, epoch 236, train accuracy 0.78, loss 0.2180
[2023-05-05 16:28:55,566][__main__][INFO] - Test accuracy - 0.7952733745684694
[2023-05-05 16:28:55,590][__main__][INFO] - Iteration 0, epoch 237, train accuracy 0.80, loss 0.2092
[2023-05-05 16:28:58,585][__main__][INFO] - Test accuracy - 0.7957298619102418
[2023-05-05 16:28:58,608][__main__][INFO] - Iteration 0, epoch 238, train accuracy 0.79, loss 0.2139
[2023-05-05 16:29:01,577][__main__][INFO] - Test accuracy - 0.795449582853855
[2023-05-05 16:29:01,600][__main__][INFO] - Iteration 0, epoch 239, train accuracy 0.80, loss 0.2046
[2023-05-05 16:29:04,568][__main__][INFO] - Test accuracy - 0.7954324654775604
[2023-05-05 16:29:04,590][__main__][INFO] - Iteration 0, epoch 240, train accuracy 0.78, loss 0.2226
[2023-05-05 16:29:07,597][__main__][INFO] - Test accuracy - 0.7947809263521289
[2023-05-05 16:29:07,617][__main__][INFO] - Iteration 0, epoch 241, train accuracy 0.80, loss 0.2060
[2023-05-05 16:29:10,610][__main__][INFO] - Test accuracy - 0.7962620109321059
[2023-05-05 16:29:10,632][__main__][INFO] - Iteration 0, epoch 242, train accuracy 0.80, loss 0.2025
[2023-05-05 16:29:13,623][__main__][INFO] - Test accuracy - 0.7965915563866514
[2023-05-05 16:29:13,645][__main__][INFO] - Iteration 0, epoch 243, train accuracy 0.81, loss 0.2027
[2023-05-05 16:29:16,631][__main__][INFO] - Test accuracy - 0.7954343354430381
[2023-05-05 16:29:16,656][__main__][INFO] - Iteration 0, epoch 244, train accuracy 0.79, loss 0.2099
[2023-05-05 16:29:19,651][__main__][INFO] - Test accuracy - 0.7958699654775604
[2023-05-05 16:29:19,673][__main__][INFO] - Iteration 0, epoch 245, train accuracy 0.78, loss 0.2195
[2023-05-05 16:29:22,626][__main__][INFO] - Test accuracy - 0.7954874136939011
[2023-05-05 16:29:22,652][__main__][INFO] - Iteration 0, epoch 246, train accuracy 0.79, loss 0.2142
[2023-05-05 16:29:25,600][__main__][INFO] - Test accuracy - 0.797477920023015
[2023-05-05 16:29:25,620][__main__][INFO] - Iteration 0, epoch 247, train accuracy 0.81, loss 0.1972
[2023-05-05 16:29:28,614][__main__][INFO] - Test accuracy - 0.7960138808975834
[2023-05-05 16:29:28,639][__main__][INFO] - Iteration 0, epoch 248, train accuracy 0.81, loss 0.1935
[2023-05-05 16:29:31,625][__main__][INFO] - Test accuracy - 0.797137010932106
[2023-05-05 16:29:31,646][__main__][INFO] - Iteration 0, epoch 249, train accuracy 0.81, loss 0.1906
[2023-05-05 16:29:34,638][__main__][INFO] - Test accuracy - 0.7963756472957422
[2023-05-05 16:29:34,661][__main__][INFO] - Iteration 0, epoch 250, train accuracy 0.79, loss 0.2050
[2023-05-05 16:29:37,609][__main__][INFO] - Test accuracy - 0.7977733745684694
[2023-05-05 16:29:37,632][__main__][INFO] - Iteration 0, epoch 251, train accuracy 0.80, loss 0.2027
[2023-05-05 16:29:40,623][__main__][INFO] - Test accuracy - 0.7979173619102418
[2023-05-05 16:29:40,649][__main__][INFO] - Iteration 0, epoch 252, train accuracy 0.79, loss 0.2151
[2023-05-05 16:29:43,610][__main__][INFO] - Test accuracy - 0.7971275172612198
[2023-05-05 16:29:43,632][__main__][INFO] - Iteration 0, epoch 253, train accuracy 0.78, loss 0.2234
[2023-05-05 16:29:46,642][__main__][INFO] - Test accuracy - 0.7971331990794016
[2023-05-05 16:29:46,670][__main__][INFO] - Iteration 0, epoch 254, train accuracy 0.82, loss 0.1846
[2023-05-05 16:29:49,665][__main__][INFO] - Test accuracy - 0.7975025172612198
[2023-05-05 16:29:49,686][__main__][INFO] - Iteration 0, epoch 255, train accuracy 0.82, loss 0.1777
[2023-05-05 16:29:52,672][__main__][INFO] - Test accuracy - 0.7981729718066742
[2023-05-05 16:29:52,693][__main__][INFO] - Iteration 0, epoch 256, train accuracy 0.81, loss 0.1946
[2023-05-05 16:29:55,662][__main__][INFO] - Test accuracy - 0.7972581990794015
[2023-05-05 16:29:55,684][__main__][INFO] - Iteration 0, epoch 257, train accuracy 0.80, loss 0.2013
[2023-05-05 16:29:58,674][__main__][INFO] - Test accuracy - 0.7987411536248562
[2023-05-05 16:29:58,694][__main__][INFO] - Iteration 0, epoch 258, train accuracy 0.79, loss 0.2105
[2023-05-05 16:30:01,640][__main__][INFO] - Test accuracy - 0.7989286536248561
[2023-05-05 16:30:01,665][__main__][INFO] - Iteration 0, epoch 259, train accuracy 0.80, loss 0.2074
[2023-05-05 16:30:04,756][__main__][INFO] - Test accuracy - 0.7997165563866514
[2023-05-05 16:30:04,783][__main__][INFO] - Iteration 0, epoch 260, train accuracy 0.80, loss 0.2046
[2023-05-05 16:30:07,770][__main__][INFO] - Test accuracy - 0.794818757192175
[2023-05-05 16:30:07,791][__main__][INFO] - Iteration 0, epoch 261, train accuracy 0.81, loss 0.1944
[2023-05-05 16:30:10,762][__main__][INFO] - Test accuracy - 0.7990479718066744
[2023-05-05 16:30:10,789][__main__][INFO] - Iteration 0, epoch 262, train accuracy 0.79, loss 0.2144
[2023-05-05 16:30:13,741][__main__][INFO] - Test accuracy - 0.8000650172612199
[2023-05-05 16:30:13,774][__main__][INFO] - Iteration 0, epoch 263, train accuracy 0.80, loss 0.2027
[2023-05-05 16:30:16,736][__main__][INFO] - Test accuracy - 0.8000461018411968
[2023-05-05 16:30:16,766][__main__][INFO] - Iteration 0, epoch 264, train accuracy 0.79, loss 0.2154
[2023-05-05 16:30:19,725][__main__][INFO] - Test accuracy - 0.7998226409666284
[2023-05-05 16:30:19,749][__main__][INFO] - Iteration 0, epoch 265, train accuracy 0.78, loss 0.2239
[2023-05-05 16:30:22,694][__main__][INFO] - Test accuracy - 0.8007222382048332
[2023-05-05 16:30:22,717][__main__][INFO] - Iteration 0, epoch 266, train accuracy 0.79, loss 0.2100
[2023-05-05 16:30:25,692][__main__][INFO] - Test accuracy - 0.7991180955120829
[2023-05-05 16:30:25,716][__main__][INFO] - Iteration 0, epoch 267, train accuracy 0.78, loss 0.2211
[2023-05-05 16:30:28,677][__main__][INFO] - Test accuracy - 0.8006502445339472
[2023-05-05 16:30:28,699][__main__][INFO] - Iteration 0, epoch 268, train accuracy 0.81, loss 0.1947
[2023-05-05 16:30:31,661][__main__][INFO] - Test accuracy - 0.8007184263521286
[2023-05-05 16:30:31,688][__main__][INFO] - Iteration 0, epoch 269, train accuracy 0.81, loss 0.1906
[2023-05-05 16:30:34,690][__main__][INFO] - Test accuracy - 0.8012733745684695
[2023-05-05 16:30:34,711][__main__][INFO] - Iteration 0, epoch 270, train accuracy 0.79, loss 0.2127
[2023-05-05 16:30:37,723][__main__][INFO] - Test accuracy - 0.7986748417721519
[2023-05-05 16:30:37,750][__main__][INFO] - Iteration 0, epoch 271, train accuracy 0.81, loss 0.1939
[2023-05-05 16:30:40,704][__main__][INFO] - Test accuracy - 0.7987543872266974
[2023-05-05 16:30:40,729][__main__][INFO] - Iteration 0, epoch 272, train accuracy 0.78, loss 0.2248
[2023-05-05 16:30:43,679][__main__][INFO] - Test accuracy - 0.8009646144994246
[2023-05-05 16:30:43,703][__main__][INFO] - Iteration 0, epoch 273, train accuracy 0.82, loss 0.1795
[2023-05-05 16:30:46,679][__main__][INFO] - Test accuracy - 0.7984532508630608
[2023-05-05 16:30:46,705][__main__][INFO] - Iteration 0, epoch 274, train accuracy 0.80, loss 0.2031
[2023-05-05 16:30:49,680][__main__][INFO] - Test accuracy - 0.7971237054085155
[2023-05-05 16:30:49,701][__main__][INFO] - Iteration 0, epoch 275, train accuracy 0.79, loss 0.2171
[2023-05-05 16:30:52,681][__main__][INFO] - Test accuracy - 0.7990460299194475
[2023-05-05 16:30:52,701][__main__][INFO] - Iteration 0, epoch 276, train accuracy 0.80, loss 0.2075
[2023-05-05 16:30:55,656][__main__][INFO] - Test accuracy - 0.801765750863061
[2023-05-05 16:30:55,682][__main__][INFO] - Iteration 0, epoch 277, train accuracy 0.81, loss 0.1990
[2023-05-05 16:30:58,643][__main__][INFO] - Test accuracy - 0.8019134781357882
[2023-05-05 16:30:58,664][__main__][INFO] - Iteration 0, epoch 278, train accuracy 0.79, loss 0.2085
[2023-05-05 16:31:01,674][__main__][INFO] - Test accuracy - 0.7982240362485616
[2023-05-05 16:31:01,696][__main__][INFO] - Iteration 0, epoch 279, train accuracy 0.81, loss 0.1937
[2023-05-05 16:31:04,637][__main__][INFO] - Test accuracy - 0.8021009781357883
[2023-05-05 16:31:04,663][__main__][INFO] - Iteration 0, epoch 280, train accuracy 0.81, loss 0.1937
[2023-05-05 16:31:07,676][__main__][INFO] - Test accuracy - 0.80035665995397
[2023-05-05 16:31:07,702][__main__][INFO] - Iteration 0, epoch 281, train accuracy 0.80, loss 0.2016
[2023-05-05 16:31:10,651][__main__][INFO] - Test accuracy - 0.8038566599539702
[2023-05-05 16:31:10,676][__main__][INFO] - Iteration 0, epoch 282, train accuracy 0.82, loss 0.1902
[2023-05-05 16:31:13,631][__main__][INFO] - Test accuracy - 0.8004608026467204
[2023-05-05 16:31:13,657][__main__][INFO] - Iteration 0, epoch 283, train accuracy 0.78, loss 0.2186
[2023-05-05 16:31:16,662][__main__][INFO] - Test accuracy - 0.7997051208285387
[2023-05-05 16:31:16,683][__main__][INFO] - Iteration 0, epoch 284, train accuracy 0.81, loss 0.1956
[2023-05-05 16:31:19,619][__main__][INFO] - Test accuracy - 0.8039418872266975
[2023-05-05 16:31:19,641][__main__][INFO] - Iteration 0, epoch 285, train accuracy 0.81, loss 0.1983
[2023-05-05 16:31:22,589][__main__][INFO] - Test accuracy - 0.8015384781357882
[2023-05-05 16:31:22,612][__main__][INFO] - Iteration 0, epoch 286, train accuracy 0.81, loss 0.1897
[2023-05-05 16:31:25,593][__main__][INFO] - Test accuracy - 0.8036521144994246
[2023-05-05 16:31:25,620][__main__][INFO] - Iteration 0, epoch 287, train accuracy 0.82, loss 0.1828
[2023-05-05 16:31:28,599][__main__][INFO] - Test accuracy - 0.8041862054085155
[2023-05-05 16:31:28,618][__main__][INFO] - Iteration 0, epoch 288, train accuracy 0.79, loss 0.2114
[2023-05-05 16:31:31,575][__main__][INFO] - Test accuracy - 0.8033130753739932
[2023-05-05 16:31:31,602][__main__][INFO] - Iteration 0, epoch 289, train accuracy 0.81, loss 0.1926
[2023-05-05 16:31:34,600][__main__][INFO] - Test accuracy - 0.8012240362485614
[2023-05-05 16:31:34,627][__main__][INFO] - Iteration 0, epoch 290, train accuracy 0.79, loss 0.2122
[2023-05-05 16:31:37,614][__main__][INFO] - Test accuracy - 0.8048983026467202
[2023-05-05 16:31:37,636][__main__][INFO] - Iteration 0, epoch 291, train accuracy 0.80, loss 0.2014
[2023-05-05 16:31:40,596][__main__][INFO] - Test accuracy - 0.8033642117376293
[2023-05-05 16:31:40,617][__main__][INFO] - Iteration 0, epoch 292, train accuracy 0.82, loss 0.1837
[2023-05-05 16:31:43,556][__main__][INFO] - Test accuracy - 0.8048168872266973
[2023-05-05 16:31:43,576][__main__][INFO] - Iteration 0, epoch 293, train accuracy 0.82, loss 0.1838
[2023-05-05 16:31:46,571][__main__][INFO] - Test accuracy - 0.8048812571921751
[2023-05-05 16:31:46,592][__main__][INFO] - Iteration 0, epoch 294, train accuracy 0.81, loss 0.1916
[2023-05-05 16:31:49,560][__main__][INFO] - Test accuracy - 0.805400244533947
[2023-05-05 16:31:49,587][__main__][INFO] - Iteration 0, epoch 295, train accuracy 0.82, loss 0.1855
[2023-05-05 16:31:52,553][__main__][INFO] - Test accuracy - 0.8020422180667435
[2023-05-05 16:31:52,575][__main__][INFO] - Iteration 0, epoch 296, train accuracy 0.81, loss 0.1887
[2023-05-05 16:31:55,549][__main__][INFO] - Test accuracy - 0.8052619390103566
[2023-05-05 16:31:55,574][__main__][INFO] - Iteration 0, epoch 297, train accuracy 0.78, loss 0.2204
[2023-05-05 16:31:58,548][__main__][INFO] - Test accuracy - 0.8050630753739931
[2023-05-05 16:31:58,569][__main__][INFO] - Iteration 0, epoch 298, train accuracy 0.82, loss 0.1827
[2023-05-05 16:32:01,539][__main__][INFO] - Test accuracy - 0.8050176208285386
[2023-05-05 16:32:01,560][__main__][INFO] - Iteration 0, epoch 299, train accuracy 0.81, loss 0.1909
[2023-05-05 16:32:04,541][__main__][INFO] - Test accuracy - 0.8045289844649021
[2023-05-05 16:32:04,562][__main__][INFO] - Iteration 0, epoch 300, train accuracy 0.81, loss 0.1924
[2023-05-05 16:32:07,552][__main__][INFO] - Test accuracy - 0.8061426208285386
[2023-05-05 16:32:07,573][__main__][INFO] - Iteration 0, epoch 301, train accuracy 0.82, loss 0.1838
[2023-05-05 16:32:10,523][__main__][INFO] - Test accuracy - 0.806097166283084
[2023-05-05 16:32:10,545][__main__][INFO] - Iteration 0, epoch 302, train accuracy 0.81, loss 0.1933
[2023-05-05 16:32:13,565][__main__][INFO] - Test accuracy - 0.8065005753739931
[2023-05-05 16:32:13,592][__main__][INFO] - Iteration 0, epoch 303, train accuracy 0.82, loss 0.1860
[2023-05-05 16:32:16,597][__main__][INFO] - Test accuracy - 0.8025327243958574
[2023-05-05 16:32:16,617][__main__][INFO] - Iteration 0, epoch 304, train accuracy 0.82, loss 0.1841
[2023-05-05 16:32:19,588][__main__][INFO] - Test accuracy - 0.8062562571921749
[2023-05-05 16:32:19,616][__main__][INFO] - Iteration 0, epoch 305, train accuracy 0.81, loss 0.1940
[2023-05-05 16:32:22,560][__main__][INFO] - Test accuracy - 0.8053756472957422
[2023-05-05 16:32:22,580][__main__][INFO] - Iteration 0, epoch 306, train accuracy 0.79, loss 0.2084
[2023-05-05 16:32:25,590][__main__][INFO] - Test accuracy - 0.8055062571921748
[2023-05-05 16:32:25,610][__main__][INFO] - Iteration 0, epoch 307, train accuracy 0.81, loss 0.1886
[2023-05-05 16:32:28,559][__main__][INFO] - Test accuracy - 0.8069323935558114
[2023-05-05 16:32:28,583][__main__][INFO] - Iteration 0, epoch 308, train accuracy 0.81, loss 0.2019
[2023-05-05 16:32:31,557][__main__][INFO] - Test accuracy - 0.8069437571921749
[2023-05-05 16:32:31,584][__main__][INFO] - Iteration 0, epoch 309, train accuracy 0.81, loss 0.1934
[2023-05-05 16:32:34,592][__main__][INFO] - Test accuracy - 0.8049797180667434
[2023-05-05 16:32:34,612][__main__][INFO] - Iteration 0, epoch 310, train accuracy 0.81, loss 0.1949
[2023-05-05 16:32:37,594][__main__][INFO] - Test accuracy - 0.8052978998849253
[2023-05-05 16:32:37,622][__main__][INFO] - Iteration 0, epoch 311, train accuracy 0.80, loss 0.2021
[2023-05-05 16:32:40,595][__main__][INFO] - Test accuracy - 0.8037031789413117
[2023-05-05 16:32:40,618][__main__][INFO] - Iteration 0, epoch 312, train accuracy 0.78, loss 0.2188
[2023-05-05 16:32:43,570][__main__][INFO] - Test accuracy - 0.8068755753739931
[2023-05-05 16:32:43,595][__main__][INFO] - Iteration 0, epoch 313, train accuracy 0.80, loss 0.1964
[2023-05-05 16:32:46,608][__main__][INFO] - Test accuracy - 0.8081767117376295
[2023-05-05 16:32:46,631][__main__][INFO] - Iteration 0, epoch 314, train accuracy 0.82, loss 0.1822
[2023-05-05 16:32:49,597][__main__][INFO] - Test accuracy - 0.8082562571921749
[2023-05-05 16:32:49,618][__main__][INFO] - Iteration 0, epoch 315, train accuracy 0.82, loss 0.1784
[2023-05-05 16:32:52,570][__main__][INFO] - Test accuracy - 0.8080346662830838
[2023-05-05 16:32:52,592][__main__][INFO] - Iteration 0, epoch 316, train accuracy 0.81, loss 0.1905
[2023-05-05 16:32:55,607][__main__][INFO] - Test accuracy - 0.8076728998849252
[2023-05-05 16:32:55,629][__main__][INFO] - Iteration 0, epoch 317, train accuracy 0.82, loss 0.1859
[2023-05-05 16:32:58,588][__main__][INFO] - Test accuracy - 0.8082070627157653
[2023-05-05 16:32:58,613][__main__][INFO] - Iteration 0, epoch 318, train accuracy 0.80, loss 0.2012
[2023-05-05 16:33:01,594][__main__][INFO] - Test accuracy - 0.8091331990794017
[2023-05-05 16:33:01,615][__main__][INFO] - Iteration 0, epoch 319, train accuracy 0.82, loss 0.1860
[2023-05-05 16:33:04,608][__main__][INFO] - Test accuracy - 0.8058073216340621
[2023-05-05 16:33:04,632][__main__][INFO] - Iteration 0, epoch 320, train accuracy 0.81, loss 0.1906
[2023-05-05 16:33:07,619][__main__][INFO] - Test accuracy - 0.8072392836593785
[2023-05-05 16:33:07,640][__main__][INFO] - Iteration 0, epoch 321, train accuracy 0.81, loss 0.1958
[2023-05-05 16:33:10,593][__main__][INFO] - Test accuracy - 0.8081444907940161
[2023-05-05 16:33:10,613][__main__][INFO] - Iteration 0, epoch 322, train accuracy 0.84, loss 0.1677
[2023-05-05 16:33:13,568][__main__][INFO] - Test accuracy - 0.8062486334867665
[2023-05-05 16:33:13,588][__main__][INFO] - Iteration 0, epoch 323, train accuracy 0.80, loss 0.2043
[2023-05-05 16:33:16,540][__main__][INFO] - Test accuracy - 0.8094021144994247
[2023-05-05 16:33:16,561][__main__][INFO] - Iteration 0, epoch 324, train accuracy 0.85, loss 0.1561
[2023-05-05 16:33:19,519][__main__][INFO] - Test accuracy - 0.8090479718066742
[2023-05-05 16:33:19,544][__main__][INFO] - Iteration 0, epoch 325, train accuracy 0.82, loss 0.1803
[2023-05-05 16:33:22,543][__main__][INFO] - Test accuracy - 0.8087430235903338
[2023-05-05 16:33:22,572][__main__][INFO] - Iteration 0, epoch 326, train accuracy 0.80, loss 0.1996
[2023-05-05 16:33:25,568][__main__][INFO] - Test accuracy - 0.8079456990794017
[2023-05-05 16:33:25,594][__main__][INFO] - Iteration 0, epoch 327, train accuracy 0.81, loss 0.1937
[2023-05-05 16:33:28,540][__main__][INFO] - Test accuracy - 0.8067050489067895
[2023-05-05 16:33:28,561][__main__][INFO] - Iteration 0, epoch 328, train accuracy 0.79, loss 0.2091
[2023-05-05 16:33:31,504][__main__][INFO] - Test accuracy - 0.808241081703107
[2023-05-05 16:33:31,524][__main__][INFO] - Iteration 0, epoch 329, train accuracy 0.82, loss 0.1830
[2023-05-05 16:33:34,541][__main__][INFO] - Test accuracy - 0.8099627445339471
[2023-05-05 16:33:34,568][__main__][INFO] - Iteration 0, epoch 330, train accuracy 0.80, loss 0.1968
[2023-05-05 16:33:37,527][__main__][INFO] - Test accuracy - 0.8100990362485615
[2023-05-05 16:33:37,550][__main__][INFO] - Iteration 0, epoch 331, train accuracy 0.79, loss 0.2115
[2023-05-05 16:33:40,512][__main__][INFO] - Test accuracy - 0.808602920023015
[2023-05-05 16:33:40,533][__main__][INFO] - Iteration 0, epoch 332, train accuracy 0.81, loss 0.1840
[2023-05-05 16:33:43,478][__main__][INFO] - Test accuracy - 0.8106937571921748
[2023-05-05 16:33:43,503][__main__][INFO] - Iteration 0, epoch 333, train accuracy 0.80, loss 0.2034
[2023-05-05 16:33:46,458][__main__][INFO] - Test accuracy - 0.8100309263521287
[2023-05-05 16:33:46,478][__main__][INFO] - Iteration 0, epoch 334, train accuracy 0.80, loss 0.2030
[2023-05-05 16:33:49,465][__main__][INFO] - Test accuracy - 0.8048109896432681
[2023-05-05 16:33:49,487][__main__][INFO] - Iteration 0, epoch 335, train accuracy 0.80, loss 0.2025
[2023-05-05 16:33:52,441][__main__][INFO] - Test accuracy - 0.8103073935558112
[2023-05-05 16:33:52,464][__main__][INFO] - Iteration 0, epoch 336, train accuracy 0.79, loss 0.2096
[2023-05-05 16:33:55,461][__main__][INFO] - Test accuracy - 0.809428653624856
[2023-05-05 16:33:55,483][__main__][INFO] - Iteration 0, epoch 337, train accuracy 0.81, loss 0.1974
[2023-05-05 16:33:58,453][__main__][INFO] - Test accuracy - 0.8099361334867665
[2023-05-05 16:33:58,474][__main__][INFO] - Iteration 0, epoch 338, train accuracy 0.82, loss 0.1866
[2023-05-05 16:34:01,417][__main__][INFO] - Test accuracy - 0.81013499712313
[2023-05-05 16:34:01,438][__main__][INFO] - Iteration 0, epoch 339, train accuracy 0.81, loss 0.1860
[2023-05-05 16:34:04,673][__main__][INFO] - Test accuracy - 0.8110119390103567
[2023-05-05 16:34:04,700][__main__][INFO] - Iteration 0, epoch 340, train accuracy 0.82, loss 0.1849
[2023-05-05 16:34:07,887][__main__][INFO] - Test accuracy - 0.8102183544303798
[2023-05-05 16:34:07,914][__main__][INFO] - Iteration 0, epoch 341, train accuracy 0.81, loss 0.1969
[2023-05-05 16:34:11,125][__main__][INFO] - Test accuracy - 0.8109741081703107
[2023-05-05 16:34:11,156][__main__][INFO] - Iteration 0, epoch 342, train accuracy 0.81, loss 0.1907
[2023-05-05 16:34:14,450][__main__][INFO] - Test accuracy - 0.8076424769850402
[2023-05-05 16:34:14,481][__main__][INFO] - Iteration 0, epoch 343, train accuracy 0.82, loss 0.1887
[2023-05-05 16:34:18,327][__main__][INFO] - Test accuracy - 0.8114228998849252
[2023-05-05 16:34:18,356][__main__][INFO] - Iteration 0, epoch 344, train accuracy 0.81, loss 0.1913
[2023-05-05 16:34:22,125][__main__][INFO] - Test accuracy - 0.8112884781357882
[2023-05-05 16:34:22,154][__main__][INFO] - Iteration 0, epoch 345, train accuracy 0.80, loss 0.2021
[2023-05-05 16:34:25,681][__main__][INFO] - Test accuracy - 0.8120933544303797
[2023-05-05 16:34:25,707][__main__][INFO] - Iteration 0, epoch 346, train accuracy 0.81, loss 0.1903
[2023-05-05 16:34:28,725][__main__][INFO] - Test accuracy - 0.8116331271576525
[2023-05-05 16:34:28,754][__main__][INFO] - Iteration 0, epoch 347, train accuracy 0.79, loss 0.2124
[2023-05-05 16:34:31,762][__main__][INFO] - Test accuracy - 0.8111898734177216
[2023-05-05 16:34:31,789][__main__][INFO] - Iteration 0, epoch 348, train accuracy 0.83, loss 0.1759
[2023-05-05 16:34:34,844][__main__][INFO] - Test accuracy - 0.8121842635212889
[2023-05-05 16:34:34,870][__main__][INFO] - Iteration 0, epoch 349, train accuracy 0.80, loss 0.2054
[2023-05-05 16:34:37,929][__main__][INFO] - Test accuracy - 0.812424841772152
[2023-05-05 16:34:37,953][__main__][INFO] - Iteration 0, epoch 350, train accuracy 0.82, loss 0.1862
[2023-05-05 16:34:40,980][__main__][INFO] - Test accuracy - 0.8124702963176066
[2023-05-05 16:34:41,007][__main__][INFO] - Iteration 0, epoch 351, train accuracy 0.82, loss 0.1786
[2023-05-05 16:34:44,007][__main__][INFO] - Test accuracy - 0.8118698216340622
[2023-05-05 16:34:44,034][__main__][INFO] - Iteration 0, epoch 352, train accuracy 0.80, loss 0.1974
[2023-05-05 16:34:47,103][__main__][INFO] - Test accuracy - 0.8127335299194475
[2023-05-05 16:34:47,128][__main__][INFO] - Iteration 0, epoch 353, train accuracy 0.78, loss 0.2159
[2023-05-05 16:34:50,147][__main__][INFO] - Test accuracy - 0.813097166283084
[2023-05-05 16:34:50,174][__main__][INFO] - Iteration 0, epoch 354, train accuracy 0.83, loss 0.1743
[2023-05-05 16:34:53,181][__main__][INFO] - Test accuracy - 0.8122523734177217
[2023-05-05 16:34:53,207][__main__][INFO] - Iteration 0, epoch 355, train accuracy 0.80, loss 0.2051
[2023-05-05 16:34:56,224][__main__][INFO] - Test accuracy - 0.8130271144994246
[2023-05-05 16:34:56,246][__main__][INFO] - Iteration 0, epoch 356, train accuracy 0.81, loss 0.1906
[2023-05-05 16:34:59,306][__main__][INFO] - Test accuracy - 0.8098565161104719
[2023-05-05 16:34:59,327][__main__][INFO] - Iteration 0, epoch 357, train accuracy 0.82, loss 0.1828
[2023-05-05 16:35:02,341][__main__][INFO] - Test accuracy - 0.8111273734177215
[2023-05-05 16:35:02,363][__main__][INFO] - Iteration 0, epoch 358, train accuracy 0.83, loss 0.1733
[2023-05-05 16:35:05,411][__main__][INFO] - Test accuracy - 0.8136027761795167
[2023-05-05 16:35:05,437][__main__][INFO] - Iteration 0, epoch 359, train accuracy 0.79, loss 0.2071
[2023-05-05 16:35:08,483][__main__][INFO] - Test accuracy - 0.8136900172612198
[2023-05-05 16:35:08,511][__main__][INFO] - Iteration 0, epoch 360, train accuracy 0.79, loss 0.2086
[2023-05-05 16:35:11,507][__main__][INFO] - Test accuracy - 0.8137561852704258
[2023-05-05 16:35:11,528][__main__][INFO] - Iteration 0, epoch 361, train accuracy 0.81, loss 0.1948
[2023-05-05 16:35:14,506][__main__][INFO] - Test accuracy - 0.8095061133486766
[2023-05-05 16:35:14,529][__main__][INFO] - Iteration 0, epoch 362, train accuracy 0.84, loss 0.1643
[2023-05-05 16:35:17,573][__main__][INFO] - Test accuracy - 0.8135345943613349
[2023-05-05 16:35:17,601][__main__][INFO] - Iteration 0, epoch 363, train accuracy 0.81, loss 0.1870
[2023-05-05 16:35:20,579][__main__][INFO] - Test accuracy - 0.814303581703107
[2023-05-05 16:35:20,604][__main__][INFO] - Iteration 0, epoch 364, train accuracy 0.81, loss 0.1873
[2023-05-05 16:35:23,629][__main__][INFO] - Test accuracy - 0.8143300489067894
[2023-05-05 16:35:23,651][__main__][INFO] - Iteration 0, epoch 365, train accuracy 0.81, loss 0.1839
[2023-05-05 16:35:26,680][__main__][INFO] - Test accuracy - 0.8145138089758341
[2023-05-05 16:35:26,708][__main__][INFO] - Iteration 0, epoch 366, train accuracy 0.81, loss 0.1947
[2023-05-05 16:35:29,734][__main__][INFO] - Test accuracy - 0.813716412543153
[2023-05-05 16:35:29,762][__main__][INFO] - Iteration 0, epoch 367, train accuracy 0.83, loss 0.1762
[2023-05-05 16:35:32,824][__main__][INFO] - Test accuracy - 0.8122656070195627
[2023-05-05 16:35:32,845][__main__][INFO] - Iteration 0, epoch 368, train accuracy 0.82, loss 0.1758
[2023-05-05 16:35:35,905][__main__][INFO] - Test accuracy - 0.8121519706559265
[2023-05-05 16:35:35,931][__main__][INFO] - Iteration 0, epoch 369, train accuracy 0.82, loss 0.1834
[2023-05-05 16:35:39,082][__main__][INFO] - Test accuracy - 0.8148622698504028
[2023-05-05 16:35:39,110][__main__][INFO] - Iteration 0, epoch 370, train accuracy 0.83, loss 0.1731
[2023-05-05 16:35:42,213][__main__][INFO] - Test accuracy - 0.8148850690448792
[2023-05-05 16:35:42,242][__main__][INFO] - Iteration 0, epoch 371, train accuracy 0.82, loss 0.1789
[2023-05-05 16:35:45,296][__main__][INFO] - Test accuracy - 0.8142807825086306
[2023-05-05 16:35:45,322][__main__][INFO] - Iteration 0, epoch 372, train accuracy 0.82, loss 0.1855
[2023-05-05 16:35:48,406][__main__][INFO] - Test accuracy - 0.815269418872267
[2023-05-05 16:35:48,434][__main__][INFO] - Iteration 0, epoch 373, train accuracy 0.84, loss 0.1699
[2023-05-05 16:35:51,796][__main__][INFO] - Test accuracy - 0.8157334579976986
[2023-05-05 16:35:51,817][__main__][INFO] - Iteration 0, epoch 374, train accuracy 0.80, loss 0.1985
[2023-05-05 16:35:55,179][__main__][INFO] - Test accuracy - 0.8157429516685846
[2023-05-05 16:35:55,205][__main__][INFO] - Iteration 0, epoch 375, train accuracy 0.82, loss 0.1821
[2023-05-05 16:35:58,846][__main__][INFO] - Test accuracy - 0.8162277761795167
[2023-05-05 16:35:58,872][__main__][INFO] - Iteration 0, epoch 376, train accuracy 0.84, loss 0.1711
[2023-05-05 16:36:02,269][__main__][INFO] - Test accuracy - 0.8154380753739929
[2023-05-05 16:36:02,296][__main__][INFO] - Iteration 0, epoch 377, train accuracy 0.81, loss 0.1979
[2023-05-05 16:36:05,643][__main__][INFO] - Test accuracy - 0.8142069188722671
[2023-05-05 16:36:05,679][__main__][INFO] - Iteration 0, epoch 378, train accuracy 0.82, loss 0.1797
[2023-05-05 16:36:08,759][__main__][INFO] - Test accuracy - 0.8162732307249712
[2023-05-05 16:36:08,780][__main__][INFO] - Iteration 0, epoch 379, train accuracy 0.81, loss 0.1929
[2023-05-05 16:36:12,094][__main__][INFO] - Test accuracy - 0.8164777761795168
[2023-05-05 16:36:12,121][__main__][INFO] - Iteration 0, epoch 380, train accuracy 0.82, loss 0.1861
[2023-05-05 16:36:15,620][__main__][INFO] - Test accuracy - 0.815735327963176
[2023-05-05 16:36:15,648][__main__][INFO] - Iteration 0, epoch 381, train accuracy 0.84, loss 0.1687
[2023-05-05 16:36:19,191][__main__][INFO] - Test accuracy - 0.8166349971231299
[2023-05-05 16:36:19,214][__main__][INFO] - Iteration 0, epoch 382, train accuracy 0.82, loss 0.1861
[2023-05-05 16:36:22,385][__main__][INFO] - Test accuracy - 0.8171255034522439
[2023-05-05 16:36:22,406][__main__][INFO] - Iteration 0, epoch 383, train accuracy 0.82, loss 0.1777
[2023-05-05 16:36:25,271][__main__][INFO] - Test accuracy - 0.8169285097813579
[2023-05-05 16:36:25,297][__main__][INFO] - Iteration 0, epoch 384, train accuracy 0.81, loss 0.1918
[2023-05-05 16:36:28,213][__main__][INFO] - Test accuracy - 0.8169493670886077
[2023-05-05 16:36:28,235][__main__][INFO] - Iteration 0, epoch 385, train accuracy 0.83, loss 0.1708
[2023-05-05 16:36:31,245][__main__][INFO] - Test accuracy - 0.816547827963176
[2023-05-05 16:36:31,267][__main__][INFO] - Iteration 0, epoch 386, train accuracy 0.82, loss 0.1819
[2023-05-05 16:36:34,250][__main__][INFO] - Test accuracy - 0.8130932105868816
[2023-05-05 16:36:34,276][__main__][INFO] - Iteration 0, epoch 387, train accuracy 0.81, loss 0.1922
[2023-05-05 16:36:37,263][__main__][INFO] - Test accuracy - 0.8158337888377446
[2023-05-05 16:36:37,284][__main__][INFO] - Iteration 0, epoch 388, train accuracy 0.84, loss 0.1621
[2023-05-05 16:36:40,208][__main__][INFO] - Test accuracy - 0.8158906070195626
[2023-05-05 16:36:40,232][__main__][INFO] - Iteration 0, epoch 389, train accuracy 0.82, loss 0.1829
[2023-05-05 16:36:43,213][__main__][INFO] - Test accuracy - 0.8153281070195626
[2023-05-05 16:36:43,241][__main__][INFO] - Iteration 0, epoch 390, train accuracy 0.83, loss 0.1772
[2023-05-05 16:36:46,222][__main__][INFO] - Test accuracy - 0.8152561133486766
[2023-05-05 16:36:46,242][__main__][INFO] - Iteration 0, epoch 391, train accuracy 0.79, loss 0.2050
[2023-05-05 16:36:49,251][__main__][INFO] - Test accuracy - 0.8177864643268126
[2023-05-05 16:36:49,272][__main__][INFO] - Iteration 0, epoch 392, train accuracy 0.81, loss 0.1948
[2023-05-05 16:36:52,234][__main__][INFO] - Test accuracy - 0.8178168153049483
[2023-05-05 16:36:52,260][__main__][INFO] - Iteration 0, epoch 393, train accuracy 0.82, loss 0.1767
[2023-05-05 16:36:55,238][__main__][INFO] - Test accuracy - 0.8171936133486765
[2023-05-05 16:36:55,260][__main__][INFO] - Iteration 0, epoch 394, train accuracy 0.82, loss 0.1867
[2023-05-05 16:36:58,226][__main__][INFO] - Test accuracy - 0.8179077243958573
[2023-05-05 16:36:58,254][__main__][INFO] - Iteration 0, epoch 395, train accuracy 0.80, loss 0.1953
[2023-05-05 16:37:01,245][__main__][INFO] - Test accuracy - 0.818125503452244
[2023-05-05 16:37:01,269][__main__][INFO] - Iteration 0, epoch 396, train accuracy 0.82, loss 0.1782
[2023-05-05 16:37:04,235][__main__][INFO] - Test accuracy - 0.818134925201381
[2023-05-05 16:37:04,261][__main__][INFO] - Iteration 0, epoch 397, train accuracy 0.82, loss 0.1776
[2023-05-05 16:37:07,182][__main__][INFO] - Test accuracy - 0.8181955552359035
[2023-05-05 16:37:07,204][__main__][INFO] - Iteration 0, epoch 398, train accuracy 0.83, loss 0.1796
[2023-05-05 16:37:10,217][__main__][INFO] - Test accuracy - 0.8154379315304948
[2023-05-05 16:37:10,244][__main__][INFO] - Iteration 0, epoch 399, train accuracy 0.82, loss 0.1886
[2023-05-05 16:37:13,186][__main__][INFO] - Test accuracy - 0.8191785097813579
[2023-05-05 16:37:13,209][__main__][INFO] - Iteration 0, epoch 400, train accuracy 0.83, loss 0.1721
[2023-05-05 16:37:16,162][__main__][INFO] - Test accuracy - 0.8173697497123129
[2023-05-05 16:37:16,188][__main__][INFO] - Iteration 0, epoch 401, train accuracy 0.82, loss 0.1773
[2023-05-05 16:37:19,153][__main__][INFO] - Test accuracy - 0.8187921461449942
[2023-05-05 16:37:19,179][__main__][INFO] - Iteration 0, epoch 402, train accuracy 0.84, loss 0.1635
[2023-05-05 16:37:22,145][__main__][INFO] - Test accuracy - 0.8155515678941311
[2023-05-05 16:37:22,170][__main__][INFO] - Iteration 0, epoch 403, train accuracy 0.81, loss 0.1923
[2023-05-05 16:37:25,117][__main__][INFO] - Test accuracy - 0.8190421461449943
[2023-05-05 16:37:25,144][__main__][INFO] - Iteration 0, epoch 404, train accuracy 0.84, loss 0.1648
[2023-05-05 16:37:28,141][__main__][INFO] - Test accuracy - 0.8193376006904489
[2023-05-05 16:37:28,166][__main__][INFO] - Iteration 0, epoch 405, train accuracy 0.82, loss 0.1886
[2023-05-05 16:37:31,152][__main__][INFO] - Test accuracy - 0.8184720224395857
[2023-05-05 16:37:31,180][__main__][INFO] - Iteration 0, epoch 406, train accuracy 0.81, loss 0.1880
[2023-05-05 16:37:34,158][__main__][INFO] - Test accuracy - 0.8156311133486767
[2023-05-05 16:37:34,184][__main__][INFO] - Iteration 0, epoch 407, train accuracy 0.83, loss 0.1758
[2023-05-05 16:37:37,143][__main__][INFO] - Test accuracy - 0.8183678797468356
[2023-05-05 16:37:37,167][__main__][INFO] - Iteration 0, epoch 408, train accuracy 0.82, loss 0.1849
[2023-05-05 16:37:40,188][__main__][INFO] - Test accuracy - 0.8166708860759493
[2023-05-05 16:37:40,211][__main__][INFO] - Iteration 0, epoch 409, train accuracy 0.83, loss 0.1747
[2023-05-05 16:37:43,179][__main__][INFO] - Test accuracy - 0.8201955552359034
[2023-05-05 16:37:43,202][__main__][INFO] - Iteration 0, epoch 410, train accuracy 0.82, loss 0.1772
[2023-05-05 16:37:46,175][__main__][INFO] - Test accuracy - 0.8195440161104718
[2023-05-05 16:37:46,202][__main__][INFO] - Iteration 0, epoch 411, train accuracy 0.82, loss 0.1825
[2023-05-05 16:37:49,170][__main__][INFO] - Test accuracy - 0.8204190161104719
[2023-05-05 16:37:49,193][__main__][INFO] - Iteration 0, epoch 412, train accuracy 0.82, loss 0.1818
[2023-05-05 16:37:52,176][__main__][INFO] - Test accuracy - 0.8204417433831991
[2023-05-05 16:37:52,197][__main__][INFO] - Iteration 0, epoch 413, train accuracy 0.83, loss 0.1723
[2023-05-05 16:37:55,184][__main__][INFO] - Test accuracy - 0.8181197497123129
[2023-05-05 16:37:55,204][__main__][INFO] - Iteration 0, epoch 414, train accuracy 0.81, loss 0.1971
[2023-05-05 16:37:58,178][__main__][INFO] - Test accuracy - 0.8206292433831991
[2023-05-05 16:37:58,205][__main__][INFO] - Iteration 0, epoch 415, train accuracy 0.81, loss 0.1879
[2023-05-05 16:38:01,185][__main__][INFO] - Test accuracy - 0.8194853279631761
[2023-05-05 16:38:01,206][__main__][INFO] - Iteration 0, epoch 416, train accuracy 0.81, loss 0.1965
[2023-05-05 16:38:04,177][__main__][INFO] - Test accuracy - 0.8162220224395856
[2023-05-05 16:38:04,201][__main__][INFO] - Iteration 0, epoch 417, train accuracy 0.83, loss 0.1711
[2023-05-05 16:38:07,168][__main__][INFO] - Test accuracy - 0.8187656070195627
[2023-05-05 16:38:07,190][__main__][INFO] - Iteration 0, epoch 418, train accuracy 0.83, loss 0.1737
[2023-05-05 16:38:10,188][__main__][INFO] - Test accuracy - 0.8180970224395857
[2023-05-05 16:38:10,210][__main__][INFO] - Iteration 0, epoch 419, train accuracy 0.83, loss 0.1774
[2023-05-05 16:38:13,200][__main__][INFO] - Test accuracy - 0.8209549769850404
[2023-05-05 16:38:13,221][__main__][INFO] - Iteration 0, epoch 420, train accuracy 0.83, loss 0.1753
[2023-05-05 16:38:16,142][__main__][INFO] - Test accuracy - 0.8213091915995399
[2023-05-05 16:38:16,162][__main__][INFO] - Iteration 0, epoch 421, train accuracy 0.81, loss 0.1956
[2023-05-05 16:38:19,167][__main__][INFO] - Test accuracy - 0.8211671461449942
[2023-05-05 16:38:19,190][__main__][INFO] - Iteration 0, epoch 422, train accuracy 0.80, loss 0.2016
[2023-05-05 16:38:22,171][__main__][INFO] - Test accuracy - 0.8213527761795167
[2023-05-05 16:38:22,194][__main__][INFO] - Iteration 0, epoch 423, train accuracy 0.81, loss 0.1961
[2023-05-05 16:38:25,179][__main__][INFO] - Test accuracy - 0.8180742951668585
[2023-05-05 16:38:25,205][__main__][INFO] - Iteration 0, epoch 424, train accuracy 0.83, loss 0.1781
[2023-05-05 16:38:28,156][__main__][INFO] - Test accuracy - 0.8212902761795167
[2023-05-05 16:38:28,178][__main__][INFO] - Iteration 0, epoch 425, train accuracy 0.82, loss 0.1796
[2023-05-05 16:38:31,149][__main__][INFO] - Test accuracy - 0.8213546461449943
[2023-05-05 16:38:31,175][__main__][INFO] - Iteration 0, epoch 426, train accuracy 0.83, loss 0.1684
[2023-05-05 16:38:34,153][__main__][INFO] - Test accuracy - 0.820653840621404
[2023-05-05 16:38:34,176][__main__][INFO] - Iteration 0, epoch 427, train accuracy 0.85, loss 0.1584
[2023-05-05 16:38:37,150][__main__][INFO] - Test accuracy - 0.8215459579976984
[2023-05-05 16:38:37,171][__main__][INFO] - Iteration 0, epoch 428, train accuracy 0.81, loss 0.1992
[2023-05-05 16:38:40,170][__main__][INFO] - Test accuracy - 0.8218868670886075
[2023-05-05 16:38:40,194][__main__][INFO] - Iteration 0, epoch 429, train accuracy 0.81, loss 0.1912
[2023-05-05 16:38:43,151][__main__][INFO] - Test accuracy - 0.8212712888377446
[2023-05-05 16:38:43,178][__main__][INFO] - Iteration 0, epoch 430, train accuracy 0.81, loss 0.1953
[2023-05-05 16:38:46,113][__main__][INFO] - Test accuracy - 0.8191974252013808
[2023-05-05 16:38:46,135][__main__][INFO] - Iteration 0, epoch 431, train accuracy 0.84, loss 0.1646
[2023-05-05 16:38:49,127][__main__][INFO] - Test accuracy - 0.820884925201381
[2023-05-05 16:38:49,153][__main__][INFO] - Iteration 0, epoch 432, train accuracy 0.82, loss 0.1787
[2023-05-05 16:38:52,131][__main__][INFO] - Test accuracy - 0.821894418872267
[2023-05-05 16:38:52,151][__main__][INFO] - Iteration 0, epoch 433, train accuracy 0.83, loss 0.1742
[2023-05-05 16:38:55,120][__main__][INFO] - Test accuracy - 0.8221936852704258
[2023-05-05 16:38:55,161][__main__][INFO] - Iteration 0, epoch 434, train accuracy 0.82, loss 0.1860
[2023-05-05 16:38:58,131][__main__][INFO] - Test accuracy - 0.8219644706559263
[2023-05-05 16:38:58,153][__main__][INFO] - Iteration 0, epoch 435, train accuracy 0.84, loss 0.1676
[2023-05-05 16:39:01,138][__main__][INFO] - Test accuracy - 0.8221330552359034
[2023-05-05 16:39:01,169][__main__][INFO] - Iteration 0, epoch 436, train accuracy 0.84, loss 0.1641
[2023-05-05 16:39:04,150][__main__][INFO] - Test accuracy - 0.8191481588032219
[2023-05-05 16:39:04,171][__main__][INFO] - Iteration 0, epoch 437, train accuracy 0.83, loss 0.1795
[2023-05-05 16:39:07,165][__main__][INFO] - Test accuracy - 0.8217258342922901
[2023-05-05 16:39:07,189][__main__][INFO] - Iteration 0, epoch 438, train accuracy 0.86, loss 0.1531
[2023-05-05 16:39:10,115][__main__][INFO] - Test accuracy - 0.8220819188722669
[2023-05-05 16:39:10,139][__main__][INFO] - Iteration 0, epoch 439, train accuracy 0.82, loss 0.1795
[2023-05-05 16:39:13,083][__main__][INFO] - Test accuracy - 0.8226406070195629
[2023-05-05 16:39:13,108][__main__][INFO] - Iteration 0, epoch 440, train accuracy 0.83, loss 0.1703
[2023-05-05 16:39:16,064][__main__][INFO] - Test accuracy - 0.8223982307249713
[2023-05-05 16:39:16,091][__main__][INFO] - Iteration 0, epoch 441, train accuracy 0.82, loss 0.1772
[2023-05-05 16:39:19,104][__main__][INFO] - Test accuracy - 0.8225932825086304
[2023-05-05 16:39:19,126][__main__][INFO] - Iteration 0, epoch 442, train accuracy 0.83, loss 0.1678
[2023-05-05 16:39:22,066][__main__][INFO] - Test accuracy - 0.8217428797468355
[2023-05-05 16:39:22,089][__main__][INFO] - Iteration 0, epoch 443, train accuracy 0.83, loss 0.1758
[2023-05-05 16:39:25,256][__main__][INFO] - Test accuracy - 0.8191973532796317
[2023-05-05 16:39:25,287][__main__][INFO] - Iteration 0, epoch 444, train accuracy 0.82, loss 0.1850
[2023-05-05 16:39:28,328][__main__][INFO] - Test accuracy - 0.8213527042577676
[2023-05-05 16:39:28,353][__main__][INFO] - Iteration 0, epoch 445, train accuracy 0.82, loss 0.1867
[2023-05-05 16:39:31,324][__main__][INFO] - Test accuracy - 0.8227959579976986
[2023-05-05 16:39:31,347][__main__][INFO] - Iteration 0, epoch 446, train accuracy 0.86, loss 0.1478
[2023-05-05 16:39:34,601][__main__][INFO] - Test accuracy - 0.8188507623705409
[2023-05-05 16:39:34,621][__main__][INFO] - Iteration 0, epoch 447, train accuracy 0.83, loss 0.1699
[2023-05-05 16:39:37,619][__main__][INFO] - Test accuracy - 0.8200079833141541
[2023-05-05 16:39:37,640][__main__][INFO] - Iteration 0, epoch 448, train accuracy 0.82, loss 0.1875
[2023-05-05 16:39:40,541][__main__][INFO] - Test accuracy - 0.8215951524741082
[2023-05-05 16:39:40,562][__main__][INFO] - Iteration 0, epoch 449, train accuracy 0.83, loss 0.1684
[2023-05-05 16:39:43,908][__main__][INFO] - Test accuracy - 0.8229569188722669
[2023-05-05 16:39:43,934][__main__][INFO] - Iteration 0, epoch 450, train accuracy 0.82, loss 0.1778
[2023-05-05 16:39:46,942][__main__][INFO] - Test accuracy - 0.8221197497123129
[2023-05-05 16:39:46,969][__main__][INFO] - Iteration 0, epoch 451, train accuracy 0.83, loss 0.1715
[2023-05-05 16:39:49,939][__main__][INFO] - Test accuracy - 0.8204966196777906
[2023-05-05 16:39:49,968][__main__][INFO] - Iteration 0, epoch 452, train accuracy 0.83, loss 0.1768
[2023-05-05 16:39:52,927][__main__][INFO] - Test accuracy - 0.8233527761795166
[2023-05-05 16:39:52,947][__main__][INFO] - Iteration 0, epoch 453, train accuracy 0.83, loss 0.1722
[2023-05-05 16:39:55,888][__main__][INFO] - Test accuracy - 0.8230023734177215
[2023-05-05 16:39:55,913][__main__][INFO] - Iteration 0, epoch 454, train accuracy 0.82, loss 0.1870
[2023-05-05 16:39:58,912][__main__][INFO] - Test accuracy - 0.8234644706559263
[2023-05-05 16:39:58,934][__main__][INFO] - Iteration 0, epoch 455, train accuracy 0.83, loss 0.1731
[2023-05-05 16:40:02,137][__main__][INFO] - Test accuracy - 0.8230005034522438
[2023-05-05 16:40:02,169][__main__][INFO] - Iteration 0, epoch 456, train accuracy 0.82, loss 0.1843
[2023-05-05 16:40:05,536][__main__][INFO] - Test accuracy - 0.8234285097813578
[2023-05-05 16:40:05,568][__main__][INFO] - Iteration 0, epoch 457, train accuracy 0.80, loss 0.1982
[2023-05-05 16:40:08,804][__main__][INFO] - Test accuracy - 0.8234134062140391
[2023-05-05 16:40:08,830][__main__][INFO] - Iteration 0, epoch 458, train accuracy 0.82, loss 0.1867
[2023-05-05 16:40:12,085][__main__][INFO] - Test accuracy - 0.8222826524741081
[2023-05-05 16:40:12,111][__main__][INFO] - Iteration 0, epoch 459, train accuracy 0.82, loss 0.1832
[2023-05-05 16:40:15,217][__main__][INFO] - Test accuracy - 0.8237751006904488
[2023-05-05 16:40:15,237][__main__][INFO] - Iteration 0, epoch 460, train accuracy 0.81, loss 0.1900
[2023-05-05 16:40:18,476][__main__][INFO] - Test accuracy - 0.8239285097813579
[2023-05-05 16:40:18,496][__main__][INFO] - Iteration 0, epoch 461, train accuracy 0.82, loss 0.1853
[2023-05-05 16:40:21,392][__main__][INFO] - Test accuracy - 0.8234644706559263
[2023-05-05 16:40:21,412][__main__][INFO] - Iteration 0, epoch 462, train accuracy 0.81, loss 0.1874
[2023-05-05 16:40:24,392][__main__][INFO] - Test accuracy - 0.8212011651323359
[2023-05-05 16:40:24,418][__main__][INFO] - Iteration 0, epoch 463, train accuracy 0.84, loss 0.1707
[2023-05-05 16:40:27,548][__main__][INFO] - Test accuracy - 0.8239133342922901
[2023-05-05 16:40:27,571][__main__][INFO] - Iteration 0, epoch 464, train accuracy 0.82, loss 0.1739
[2023-05-05 16:40:30,762][__main__][INFO] - Test accuracy - 0.824485327963176
[2023-05-05 16:40:30,788][__main__][INFO] - Iteration 0, epoch 465, train accuracy 0.84, loss 0.1595
[2023-05-05 16:40:33,884][__main__][INFO] - Test accuracy - 0.824331918872267
[2023-05-05 16:40:33,909][__main__][INFO] - Iteration 0, epoch 466, train accuracy 0.83, loss 0.1782
[2023-05-05 16:40:36,792][__main__][INFO] - Test accuracy - 0.8240535097813578
[2023-05-05 16:40:36,815][__main__][INFO] - Iteration 0, epoch 467, train accuracy 0.84, loss 0.1691
[2023-05-05 16:40:39,770][__main__][INFO] - Test accuracy - 0.8244114643268126
[2023-05-05 16:40:39,801][__main__][INFO] - Iteration 0, epoch 468, train accuracy 0.83, loss 0.1722
[2023-05-05 16:40:43,057][__main__][INFO] - Test accuracy - 0.8230080552359034
[2023-05-05 16:40:43,086][__main__][INFO] - Iteration 0, epoch 469, train accuracy 0.84, loss 0.1690
[2023-05-05 16:40:46,608][__main__][INFO] - Test accuracy - 0.8218697497123131
[2023-05-05 16:40:46,644][__main__][INFO] - Iteration 0, epoch 470, train accuracy 0.84, loss 0.1636
[2023-05-05 16:40:50,026][__main__][INFO] - Test accuracy - 0.8244171461449942
[2023-05-05 16:40:50,047][__main__][INFO] - Iteration 0, epoch 471, train accuracy 0.83, loss 0.1761
[2023-05-05 16:40:53,163][__main__][INFO] - Test accuracy - 0.8213924769850404
[2023-05-05 16:40:53,184][__main__][INFO] - Iteration 0, epoch 472, train accuracy 0.84, loss 0.1663
[2023-05-05 16:40:56,140][__main__][INFO] - Test accuracy - 0.823907652474108
[2023-05-05 16:40:56,168][__main__][INFO] - Iteration 0, epoch 473, train accuracy 0.82, loss 0.1807
[2023-05-05 16:40:59,192][__main__][INFO] - Test accuracy - 0.8240535097813578
[2023-05-05 16:40:59,220][__main__][INFO] - Iteration 0, epoch 474, train accuracy 0.84, loss 0.1639
[2023-05-05 16:41:02,558][__main__][INFO] - Test accuracy - 0.8216670742232451
[2023-05-05 16:41:02,587][__main__][INFO] - Iteration 0, epoch 475, train accuracy 0.83, loss 0.1735
[2023-05-05 16:41:05,670][__main__][INFO] - Test accuracy - 0.8239682825086305
[2023-05-05 16:41:05,690][__main__][INFO] - Iteration 0, epoch 476, train accuracy 0.83, loss 0.1720
[2023-05-05 16:41:08,557][__main__][INFO] - Test accuracy - 0.8237505034522439
[2023-05-05 16:41:08,583][__main__][INFO] - Iteration 0, epoch 477, train accuracy 0.83, loss 0.1688
[2023-05-05 16:41:11,557][__main__][INFO] - Test accuracy - 0.8249739643268125
[2023-05-05 16:41:11,582][__main__][INFO] - Iteration 0, epoch 478, train accuracy 0.83, loss 0.1748
[2023-05-05 16:41:14,539][__main__][INFO] - Test accuracy - 0.8204246260069045
[2023-05-05 16:41:14,560][__main__][INFO] - Iteration 0, epoch 479, train accuracy 0.83, loss 0.1741
[2023-05-05 16:41:17,537][__main__][INFO] - Test accuracy - 0.8210609896432682
[2023-05-05 16:41:17,563][__main__][INFO] - Iteration 0, epoch 480, train accuracy 0.83, loss 0.1754
[2023-05-05 16:41:20,521][__main__][INFO] - Test accuracy - 0.822803581703107
[2023-05-05 16:41:20,542][__main__][INFO] - Iteration 0, epoch 481, train accuracy 0.83, loss 0.1728
[2023-05-05 16:41:23,508][__main__][INFO] - Test accuracy - 0.8250857307249713
[2023-05-05 16:41:23,536][__main__][INFO] - Iteration 0, epoch 482, train accuracy 0.83, loss 0.1768
[2023-05-05 16:41:26,521][__main__][INFO] - Test accuracy - 0.8233906070195627
[2023-05-05 16:41:26,542][__main__][INFO] - Iteration 0, epoch 483, train accuracy 0.83, loss 0.1684
[2023-05-05 16:41:29,519][__main__][INFO] - Test accuracy - 0.8243679516685846
[2023-05-05 16:41:29,539][__main__][INFO] - Iteration 0, epoch 484, train accuracy 0.82, loss 0.1860
[2023-05-05 16:41:32,513][__main__][INFO] - Test accuracy - 0.8248035097813579
[2023-05-05 16:41:32,534][__main__][INFO] - Iteration 0, epoch 485, train accuracy 0.83, loss 0.1742
[2023-05-05 16:41:35,501][__main__][INFO] - Test accuracy - 0.8248243670886076
[2023-05-05 16:41:35,523][__main__][INFO] - Iteration 0, epoch 486, train accuracy 0.81, loss 0.1937
[2023-05-05 16:41:38,511][__main__][INFO] - Test accuracy - 0.8250402761795166
[2023-05-05 16:41:38,535][__main__][INFO] - Iteration 0, epoch 487, train accuracy 0.83, loss 0.1746
[2023-05-05 16:41:41,540][__main__][INFO] - Test accuracy - 0.8242466915995398
[2023-05-05 16:41:41,567][__main__][INFO] - Iteration 0, epoch 488, train accuracy 0.81, loss 0.1965
[2023-05-05 16:41:44,546][__main__][INFO] - Test accuracy - 0.8253546461449942
[2023-05-05 16:41:44,571][__main__][INFO] - Iteration 0, epoch 489, train accuracy 0.83, loss 0.1785
[2023-05-05 16:41:47,483][__main__][INFO] - Test accuracy - 0.8241992951668583
[2023-05-05 16:41:47,509][__main__][INFO] - Iteration 0, epoch 490, train accuracy 0.83, loss 0.1789
[2023-05-05 16:41:50,508][__main__][INFO] - Test accuracy - 0.8254550489067896
[2023-05-05 16:41:50,529][__main__][INFO] - Iteration 0, epoch 491, train accuracy 0.84, loss 0.1576
[2023-05-05 16:41:53,504][__main__][INFO] - Test accuracy - 0.8248660097813579
[2023-05-05 16:41:53,529][__main__][INFO] - Iteration 0, epoch 492, train accuracy 0.82, loss 0.1837
[2023-05-05 16:41:56,485][__main__][INFO] - Test accuracy - 0.8235402042577675
[2023-05-05 16:41:56,508][__main__][INFO] - Iteration 0, epoch 493, train accuracy 0.83, loss 0.1721
[2023-05-05 16:41:59,463][__main__][INFO] - Test accuracy - 0.8239246979286535
[2023-05-05 16:41:59,483][__main__][INFO] - Iteration 0, epoch 494, train accuracy 0.83, loss 0.1745
[2023-05-05 16:42:02,460][__main__][INFO] - Test accuracy - 0.820326165132336
[2023-05-05 16:42:02,483][__main__][INFO] - Iteration 0, epoch 495, train accuracy 0.85, loss 0.1583
[2023-05-05 16:42:05,437][__main__][INFO] - Test accuracy - 0.8237087888377446
[2023-05-05 16:42:05,457][__main__][INFO] - Iteration 0, epoch 496, train accuracy 0.81, loss 0.1911
[2023-05-05 16:42:08,451][__main__][INFO] - Test accuracy - 0.8257883342922899
[2023-05-05 16:42:08,477][__main__][INFO] - Iteration 0, epoch 497, train accuracy 0.82, loss 0.1809
[2023-05-05 16:42:11,493][__main__][INFO] - Test accuracy - 0.8248792433831992
[2023-05-05 16:42:11,522][__main__][INFO] - Iteration 0, epoch 498, train accuracy 0.81, loss 0.1959
[2023-05-05 16:42:14,483][__main__][INFO] - Test accuracy - 0.8225440161104719
[2023-05-05 16:42:14,507][__main__][INFO] - Iteration 0, epoch 499, train accuracy 0.83, loss 0.1748
[2023-05-05 16:42:17,420][__main__][INFO] - Test accuracy - 0.8254493670886075
[2023-05-05 16:42:17,425][__main__][INFO] - Total time 1532.5262 seconds
