[2023-05-05 16:45:15,085][__main__][INFO] - Net(
  (fc1): Linear(in_features=17, out_features=102, bias=True)
  (fc2): Linear(in_features=102, out_features=102, bias=True)
  (fc3): Linear(in_features=102, out_features=102, bias=True)
  (fc4): Linear(in_features=102, out_features=68, bias=True)
  (fc5): Linear(in_features=68, out_features=1, bias=True)
  (act1): ReLU()
  (act2): Tanh()
)
[2023-05-05 16:45:15,944][__main__][INFO] - Iteration 0, epoch 0, train accuracy 0.49, loss 0.5003
[2023-05-05 16:45:18,588][__main__][INFO] - Test accuracy - 0.6327634493670886
[2023-05-05 16:45:18,613][__main__][INFO] - Iteration 0, epoch 1, train accuracy 0.62, loss 0.4066
[2023-05-05 16:45:21,336][__main__][INFO] - Test accuracy - 0.7046617520138089
[2023-05-05 16:45:21,358][__main__][INFO] - Iteration 0, epoch 2, train accuracy 0.67, loss 0.3379
[2023-05-05 16:45:24,277][__main__][INFO] - Test accuracy - 0.714445914844649
[2023-05-05 16:45:24,307][__main__][INFO] - Iteration 0, epoch 3, train accuracy 0.73, loss 0.2836
[2023-05-05 16:45:27,643][__main__][INFO] - Test accuracy - 0.7220993958573072
[2023-05-05 16:45:27,679][__main__][INFO] - Iteration 0, epoch 4, train accuracy 0.74, loss 0.2668
[2023-05-05 16:45:31,279][__main__][INFO] - Test accuracy - 0.7288986622554661
[2023-05-05 16:45:31,308][__main__][INFO] - Iteration 0, epoch 5, train accuracy 0.72, loss 0.2830
[2023-05-05 16:45:34,401][__main__][INFO] - Test accuracy - 0.7330332278481013
[2023-05-05 16:45:34,423][__main__][INFO] - Iteration 0, epoch 6, train accuracy 0.72, loss 0.2745
[2023-05-05 16:45:37,377][__main__][INFO] - Test accuracy - 0.7355312140391255
[2023-05-05 16:45:37,397][__main__][INFO] - Iteration 0, epoch 7, train accuracy 0.75, loss 0.2526
[2023-05-05 16:45:40,710][__main__][INFO] - Test accuracy - 0.7380993958573072
[2023-05-05 16:45:40,732][__main__][INFO] - Iteration 0, epoch 8, train accuracy 0.76, loss 0.2446
[2023-05-05 16:45:43,981][__main__][INFO] - Test accuracy - 0.7392470512082855
[2023-05-05 16:45:44,006][__main__][INFO] - Iteration 0, epoch 9, train accuracy 0.76, loss 0.2487
[2023-05-05 16:45:47,270][__main__][INFO] - Test accuracy - 0.7412792721518987
[2023-05-05 16:45:47,297][__main__][INFO] - Iteration 0, epoch 10, train accuracy 0.75, loss 0.2537
[2023-05-05 16:45:50,951][__main__][INFO] - Test accuracy - 0.7431448504027618
[2023-05-05 16:45:50,982][__main__][INFO] - Iteration 0, epoch 11, train accuracy 0.75, loss 0.2549
[2023-05-05 16:45:54,223][__main__][INFO] - Test accuracy - 0.7427241800920599
[2023-05-05 16:45:54,244][__main__][INFO] - Iteration 0, epoch 12, train accuracy 0.76, loss 0.2437
[2023-05-05 16:45:57,480][__main__][INFO] - Test accuracy - 0.7451106156501727
[2023-05-05 16:45:57,502][__main__][INFO] - Iteration 0, epoch 13, train accuracy 0.75, loss 0.2527
[2023-05-05 16:46:00,759][__main__][INFO] - Test accuracy - 0.7467811421173763
[2023-05-05 16:46:00,789][__main__][INFO] - Iteration 0, epoch 14, train accuracy 0.75, loss 0.2522
[2023-05-05 16:46:04,285][__main__][INFO] - Test accuracy - 0.7481390247410817
[2023-05-05 16:46:04,312][__main__][INFO] - Iteration 0, epoch 15, train accuracy 0.75, loss 0.2509
[2023-05-05 16:46:07,480][__main__][INFO] - Test accuracy - 0.7497546029919447
[2023-05-05 16:46:07,508][__main__][INFO] - Iteration 0, epoch 16, train accuracy 0.75, loss 0.2562
[2023-05-05 16:46:10,514][__main__][INFO] - Test accuracy - 0.7492771144994247
[2023-05-05 16:46:10,543][__main__][INFO] - Iteration 0, epoch 17, train accuracy 0.75, loss 0.2547
[2023-05-05 16:46:13,641][__main__][INFO] - Test accuracy - 0.7515670310701956
[2023-05-05 16:46:13,669][__main__][INFO] - Iteration 0, epoch 18, train accuracy 0.76, loss 0.2439
[2023-05-05 16:46:16,733][__main__][INFO] - Test accuracy - 0.7515859464902186
[2023-05-05 16:46:16,759][__main__][INFO] - Iteration 0, epoch 19, train accuracy 0.77, loss 0.2360
[2023-05-05 16:46:20,211][__main__][INFO] - Test accuracy - 0.754051999424626
[2023-05-05 16:46:20,238][__main__][INFO] - Iteration 0, epoch 20, train accuracy 0.75, loss 0.2529
[2023-05-05 16:46:23,553][__main__][INFO] - Test accuracy - 0.7535082710011506
[2023-05-05 16:46:23,584][__main__][INFO] - Iteration 0, epoch 21, train accuracy 0.78, loss 0.2252
[2023-05-05 16:46:27,100][__main__][INFO] - Test accuracy - 0.7553624856156502
[2023-05-05 16:46:27,125][__main__][INFO] - Iteration 0, epoch 22, train accuracy 0.78, loss 0.2211
[2023-05-05 16:46:30,501][__main__][INFO] - Test accuracy - 0.7558037974683544
[2023-05-05 16:46:30,527][__main__][INFO] - Iteration 0, epoch 23, train accuracy 0.74, loss 0.2620
[2023-05-05 16:46:33,623][__main__][INFO] - Test accuracy - 0.7567184982738779
[2023-05-05 16:46:33,650][__main__][INFO] - Iteration 0, epoch 24, train accuracy 0.77, loss 0.2291
[2023-05-05 16:46:36,876][__main__][INFO] - Test accuracy - 0.7576579401611047
[2023-05-05 16:46:36,896][__main__][INFO] - Iteration 0, epoch 25, train accuracy 0.74, loss 0.2578
[2023-05-05 16:46:40,432][__main__][INFO] - Test accuracy - 0.7586901611047181
[2023-05-05 16:46:40,465][__main__][INFO] - Iteration 0, epoch 26, train accuracy 0.75, loss 0.2492
[2023-05-05 16:46:44,001][__main__][INFO] - Test accuracy - 0.7591408947065592
[2023-05-05 16:46:44,036][__main__][INFO] - Iteration 0, epoch 27, train accuracy 0.79, loss 0.2150
[2023-05-05 16:46:47,326][__main__][INFO] - Test accuracy - 0.7592241800920597
[2023-05-05 16:46:47,356][__main__][INFO] - Iteration 0, epoch 28, train accuracy 0.78, loss 0.2256
[2023-05-05 16:46:50,710][__main__][INFO] - Test accuracy - 0.7597658947065593
[2023-05-05 16:46:50,739][__main__][INFO] - Iteration 0, epoch 29, train accuracy 0.77, loss 0.2359
[2023-05-05 16:46:53,854][__main__][INFO] - Test accuracy - 0.759987413693901
[2023-05-05 16:46:53,881][__main__][INFO] - Iteration 0, epoch 30, train accuracy 0.77, loss 0.2299
[2023-05-05 16:46:57,143][__main__][INFO] - Test accuracy - 0.7604231875719217
[2023-05-05 16:46:57,168][__main__][INFO] - Iteration 0, epoch 31, train accuracy 0.76, loss 0.2459
[2023-05-05 16:47:00,282][__main__][INFO] - Test accuracy - 0.7602072784810127
[2023-05-05 16:47:00,305][__main__][INFO] - Iteration 0, epoch 32, train accuracy 0.78, loss 0.2260
[2023-05-05 16:47:03,659][__main__][INFO] - Test accuracy - 0.7602146144994246
[2023-05-05 16:47:03,681][__main__][INFO] - Iteration 0, epoch 33, train accuracy 0.78, loss 0.2210
[2023-05-05 16:47:07,012][__main__][INFO] - Test accuracy - 0.7614098820483314
[2023-05-05 16:47:07,033][__main__][INFO] - Iteration 0, epoch 34, train accuracy 0.74, loss 0.2663
[2023-05-05 16:47:10,323][__main__][INFO] - Test accuracy - 0.7614344792865363
[2023-05-05 16:47:10,355][__main__][INFO] - Iteration 0, epoch 35, train accuracy 0.78, loss 0.2212
[2023-05-05 16:47:13,731][__main__][INFO] - Test accuracy - 0.7623909666283084
[2023-05-05 16:47:13,764][__main__][INFO] - Iteration 0, epoch 36, train accuracy 0.76, loss 0.2383
[2023-05-05 16:47:16,972][__main__][INFO] - Test accuracy - 0.7624628883774452
[2023-05-05 16:47:16,994][__main__][INFO] - Iteration 0, epoch 37, train accuracy 0.75, loss 0.2478
[2023-05-05 16:47:20,354][__main__][INFO] - Test accuracy - 0.7624174338319908
[2023-05-05 16:47:20,379][__main__][INFO] - Iteration 0, epoch 38, train accuracy 0.75, loss 0.2477
[2023-05-05 16:47:23,632][__main__][INFO] - Test accuracy - 0.7619135500575372
[2023-05-05 16:47:23,657][__main__][INFO] - Iteration 0, epoch 39, train accuracy 0.77, loss 0.2333
[2023-05-05 16:47:26,901][__main__][INFO] - Test accuracy - 0.7632223820483314
[2023-05-05 16:47:26,924][__main__][INFO] - Iteration 0, epoch 40, train accuracy 0.76, loss 0.2467
[2023-05-05 16:47:30,204][__main__][INFO] - Test accuracy - 0.7631598101265822
[2023-05-05 16:47:30,232][__main__][INFO] - Iteration 0, epoch 41, train accuracy 0.77, loss 0.2367
[2023-05-05 16:47:33,362][__main__][INFO] - Test accuracy - 0.7631864930955121
[2023-05-05 16:47:33,392][__main__][INFO] - Iteration 0, epoch 42, train accuracy 0.75, loss 0.2560
[2023-05-05 16:47:36,487][__main__][INFO] - Test accuracy - 0.7637110184119678
[2023-05-05 16:47:36,513][__main__][INFO] - Iteration 0, epoch 43, train accuracy 0.76, loss 0.2427
[2023-05-05 16:47:39,593][__main__][INFO] - Test accuracy - 0.7642659666283084
[2023-05-05 16:47:39,615][__main__][INFO] - Iteration 0, epoch 44, train accuracy 0.78, loss 0.2220
[2023-05-05 16:47:42,901][__main__][INFO] - Test accuracy - 0.7642279919447641
[2023-05-05 16:47:42,927][__main__][INFO] - Iteration 0, epoch 45, train accuracy 0.77, loss 0.2342
[2023-05-05 16:47:46,197][__main__][INFO] - Test accuracy - 0.7640859464902185
[2023-05-05 16:47:46,223][__main__][INFO] - Iteration 0, epoch 46, train accuracy 0.78, loss 0.2269
[2023-05-05 16:47:49,182][__main__][INFO] - Test accuracy - 0.7639249856156503
[2023-05-05 16:47:49,206][__main__][INFO] - Iteration 0, epoch 47, train accuracy 0.78, loss 0.2193
[2023-05-05 16:47:52,243][__main__][INFO] - Test accuracy - 0.764271576524741
[2023-05-05 16:47:52,269][__main__][INFO] - Iteration 0, epoch 48, train accuracy 0.78, loss 0.2257
[2023-05-05 16:47:55,421][__main__][INFO] - Test accuracy - 0.7647829401611047
[2023-05-05 16:47:55,444][__main__][INFO] - Iteration 0, epoch 49, train accuracy 0.77, loss 0.2332
[2023-05-05 16:47:58,652][__main__][INFO] - Test accuracy - 0.7652886219792865
[2023-05-05 16:47:58,681][__main__][INFO] - Iteration 0, epoch 50, train accuracy 0.77, loss 0.2279
[2023-05-05 16:48:02,014][__main__][INFO] - Test accuracy - 0.764945914844649
[2023-05-05 16:48:02,037][__main__][INFO] - Iteration 0, epoch 51, train accuracy 0.78, loss 0.2135
[2023-05-05 16:48:05,222][__main__][INFO] - Test accuracy - 0.7643359464902186
[2023-05-05 16:48:05,246][__main__][INFO] - Iteration 0, epoch 52, train accuracy 0.77, loss 0.2304
[2023-05-05 16:48:08,477][__main__][INFO] - Test accuracy - 0.7641314010356731
[2023-05-05 16:48:08,505][__main__][INFO] - Iteration 0, epoch 53, train accuracy 0.78, loss 0.2245
[2023-05-05 16:48:11,757][__main__][INFO] - Test accuracy - 0.7656731875719217
[2023-05-05 16:48:11,792][__main__][INFO] - Iteration 0, epoch 54, train accuracy 0.79, loss 0.2153
[2023-05-05 16:48:15,011][__main__][INFO] - Test accuracy - 0.7664951093210586
[2023-05-05 16:48:15,042][__main__][INFO] - Iteration 0, epoch 55, train accuracy 0.77, loss 0.2334
[2023-05-05 16:48:18,249][__main__][INFO] - Test accuracy - 0.7661882192174914
[2023-05-05 16:48:18,277][__main__][INFO] - Iteration 0, epoch 56, train accuracy 0.76, loss 0.2401
[2023-05-05 16:48:21,525][__main__][INFO] - Test accuracy - 0.7668037974683544
[2023-05-05 16:48:21,547][__main__][INFO] - Iteration 0, epoch 57, train accuracy 0.77, loss 0.2330
[2023-05-05 16:48:24,777][__main__][INFO] - Test accuracy - 0.7663322065592634
[2023-05-05 16:48:24,801][__main__][INFO] - Iteration 0, epoch 58, train accuracy 0.77, loss 0.2354
[2023-05-05 16:48:28,013][__main__][INFO] - Test accuracy - 0.7659268555811277
[2023-05-05 16:48:28,038][__main__][INFO] - Iteration 0, epoch 59, train accuracy 0.78, loss 0.2170
[2023-05-05 16:48:31,236][__main__][INFO] - Test accuracy - 0.7667925057537399
[2023-05-05 16:48:31,261][__main__][INFO] - Iteration 0, epoch 60, train accuracy 0.77, loss 0.2318
[2023-05-05 16:48:34,520][__main__][INFO] - Test accuracy - 0.7660859464902188
[2023-05-05 16:48:34,546][__main__][INFO] - Iteration 0, epoch 61, train accuracy 0.75, loss 0.2533
[2023-05-05 16:48:37,768][__main__][INFO] - Test accuracy - 0.7650480437284234
[2023-05-05 16:48:37,795][__main__][INFO] - Iteration 0, epoch 62, train accuracy 0.77, loss 0.2348
[2023-05-05 16:48:40,994][__main__][INFO] - Test accuracy - 0.7671749856156502
[2023-05-05 16:48:41,015][__main__][INFO] - Iteration 0, epoch 63, train accuracy 0.81, loss 0.1973
[2023-05-05 16:48:44,251][__main__][INFO] - Test accuracy - 0.7673795310701955
[2023-05-05 16:48:44,280][__main__][INFO] - Iteration 0, epoch 64, train accuracy 0.76, loss 0.2353
[2023-05-05 16:48:47,502][__main__][INFO] - Test accuracy - 0.766218498273878
[2023-05-05 16:48:47,526][__main__][INFO] - Iteration 0, epoch 65, train accuracy 0.77, loss 0.2287
[2023-05-05 16:48:50,768][__main__][INFO] - Test accuracy - 0.7674041283084004
[2023-05-05 16:48:50,792][__main__][INFO] - Iteration 0, epoch 66, train accuracy 0.76, loss 0.2387
[2023-05-05 16:48:53,963][__main__][INFO] - Test accuracy - 0.7679704401611047
[2023-05-05 16:48:53,991][__main__][INFO] - Iteration 0, epoch 67, train accuracy 0.79, loss 0.2072
[2023-05-05 16:48:57,162][__main__][INFO] - Test accuracy - 0.7679382911392405
[2023-05-05 16:48:57,188][__main__][INFO] - Iteration 0, epoch 68, train accuracy 0.77, loss 0.2352
[2023-05-05 16:49:00,410][__main__][INFO] - Test accuracy - 0.7684041283084003
[2023-05-05 16:49:00,433][__main__][INFO] - Iteration 0, epoch 69, train accuracy 0.78, loss 0.2272
[2023-05-05 16:49:03,622][__main__][INFO] - Test accuracy - 0.7682470512082854
[2023-05-05 16:49:03,646][__main__][INFO] - Iteration 0, epoch 70, train accuracy 0.76, loss 0.2376
[2023-05-05 16:49:06,846][__main__][INFO] - Test accuracy - 0.7674344073647871
[2023-05-05 16:49:06,866][__main__][INFO] - Iteration 0, epoch 71, train accuracy 0.78, loss 0.2238
[2023-05-05 16:49:10,072][__main__][INFO] - Test accuracy - 0.7685348101265823
[2023-05-05 16:49:10,103][__main__][INFO] - Iteration 0, epoch 72, train accuracy 0.77, loss 0.2319
[2023-05-05 16:49:13,290][__main__][INFO] - Test accuracy - 0.7682772583429229
[2023-05-05 16:49:13,319][__main__][INFO] - Iteration 0, epoch 73, train accuracy 0.78, loss 0.2142
[2023-05-05 16:49:16,524][__main__][INFO] - Test accuracy - 0.7685102128883773
[2023-05-05 16:49:16,545][__main__][INFO] - Iteration 0, epoch 74, train accuracy 0.78, loss 0.2228
[2023-05-05 16:49:19,751][__main__][INFO] - Test accuracy - 0.7679097382048332
[2023-05-05 16:49:19,780][__main__][INFO] - Iteration 0, epoch 75, train accuracy 0.77, loss 0.2388
[2023-05-05 16:49:22,951][__main__][INFO] - Test accuracy - 0.768559407364787
[2023-05-05 16:49:22,972][__main__][INFO] - Iteration 0, epoch 76, train accuracy 0.79, loss 0.2159
[2023-05-05 16:49:26,199][__main__][INFO] - Test accuracy - 0.7693984464902186
[2023-05-05 16:49:26,220][__main__][INFO] - Iteration 0, epoch 77, train accuracy 0.78, loss 0.2189
[2023-05-05 16:49:29,400][__main__][INFO] - Test accuracy - 0.7686219073647872
[2023-05-05 16:49:29,422][__main__][INFO] - Iteration 0, epoch 78, train accuracy 0.78, loss 0.2220
[2023-05-05 16:49:32,614][__main__][INFO] - Test accuracy - 0.769589758342923
[2023-05-05 16:49:32,640][__main__][INFO] - Iteration 0, epoch 79, train accuracy 0.80, loss 0.2095
[2023-05-05 16:49:35,860][__main__][INFO] - Test accuracy - 0.7700387658227847
[2023-05-05 16:49:35,882][__main__][INFO] - Iteration 0, epoch 80, train accuracy 0.79, loss 0.2090
[2023-05-05 16:49:39,118][__main__][INFO] - Test accuracy - 0.7704042721518988
[2023-05-05 16:49:39,142][__main__][INFO] - Iteration 0, epoch 81, train accuracy 0.77, loss 0.2330
[2023-05-05 16:49:42,417][__main__][INFO] - Test accuracy - 0.7697734464902186
[2023-05-05 16:49:42,445][__main__][INFO] - Iteration 0, epoch 82, train accuracy 0.78, loss 0.2258
[2023-05-05 16:49:45,638][__main__][INFO] - Test accuracy - 0.7705443757192175
[2023-05-05 16:49:45,665][__main__][INFO] - Iteration 0, epoch 83, train accuracy 0.76, loss 0.2398
[2023-05-05 16:49:48,917][__main__][INFO] - Test accuracy - 0.7701485184119676
[2023-05-05 16:49:48,949][__main__][INFO] - Iteration 0, epoch 84, train accuracy 0.76, loss 0.2404
[2023-05-05 16:49:52,157][__main__][INFO] - Test accuracy - 0.7700424338319908
[2023-05-05 16:49:52,184][__main__][INFO] - Iteration 0, epoch 85, train accuracy 0.78, loss 0.2198
[2023-05-05 16:49:55,363][__main__][INFO] - Test accuracy - 0.7710500575373994
[2023-05-05 16:49:55,386][__main__][INFO] - Iteration 0, epoch 86, train accuracy 0.78, loss 0.2228
[2023-05-05 16:49:58,645][__main__][INFO] - Test accuracy - 0.7706882192174913
[2023-05-05 16:49:58,666][__main__][INFO] - Iteration 0, epoch 87, train accuracy 0.78, loss 0.2228
[2023-05-05 16:50:01,890][__main__][INFO] - Test accuracy - 0.7708113492520138
[2023-05-05 16:50:01,912][__main__][INFO] - Iteration 0, epoch 88, train accuracy 0.78, loss 0.2254
[2023-05-05 16:50:05,105][__main__][INFO] - Test accuracy - 0.7707508630609897
[2023-05-05 16:50:05,135][__main__][INFO] - Iteration 0, epoch 89, train accuracy 0.78, loss 0.2192
[2023-05-05 16:50:08,341][__main__][INFO] - Test accuracy - 0.7710292721518989
[2023-05-05 16:50:08,372][__main__][INFO] - Iteration 0, epoch 90, train accuracy 0.78, loss 0.2303
[2023-05-05 16:50:11,573][__main__][INFO] - Test accuracy - 0.7705858745684696
[2023-05-05 16:50:11,602][__main__][INFO] - Iteration 0, epoch 91, train accuracy 0.77, loss 0.2311
[2023-05-05 16:50:14,806][__main__][INFO] - Test accuracy - 0.7716031357882623
[2023-05-05 16:50:14,827][__main__][INFO] - Iteration 0, epoch 92, train accuracy 0.79, loss 0.2181
[2023-05-05 16:50:18,032][__main__][INFO] - Test accuracy - 0.7701597382048331
[2023-05-05 16:50:18,061][__main__][INFO] - Iteration 0, epoch 93, train accuracy 0.81, loss 0.1978
[2023-05-05 16:50:21,298][__main__][INFO] - Test accuracy - 0.7714648302646719
[2023-05-05 16:50:21,328][__main__][INFO] - Iteration 0, epoch 94, train accuracy 0.78, loss 0.2226
[2023-05-05 16:50:24,572][__main__][INFO] - Test accuracy - 0.7708417002301495
[2023-05-05 16:50:24,605][__main__][INFO] - Iteration 0, epoch 95, train accuracy 0.79, loss 0.2074
[2023-05-05 16:50:27,827][__main__][INFO] - Test accuracy - 0.7719193757192173
[2023-05-05 16:50:27,853][__main__][INFO] - Iteration 0, epoch 96, train accuracy 0.79, loss 0.2155
[2023-05-05 16:50:31,105][__main__][INFO] - Test accuracy - 0.7720064729574222
[2023-05-05 16:50:31,133][__main__][INFO] - Iteration 0, epoch 97, train accuracy 0.77, loss 0.2319
[2023-05-05 16:50:34,296][__main__][INFO] - Test accuracy - 0.7716637658227848
[2023-05-05 16:50:34,325][__main__][INFO] - Iteration 0, epoch 98, train accuracy 0.77, loss 0.2295
[2023-05-05 16:50:37,515][__main__][INFO] - Test accuracy - 0.7723228567318756
[2023-05-05 16:50:37,541][__main__][INFO] - Iteration 0, epoch 99, train accuracy 0.78, loss 0.2294
[2023-05-05 16:50:40,798][__main__][INFO] - Test accuracy - 0.7723019994246259
[2023-05-05 16:50:40,825][__main__][INFO] - Iteration 0, epoch 100, train accuracy 0.77, loss 0.2327
[2023-05-05 16:50:44,017][__main__][INFO] - Test accuracy - 0.7704646144994246
[2023-05-05 16:50:44,044][__main__][INFO] - Iteration 0, epoch 101, train accuracy 0.80, loss 0.2089
[2023-05-05 16:50:47,205][__main__][INFO] - Test accuracy - 0.7720311421173762
[2023-05-05 16:50:47,234][__main__][INFO] - Iteration 0, epoch 102, train accuracy 0.77, loss 0.2310
[2023-05-05 16:50:50,497][__main__][INFO] - Test accuracy - 0.7718323504027619
[2023-05-05 16:50:50,521][__main__][INFO] - Iteration 0, epoch 103, train accuracy 0.76, loss 0.2436
[2023-05-05 16:50:53,730][__main__][INFO] - Test accuracy - 0.7726429085155352
[2023-05-05 16:50:53,761][__main__][INFO] - Iteration 0, epoch 104, train accuracy 0.76, loss 0.2409
[2023-05-05 16:50:56,977][__main__][INFO] - Test accuracy - 0.7714800776754891
[2023-05-05 16:50:57,006][__main__][INFO] - Iteration 0, epoch 105, train accuracy 0.74, loss 0.2586
[2023-05-05 16:51:00,224][__main__][INFO] - Test accuracy - 0.7724667721518987
[2023-05-05 16:51:00,246][__main__][INFO] - Iteration 0, epoch 106, train accuracy 0.76, loss 0.2420
[2023-05-05 16:51:03,490][__main__][INFO] - Test accuracy - 0.772589830264672
[2023-05-05 16:51:03,515][__main__][INFO] - Iteration 0, epoch 107, train accuracy 0.80, loss 0.2008
[2023-05-05 16:51:06,728][__main__][INFO] - Test accuracy - 0.7728399021864211
[2023-05-05 16:51:06,753][__main__][INFO] - Iteration 0, epoch 108, train accuracy 0.76, loss 0.2458
[2023-05-05 16:51:09,977][__main__][INFO] - Test accuracy - 0.7725160385500576
[2023-05-05 16:51:10,001][__main__][INFO] - Iteration 0, epoch 109, train accuracy 0.77, loss 0.2259
[2023-05-05 16:51:13,240][__main__][INFO] - Test accuracy - 0.7713150172612199
[2023-05-05 16:51:13,260][__main__][INFO] - Iteration 0, epoch 110, train accuracy 0.79, loss 0.2165
[2023-05-05 16:51:16,445][__main__][INFO] - Test accuracy - 0.7692278481012658
[2023-05-05 16:51:16,471][__main__][INFO] - Iteration 0, epoch 111, train accuracy 0.78, loss 0.2244
[2023-05-05 16:51:19,679][__main__][INFO] - Test accuracy - 0.7730083429228998
[2023-05-05 16:51:19,707][__main__][INFO] - Iteration 0, epoch 112, train accuracy 0.79, loss 0.2163
[2023-05-05 16:51:22,899][__main__][INFO] - Test accuracy - 0.7729326093210586
[2023-05-05 16:51:22,927][__main__][INFO] - Iteration 0, epoch 113, train accuracy 0.79, loss 0.2118
[2023-05-05 16:51:26,107][__main__][INFO] - Test accuracy - 0.7705668872266973
[2023-05-05 16:51:26,134][__main__][INFO] - Iteration 0, epoch 114, train accuracy 0.75, loss 0.2475
[2023-05-05 16:51:29,304][__main__][INFO] - Test accuracy - 0.7722790563866514
[2023-05-05 16:51:29,325][__main__][INFO] - Iteration 0, epoch 115, train accuracy 0.77, loss 0.2302
[2023-05-05 16:51:32,472][__main__][INFO] - Test accuracy - 0.7728094073647871
[2023-05-05 16:51:32,500][__main__][INFO] - Iteration 0, epoch 116, train accuracy 0.79, loss 0.2150
[2023-05-05 16:51:35,703][__main__][INFO] - Test accuracy - 0.7729646864211737
[2023-05-05 16:51:35,731][__main__][INFO] - Iteration 0, epoch 117, train accuracy 0.76, loss 0.2383
[2023-05-05 16:51:38,896][__main__][INFO] - Test accuracy - 0.7732033227848102
[2023-05-05 16:51:38,919][__main__][INFO] - Iteration 0, epoch 118, train accuracy 0.76, loss 0.2376
[2023-05-05 16:51:42,118][__main__][INFO] - Test accuracy - 0.7740804085155353
[2023-05-05 16:51:42,146][__main__][INFO] - Iteration 0, epoch 119, train accuracy 0.78, loss 0.2243
[2023-05-05 16:51:45,356][__main__][INFO] - Test accuracy - 0.7734912255466053
[2023-05-05 16:51:45,381][__main__][INFO] - Iteration 0, epoch 120, train accuracy 0.79, loss 0.2161
[2023-05-05 16:51:48,534][__main__][INFO] - Test accuracy - 0.7731730437284234
[2023-05-05 16:51:48,558][__main__][INFO] - Iteration 0, epoch 121, train accuracy 0.79, loss 0.2115
[2023-05-05 16:51:51,777][__main__][INFO] - Test accuracy - 0.7733832710011508
[2023-05-05 16:51:51,806][__main__][INFO] - Iteration 0, epoch 122, train accuracy 0.77, loss 0.2313
[2023-05-05 16:51:55,044][__main__][INFO] - Test accuracy - 0.7728908227848101
[2023-05-05 16:51:55,069][__main__][INFO] - Iteration 0, epoch 123, train accuracy 0.78, loss 0.2290
[2023-05-05 16:51:58,329][__main__][INFO] - Test accuracy - 0.7728965046029918
[2023-05-05 16:51:58,360][__main__][INFO] - Iteration 0, epoch 124, train accuracy 0.78, loss 0.2225
[2023-05-05 16:52:01,509][__main__][INFO] - Test accuracy - 0.7730993958573074
[2023-05-05 16:52:01,534][__main__][INFO] - Iteration 0, epoch 125, train accuracy 0.78, loss 0.2260
[2023-05-05 16:52:04,739][__main__][INFO] - Test accuracy - 0.7740632192174913
[2023-05-05 16:52:04,767][__main__][INFO] - Iteration 0, epoch 126, train accuracy 0.77, loss 0.2343
[2023-05-05 16:52:08,013][__main__][INFO] - Test accuracy - 0.7734779200230151
[2023-05-05 16:52:08,037][__main__][INFO] - Iteration 0, epoch 127, train accuracy 0.78, loss 0.2247
[2023-05-05 16:52:11,224][__main__][INFO] - Test accuracy - 0.7736768555811276
[2023-05-05 16:52:11,252][__main__][INFO] - Iteration 0, epoch 128, train accuracy 0.77, loss 0.2358
[2023-05-05 16:52:14,445][__main__][INFO] - Test accuracy - 0.7742791283084004
[2023-05-05 16:52:14,470][__main__][INFO] - Iteration 0, epoch 129, train accuracy 0.78, loss 0.2194
[2023-05-05 16:52:17,673][__main__][INFO] - Test accuracy - 0.7741862773302647
[2023-05-05 16:52:17,697][__main__][INFO] - Iteration 0, epoch 130, train accuracy 0.79, loss 0.2168
[2023-05-05 16:52:20,893][__main__][INFO] - Test accuracy - 0.7738967922899885
[2023-05-05 16:52:20,913][__main__][INFO] - Iteration 0, epoch 131, train accuracy 0.80, loss 0.1976
[2023-05-05 16:52:24,087][__main__][INFO] - Test accuracy - 0.7746125575373994
[2023-05-05 16:52:24,113][__main__][INFO] - Iteration 0, epoch 132, train accuracy 0.78, loss 0.2197
[2023-05-05 16:52:27,339][__main__][INFO] - Test accuracy - 0.7747906357882623
[2023-05-05 16:52:27,365][__main__][INFO] - Iteration 0, epoch 133, train accuracy 0.80, loss 0.2019
[2023-05-05 16:52:30,538][__main__][INFO] - Test accuracy - 0.7743360184119678
[2023-05-05 16:52:30,566][__main__][INFO] - Iteration 0, epoch 134, train accuracy 0.80, loss 0.2057
[2023-05-05 16:52:33,760][__main__][INFO] - Test accuracy - 0.7754004602991944
[2023-05-05 16:52:33,789][__main__][INFO] - Iteration 0, epoch 135, train accuracy 0.80, loss 0.2040
[2023-05-05 16:52:37,006][__main__][INFO] - Test accuracy - 0.7744989930955121
[2023-05-05 16:52:37,031][__main__][INFO] - Iteration 0, epoch 136, train accuracy 0.78, loss 0.2235
[2023-05-05 16:52:40,223][__main__][INFO] - Test accuracy - 0.7748492520138089
[2023-05-05 16:52:40,244][__main__][INFO] - Iteration 0, epoch 137, train accuracy 0.79, loss 0.2132
[2023-05-05 16:52:43,455][__main__][INFO] - Test accuracy - 0.7750973820483315
[2023-05-05 16:52:43,480][__main__][INFO] - Iteration 0, epoch 138, train accuracy 0.79, loss 0.2096
[2023-05-05 16:52:46,715][__main__][INFO] - Test accuracy - 0.7747792002301496
[2023-05-05 16:52:46,754][__main__][INFO] - Iteration 0, epoch 139, train accuracy 0.76, loss 0.2355
[2023-05-05 16:52:49,952][__main__][INFO] - Test accuracy - 0.7743719792865362
[2023-05-05 16:52:49,973][__main__][INFO] - Iteration 0, epoch 140, train accuracy 0.76, loss 0.2371
[2023-05-05 16:52:53,228][__main__][INFO] - Test accuracy - 0.7753171749136939
[2023-05-05 16:52:53,263][__main__][INFO] - Iteration 0, epoch 141, train accuracy 0.80, loss 0.2052
[2023-05-05 16:52:56,514][__main__][INFO] - Test accuracy - 0.7749571346375143
[2023-05-05 16:52:56,541][__main__][INFO] - Iteration 0, epoch 142, train accuracy 0.78, loss 0.2189
[2023-05-05 16:52:59,717][__main__][INFO] - Test accuracy - 0.7753322065592635
[2023-05-05 16:52:59,747][__main__][INFO] - Iteration 0, epoch 143, train accuracy 0.81, loss 0.1958
[2023-05-05 16:53:02,925][__main__][INFO] - Test accuracy - 0.776148590333717
[2023-05-05 16:53:02,946][__main__][INFO] - Iteration 0, epoch 144, train accuracy 0.80, loss 0.2004
[2023-05-05 16:53:06,115][__main__][INFO] - Test accuracy - 0.7755765247410816
[2023-05-05 16:53:06,145][__main__][INFO] - Iteration 0, epoch 145, train accuracy 0.79, loss 0.2182
[2023-05-05 16:53:09,358][__main__][INFO] - Test accuracy - 0.7746543440736479
[2023-05-05 16:53:09,386][__main__][INFO] - Iteration 0, epoch 146, train accuracy 0.78, loss 0.2263
[2023-05-05 16:53:12,696][__main__][INFO] - Test accuracy - 0.7755747266973533
[2023-05-05 16:53:12,728][__main__][INFO] - Iteration 0, epoch 147, train accuracy 0.78, loss 0.2260
[2023-05-05 16:53:16,030][__main__][INFO] - Test accuracy - 0.7758039413118528
[2023-05-05 16:53:16,057][__main__][INFO] - Iteration 0, epoch 148, train accuracy 0.79, loss 0.2116
[2023-05-05 16:53:19,303][__main__][INFO] - Test accuracy - 0.7753740650172612
[2023-05-05 16:53:19,328][__main__][INFO] - Iteration 0, epoch 149, train accuracy 0.79, loss 0.2153
[2023-05-05 16:53:22,624][__main__][INFO] - Test accuracy - 0.7756844073647872
[2023-05-05 16:53:22,650][__main__][INFO] - Iteration 0, epoch 150, train accuracy 0.78, loss 0.2204
[2023-05-05 16:53:25,632][__main__][INFO] - Test accuracy - 0.7755612773302645
[2023-05-05 16:53:25,657][__main__][INFO] - Iteration 0, epoch 151, train accuracy 0.78, loss 0.2245
[2023-05-05 16:53:28,659][__main__][INFO] - Test accuracy - 0.7760407077100114
[2023-05-05 16:53:28,684][__main__][INFO] - Iteration 0, epoch 152, train accuracy 0.77, loss 0.2296
[2023-05-05 16:53:31,754][__main__][INFO] - Test accuracy - 0.7755991800920597
[2023-05-05 16:53:31,785][__main__][INFO] - Iteration 0, epoch 153, train accuracy 0.79, loss 0.2148
[2023-05-05 16:53:34,801][__main__][INFO] - Test accuracy - 0.7761316168009206
[2023-05-05 16:53:34,825][__main__][INFO] - Iteration 0, epoch 154, train accuracy 0.78, loss 0.2219
[2023-05-05 16:53:37,820][__main__][INFO] - Test accuracy - 0.7743737054085155
[2023-05-05 16:53:37,840][__main__][INFO] - Iteration 0, epoch 155, train accuracy 0.80, loss 0.2009
[2023-05-05 16:53:40,928][__main__][INFO] - Test accuracy - 0.7758304804372842
[2023-05-05 16:53:40,949][__main__][INFO] - Iteration 0, epoch 156, train accuracy 0.78, loss 0.2209
[2023-05-05 16:53:44,004][__main__][INFO] - Test accuracy - 0.7763664413118527
[2023-05-05 16:53:44,025][__main__][INFO] - Iteration 0, epoch 157, train accuracy 0.79, loss 0.2128
[2023-05-05 16:53:47,088][__main__][INFO] - Test accuracy - 0.7762735903337169
[2023-05-05 16:53:47,110][__main__][INFO] - Iteration 0, epoch 158, train accuracy 0.80, loss 0.2103
[2023-05-05 16:53:50,160][__main__][INFO] - Test accuracy - 0.7764988492520138
[2023-05-05 16:53:50,188][__main__][INFO] - Iteration 0, epoch 159, train accuracy 0.78, loss 0.2178
[2023-05-05 16:53:53,254][__main__][INFO] - Test accuracy - 0.7762355437284234
[2023-05-05 16:53:53,282][__main__][INFO] - Iteration 0, epoch 160, train accuracy 0.80, loss 0.2061
[2023-05-05 16:53:56,327][__main__][INFO] - Test accuracy - 0.7752487773302646
[2023-05-05 16:53:56,350][__main__][INFO] - Iteration 0, epoch 161, train accuracy 0.78, loss 0.2221
[2023-05-05 16:53:59,385][__main__][INFO] - Test accuracy - 0.7760764528193325
[2023-05-05 16:53:59,411][__main__][INFO] - Iteration 0, epoch 162, train accuracy 0.79, loss 0.2147
[2023-05-05 16:54:02,537][__main__][INFO] - Test accuracy - 0.7771011219792865
[2023-05-05 16:54:02,557][__main__][INFO] - Iteration 0, epoch 163, train accuracy 0.77, loss 0.2312
[2023-05-05 16:54:05,678][__main__][INFO] - Test accuracy - 0.7751086018411968
[2023-05-05 16:54:05,703][__main__][INFO] - Iteration 0, epoch 164, train accuracy 0.78, loss 0.2277
[2023-05-05 16:54:08,871][__main__][INFO] - Test accuracy - 0.7766105437284234
[2023-05-05 16:54:08,901][__main__][INFO] - Iteration 0, epoch 165, train accuracy 0.77, loss 0.2298
[2023-05-05 16:54:12,037][__main__][INFO] - Test accuracy - 0.7770045310701956
[2023-05-05 16:54:12,058][__main__][INFO] - Iteration 0, epoch 166, train accuracy 0.79, loss 0.2113
[2023-05-05 16:54:15,313][__main__][INFO] - Test accuracy - 0.7770897583429229
[2023-05-05 16:54:15,338][__main__][INFO] - Iteration 0, epoch 167, train accuracy 0.80, loss 0.2054
[2023-05-05 16:54:18,390][__main__][INFO] - Test accuracy - 0.7770463176064442
[2023-05-05 16:54:18,410][__main__][INFO] - Iteration 0, epoch 168, train accuracy 0.77, loss 0.2290
[2023-05-05 16:54:21,466][__main__][INFO] - Test accuracy - 0.7772015247410817
[2023-05-05 16:54:21,498][__main__][INFO] - Iteration 0, epoch 169, train accuracy 0.74, loss 0.2615
[2023-05-05 16:54:24,946][__main__][INFO] - Test accuracy - 0.7769628164556962
[2023-05-05 16:54:24,971][__main__][INFO] - Iteration 0, epoch 170, train accuracy 0.79, loss 0.2076
[2023-05-05 16:54:28,169][__main__][INFO] - Test accuracy - 0.7774609464902187
[2023-05-05 16:54:28,199][__main__][INFO] - Iteration 0, epoch 171, train accuracy 0.79, loss 0.2123
[2023-05-05 16:54:31,392][__main__][INFO] - Test accuracy - 0.7760461018411967
[2023-05-05 16:54:31,413][__main__][INFO] - Iteration 0, epoch 172, train accuracy 0.79, loss 0.2106
[2023-05-05 16:54:34,693][__main__][INFO] - Test accuracy - 0.7771105437284234
[2023-05-05 16:54:34,716][__main__][INFO] - Iteration 0, epoch 173, train accuracy 0.78, loss 0.2289
[2023-05-05 16:54:37,954][__main__][INFO] - Test accuracy - 0.7775746547756041
[2023-05-05 16:54:37,976][__main__][INFO] - Iteration 0, epoch 174, train accuracy 0.79, loss 0.2177
[2023-05-05 16:54:41,156][__main__][INFO] - Test accuracy - 0.7775689010356731
[2023-05-05 16:54:41,184][__main__][INFO] - Iteration 0, epoch 175, train accuracy 0.79, loss 0.2200
[2023-05-05 16:54:44,460][__main__][INFO] - Test accuracy - 0.7777582710011508
[2023-05-05 16:54:44,492][__main__][INFO] - Iteration 0, epoch 176, train accuracy 0.79, loss 0.2195
[2023-05-05 16:54:47,606][__main__][INFO] - Test accuracy - 0.7759116081703106
[2023-05-05 16:54:47,632][__main__][INFO] - Iteration 0, epoch 177, train accuracy 0.81, loss 0.1916
[2023-05-05 16:54:50,902][__main__][INFO] - Test accuracy - 0.7779023302646721
[2023-05-05 16:54:50,924][__main__][INFO] - Iteration 0, epoch 178, train accuracy 0.79, loss 0.2086
[2023-05-05 16:54:54,554][__main__][INFO] - Test accuracy - 0.777752589182969
[2023-05-05 16:54:54,580][__main__][INFO] - Iteration 0, epoch 179, train accuracy 0.79, loss 0.2114
[2023-05-05 16:54:57,831][__main__][INFO] - Test accuracy - 0.7781143555811277
[2023-05-05 16:54:57,853][__main__][INFO] - Iteration 0, epoch 180, train accuracy 0.80, loss 0.2003
[2023-05-05 16:55:00,894][__main__][INFO] - Test accuracy - 0.777834076524741
[2023-05-05 16:55:00,922][__main__][INFO] - Iteration 0, epoch 181, train accuracy 0.77, loss 0.2257
[2023-05-05 16:55:04,088][__main__][INFO] - Test accuracy - 0.7782508630609897
[2023-05-05 16:55:04,110][__main__][INFO] - Iteration 0, epoch 182, train accuracy 0.78, loss 0.2257
[2023-05-05 16:55:07,076][__main__][INFO] - Test accuracy - 0.7773094073647872
[2023-05-05 16:55:07,097][__main__][INFO] - Iteration 0, epoch 183, train accuracy 0.80, loss 0.2049
[2023-05-05 16:55:10,316][__main__][INFO] - Test accuracy - 0.7781467203682394
[2023-05-05 16:55:10,350][__main__][INFO] - Iteration 0, epoch 184, train accuracy 0.78, loss 0.2224
[2023-05-05 16:55:13,484][__main__][INFO] - Test accuracy - 0.778301999424626
[2023-05-05 16:55:13,506][__main__][INFO] - Iteration 0, epoch 185, train accuracy 0.79, loss 0.2094
[2023-05-05 16:55:16,617][__main__][INFO] - Test accuracy - 0.778339830264672
[2023-05-05 16:55:16,637][__main__][INFO] - Iteration 0, epoch 186, train accuracy 0.77, loss 0.2258
[2023-05-05 16:55:19,798][__main__][INFO] - Test accuracy - 0.7784950373993095
[2023-05-05 16:55:19,826][__main__][INFO] - Iteration 0, epoch 187, train accuracy 0.80, loss 0.2090
[2023-05-05 16:55:22,862][__main__][INFO] - Test accuracy - 0.7788133630609896
[2023-05-05 16:55:22,886][__main__][INFO] - Iteration 0, epoch 188, train accuracy 0.79, loss 0.2098
[2023-05-05 16:55:26,106][__main__][INFO] - Test accuracy - 0.7785765247410817
[2023-05-05 16:55:26,129][__main__][INFO] - Iteration 0, epoch 189, train accuracy 0.80, loss 0.2067
[2023-05-05 16:55:29,525][__main__][INFO] - Test accuracy - 0.7780518555811277
[2023-05-05 16:55:29,550][__main__][INFO] - Iteration 0, epoch 190, train accuracy 0.79, loss 0.2115
[2023-05-05 16:55:32,711][__main__][INFO] - Test accuracy - 0.7785120109321059
[2023-05-05 16:55:32,743][__main__][INFO] - Iteration 0, epoch 191, train accuracy 0.78, loss 0.2237
[2023-05-05 16:55:36,000][__main__][INFO] - Test accuracy - 0.7791106156501726
[2023-05-05 16:55:36,033][__main__][INFO] - Iteration 0, epoch 192, train accuracy 0.78, loss 0.2209
[2023-05-05 16:55:39,137][__main__][INFO] - Test accuracy - 0.7759211018411967
[2023-05-05 16:55:39,162][__main__][INFO] - Iteration 0, epoch 193, train accuracy 0.79, loss 0.2068
[2023-05-05 16:55:42,299][__main__][INFO] - Test accuracy - 0.7775631472957424
[2023-05-05 16:55:42,329][__main__][INFO] - Iteration 0, epoch 194, train accuracy 0.78, loss 0.2190
[2023-05-05 16:55:45,514][__main__][INFO] - Test accuracy - 0.77889082278481
[2023-05-05 16:55:45,533][__main__][INFO] - Iteration 0, epoch 195, train accuracy 0.77, loss 0.2307
[2023-05-05 16:55:48,555][__main__][INFO] - Test accuracy - 0.7793626294591486
[2023-05-05 16:55:48,578][__main__][INFO] - Iteration 0, epoch 196, train accuracy 0.78, loss 0.2230
[2023-05-05 16:55:51,643][__main__][INFO] - Test accuracy - 0.7773017836593786
[2023-05-05 16:55:51,666][__main__][INFO] - Iteration 0, epoch 197, train accuracy 0.80, loss 0.2084
[2023-05-05 16:55:55,038][__main__][INFO] - Test accuracy - 0.7795329401611049
[2023-05-05 16:55:55,063][__main__][INFO] - Iteration 0, epoch 198, train accuracy 0.80, loss 0.2066
[2023-05-05 16:55:58,220][__main__][INFO] - Test accuracy - 0.7794722382048331
[2023-05-05 16:55:58,249][__main__][INFO] - Iteration 0, epoch 199, train accuracy 0.79, loss 0.2136
[2023-05-05 16:56:01,566][__main__][INFO] - Test accuracy - 0.7794724539700805
[2023-05-05 16:56:01,586][__main__][INFO] - Iteration 0, epoch 200, train accuracy 0.77, loss 0.2316
[2023-05-05 16:56:04,567][__main__][INFO] - Test accuracy - 0.7786995109321059
[2023-05-05 16:56:04,592][__main__][INFO] - Iteration 0, epoch 201, train accuracy 0.78, loss 0.2247
[2023-05-05 16:56:07,612][__main__][INFO] - Test accuracy - 0.7799875575373992
[2023-05-05 16:56:07,634][__main__][INFO] - Iteration 0, epoch 202, train accuracy 0.81, loss 0.1942
[2023-05-05 16:56:10,674][__main__][INFO] - Test accuracy - 0.7799666283084005
[2023-05-05 16:56:10,698][__main__][INFO] - Iteration 0, epoch 203, train accuracy 0.80, loss 0.2050
[2023-05-05 16:56:13,528][__main__][INFO] - Test accuracy - 0.7778756472957422
[2023-05-05 16:56:13,549][__main__][INFO] - Iteration 0, epoch 204, train accuracy 0.77, loss 0.2302
[2023-05-05 16:56:16,662][__main__][INFO] - Test accuracy - 0.7803530638665133
[2023-05-05 16:56:16,689][__main__][INFO] - Iteration 0, epoch 205, train accuracy 0.78, loss 0.2225
[2023-05-05 16:56:19,767][__main__][INFO] - Test accuracy - 0.7797203682393555
[2023-05-05 16:56:19,811][__main__][INFO] - Iteration 0, epoch 206, train accuracy 0.78, loss 0.2177
[2023-05-05 16:56:23,480][__main__][INFO] - Test accuracy - 0.7802092203682393
[2023-05-05 16:56:23,505][__main__][INFO] - Iteration 0, epoch 207, train accuracy 0.77, loss 0.2330
[2023-05-05 16:56:26,637][__main__][INFO] - Test accuracy - 0.7809951093210586
[2023-05-05 16:56:26,667][__main__][INFO] - Iteration 0, epoch 208, train accuracy 0.78, loss 0.2188
[2023-05-05 16:56:29,694][__main__][INFO] - Test accuracy - 0.7809061421173763
[2023-05-05 16:56:29,719][__main__][INFO] - Iteration 0, epoch 209, train accuracy 0.77, loss 0.2315
[2023-05-05 16:56:32,875][__main__][INFO] - Test accuracy - 0.7813436421173763
[2023-05-05 16:56:32,907][__main__][INFO] - Iteration 0, epoch 210, train accuracy 0.79, loss 0.2104
[2023-05-05 16:56:35,964][__main__][INFO] - Test accuracy - 0.7807999856156502
[2023-05-05 16:56:35,986][__main__][INFO] - Iteration 0, epoch 211, train accuracy 0.81, loss 0.1967
[2023-05-05 16:56:39,071][__main__][INFO] - Test accuracy - 0.7813984464902185
[2023-05-05 16:56:39,097][__main__][INFO] - Iteration 0, epoch 212, train accuracy 0.80, loss 0.2030
[2023-05-05 16:56:42,131][__main__][INFO] - Test accuracy - 0.7816371547756041
[2023-05-05 16:56:42,159][__main__][INFO] - Iteration 0, epoch 213, train accuracy 0.80, loss 0.1976
[2023-05-05 16:56:45,171][__main__][INFO] - Test accuracy - 0.7812317318757191
[2023-05-05 16:56:45,192][__main__][INFO] - Iteration 0, epoch 214, train accuracy 0.81, loss 0.1968
[2023-05-05 16:56:48,184][__main__][INFO] - Test accuracy - 0.7821124856156502
[2023-05-05 16:56:48,205][__main__][INFO] - Iteration 0, epoch 215, train accuracy 0.77, loss 0.2338
[2023-05-05 16:56:51,515][__main__][INFO] - Test accuracy - 0.779771504602992
[2023-05-05 16:56:51,540][__main__][INFO] - Iteration 0, epoch 216, train accuracy 0.79, loss 0.2146
[2023-05-05 16:56:54,921][__main__][INFO] - Test accuracy - 0.7824345512082854
[2023-05-05 16:56:54,946][__main__][INFO] - Iteration 0, epoch 217, train accuracy 0.80, loss 0.2058
[2023-05-05 16:56:58,061][__main__][INFO] - Test accuracy - 0.7802051927502877
[2023-05-05 16:56:58,087][__main__][INFO] - Iteration 0, epoch 218, train accuracy 0.78, loss 0.2163
[2023-05-05 16:57:01,291][__main__][INFO] - Test accuracy - 0.782415563866513
[2023-05-05 16:57:01,315][__main__][INFO] - Iteration 0, epoch 219, train accuracy 0.76, loss 0.2390
[2023-05-05 16:57:04,690][__main__][INFO] - Test accuracy - 0.7827014528193327
[2023-05-05 16:57:04,718][__main__][INFO] - Iteration 0, epoch 220, train accuracy 0.81, loss 0.2036
[2023-05-05 16:57:07,823][__main__][INFO] - Test accuracy - 0.7798642836593785
[2023-05-05 16:57:07,855][__main__][INFO] - Iteration 0, epoch 221, train accuracy 0.78, loss 0.2183
[2023-05-05 16:57:10,967][__main__][INFO] - Test accuracy - 0.7827963176064443
[2023-05-05 16:57:10,991][__main__][INFO] - Iteration 0, epoch 222, train accuracy 0.80, loss 0.2039
[2023-05-05 16:57:14,209][__main__][INFO] - Test accuracy - 0.7832526611047181
[2023-05-05 16:57:14,242][__main__][INFO] - Iteration 0, epoch 223, train accuracy 0.79, loss 0.2084
[2023-05-05 16:57:17,146][__main__][INFO] - Test accuracy - 0.7829457710011508
[2023-05-05 16:57:17,172][__main__][INFO] - Iteration 0, epoch 224, train accuracy 0.80, loss 0.2029
[2023-05-05 16:57:20,218][__main__][INFO] - Test accuracy - 0.7835386939010356
[2023-05-05 16:57:20,239][__main__][INFO] - Iteration 0, epoch 225, train accuracy 0.78, loss 0.2164
[2023-05-05 16:57:23,272][__main__][INFO] - Test accuracy - 0.7823889528193326
[2023-05-05 16:57:23,292][__main__][INFO] - Iteration 0, epoch 226, train accuracy 0.81, loss 0.1972
[2023-05-05 16:57:26,236][__main__][INFO] - Test accuracy - 0.7839193037974684
[2023-05-05 16:57:26,260][__main__][INFO] - Iteration 0, epoch 227, train accuracy 0.80, loss 0.2039
[2023-05-05 16:57:29,228][__main__][INFO] - Test accuracy - 0.7842432393555812
[2023-05-05 16:57:29,257][__main__][INFO] - Iteration 0, epoch 228, train accuracy 0.80, loss 0.1988
[2023-05-05 16:57:32,488][__main__][INFO] - Test accuracy - 0.7842015247410817
[2023-05-05 16:57:32,511][__main__][INFO] - Iteration 0, epoch 229, train accuracy 0.79, loss 0.2066
[2023-05-05 16:57:35,640][__main__][INFO] - Test accuracy - 0.7847356156501726
[2023-05-05 16:57:35,661][__main__][INFO] - Iteration 0, epoch 230, train accuracy 0.79, loss 0.2115
[2023-05-05 16:57:38,960][__main__][INFO] - Test accuracy - 0.7845121547756041
[2023-05-05 16:57:38,988][__main__][INFO] - Iteration 0, epoch 231, train accuracy 0.79, loss 0.2097
[2023-05-05 16:57:42,159][__main__][INFO] - Test accuracy - 0.785118167433832
[2023-05-05 16:57:42,182][__main__][INFO] - Iteration 0, epoch 232, train accuracy 0.79, loss 0.2117
[2023-05-05 16:57:45,470][__main__][INFO] - Test accuracy - 0.7851674338319906
[2023-05-05 16:57:45,492][__main__][INFO] - Iteration 0, epoch 233, train accuracy 0.79, loss 0.2149
[2023-05-05 16:57:48,655][__main__][INFO] - Test accuracy - 0.7843018555811276
[2023-05-05 16:57:48,683][__main__][INFO] - Iteration 0, epoch 234, train accuracy 0.78, loss 0.2293
[2023-05-05 16:57:51,506][__main__][INFO] - Test accuracy - 0.7855480437284236
[2023-05-05 16:57:51,527][__main__][INFO] - Iteration 0, epoch 235, train accuracy 0.81, loss 0.1916
[2023-05-05 16:57:54,456][__main__][INFO] - Test accuracy - 0.7858265247410817
[2023-05-05 16:57:54,477][__main__][INFO] - Iteration 0, epoch 236, train accuracy 0.79, loss 0.2157
[2023-05-05 16:57:57,770][__main__][INFO] - Test accuracy - 0.7854932393555812
[2023-05-05 16:57:57,794][__main__][INFO] - Iteration 0, epoch 237, train accuracy 0.80, loss 0.2006
[2023-05-05 16:58:00,920][__main__][INFO] - Test accuracy - 0.7852923619102417
[2023-05-05 16:58:00,939][__main__][INFO] - Iteration 0, epoch 238, train accuracy 0.81, loss 0.1971
[2023-05-05 16:58:04,085][__main__][INFO] - Test accuracy - 0.7853775891829691
[2023-05-05 16:58:04,114][__main__][INFO] - Iteration 0, epoch 239, train accuracy 0.78, loss 0.2166
[2023-05-05 16:58:07,263][__main__][INFO] - Test accuracy - 0.7864761219792865
[2023-05-05 16:58:07,293][__main__][INFO] - Iteration 0, epoch 240, train accuracy 0.78, loss 0.2152
[2023-05-05 16:58:10,888][__main__][INFO] - Test accuracy - 0.7866030638665132
[2023-05-05 16:58:10,916][__main__][INFO] - Iteration 0, epoch 241, train accuracy 0.80, loss 0.2052
[2023-05-05 16:58:13,985][__main__][INFO] - Test accuracy - 0.7868662974683545
[2023-05-05 16:58:14,008][__main__][INFO] - Iteration 0, epoch 242, train accuracy 0.78, loss 0.2198
[2023-05-05 16:58:17,085][__main__][INFO] - Test accuracy - 0.7839969073647871
[2023-05-05 16:58:17,106][__main__][INFO] - Iteration 0, epoch 243, train accuracy 0.78, loss 0.2272
[2023-05-05 16:58:20,175][__main__][INFO] - Test accuracy - 0.786796245684695
[2023-05-05 16:58:20,196][__main__][INFO] - Iteration 0, epoch 244, train accuracy 0.79, loss 0.2156
[2023-05-05 16:58:23,284][__main__][INFO] - Test accuracy - 0.7871352848101267
[2023-05-05 16:58:23,306][__main__][INFO] - Iteration 0, epoch 245, train accuracy 0.80, loss 0.2046
[2023-05-05 16:58:26,374][__main__][INFO] - Test accuracy - 0.786589830264672
[2023-05-05 16:58:26,398][__main__][INFO] - Iteration 0, epoch 246, train accuracy 0.78, loss 0.2202
[2023-05-05 16:58:29,446][__main__][INFO] - Test accuracy - 0.7875765247410818
[2023-05-05 16:58:29,468][__main__][INFO] - Iteration 0, epoch 247, train accuracy 0.79, loss 0.2152
[2023-05-05 16:58:32,536][__main__][INFO] - Test accuracy - 0.7876200373993096
[2023-05-05 16:58:32,557][__main__][INFO] - Iteration 0, epoch 248, train accuracy 0.80, loss 0.1982
[2023-05-05 16:58:35,600][__main__][INFO] - Test accuracy - 0.787608673762946
[2023-05-05 16:58:35,622][__main__][INFO] - Iteration 0, epoch 249, train accuracy 0.79, loss 0.2171
[2023-05-05 16:58:38,734][__main__][INFO] - Test accuracy - 0.787415491944764
[2023-05-05 16:58:38,763][__main__][INFO] - Iteration 0, epoch 250, train accuracy 0.79, loss 0.2126
[2023-05-05 16:58:41,744][__main__][INFO] - Test accuracy - 0.7882602128883774
[2023-05-05 16:58:41,767][__main__][INFO] - Iteration 0, epoch 251, train accuracy 0.81, loss 0.1957
[2023-05-05 16:58:44,935][__main__][INFO] - Test accuracy - 0.7888075373993094
[2023-05-05 16:58:44,955][__main__][INFO] - Iteration 0, epoch 252, train accuracy 0.81, loss 0.1967
[2023-05-05 16:58:47,925][__main__][INFO] - Test accuracy - 0.7886181674338318
[2023-05-05 16:58:47,945][__main__][INFO] - Iteration 0, epoch 253, train accuracy 0.76, loss 0.2389
[2023-05-05 16:58:51,002][__main__][INFO] - Test accuracy - 0.7885575373993096
[2023-05-05 16:58:51,022][__main__][INFO] - Iteration 0, epoch 254, train accuracy 0.79, loss 0.2183
[2023-05-05 16:58:54,132][__main__][INFO] - Test accuracy - 0.7880557393555812
[2023-05-05 16:58:54,157][__main__][INFO] - Iteration 0, epoch 255, train accuracy 0.80, loss 0.2031
[2023-05-05 16:58:57,211][__main__][INFO] - Test accuracy - 0.788896576524741
[2023-05-05 16:58:57,233][__main__][INFO] - Iteration 0, epoch 256, train accuracy 0.80, loss 0.2073
[2023-05-05 16:59:00,320][__main__][INFO] - Test accuracy - 0.7889817318757192
[2023-05-05 16:59:00,345][__main__][INFO] - Iteration 0, epoch 257, train accuracy 0.79, loss 0.2098
[2023-05-05 16:59:03,584][__main__][INFO] - Test accuracy - 0.7887128883774452
[2023-05-05 16:59:03,609][__main__][INFO] - Iteration 0, epoch 258, train accuracy 0.79, loss 0.2087
[2023-05-05 16:59:06,691][__main__][INFO] - Test accuracy - 0.7892981156501726
[2023-05-05 16:59:06,714][__main__][INFO] - Iteration 0, epoch 259, train accuracy 0.80, loss 0.2105
[2023-05-05 16:59:09,729][__main__][INFO] - Test accuracy - 0.7895783947065594
[2023-05-05 16:59:09,761][__main__][INFO] - Iteration 0, epoch 260, train accuracy 0.79, loss 0.2135
[2023-05-05 16:59:12,970][__main__][INFO] - Test accuracy - 0.7900859464902186
[2023-05-05 16:59:12,990][__main__][INFO] - Iteration 0, epoch 261, train accuracy 0.80, loss 0.2076
[2023-05-05 16:59:16,140][__main__][INFO] - Test accuracy - 0.7897488492520139
[2023-05-05 16:59:16,163][__main__][INFO] - Iteration 0, epoch 262, train accuracy 0.79, loss 0.2129
[2023-05-05 16:59:19,264][__main__][INFO] - Test accuracy - 0.7893889528193324
[2023-05-05 16:59:19,295][__main__][INFO] - Iteration 0, epoch 263, train accuracy 0.80, loss 0.2012
[2023-05-05 16:59:22,340][__main__][INFO] - Test accuracy - 0.7880726409666283
[2023-05-05 16:59:22,364][__main__][INFO] - Iteration 0, epoch 264, train accuracy 0.78, loss 0.2205
[2023-05-05 16:59:25,445][__main__][INFO] - Test accuracy - 0.7900821346375143
[2023-05-05 16:59:25,468][__main__][INFO] - Iteration 0, epoch 265, train accuracy 0.80, loss 0.2089
[2023-05-05 16:59:28,786][__main__][INFO] - Test accuracy - 0.7905783947065591
[2023-05-05 16:59:28,820][__main__][INFO] - Iteration 0, epoch 266, train accuracy 0.78, loss 0.2226
[2023-05-05 16:59:31,473][__main__][INFO] - Test accuracy - 0.7904079401611047
[2023-05-05 16:59:31,492][__main__][INFO] - Iteration 0, epoch 267, train accuracy 0.79, loss 0.2163
[2023-05-05 16:59:34,261][__main__][INFO] - Test accuracy - 0.789905998273878
[2023-05-05 16:59:34,288][__main__][INFO] - Iteration 0, epoch 268, train accuracy 0.79, loss 0.2108
[2023-05-05 16:59:37,256][__main__][INFO] - Test accuracy - 0.7903662974683545
[2023-05-05 16:59:37,280][__main__][INFO] - Iteration 0, epoch 269, train accuracy 0.82, loss 0.1812
[2023-05-05 16:59:40,445][__main__][INFO] - Test accuracy - 0.7906749856156502
[2023-05-05 16:59:40,468][__main__][INFO] - Iteration 0, epoch 270, train accuracy 0.80, loss 0.2015
[2023-05-05 16:59:43,649][__main__][INFO] - Test accuracy - 0.788299913693901
[2023-05-05 16:59:43,669][__main__][INFO] - Iteration 0, epoch 271, train accuracy 0.78, loss 0.2220
[2023-05-05 16:59:46,948][__main__][INFO] - Test accuracy - 0.7913757192174913
[2023-05-05 16:59:46,968][__main__][INFO] - Iteration 0, epoch 272, train accuracy 0.77, loss 0.2288
[2023-05-05 16:59:50,213][__main__][INFO] - Test accuracy - 0.7906275891829689
[2023-05-05 16:59:50,246][__main__][INFO] - Iteration 0, epoch 273, train accuracy 0.80, loss 0.1968
[2023-05-05 16:59:53,524][__main__][INFO] - Test accuracy - 0.7905461737629461
[2023-05-05 16:59:53,554][__main__][INFO] - Iteration 0, epoch 274, train accuracy 0.81, loss 0.1910
[2023-05-05 16:59:56,735][__main__][INFO] - Test accuracy - 0.791568901035673
[2023-05-05 16:59:56,759][__main__][INFO] - Iteration 0, epoch 275, train accuracy 0.82, loss 0.1876
[2023-05-05 16:59:59,931][__main__][INFO] - Test accuracy - 0.7915386219792865
[2023-05-05 16:59:59,955][__main__][INFO] - Iteration 0, epoch 276, train accuracy 0.79, loss 0.2098
[2023-05-05 17:00:03,115][__main__][INFO] - Test accuracy - 0.7919098101265821
[2023-05-05 17:00:03,138][__main__][INFO] - Iteration 0, epoch 277, train accuracy 0.81, loss 0.1956
[2023-05-05 17:00:06,197][__main__][INFO] - Test accuracy - 0.7914041283084003
[2023-05-05 17:00:06,217][__main__][INFO] - Iteration 0, epoch 278, train accuracy 0.78, loss 0.2162
[2023-05-05 17:00:09,346][__main__][INFO] - Test accuracy - 0.7914609464902185
[2023-05-05 17:00:09,378][__main__][INFO] - Iteration 0, epoch 279, train accuracy 0.81, loss 0.1930
[2023-05-05 17:00:12,532][__main__][INFO] - Test accuracy - 0.7917071346375143
[2023-05-05 17:00:12,560][__main__][INFO] - Iteration 0, epoch 280, train accuracy 0.79, loss 0.2137
[2023-05-05 17:00:15,726][__main__][INFO] - Test accuracy - 0.7919704401611046
[2023-05-05 17:00:15,757][__main__][INFO] - Iteration 0, epoch 281, train accuracy 0.79, loss 0.2094
[2023-05-05 17:00:18,941][__main__][INFO] - Test accuracy - 0.7923473101265823
[2023-05-05 17:00:18,964][__main__][INFO] - Iteration 0, epoch 282, train accuracy 0.80, loss 0.1972
[2023-05-05 17:00:21,966][__main__][INFO] - Test accuracy - 0.7918908947065593
[2023-05-05 17:00:21,992][__main__][INFO] - Iteration 0, epoch 283, train accuracy 0.82, loss 0.1760
[2023-05-05 17:00:25,081][__main__][INFO] - Test accuracy - 0.7921825373993095
[2023-05-05 17:00:25,106][__main__][INFO] - Iteration 0, epoch 284, train accuracy 0.81, loss 0.1917
[2023-05-05 17:00:28,171][__main__][INFO] - Test accuracy - 0.7921730437284235
[2023-05-05 17:00:28,207][__main__][INFO] - Iteration 0, epoch 285, train accuracy 0.80, loss 0.2080
[2023-05-05 17:00:31,242][__main__][INFO] - Test accuracy - 0.7922961737629458
[2023-05-05 17:00:31,270][__main__][INFO] - Iteration 0, epoch 286, train accuracy 0.79, loss 0.2104
[2023-05-05 17:00:34,341][__main__][INFO] - Test accuracy - 0.7920973101265822
[2023-05-05 17:00:34,363][__main__][INFO] - Iteration 0, epoch 287, train accuracy 0.83, loss 0.1768
[2023-05-05 17:00:37,425][__main__][INFO] - Test accuracy - 0.7923946346375144
[2023-05-05 17:00:37,446][__main__][INFO] - Iteration 0, epoch 288, train accuracy 0.81, loss 0.1999
[2023-05-05 17:00:40,461][__main__][INFO] - Test accuracy - 0.7927223101265823
[2023-05-05 17:00:40,482][__main__][INFO] - Iteration 0, epoch 289, train accuracy 0.80, loss 0.2042
[2023-05-05 17:00:43,530][__main__][INFO] - Test accuracy - 0.7918757192174914
[2023-05-05 17:00:43,549][__main__][INFO] - Iteration 0, epoch 290, train accuracy 0.80, loss 0.2005
[2023-05-05 17:00:46,596][__main__][INFO] - Test accuracy - 0.7926238492520138
[2023-05-05 17:00:46,623][__main__][INFO] - Iteration 0, epoch 291, train accuracy 0.79, loss 0.2136
[2023-05-05 17:00:49,886][__main__][INFO] - Test accuracy - 0.7926882192174914
[2023-05-05 17:00:49,916][__main__][INFO] - Iteration 0, epoch 292, train accuracy 0.81, loss 0.2017
[2023-05-05 17:00:53,014][__main__][INFO] - Test accuracy - 0.7929609464902186
[2023-05-05 17:00:53,035][__main__][INFO] - Iteration 0, epoch 293, train accuracy 0.81, loss 0.1897
[2023-05-05 17:00:56,177][__main__][INFO] - Test accuracy - 0.7923606156501727
[2023-05-05 17:00:56,197][__main__][INFO] - Iteration 0, epoch 294, train accuracy 0.78, loss 0.2291
[2023-05-05 17:00:59,134][__main__][INFO] - Test accuracy - 0.7934723101265824
[2023-05-05 17:00:59,157][__main__][INFO] - Iteration 0, epoch 295, train accuracy 0.81, loss 0.2013
[2023-05-05 17:01:02,256][__main__][INFO] - Test accuracy - 0.7928662255466054
[2023-05-05 17:01:02,284][__main__][INFO] - Iteration 0, epoch 296, train accuracy 0.80, loss 0.2091
[2023-05-05 17:01:05,327][__main__][INFO] - Test accuracy - 0.7913245109321058
[2023-05-05 17:01:05,356][__main__][INFO] - Iteration 0, epoch 297, train accuracy 0.80, loss 0.2059
[2023-05-05 17:01:08,413][__main__][INFO] - Test accuracy - 0.7933757192174913
[2023-05-05 17:01:08,434][__main__][INFO] - Iteration 0, epoch 298, train accuracy 0.83, loss 0.1733
[2023-05-05 17:01:11,498][__main__][INFO] - Test accuracy - 0.793030998273878
[2023-05-05 17:01:11,518][__main__][INFO] - Iteration 0, epoch 299, train accuracy 0.79, loss 0.2155
[2023-05-05 17:01:14,571][__main__][INFO] - Test accuracy - 0.7932318037974683
[2023-05-05 17:01:14,597][__main__][INFO] - Iteration 0, epoch 300, train accuracy 0.79, loss 0.2127
[2023-05-05 17:01:17,684][__main__][INFO] - Test accuracy - 0.7912033227848102
[2023-05-05 17:01:17,707][__main__][INFO] - Iteration 0, epoch 301, train accuracy 0.81, loss 0.1957
[2023-05-05 17:01:20,927][__main__][INFO] - Test accuracy - 0.7932393555811277
[2023-05-05 17:01:20,950][__main__][INFO] - Iteration 0, epoch 302, train accuracy 0.80, loss 0.2020
[2023-05-05 17:01:24,242][__main__][INFO] - Test accuracy - 0.7929173619102418
[2023-05-05 17:01:24,277][__main__][INFO] - Iteration 0, epoch 303, train accuracy 0.80, loss 0.1979
[2023-05-05 17:01:27,488][__main__][INFO] - Test accuracy - 0.7891237054085155
[2023-05-05 17:01:27,520][__main__][INFO] - Iteration 0, epoch 304, train accuracy 0.80, loss 0.1977
[2023-05-05 17:01:30,691][__main__][INFO] - Test accuracy - 0.7943359464902187
[2023-05-05 17:01:30,715][__main__][INFO] - Iteration 0, epoch 305, train accuracy 0.81, loss 0.1841
[2023-05-05 17:01:33,765][__main__][INFO] - Test accuracy - 0.7941598101265822
[2023-05-05 17:01:33,786][__main__][INFO] - Iteration 0, epoch 306, train accuracy 0.79, loss 0.2090
[2023-05-05 17:01:36,899][__main__][INFO] - Test accuracy - 0.7938018555811278
[2023-05-05 17:01:36,917][__main__][INFO] - Iteration 0, epoch 307, train accuracy 0.77, loss 0.2359
[2023-05-05 17:01:39,674][__main__][INFO] - Test accuracy - 0.7946257192174913
[2023-05-05 17:01:39,696][__main__][INFO] - Iteration 0, epoch 308, train accuracy 0.79, loss 0.2139
[2023-05-05 17:01:42,728][__main__][INFO] - Test accuracy - 0.7946654919447641
[2023-05-05 17:01:42,754][__main__][INFO] - Iteration 0, epoch 309, train accuracy 0.79, loss 0.2139
[2023-05-05 17:01:45,998][__main__][INFO] - Test accuracy - 0.794637082853855
[2023-05-05 17:01:46,019][__main__][INFO] - Iteration 0, epoch 310, train accuracy 0.83, loss 0.1720
[2023-05-05 17:01:49,071][__main__][INFO] - Test accuracy - 0.7948927646720368
[2023-05-05 17:01:49,100][__main__][INFO] - Iteration 0, epoch 311, train accuracy 0.81, loss 0.1892
[2023-05-05 17:01:52,269][__main__][INFO] - Test accuracy - 0.7946882192174914
[2023-05-05 17:01:52,305][__main__][INFO] - Iteration 0, epoch 312, train accuracy 0.82, loss 0.1825
[2023-05-05 17:01:55,455][__main__][INFO] - Test accuracy - 0.7944628164556963
[2023-05-05 17:01:55,476][__main__][INFO] - Iteration 0, epoch 313, train accuracy 0.79, loss 0.2119
[2023-05-05 17:01:58,809][__main__][INFO] - Test accuracy - 0.7948132192174914
[2023-05-05 17:01:58,839][__main__][INFO] - Iteration 0, epoch 314, train accuracy 0.80, loss 0.1970
[2023-05-05 17:02:01,940][__main__][INFO] - Test accuracy - 0.7919172899884926
[2023-05-05 17:02:01,961][__main__][INFO] - Iteration 0, epoch 315, train accuracy 0.81, loss 0.2012
[2023-05-05 17:02:05,185][__main__][INFO] - Test accuracy - 0.7904381472957421
[2023-05-05 17:02:05,210][__main__][INFO] - Iteration 0, epoch 316, train accuracy 0.80, loss 0.2012
[2023-05-05 17:02:08,426][__main__][INFO] - Test accuracy - 0.7949723101265822
[2023-05-05 17:02:08,447][__main__][INFO] - Iteration 0, epoch 317, train accuracy 0.82, loss 0.1854
[2023-05-05 17:02:11,370][__main__][INFO] - Test accuracy - 0.7946275891829689
[2023-05-05 17:02:11,396][__main__][INFO] - Iteration 0, epoch 318, train accuracy 0.81, loss 0.1908
[2023-05-05 17:02:14,425][__main__][INFO] - Test accuracy - 0.7954609464902185
[2023-05-05 17:02:14,445][__main__][INFO] - Iteration 0, epoch 319, train accuracy 0.82, loss 0.1848
[2023-05-05 17:02:17,458][__main__][INFO] - Test accuracy - 0.7951181674338321
[2023-05-05 17:02:17,479][__main__][INFO] - Iteration 0, epoch 320, train accuracy 0.79, loss 0.2075
[2023-05-05 17:02:20,486][__main__][INFO] - Test accuracy - 0.7955916283084005
[2023-05-05 17:02:20,507][__main__][INFO] - Iteration 0, epoch 321, train accuracy 0.82, loss 0.1830
[2023-05-05 17:02:23,556][__main__][INFO] - Test accuracy - 0.7955689010356731
[2023-05-05 17:02:23,583][__main__][INFO] - Iteration 0, epoch 322, train accuracy 0.78, loss 0.2202
[2023-05-05 17:02:26,808][__main__][INFO] - Test accuracy - 0.7957071346375144
[2023-05-05 17:02:26,837][__main__][INFO] - Iteration 0, epoch 323, train accuracy 0.82, loss 0.1881
[2023-05-05 17:02:29,856][__main__][INFO] - Test accuracy - 0.7950612773302645
[2023-05-05 17:02:29,877][__main__][INFO] - Iteration 0, epoch 324, train accuracy 0.81, loss 0.1985
[2023-05-05 17:02:32,869][__main__][INFO] - Test accuracy - 0.7956711737629459
[2023-05-05 17:02:32,892][__main__][INFO] - Iteration 0, epoch 325, train accuracy 0.81, loss 0.1868
[2023-05-05 17:02:35,955][__main__][INFO] - Test accuracy - 0.7962052646720369
[2023-05-05 17:02:35,979][__main__][INFO] - Iteration 0, epoch 326, train accuracy 0.80, loss 0.2026
[2023-05-05 17:02:39,045][__main__][INFO] - Test accuracy - 0.7959818037974685
[2023-05-05 17:02:39,067][__main__][INFO] - Iteration 0, epoch 327, train accuracy 0.80, loss 0.2081
[2023-05-05 17:02:42,144][__main__][INFO] - Test accuracy - 0.7957734464902187
[2023-05-05 17:02:42,167][__main__][INFO] - Iteration 0, epoch 328, train accuracy 0.79, loss 0.2138
[2023-05-05 17:02:45,364][__main__][INFO] - Test accuracy - 0.795959004602992
[2023-05-05 17:02:45,386][__main__][INFO] - Iteration 0, epoch 329, train accuracy 0.81, loss 0.1902
[2023-05-05 17:02:48,587][__main__][INFO] - Test accuracy - 0.796699582853855
[2023-05-05 17:02:48,616][__main__][INFO] - Iteration 0, epoch 330, train accuracy 0.80, loss 0.2062
[2023-05-05 17:02:51,808][__main__][INFO] - Test accuracy - 0.7970234464902187
[2023-05-05 17:02:51,835][__main__][INFO] - Iteration 0, epoch 331, train accuracy 0.82, loss 0.1844
[2023-05-05 17:02:55,286][__main__][INFO] - Test accuracy - 0.7966503164556962
[2023-05-05 17:02:55,311][__main__][INFO] - Iteration 0, epoch 332, train accuracy 0.78, loss 0.2212
[2023-05-05 17:02:58,496][__main__][INFO] - Test accuracy - 0.794650244533947
[2023-05-05 17:02:58,521][__main__][INFO] - Iteration 0, epoch 333, train accuracy 0.80, loss 0.1976
[2023-05-05 17:03:01,588][__main__][INFO] - Test accuracy - 0.7967298619102418
[2023-05-05 17:03:01,607][__main__][INFO] - Iteration 0, epoch 334, train accuracy 0.81, loss 0.1925
[2023-05-05 17:03:04,761][__main__][INFO] - Test accuracy - 0.7964912255466051
[2023-05-05 17:03:04,786][__main__][INFO] - Iteration 0, epoch 335, train accuracy 0.79, loss 0.2048
[2023-05-05 17:03:07,924][__main__][INFO] - Test accuracy - 0.7954797899884926
[2023-05-05 17:03:07,952][__main__][INFO] - Iteration 0, epoch 336, train accuracy 0.79, loss 0.2149
[2023-05-05 17:03:11,002][__main__][INFO] - Test accuracy - 0.7961692318757193
[2023-05-05 17:03:11,031][__main__][INFO] - Iteration 0, epoch 337, train accuracy 0.79, loss 0.2107
[2023-05-05 17:03:14,234][__main__][INFO] - Test accuracy - 0.7964817318757192
[2023-05-05 17:03:14,256][__main__][INFO] - Iteration 0, epoch 338, train accuracy 0.81, loss 0.1931
[2023-05-05 17:03:17,278][__main__][INFO] - Test accuracy - 0.7972469073647872
[2023-05-05 17:03:17,312][__main__][INFO] - Iteration 0, epoch 339, train accuracy 0.82, loss 0.1811
[2023-05-05 17:03:20,471][__main__][INFO] - Test accuracy - 0.7970442318757193
[2023-05-05 17:03:20,505][__main__][INFO] - Iteration 0, epoch 340, train accuracy 0.79, loss 0.2113
[2023-05-05 17:03:23,467][__main__][INFO] - Test accuracy - 0.7972620828538549
[2023-05-05 17:03:23,487][__main__][INFO] - Iteration 0, epoch 341, train accuracy 0.81, loss 0.1918
[2023-05-05 17:03:26,505][__main__][INFO] - Test accuracy - 0.7970176927502877
[2023-05-05 17:03:26,529][__main__][INFO] - Iteration 0, epoch 342, train accuracy 0.81, loss 0.1950
[2023-05-05 17:03:29,550][__main__][INFO] - Test accuracy - 0.7976237773302647
[2023-05-05 17:03:29,576][__main__][INFO] - Iteration 0, epoch 343, train accuracy 0.80, loss 0.2020
[2023-05-05 17:03:32,605][__main__][INFO] - Test accuracy - 0.796790420023015
[2023-05-05 17:03:32,629][__main__][INFO] - Iteration 0, epoch 344, train accuracy 0.82, loss 0.1839
[2023-05-05 17:03:35,651][__main__][INFO] - Test accuracy - 0.7974836018411967
[2023-05-05 17:03:35,673][__main__][INFO] - Iteration 0, epoch 345, train accuracy 0.80, loss 0.2015
[2023-05-05 17:03:38,720][__main__][INFO] - Test accuracy - 0.7982866800920599
[2023-05-05 17:03:38,746][__main__][INFO] - Iteration 0, epoch 346, train accuracy 0.80, loss 0.2039
[2023-05-05 17:03:41,812][__main__][INFO] - Test accuracy - 0.7944418872266973
[2023-05-05 17:03:41,834][__main__][INFO] - Iteration 0, epoch 347, train accuracy 0.79, loss 0.2142
[2023-05-05 17:03:44,876][__main__][INFO] - Test accuracy - 0.7982525891829688
[2023-05-05 17:03:44,905][__main__][INFO] - Iteration 0, epoch 348, train accuracy 0.80, loss 0.2070
[2023-05-05 17:03:47,945][__main__][INFO] - Test accuracy - 0.7966843354430381
[2023-05-05 17:03:47,975][__main__][INFO] - Iteration 0, epoch 349, train accuracy 0.80, loss 0.2003
[2023-05-05 17:03:51,036][__main__][INFO] - Test accuracy - 0.7985915563866512
[2023-05-05 17:03:51,061][__main__][INFO] - Iteration 0, epoch 350, train accuracy 0.81, loss 0.1910
[2023-05-05 17:03:54,085][__main__][INFO] - Test accuracy - 0.798540420023015
[2023-05-05 17:03:54,105][__main__][INFO] - Iteration 0, epoch 351, train accuracy 0.81, loss 0.1987
[2023-05-05 17:03:57,156][__main__][INFO] - Test accuracy - 0.7962581990794017
[2023-05-05 17:03:57,176][__main__][INFO] - Iteration 0, epoch 352, train accuracy 0.81, loss 0.1929
[2023-05-05 17:04:00,236][__main__][INFO] - Test accuracy - 0.7986540563866513
[2023-05-05 17:04:00,259][__main__][INFO] - Iteration 0, epoch 353, train accuracy 0.81, loss 0.1972
[2023-05-05 17:04:03,301][__main__][INFO] - Test accuracy - 0.798737413693901
[2023-05-05 17:04:03,324][__main__][INFO] - Iteration 0, epoch 354, train accuracy 0.81, loss 0.2007
[2023-05-05 17:04:06,402][__main__][INFO] - Test accuracy - 0.7988434982738781
[2023-05-05 17:04:06,428][__main__][INFO] - Iteration 0, epoch 355, train accuracy 0.80, loss 0.1982
[2023-05-05 17:04:09,464][__main__][INFO] - Test accuracy - 0.7990783227848102
[2023-05-05 17:04:09,484][__main__][INFO] - Iteration 0, epoch 356, train accuracy 0.81, loss 0.1950
[2023-05-05 17:04:12,537][__main__][INFO] - Test accuracy - 0.7991048619102415
[2023-05-05 17:04:12,558][__main__][INFO] - Iteration 0, epoch 357, train accuracy 0.80, loss 0.2054
[2023-05-05 17:04:15,563][__main__][INFO] - Test accuracy - 0.798655926352129
[2023-05-05 17:04:15,583][__main__][INFO] - Iteration 0, epoch 358, train accuracy 0.81, loss 0.1989
[2023-05-05 17:04:18,593][__main__][INFO] - Test accuracy - 0.7993945627157651
[2023-05-05 17:04:18,621][__main__][INFO] - Iteration 0, epoch 359, train accuracy 0.80, loss 0.2090
[2023-05-05 17:04:21,705][__main__][INFO] - Test accuracy - 0.7989854718066745
[2023-05-05 17:04:21,738][__main__][INFO] - Iteration 0, epoch 360, train accuracy 0.80, loss 0.1987
[2023-05-05 17:04:24,764][__main__][INFO] - Test accuracy - 0.7994684982738779
[2023-05-05 17:04:24,790][__main__][INFO] - Iteration 0, epoch 361, train accuracy 0.81, loss 0.1918
[2023-05-05 17:04:27,804][__main__][INFO] - Test accuracy - 0.797703250863061
[2023-05-05 17:04:27,826][__main__][INFO] - Iteration 0, epoch 362, train accuracy 0.80, loss 0.2071
[2023-05-05 17:04:30,882][__main__][INFO] - Test accuracy - 0.7993396864211738
[2023-05-05 17:04:30,903][__main__][INFO] - Iteration 0, epoch 363, train accuracy 0.81, loss 0.2011
[2023-05-05 17:04:33,913][__main__][INFO] - Test accuracy - 0.799559335443038
[2023-05-05 17:04:33,936][__main__][INFO] - Iteration 0, epoch 364, train accuracy 0.79, loss 0.2106
[2023-05-05 17:04:36,976][__main__][INFO] - Test accuracy - 0.7995498417721518
[2023-05-05 17:04:37,002][__main__][INFO] - Iteration 0, epoch 365, train accuracy 0.81, loss 0.2007
[2023-05-05 17:04:40,054][__main__][INFO] - Test accuracy - 0.8005139528193326
[2023-05-05 17:04:40,078][__main__][INFO] - Iteration 0, epoch 366, train accuracy 0.84, loss 0.1703
[2023-05-05 17:04:43,123][__main__][INFO] - Test accuracy - 0.7946444907940162
[2023-05-05 17:04:43,146][__main__][INFO] - Iteration 0, epoch 367, train accuracy 0.79, loss 0.2078
[2023-05-05 17:04:46,236][__main__][INFO] - Test accuracy - 0.7983225690448793
[2023-05-05 17:04:46,262][__main__][INFO] - Iteration 0, epoch 368, train accuracy 0.80, loss 0.2017
[2023-05-05 17:04:49,317][__main__][INFO] - Test accuracy - 0.7957903481012658
[2023-05-05 17:04:49,349][__main__][INFO] - Iteration 0, epoch 369, train accuracy 0.82, loss 0.1882
[2023-05-05 17:04:52,409][__main__][INFO] - Test accuracy - 0.8007317318757192
[2023-05-05 17:04:52,434][__main__][INFO] - Iteration 0, epoch 370, train accuracy 0.81, loss 0.1911
[2023-05-05 17:04:55,499][__main__][INFO] - Test accuracy - 0.8005840046029921
[2023-05-05 17:04:55,522][__main__][INFO] - Iteration 0, epoch 371, train accuracy 0.80, loss 0.2054
[2023-05-05 17:04:58,572][__main__][INFO] - Test accuracy - 0.8003908947065593
[2023-05-05 17:04:58,597][__main__][INFO] - Iteration 0, epoch 372, train accuracy 0.81, loss 0.1917
[2023-05-05 17:05:01,683][__main__][INFO] - Test accuracy - 0.8008075373993097
[2023-05-05 17:05:01,704][__main__][INFO] - Iteration 0, epoch 373, train accuracy 0.80, loss 0.1927
[2023-05-05 17:05:04,721][__main__][INFO] - Test accuracy - 0.798500575373993
[2023-05-05 17:05:04,749][__main__][INFO] - Iteration 0, epoch 374, train accuracy 0.83, loss 0.1717
[2023-05-05 17:05:07,744][__main__][INFO] - Test accuracy - 0.7975176208285386
[2023-05-05 17:05:07,770][__main__][INFO] - Iteration 0, epoch 375, train accuracy 0.79, loss 0.2063
[2023-05-05 17:05:10,867][__main__][INFO] - Test accuracy - 0.8008245109321059
[2023-05-05 17:05:10,889][__main__][INFO] - Iteration 0, epoch 376, train accuracy 0.82, loss 0.1798
[2023-05-05 17:05:13,939][__main__][INFO] - Test accuracy - 0.8015290563866512
[2023-05-05 17:05:13,961][__main__][INFO] - Iteration 0, epoch 377, train accuracy 0.78, loss 0.2214
[2023-05-05 17:05:17,019][__main__][INFO] - Test accuracy - 0.8009136219792865
[2023-05-05 17:05:17,042][__main__][INFO] - Iteration 0, epoch 378, train accuracy 0.79, loss 0.2114
[2023-05-05 17:05:20,058][__main__][INFO] - Test accuracy - 0.8007733026467203
[2023-05-05 17:05:20,078][__main__][INFO] - Iteration 0, epoch 379, train accuracy 0.80, loss 0.2033
[2023-05-05 17:05:23,118][__main__][INFO] - Test accuracy - 0.8016767836593786
[2023-05-05 17:05:23,141][__main__][INFO] - Iteration 0, epoch 380, train accuracy 0.79, loss 0.2118
[2023-05-05 17:05:26,209][__main__][INFO] - Test accuracy - 0.8010612054085154
[2023-05-05 17:05:26,229][__main__][INFO] - Iteration 0, epoch 381, train accuracy 0.79, loss 0.2125
[2023-05-05 17:05:29,260][__main__][INFO] - Test accuracy - 0.802184407364787
[2023-05-05 17:05:29,282][__main__][INFO] - Iteration 0, epoch 382, train accuracy 0.80, loss 0.2113
[2023-05-05 17:05:32,335][__main__][INFO] - Test accuracy - 0.8016351409666285
[2023-05-05 17:05:32,358][__main__][INFO] - Iteration 0, epoch 383, train accuracy 0.81, loss 0.1889
[2023-05-05 17:05:35,389][__main__][INFO] - Test accuracy - 0.8019608026467204
[2023-05-05 17:05:35,409][__main__][INFO] - Iteration 0, epoch 384, train accuracy 0.80, loss 0.2048
[2023-05-05 17:05:38,429][__main__][INFO] - Test accuracy - 0.8018888808975834
[2023-05-05 17:05:38,453][__main__][INFO] - Iteration 0, epoch 385, train accuracy 0.81, loss 0.1958
[2023-05-05 17:05:41,518][__main__][INFO] - Test accuracy - 0.8007392117376294
[2023-05-05 17:05:41,539][__main__][INFO] - Iteration 0, epoch 386, train accuracy 0.81, loss 0.1890
[2023-05-05 17:05:44,571][__main__][INFO] - Test accuracy - 0.8023187571921749
[2023-05-05 17:05:44,597][__main__][INFO] - Iteration 0, epoch 387, train accuracy 0.80, loss 0.1978
[2023-05-05 17:05:47,659][__main__][INFO] - Test accuracy - 0.8024721662830839
[2023-05-05 17:05:47,687][__main__][INFO] - Iteration 0, epoch 388, train accuracy 0.81, loss 0.1975
[2023-05-05 17:05:50,719][__main__][INFO] - Test accuracy - 0.8012789844649023
[2023-05-05 17:05:50,743][__main__][INFO] - Iteration 0, epoch 389, train accuracy 0.81, loss 0.1963
[2023-05-05 17:05:53,807][__main__][INFO] - Test accuracy - 0.801534666283084
[2023-05-05 17:05:53,831][__main__][INFO] - Iteration 0, epoch 390, train accuracy 0.82, loss 0.1801
[2023-05-05 17:05:56,895][__main__][INFO] - Test accuracy - 0.8010573935558113
[2023-05-05 17:05:56,921][__main__][INFO] - Iteration 0, epoch 391, train accuracy 0.81, loss 0.1972
[2023-05-05 17:06:00,176][__main__][INFO] - Test accuracy - 0.8021823935558113
[2023-05-05 17:06:00,202][__main__][INFO] - Iteration 0, epoch 392, train accuracy 0.83, loss 0.1752
[2023-05-05 17:06:03,281][__main__][INFO] - Test accuracy - 0.8033073935558112
[2023-05-05 17:06:03,310][__main__][INFO] - Iteration 0, epoch 393, train accuracy 0.81, loss 0.1941
[2023-05-05 17:06:06,644][__main__][INFO] - Test accuracy - 0.8032922899884926
[2023-05-05 17:06:06,676][__main__][INFO] - Iteration 0, epoch 394, train accuracy 0.80, loss 0.2018
[2023-05-05 17:06:09,900][__main__][INFO] - Test accuracy - 0.8033509781357883
[2023-05-05 17:06:09,923][__main__][INFO] - Iteration 0, epoch 395, train accuracy 0.79, loss 0.2149
[2023-05-05 17:06:13,097][__main__][INFO] - Test accuracy - 0.802703250863061
[2023-05-05 17:06:13,120][__main__][INFO] - Iteration 0, epoch 396, train accuracy 0.79, loss 0.2116
[2023-05-05 17:06:16,174][__main__][INFO] - Test accuracy - 0.8036634781357883
[2023-05-05 17:06:16,201][__main__][INFO] - Iteration 0, epoch 397, train accuracy 0.82, loss 0.1840
[2023-05-05 17:06:19,271][__main__][INFO] - Test accuracy - 0.8038301208285386
[2023-05-05 17:06:19,297][__main__][INFO] - Iteration 0, epoch 398, train accuracy 0.83, loss 0.1742
[2023-05-05 17:06:22,716][__main__][INFO] - Test accuracy - 0.8039077963176063
[2023-05-05 17:06:22,743][__main__][INFO] - Iteration 0, epoch 399, train accuracy 0.80, loss 0.1976
[2023-05-05 17:06:25,944][__main__][INFO] - Test accuracy - 0.8031255753739931
[2023-05-05 17:06:25,977][__main__][INFO] - Iteration 0, epoch 400, train accuracy 0.80, loss 0.1944
[2023-05-05 17:06:28,837][__main__][INFO] - Test accuracy - 0.8039646144994247
[2023-05-05 17:06:28,862][__main__][INFO] - Iteration 0, epoch 401, train accuracy 0.80, loss 0.2038
[2023-05-05 17:06:31,888][__main__][INFO] - Test accuracy - 0.803737341772152
[2023-05-05 17:06:31,915][__main__][INFO] - Iteration 0, epoch 402, train accuracy 0.81, loss 0.1920
[2023-05-05 17:06:35,035][__main__][INFO] - Test accuracy - 0.8037221662830841
[2023-05-05 17:06:35,056][__main__][INFO] - Iteration 0, epoch 403, train accuracy 0.80, loss 0.2011
[2023-05-05 17:06:38,162][__main__][INFO] - Test accuracy - 0.8040233026467203
[2023-05-05 17:06:38,184][__main__][INFO] - Iteration 0, epoch 404, train accuracy 0.81, loss 0.1942
[2023-05-05 17:06:41,471][__main__][INFO] - Test accuracy - 0.8041388808975835
[2023-05-05 17:06:41,492][__main__][INFO] - Iteration 0, epoch 405, train accuracy 0.85, loss 0.1539
[2023-05-05 17:06:44,845][__main__][INFO] - Test accuracy - 0.8037808544303796
[2023-05-05 17:06:44,871][__main__][INFO] - Iteration 0, epoch 406, train accuracy 0.82, loss 0.1760
[2023-05-05 17:06:48,018][__main__][INFO] - Test accuracy - 0.8047392117376294
[2023-05-05 17:06:48,043][__main__][INFO] - Iteration 0, epoch 407, train accuracy 0.84, loss 0.1642
[2023-05-05 17:06:51,122][__main__][INFO] - Test accuracy - 0.8040478998849252
[2023-05-05 17:06:51,147][__main__][INFO] - Iteration 0, epoch 408, train accuracy 0.84, loss 0.1635
[2023-05-05 17:06:54,346][__main__][INFO] - Test accuracy - 0.8044873417721519
[2023-05-05 17:06:54,373][__main__][INFO] - Iteration 0, epoch 409, train accuracy 0.80, loss 0.2004
[2023-05-05 17:06:57,539][__main__][INFO] - Test accuracy - 0.8038983026467204
[2023-05-05 17:06:57,562][__main__][INFO] - Iteration 0, epoch 410, train accuracy 0.82, loss 0.1804
[2023-05-05 17:07:00,797][__main__][INFO] - Test accuracy - 0.804116081703107
[2023-05-05 17:07:00,825][__main__][INFO] - Iteration 0, epoch 411, train accuracy 0.83, loss 0.1741
[2023-05-05 17:07:04,125][__main__][INFO] - Test accuracy - 0.8052051208285385
[2023-05-05 17:07:04,151][__main__][INFO] - Iteration 0, epoch 412, train accuracy 0.80, loss 0.2050
[2023-05-05 17:07:07,224][__main__][INFO] - Test accuracy - 0.8037184982738782
[2023-05-05 17:07:07,244][__main__][INFO] - Iteration 0, epoch 413, train accuracy 0.80, loss 0.1992
[2023-05-05 17:07:10,425][__main__][INFO] - Test accuracy - 0.803813075373993
[2023-05-05 17:07:10,448][__main__][INFO] - Iteration 0, epoch 414, train accuracy 0.81, loss 0.1956
[2023-05-05 17:07:13,569][__main__][INFO] - Test accuracy - 0.8046653481012658
[2023-05-05 17:07:13,589][__main__][INFO] - Iteration 0, epoch 415, train accuracy 0.80, loss 0.1944
[2023-05-05 17:07:16,731][__main__][INFO] - Test accuracy - 0.804828250863061
[2023-05-05 17:07:16,756][__main__][INFO] - Iteration 0, epoch 416, train accuracy 0.84, loss 0.1665
[2023-05-05 17:07:19,896][__main__][INFO] - Test accuracy - 0.8052069907940161
[2023-05-05 17:07:19,921][__main__][INFO] - Iteration 0, epoch 417, train accuracy 0.80, loss 0.1982
[2023-05-05 17:07:23,056][__main__][INFO] - Test accuracy - 0.8050043872266973
[2023-05-05 17:07:23,085][__main__][INFO] - Iteration 0, epoch 418, train accuracy 0.80, loss 0.2055
[2023-05-05 17:07:26,298][__main__][INFO] - Test accuracy - 0.8051312571921749
[2023-05-05 17:07:26,318][__main__][INFO] - Iteration 0, epoch 419, train accuracy 0.82, loss 0.1892
[2023-05-05 17:07:29,430][__main__][INFO] - Test accuracy - 0.8011708860759493
[2023-05-05 17:07:29,451][__main__][INFO] - Iteration 0, epoch 420, train accuracy 0.82, loss 0.1816
[2023-05-05 17:07:32,588][__main__][INFO] - Test accuracy - 0.8052960299194477
[2023-05-05 17:07:32,612][__main__][INFO] - Iteration 0, epoch 421, train accuracy 0.79, loss 0.2090
[2023-05-05 17:07:35,801][__main__][INFO] - Test accuracy - 0.7998300489067893
[2023-05-05 17:07:35,822][__main__][INFO] - Iteration 0, epoch 422, train accuracy 0.81, loss 0.1947
[2023-05-05 17:07:38,929][__main__][INFO] - Test accuracy - 0.8043338607594936
[2023-05-05 17:07:38,953][__main__][INFO] - Iteration 0, epoch 423, train accuracy 0.80, loss 0.2008
[2023-05-05 17:07:42,155][__main__][INFO] - Test accuracy - 0.8049192318757192
[2023-05-05 17:07:42,179][__main__][INFO] - Iteration 0, epoch 424, train accuracy 0.83, loss 0.1778
[2023-05-05 17:07:45,320][__main__][INFO] - Test accuracy - 0.8045706271576524
[2023-05-05 17:07:45,346][__main__][INFO] - Iteration 0, epoch 425, train accuracy 0.78, loss 0.2154
[2023-05-05 17:07:48,542][__main__][INFO] - Test accuracy - 0.8061237054085155
[2023-05-05 17:07:48,568][__main__][INFO] - Iteration 0, epoch 426, train accuracy 0.83, loss 0.1737
[2023-05-05 17:07:51,717][__main__][INFO] - Test accuracy - 0.8057070627157653
[2023-05-05 17:07:51,745][__main__][INFO] - Iteration 0, epoch 427, train accuracy 0.81, loss 0.1903
[2023-05-05 17:07:54,938][__main__][INFO] - Test accuracy - 0.8062979718066743
[2023-05-05 17:07:54,963][__main__][INFO] - Iteration 0, epoch 428, train accuracy 0.81, loss 0.1924
[2023-05-05 17:07:58,158][__main__][INFO] - Test accuracy - 0.8057922180667435
[2023-05-05 17:07:58,182][__main__][INFO] - Iteration 0, epoch 429, train accuracy 0.82, loss 0.1878
[2023-05-05 17:08:01,324][__main__][INFO] - Test accuracy - 0.8032466915995397
[2023-05-05 17:08:01,344][__main__][INFO] - Iteration 0, epoch 430, train accuracy 0.81, loss 0.1966
[2023-05-05 17:08:04,418][__main__][INFO] - Test accuracy - 0.8040345943613348
[2023-05-05 17:08:04,446][__main__][INFO] - Iteration 0, epoch 431, train accuracy 0.82, loss 0.1869
[2023-05-05 17:08:07,639][__main__][INFO] - Test accuracy - 0.8065271144994246
[2023-05-05 17:08:07,660][__main__][INFO] - Iteration 0, epoch 432, train accuracy 0.82, loss 0.1770
[2023-05-05 17:08:10,830][__main__][INFO] - Test accuracy - 0.8066407508630611
[2023-05-05 17:08:10,855][__main__][INFO] - Iteration 0, epoch 433, train accuracy 0.81, loss 0.1874
[2023-05-05 17:08:14,000][__main__][INFO] - Test accuracy - 0.8063168872266975
[2023-05-05 17:08:14,026][__main__][INFO] - Iteration 0, epoch 434, train accuracy 0.82, loss 0.1836
[2023-05-05 17:08:17,215][__main__][INFO] - Test accuracy - 0.8069589326812427
[2023-05-05 17:08:17,240][__main__][INFO] - Iteration 0, epoch 435, train accuracy 0.80, loss 0.1982
[2023-05-05 17:08:20,378][__main__][INFO] - Test accuracy - 0.8060630753739931
[2023-05-05 17:08:20,400][__main__][INFO] - Iteration 0, epoch 436, train accuracy 0.82, loss 0.1820
[2023-05-05 17:08:23,561][__main__][INFO] - Test accuracy - 0.8061728998849251
[2023-05-05 17:08:23,585][__main__][INFO] - Iteration 0, epoch 437, train accuracy 0.79, loss 0.2146
[2023-05-05 17:08:26,741][__main__][INFO] - Test accuracy - 0.8066331271576523
[2023-05-05 17:08:26,769][__main__][INFO] - Iteration 0, epoch 438, train accuracy 0.82, loss 0.1830
[2023-05-05 17:08:29,910][__main__][INFO] - Test accuracy - 0.8066408227848101
[2023-05-05 17:08:29,933][__main__][INFO] - Iteration 0, epoch 439, train accuracy 0.82, loss 0.1843
[2023-05-05 17:08:33,072][__main__][INFO] - Test accuracy - 0.8065366081703107
[2023-05-05 17:08:33,095][__main__][INFO] - Iteration 0, epoch 440, train accuracy 0.80, loss 0.1993
[2023-05-05 17:08:36,193][__main__][INFO] - Test accuracy - 0.8066823935558112
[2023-05-05 17:08:36,215][__main__][INFO] - Iteration 0, epoch 441, train accuracy 0.81, loss 0.1920
[2023-05-05 17:08:39,374][__main__][INFO] - Test accuracy - 0.8072543872266974
[2023-05-05 17:08:39,403][__main__][INFO] - Iteration 0, epoch 442, train accuracy 0.81, loss 0.1896
[2023-05-05 17:08:42,567][__main__][INFO] - Test accuracy - 0.8073188291139239
[2023-05-05 17:08:42,588][__main__][INFO] - Iteration 0, epoch 443, train accuracy 0.81, loss 0.1896
[2023-05-05 17:08:45,692][__main__][INFO] - Test accuracy - 0.8065763089758342
[2023-05-05 17:08:45,718][__main__][INFO] - Iteration 0, epoch 444, train accuracy 0.82, loss 0.1822
[2023-05-05 17:08:48,926][__main__][INFO] - Test accuracy - 0.8072581990794017
[2023-05-05 17:08:48,947][__main__][INFO] - Iteration 0, epoch 445, train accuracy 0.81, loss 0.1998
[2023-05-05 17:08:52,072][__main__][INFO] - Test accuracy - 0.8073604718066744
[2023-05-05 17:08:52,095][__main__][INFO] - Iteration 0, epoch 446, train accuracy 0.81, loss 0.1888
[2023-05-05 17:08:55,231][__main__][INFO] - Test accuracy - 0.8034966915995397
[2023-05-05 17:08:55,252][__main__][INFO] - Iteration 0, epoch 447, train accuracy 0.81, loss 0.1963
[2023-05-05 17:08:58,393][__main__][INFO] - Test accuracy - 0.8073017836593785
[2023-05-05 17:08:58,415][__main__][INFO] - Iteration 0, epoch 448, train accuracy 0.79, loss 0.2105
[2023-05-05 17:09:01,584][__main__][INFO] - Test accuracy - 0.8070195627157652
[2023-05-05 17:09:01,608][__main__][INFO] - Iteration 0, epoch 449, train accuracy 0.81, loss 0.1916
[2023-05-05 17:09:04,731][__main__][INFO] - Test accuracy - 0.8064797180667433
[2023-05-05 17:09:04,760][__main__][INFO] - Iteration 0, epoch 450, train accuracy 0.81, loss 0.1972
[2023-05-05 17:09:07,903][__main__][INFO] - Test accuracy - 0.8077525172612199
[2023-05-05 17:09:07,924][__main__][INFO] - Iteration 0, epoch 451, train accuracy 0.81, loss 0.1996
[2023-05-05 17:09:11,119][__main__][INFO] - Test accuracy - 0.8071483026467202
[2023-05-05 17:09:11,146][__main__][INFO] - Iteration 0, epoch 452, train accuracy 0.80, loss 0.2000
[2023-05-05 17:09:14,279][__main__][INFO] - Test accuracy - 0.8063302646720367
[2023-05-05 17:09:14,300][__main__][INFO] - Iteration 0, epoch 453, train accuracy 0.81, loss 0.1977
[2023-05-05 17:09:17,455][__main__][INFO] - Test accuracy - 0.8072751726121979
[2023-05-05 17:09:17,482][__main__][INFO] - Iteration 0, epoch 454, train accuracy 0.80, loss 0.2046
[2023-05-05 17:09:20,642][__main__][INFO] - Test accuracy - 0.8071861334867664
[2023-05-05 17:09:20,664][__main__][INFO] - Iteration 0, epoch 455, train accuracy 0.81, loss 0.1963
[2023-05-05 17:09:23,837][__main__][INFO] - Test accuracy - 0.8079683544303797
[2023-05-05 17:09:23,860][__main__][INFO] - Iteration 0, epoch 456, train accuracy 0.81, loss 0.1889
[2023-05-05 17:09:27,023][__main__][INFO] - Test accuracy - 0.8081274453394708
[2023-05-05 17:09:27,048][__main__][INFO] - Iteration 0, epoch 457, train accuracy 0.81, loss 0.1907
[2023-05-05 17:09:30,195][__main__][INFO] - Test accuracy - 0.8075478998849253
[2023-05-05 17:09:30,218][__main__][INFO] - Iteration 0, epoch 458, train accuracy 0.80, loss 0.2018
[2023-05-05 17:09:33,354][__main__][INFO] - Test accuracy - 0.8059266398158802
[2023-05-05 17:09:33,380][__main__][INFO] - Iteration 0, epoch 459, train accuracy 0.82, loss 0.1801
[2023-05-05 17:09:36,531][__main__][INFO] - Test accuracy - 0.8081862054085156
[2023-05-05 17:09:36,554][__main__][INFO] - Iteration 0, epoch 460, train accuracy 0.81, loss 0.1883
[2023-05-05 17:09:39,699][__main__][INFO] - Test accuracy - 0.8080612054085156
[2023-05-05 17:09:39,723][__main__][INFO] - Iteration 0, epoch 461, train accuracy 0.84, loss 0.1594
[2023-05-05 17:09:42,904][__main__][INFO] - Test accuracy - 0.8067372698504027
[2023-05-05 17:09:42,929][__main__][INFO] - Iteration 0, epoch 462, train accuracy 0.80, loss 0.2045
[2023-05-05 17:09:46,098][__main__][INFO] - Test accuracy - 0.8081842635212889
[2023-05-05 17:09:46,129][__main__][INFO] - Iteration 0, epoch 463, train accuracy 0.81, loss 0.1868
[2023-05-05 17:09:49,354][__main__][INFO] - Test accuracy - 0.8082657508630611
[2023-05-05 17:09:49,377][__main__][INFO] - Iteration 0, epoch 464, train accuracy 0.82, loss 0.1844
[2023-05-05 17:09:52,539][__main__][INFO] - Test accuracy - 0.808718426352129
[2023-05-05 17:09:52,565][__main__][INFO] - Iteration 0, epoch 465, train accuracy 0.81, loss 0.1964
[2023-05-05 17:09:55,735][__main__][INFO] - Test accuracy - 0.8082013089758342
[2023-05-05 17:09:55,766][__main__][INFO] - Iteration 0, epoch 466, train accuracy 0.81, loss 0.1949
[2023-05-05 17:09:58,907][__main__][INFO] - Test accuracy - 0.8070497698504027
[2023-05-05 17:09:58,934][__main__][INFO] - Iteration 0, epoch 467, train accuracy 0.81, loss 0.1924
[2023-05-05 17:10:02,113][__main__][INFO] - Test accuracy - 0.8077808544303796
[2023-05-05 17:10:02,137][__main__][INFO] - Iteration 0, epoch 468, train accuracy 0.80, loss 0.2067
[2023-05-05 17:10:05,279][__main__][INFO] - Test accuracy - 0.8080196346375144
[2023-05-05 17:10:05,305][__main__][INFO] - Iteration 0, epoch 469, train accuracy 0.80, loss 0.1966
[2023-05-05 17:10:08,436][__main__][INFO] - Test accuracy - 0.8087316599539701
[2023-05-05 17:10:08,457][__main__][INFO] - Iteration 0, epoch 470, train accuracy 0.81, loss 0.1953
[2023-05-05 17:10:11,627][__main__][INFO] - Test accuracy - 0.8073737773302647
[2023-05-05 17:10:11,649][__main__][INFO] - Iteration 0, epoch 471, train accuracy 0.81, loss 0.1978
[2023-05-05 17:10:14,816][__main__][INFO] - Test accuracy - 0.8090933544303798
[2023-05-05 17:10:14,841][__main__][INFO] - Iteration 0, epoch 472, train accuracy 0.81, loss 0.1952
[2023-05-05 17:10:18,008][__main__][INFO] - Test accuracy - 0.8086066599539702
[2023-05-05 17:10:18,031][__main__][INFO] - Iteration 0, epoch 473, train accuracy 0.81, loss 0.1956
[2023-05-05 17:10:21,204][__main__][INFO] - Test accuracy - 0.8088452963176064
[2023-05-05 17:10:21,227][__main__][INFO] - Iteration 0, epoch 474, train accuracy 0.80, loss 0.1992
[2023-05-05 17:10:24,427][__main__][INFO] - Test accuracy - 0.8088339326812427
[2023-05-05 17:10:24,455][__main__][INFO] - Iteration 0, epoch 475, train accuracy 0.81, loss 0.1924
[2023-05-05 17:10:27,590][__main__][INFO] - Test accuracy - 0.8085763089758344
[2023-05-05 17:10:27,610][__main__][INFO] - Iteration 0, epoch 476, train accuracy 0.83, loss 0.1685
[2023-05-05 17:10:30,720][__main__][INFO] - Test accuracy - 0.8092467635212889
[2023-05-05 17:10:30,748][__main__][INFO] - Iteration 0, epoch 477, train accuracy 0.80, loss 0.1975
[2023-05-05 17:10:33,904][__main__][INFO] - Test accuracy - 0.8091122698504027
[2023-05-05 17:10:33,931][__main__][INFO] - Iteration 0, epoch 478, train accuracy 0.84, loss 0.1689
[2023-05-05 17:10:37,034][__main__][INFO] - Test accuracy - 0.8092373417721519
[2023-05-05 17:10:37,059][__main__][INFO] - Iteration 0, epoch 479, train accuracy 0.82, loss 0.1824
[2023-05-05 17:10:40,226][__main__][INFO] - Test accuracy - 0.8090460299194476
[2023-05-05 17:10:40,252][__main__][INFO] - Iteration 0, epoch 480, train accuracy 0.80, loss 0.1991
[2023-05-05 17:10:43,411][__main__][INFO] - Test accuracy - 0.809212672612198
[2023-05-05 17:10:43,440][__main__][INFO] - Iteration 0, epoch 481, train accuracy 0.81, loss 0.1902
[2023-05-05 17:10:46,601][__main__][INFO] - Test accuracy - 0.8087922180667434
[2023-05-05 17:10:46,630][__main__][INFO] - Iteration 0, epoch 482, train accuracy 0.83, loss 0.1692
[2023-05-05 17:10:49,766][__main__][INFO] - Test accuracy - 0.8086595943613349
[2023-05-05 17:10:49,796][__main__][INFO] - Iteration 0, epoch 483, train accuracy 0.80, loss 0.2117
[2023-05-05 17:10:52,932][__main__][INFO] - Test accuracy - 0.8091274453394707
[2023-05-05 17:10:52,955][__main__][INFO] - Iteration 0, epoch 484, train accuracy 0.80, loss 0.2014
[2023-05-05 17:10:56,113][__main__][INFO] - Test accuracy - 0.8092259781357882
[2023-05-05 17:10:56,135][__main__][INFO] - Iteration 0, epoch 485, train accuracy 0.81, loss 0.1873
[2023-05-05 17:10:59,308][__main__][INFO] - Test accuracy - 0.809055595512083
[2023-05-05 17:10:59,334][__main__][INFO] - Iteration 0, epoch 486, train accuracy 0.82, loss 0.1748
[2023-05-05 17:11:02,470][__main__][INFO] - Test accuracy - 0.809265750863061
[2023-05-05 17:11:02,494][__main__][INFO] - Iteration 0, epoch 487, train accuracy 0.80, loss 0.1982
[2023-05-05 17:11:05,629][__main__][INFO] - Test accuracy - 0.8091237054085156
[2023-05-05 17:11:05,656][__main__][INFO] - Iteration 0, epoch 488, train accuracy 0.83, loss 0.1685
[2023-05-05 17:11:08,801][__main__][INFO] - Test accuracy - 0.8093263808975835
[2023-05-05 17:11:08,831][__main__][INFO] - Iteration 0, epoch 489, train accuracy 0.80, loss 0.2049
[2023-05-05 17:11:11,937][__main__][INFO] - Test accuracy - 0.8090498417721519
[2023-05-05 17:11:11,960][__main__][INFO] - Iteration 0, epoch 490, train accuracy 0.81, loss 0.1961
[2023-05-05 17:11:15,130][__main__][INFO] - Test accuracy - 0.8081804516685845
[2023-05-05 17:11:15,151][__main__][INFO] - Iteration 0, epoch 491, train accuracy 0.82, loss 0.1863
[2023-05-05 17:11:18,262][__main__][INFO] - Test accuracy - 0.8096464326812428
[2023-05-05 17:11:18,284][__main__][INFO] - Iteration 0, epoch 492, train accuracy 0.83, loss 0.1706
[2023-05-05 17:11:21,420][__main__][INFO] - Test accuracy - 0.8096160817031071
[2023-05-05 17:11:21,441][__main__][INFO] - Iteration 0, epoch 493, train accuracy 0.81, loss 0.1942
[2023-05-05 17:11:24,560][__main__][INFO] - Test accuracy - 0.8087978998849252
[2023-05-05 17:11:24,581][__main__][INFO] - Iteration 0, epoch 494, train accuracy 0.80, loss 0.2075
[2023-05-05 17:11:27,710][__main__][INFO] - Test accuracy - 0.8097998417721519
[2023-05-05 17:11:27,740][__main__][INFO] - Iteration 0, epoch 495, train accuracy 0.82, loss 0.1769
[2023-05-05 17:11:30,901][__main__][INFO] - Test accuracy - 0.8095573935558114
[2023-05-05 17:11:30,928][__main__][INFO] - Iteration 0, epoch 496, train accuracy 0.81, loss 0.1912
[2023-05-05 17:11:34,051][__main__][INFO] - Test accuracy - 0.8091180235903337
[2023-05-05 17:11:34,077][__main__][INFO] - Iteration 0, epoch 497, train accuracy 0.82, loss 0.1800
[2023-05-05 17:11:37,230][__main__][INFO] - Test accuracy - 0.8098490362485616
[2023-05-05 17:11:37,254][__main__][INFO] - Iteration 0, epoch 498, train accuracy 0.80, loss 0.2010
[2023-05-05 17:11:40,392][__main__][INFO] - Test accuracy - 0.8090952963176065
[2023-05-05 17:11:40,418][__main__][INFO] - Iteration 0, epoch 499, train accuracy 0.83, loss 0.1702
[2023-05-05 17:11:43,532][__main__][INFO] - Test accuracy - 0.8090687571921749
[2023-05-05 17:11:43,538][__main__][INFO] - Total time 1588.4531 seconds
