[2023-05-15 17:32:35,270][__main__][INFO] - Net(
  (fc1): Linear(in_features=17, out_features=102, bias=True)
  (fc2): Linear(in_features=102, out_features=102, bias=True)
  (fc3): Linear(in_features=102, out_features=102, bias=True)
  (fc4): Linear(in_features=102, out_features=102, bias=True)
  (fc5): Linear(in_features=102, out_features=102, bias=True)
  (fc6): Linear(in_features=102, out_features=102, bias=True)
  (fc7): Linear(in_features=102, out_features=102, bias=True)
  (fc8): Linear(in_features=102, out_features=1, bias=True)
  (act1): ReLU()
)
[2023-05-15 17:32:36,151][__main__][INFO] - Iteration 0, epoch 0, train accuracy 0.50, loss 0.4999
[2023-05-15 17:32:39,055][__main__][INFO] - Test accuracy - 0.48655
[2023-05-15 17:32:39,161][__main__][INFO] - Iteration 0, epoch 1, train accuracy 0.50, loss 0.4998
[2023-05-15 17:32:42,209][__main__][INFO] - Test accuracy - 0.6872235879539873
[2023-05-15 17:32:42,278][__main__][INFO] - Iteration 0, epoch 2, train accuracy 0.69, loss 0.4072
[2023-05-15 17:32:45,388][__main__][INFO] - Test accuracy - 0.7194162229115505
[2023-05-15 17:32:45,493][__main__][INFO] - Iteration 0, epoch 3, train accuracy 0.72, loss 0.2834
[2023-05-15 17:32:48,722][__main__][INFO] - Test accuracy - 0.731932747404248
[2023-05-15 17:32:48,789][__main__][INFO] - Iteration 0, epoch 4, train accuracy 0.73, loss 0.2719
[2023-05-15 17:32:51,829][__main__][INFO] - Test accuracy - 0.7349281353668519
[2023-05-15 17:32:51,928][__main__][INFO] - Iteration 0, epoch 5, train accuracy 0.73, loss 0.2674
[2023-05-15 17:32:55,069][__main__][INFO] - Test accuracy - 0.7386918271509199
[2023-05-15 17:32:55,137][__main__][INFO] - Iteration 0, epoch 6, train accuracy 0.74, loss 0.2588
[2023-05-15 17:32:58,200][__main__][INFO] - Test accuracy - 0.7417270819869889
[2023-05-15 17:32:58,269][__main__][INFO] - Iteration 0, epoch 7, train accuracy 0.74, loss 0.2583
[2023-05-15 17:33:01,377][__main__][INFO] - Test accuracy - 0.7433562319589849
[2023-05-15 17:33:01,452][__main__][INFO] - Iteration 0, epoch 8, train accuracy 0.74, loss 0.2600
[2023-05-15 17:33:04,463][__main__][INFO] - Test accuracy - 0.7452974817974236
[2023-05-15 17:33:04,527][__main__][INFO] - Iteration 0, epoch 9, train accuracy 0.75, loss 0.2509
[2023-05-15 17:33:07,464][__main__][INFO] - Test accuracy - 0.7478345590452802
[2023-05-15 17:33:07,560][__main__][INFO] - Iteration 0, epoch 10, train accuracy 0.75, loss 0.2513
[2023-05-15 17:33:10,531][__main__][INFO] - Test accuracy - 0.7473452867175046
[2023-05-15 17:33:10,614][__main__][INFO] - Iteration 0, epoch 11, train accuracy 0.74, loss 0.2582
[2023-05-15 17:33:13,671][__main__][INFO] - Test accuracy - 0.7516415751152471
[2023-05-15 17:33:13,766][__main__][INFO] - Iteration 0, epoch 12, train accuracy 0.75, loss 0.2495
[2023-05-15 17:33:16,780][__main__][INFO] - Test accuracy - 0.7515256430140882
[2023-05-15 17:33:16,838][__main__][INFO] - Iteration 0, epoch 13, train accuracy 0.76, loss 0.2419
[2023-05-15 17:33:20,005][__main__][INFO] - Test accuracy - 0.7541219658782474
[2023-05-15 17:33:20,107][__main__][INFO] - Iteration 0, epoch 14, train accuracy 0.75, loss 0.2476
[2023-05-15 17:33:23,301][__main__][INFO] - Test accuracy - 0.7557241501874112
[2023-05-15 17:33:23,372][__main__][INFO] - Iteration 0, epoch 15, train accuracy 0.76, loss 0.2408
[2023-05-15 17:33:26,547][__main__][INFO] - Test accuracy - 0.7549653569428288
[2023-05-15 17:33:26,662][__main__][INFO] - Iteration 0, epoch 16, train accuracy 0.76, loss 0.2453
[2023-05-15 17:33:30,010][__main__][INFO] - Test accuracy - 0.7591020055146268
[2023-05-15 17:33:30,083][__main__][INFO] - Iteration 0, epoch 17, train accuracy 0.76, loss 0.2380
[2023-05-15 17:33:33,104][__main__][INFO] - Test accuracy - 0.7580719335659817
[2023-05-15 17:33:33,169][__main__][INFO] - Iteration 0, epoch 18, train accuracy 0.75, loss 0.2472
[2023-05-15 17:33:36,235][__main__][INFO] - Test accuracy - 0.7573052539744087
[2023-05-15 17:33:36,303][__main__][INFO] - Iteration 0, epoch 19, train accuracy 0.76, loss 0.2376
[2023-05-15 17:33:39,423][__main__][INFO] - Test accuracy - 0.7589509284391022
[2023-05-15 17:33:39,491][__main__][INFO] - Iteration 0, epoch 20, train accuracy 0.76, loss 0.2389
[2023-05-15 17:33:42,577][__main__][INFO] - Test accuracy - 0.7596100318814355
[2023-05-15 17:33:42,647][__main__][INFO] - Iteration 0, epoch 21, train accuracy 0.76, loss 0.2436
[2023-05-15 17:33:45,737][__main__][INFO] - Test accuracy - 0.7591366679591572
[2023-05-15 17:33:45,817][__main__][INFO] - Iteration 0, epoch 22, train accuracy 0.75, loss 0.2497
[2023-05-15 17:33:48,966][__main__][INFO] - Test accuracy - 0.76098248459782
[2023-05-15 17:33:49,079][__main__][INFO] - Iteration 0, epoch 23, train accuracy 0.76, loss 0.2353
[2023-05-15 17:33:52,188][__main__][INFO] - Test accuracy - 0.7614010835379778
[2023-05-15 17:33:52,259][__main__][INFO] - Iteration 0, epoch 24, train accuracy 0.76, loss 0.2347
[2023-05-15 17:33:55,198][__main__][INFO] - Test accuracy - 0.7628148184050666
[2023-05-15 17:33:55,286][__main__][INFO] - Iteration 0, epoch 25, train accuracy 0.77, loss 0.2302
[2023-05-15 17:33:58,423][__main__][INFO] - Test accuracy - 0.760170899573478
[2023-05-15 17:33:58,493][__main__][INFO] - Iteration 0, epoch 26, train accuracy 0.77, loss 0.2313
[2023-05-15 17:34:01,602][__main__][INFO] - Test accuracy - 0.7634004351385119
[2023-05-15 17:34:01,704][__main__][INFO] - Iteration 0, epoch 27, train accuracy 0.77, loss 0.2299
[2023-05-15 17:34:04,763][__main__][INFO] - Test accuracy - 0.7635187152643144
[2023-05-15 17:34:04,826][__main__][INFO] - Iteration 0, epoch 28, train accuracy 0.77, loss 0.2319
[2023-05-15 17:34:07,934][__main__][INFO] - Test accuracy - 0.7649468010856922
[2023-05-15 17:34:08,041][__main__][INFO] - Iteration 0, epoch 29, train accuracy 0.76, loss 0.2400
[2023-05-15 17:34:11,152][__main__][INFO] - Test accuracy - 0.7648126664081686
[2023-05-15 17:34:11,229][__main__][INFO] - Iteration 0, epoch 30, train accuracy 0.77, loss 0.2276
[2023-05-15 17:34:14,290][__main__][INFO] - Test accuracy - 0.7642824953685753
[2023-05-15 17:34:14,357][__main__][INFO] - Iteration 0, epoch 31, train accuracy 0.78, loss 0.2257
[2023-05-15 17:34:17,441][__main__][INFO] - Test accuracy - 0.7626249967687735
[2023-05-15 17:34:17,506][__main__][INFO] - Iteration 0, epoch 32, train accuracy 0.78, loss 0.2255
[2023-05-15 17:34:20,629][__main__][INFO] - Test accuracy - 0.7654900047391322
[2023-05-15 17:34:20,702][__main__][INFO] - Iteration 0, epoch 33, train accuracy 0.76, loss 0.2367
[2023-05-15 17:34:23,971][__main__][INFO] - Test accuracy - 0.7612719314118306
[2023-05-15 17:34:24,028][__main__][INFO] - Iteration 0, epoch 34, train accuracy 0.77, loss 0.2268
[2023-05-15 17:34:27,247][__main__][INFO] - Test accuracy - 0.7655989638533454
[2023-05-15 17:34:27,306][__main__][INFO] - Iteration 0, epoch 35, train accuracy 0.77, loss 0.2281
[2023-05-15 17:34:30,559][__main__][INFO] - Test accuracy - 0.765878092283831
[2023-05-15 17:34:30,673][__main__][INFO] - Iteration 0, epoch 36, train accuracy 0.77, loss 0.2277
[2023-05-15 17:34:33,878][__main__][INFO] - Test accuracy - 0.766059525655939
[2023-05-15 17:34:33,946][__main__][INFO] - Iteration 0, epoch 37, train accuracy 0.76, loss 0.2373
[2023-05-15 17:34:37,265][__main__][INFO] - Test accuracy - 0.7646239412347593
[2023-05-15 17:34:37,375][__main__][INFO] - Iteration 0, epoch 38, train accuracy 0.77, loss 0.2292
[2023-05-15 17:34:40,597][__main__][INFO] - Test accuracy - 0.765305880832364
[2023-05-15 17:34:40,660][__main__][INFO] - Iteration 0, epoch 39, train accuracy 0.78, loss 0.2247
[2023-05-15 17:34:43,651][__main__][INFO] - Test accuracy - 0.7659189026754558
[2023-05-15 17:34:43,736][__main__][INFO] - Iteration 0, epoch 40, train accuracy 0.77, loss 0.2310
[2023-05-15 17:34:46,856][__main__][INFO] - Test accuracy - 0.7645568351212787
[2023-05-15 17:34:46,929][__main__][INFO] - Iteration 0, epoch 41, train accuracy 0.77, loss 0.2321
[2023-05-15 17:34:50,082][__main__][INFO] - Test accuracy - 0.7656962733186852
[2023-05-15 17:34:50,159][__main__][INFO] - Iteration 0, epoch 42, train accuracy 0.77, loss 0.2331
[2023-05-15 17:34:53,279][__main__][INFO] - Test accuracy - 0.7653504782215329
[2023-05-15 17:34:53,351][__main__][INFO] - Iteration 0, epoch 43, train accuracy 0.77, loss 0.2296
[2023-05-15 17:34:56,375][__main__][INFO] - Test accuracy - 0.7664905755891602
[2023-05-15 17:34:56,442][__main__][INFO] - Iteration 0, epoch 44, train accuracy 0.77, loss 0.2306
[2023-05-15 17:34:59,548][__main__][INFO] - Test accuracy - 0.767068573090345
[2023-05-15 17:34:59,616][__main__][INFO] - Iteration 0, epoch 45, train accuracy 0.77, loss 0.2266
[2023-05-15 17:35:02,774][__main__][INFO] - Test accuracy - 0.7668116668820818
[2023-05-15 17:35:02,854][__main__][INFO] - Iteration 0, epoch 46, train accuracy 0.77, loss 0.2263
[2023-05-15 17:35:05,953][__main__][INFO] - Test accuracy - 0.7659734263926586
[2023-05-15 17:35:06,048][__main__][INFO] - Iteration 0, epoch 47, train accuracy 0.76, loss 0.2354
[2023-05-15 17:35:09,142][__main__][INFO] - Test accuracy - 0.76708375770109
[2023-05-15 17:35:09,228][__main__][INFO] - Iteration 0, epoch 48, train accuracy 0.77, loss 0.2309
[2023-05-15 17:35:12,309][__main__][INFO] - Test accuracy - 0.7672422989099996
[2023-05-15 17:35:12,405][__main__][INFO] - Iteration 0, epoch 49, train accuracy 0.77, loss 0.2266
[2023-05-15 17:35:15,678][__main__][INFO] - Test accuracy - 0.7676845913575461
[2023-05-15 17:35:15,759][__main__][INFO] - Iteration 0, epoch 50, train accuracy 0.77, loss 0.2328
[2023-05-15 17:35:18,771][__main__][INFO] - Test accuracy - 0.767777213390203
[2023-05-15 17:35:18,867][__main__][INFO] - Iteration 0, epoch 51, train accuracy 0.77, loss 0.2328
[2023-05-15 17:35:21,990][__main__][INFO] - Test accuracy - 0.764977476196631
[2023-05-15 17:35:22,063][__main__][INFO] - Iteration 0, epoch 52, train accuracy 0.77, loss 0.2335
[2023-05-15 17:35:25,025][__main__][INFO] - Test accuracy - 0.7676620955581405
[2023-05-15 17:35:25,125][__main__][INFO] - Iteration 0, epoch 53, train accuracy 0.77, loss 0.2294
[2023-05-15 17:35:28,149][__main__][INFO] - Test accuracy - 0.7678459997415018
[2023-05-15 17:35:28,205][__main__][INFO] - Iteration 0, epoch 54, train accuracy 0.77, loss 0.2261
[2023-05-15 17:35:31,145][__main__][INFO] - Test accuracy - 0.7684323187281893
[2023-05-15 17:35:31,204][__main__][INFO] - Iteration 0, epoch 55, train accuracy 0.77, loss 0.2258
[2023-05-15 17:35:34,351][__main__][INFO] - Test accuracy - 0.766305047175908
[2023-05-15 17:35:34,427][__main__][INFO] - Iteration 0, epoch 56, train accuracy 0.77, loss 0.2337
[2023-05-15 17:35:37,501][__main__][INFO] - Test accuracy - 0.7685189349877214
[2023-05-15 17:35:37,566][__main__][INFO] - Iteration 0, epoch 57, train accuracy 0.78, loss 0.2213
[2023-05-15 17:35:40,625][__main__][INFO] - Test accuracy - 0.7692614256171644
[2023-05-15 17:35:40,689][__main__][INFO] - Iteration 0, epoch 58, train accuracy 0.78, loss 0.2258
[2023-05-15 17:35:43,824][__main__][INFO] - Test accuracy - 0.7674995023911078
[2023-05-15 17:35:43,905][__main__][INFO] - Iteration 0, epoch 59, train accuracy 0.77, loss 0.2282
[2023-05-15 17:35:46,918][__main__][INFO] - Test accuracy - 0.76888661195123
[2023-05-15 17:35:47,017][__main__][INFO] - Iteration 0, epoch 60, train accuracy 0.78, loss 0.2224
[2023-05-15 17:35:50,168][__main__][INFO] - Test accuracy - 0.7685165632674162
[2023-05-15 17:35:50,232][__main__][INFO] - Iteration 0, epoch 61, train accuracy 0.78, loss 0.2258
[2023-05-15 17:35:53,285][__main__][INFO] - Test accuracy - 0.7667514001981819
[2023-05-15 17:35:53,376][__main__][INFO] - Iteration 0, epoch 62, train accuracy 0.77, loss 0.2309
[2023-05-15 17:35:56,381][__main__][INFO] - Test accuracy - 0.7693237667485244
[2023-05-15 17:35:56,449][__main__][INFO] - Iteration 0, epoch 63, train accuracy 0.77, loss 0.2290
[2023-05-15 17:35:59,488][__main__][INFO] - Test accuracy - 0.7691368532161476
[2023-05-15 17:35:59,582][__main__][INFO] - Iteration 0, epoch 64, train accuracy 0.77, loss 0.2290
[2023-05-15 17:36:02,747][__main__][INFO] - Test accuracy - 0.764258558442118
[2023-05-15 17:36:02,817][__main__][INFO] - Iteration 0, epoch 65, train accuracy 0.77, loss 0.2283
[2023-05-15 17:36:05,811][__main__][INFO] - Test accuracy - 0.7656257851880575
[2023-05-15 17:36:05,883][__main__][INFO] - Iteration 0, epoch 66, train accuracy 0.77, loss 0.2269
[2023-05-15 17:36:08,973][__main__][INFO] - Test accuracy - 0.7702486342682349
[2023-05-15 17:36:09,045][__main__][INFO] - Iteration 0, epoch 67, train accuracy 0.78, loss 0.2189
[2023-05-15 17:36:12,110][__main__][INFO] - Test accuracy - 0.769992585412089
[2023-05-15 17:36:12,187][__main__][INFO] - Iteration 0, epoch 68, train accuracy 0.78, loss 0.2226
[2023-05-15 17:36:15,161][__main__][INFO] - Test accuracy - 0.7706113372969712
[2023-05-15 17:36:15,221][__main__][INFO] - Iteration 0, epoch 69, train accuracy 0.78, loss 0.2211
[2023-05-15 17:36:18,204][__main__][INFO] - Test accuracy - 0.7694417388307269
[2023-05-15 17:36:18,269][__main__][INFO] - Iteration 0, epoch 70, train accuracy 0.78, loss 0.2196
[2023-05-15 17:36:21,320][__main__][INFO] - Test accuracy - 0.7712968118564474
[2023-05-15 17:36:21,419][__main__][INFO] - Iteration 0, epoch 71, train accuracy 0.78, loss 0.2233
[2023-05-15 17:36:24,518][__main__][INFO] - Test accuracy - 0.7714219981905132
[2023-05-15 17:36:24,575][__main__][INFO] - Iteration 0, epoch 72, train accuracy 0.78, loss 0.2224
[2023-05-15 17:36:27,547][__main__][INFO] - Test accuracy - 0.7712062104174744
[2023-05-15 17:36:27,645][__main__][INFO] - Iteration 0, epoch 73, train accuracy 0.79, loss 0.2147
[2023-05-15 17:36:30,724][__main__][INFO] - Test accuracy - 0.7712401038300807
[2023-05-15 17:36:30,795][__main__][INFO] - Iteration 0, epoch 74, train accuracy 0.78, loss 0.2163
[2023-05-15 17:36:33,783][__main__][INFO] - Test accuracy - 0.7722064409116367
[2023-05-15 17:36:33,887][__main__][INFO] - Iteration 0, epoch 75, train accuracy 0.78, loss 0.2204
[2023-05-15 17:36:36,974][__main__][INFO] - Test accuracy - 0.7713669704019646
[2023-05-15 17:36:37,036][__main__][INFO] - Iteration 0, epoch 76, train accuracy 0.77, loss 0.2269
[2023-05-15 17:36:40,120][__main__][INFO] - Test accuracy - 0.7721151695316876
[2023-05-15 17:36:40,215][__main__][INFO] - Iteration 0, epoch 77, train accuracy 0.78, loss 0.2218
[2023-05-15 17:36:43,296][__main__][INFO] - Test accuracy - 0.7722184739993968
[2023-05-15 17:36:43,358][__main__][INFO] - Iteration 0, epoch 78, train accuracy 0.78, loss 0.2242
[2023-05-15 17:36:46,350][__main__][INFO] - Test accuracy - 0.7725622161905994
[2023-05-15 17:36:46,404][__main__][INFO] - Iteration 0, epoch 79, train accuracy 0.78, loss 0.2173
[2023-05-15 17:36:49,396][__main__][INFO] - Test accuracy - 0.7714314635302227
[2023-05-15 17:36:49,452][__main__][INFO] - Iteration 0, epoch 80, train accuracy 0.78, loss 0.2245
[2023-05-15 17:36:52,497][__main__][INFO] - Test accuracy - 0.7722707466287537
[2023-05-15 17:36:52,566][__main__][INFO] - Iteration 0, epoch 81, train accuracy 0.78, loss 0.2243
[2023-05-15 17:36:55,687][__main__][INFO] - Test accuracy - 0.7705118435224678
[2023-05-15 17:36:55,768][__main__][INFO] - Iteration 0, epoch 82, train accuracy 0.77, loss 0.2322
[2023-05-15 17:36:58,782][__main__][INFO] - Test accuracy - 0.7724421351945199
[2023-05-15 17:36:58,855][__main__][INFO] - Iteration 0, epoch 83, train accuracy 0.78, loss 0.2225
[2023-05-15 17:37:01,940][__main__][INFO] - Test accuracy - 0.7717088449442076
[2023-05-15 17:37:02,049][__main__][INFO] - Iteration 0, epoch 84, train accuracy 0.77, loss 0.2250
[2023-05-15 17:37:05,051][__main__][INFO] - Test accuracy - 0.7727289151695316
[2023-05-15 17:37:05,110][__main__][INFO] - Iteration 0, epoch 85, train accuracy 0.78, loss 0.2224
[2023-05-15 17:37:08,240][__main__][INFO] - Test accuracy - 0.7715663435440094
[2023-05-15 17:37:08,345][__main__][INFO] - Iteration 0, epoch 86, train accuracy 0.77, loss 0.2254
[2023-05-15 17:37:11,380][__main__][INFO] - Test accuracy - 0.7726459997415019
[2023-05-15 17:37:11,447][__main__][INFO] - Iteration 0, epoch 87, train accuracy 0.78, loss 0.2180
[2023-05-15 17:37:14,473][__main__][INFO] - Test accuracy - 0.77364498944466
[2023-05-15 17:37:14,590][__main__][INFO] - Iteration 0, epoch 88, train accuracy 0.78, loss 0.2222
[2023-05-15 17:37:17,640][__main__][INFO] - Test accuracy - 0.7729586144500452
[2023-05-15 17:37:17,713][__main__][INFO] - Iteration 0, epoch 89, train accuracy 0.78, loss 0.2222
[2023-05-15 17:37:20,784][__main__][INFO] - Test accuracy - 0.7721800568695876
[2023-05-15 17:37:20,885][__main__][INFO] - Iteration 0, epoch 90, train accuracy 0.77, loss 0.2264
[2023-05-15 17:37:23,932][__main__][INFO] - Test accuracy - 0.7744318469691094
[2023-05-15 17:37:24,011][__main__][INFO] - Iteration 0, epoch 91, train accuracy 0.78, loss 0.2246
[2023-05-15 17:37:27,071][__main__][INFO] - Test accuracy - 0.7736275322045582
[2023-05-15 17:37:27,146][__main__][INFO] - Iteration 0, epoch 92, train accuracy 0.78, loss 0.2207
[2023-05-15 17:37:30,228][__main__][INFO] - Test accuracy - 0.7736860303304467
[2023-05-15 17:37:30,295][__main__][INFO] - Iteration 0, epoch 93, train accuracy 0.77, loss 0.2258
[2023-05-15 17:37:33,447][__main__][INFO] - Test accuracy - 0.7739549588557151
[2023-05-15 17:37:33,515][__main__][INFO] - Iteration 0, epoch 94, train accuracy 0.78, loss 0.2179
[2023-05-15 17:37:36,527][__main__][INFO] - Test accuracy - 0.7729009736762742
[2023-05-15 17:37:36,622][__main__][INFO] - Iteration 0, epoch 95, train accuracy 0.77, loss 0.2259
[2023-05-15 17:37:39,698][__main__][INFO] - Test accuracy - 0.7730780039636379
[2023-05-15 17:37:39,760][__main__][INFO] - Iteration 0, epoch 96, train accuracy 0.78, loss 0.2171
[2023-05-15 17:37:42,722][__main__][INFO] - Test accuracy - 0.773986041101202
[2023-05-15 17:37:42,819][__main__][INFO] - Iteration 0, epoch 97, train accuracy 0.79, loss 0.2136
[2023-05-15 17:37:45,861][__main__][INFO] - Test accuracy - 0.7728521692301065
[2023-05-15 17:37:45,926][__main__][INFO] - Iteration 0, epoch 98, train accuracy 0.78, loss 0.2180
[2023-05-15 17:37:49,012][__main__][INFO] - Test accuracy - 0.7721526646848477
[2023-05-15 17:37:49,115][__main__][INFO] - Iteration 0, epoch 99, train accuracy 0.78, loss 0.2216
[2023-05-15 17:37:52,187][__main__][INFO] - Test accuracy - 0.772987710568265
[2023-05-15 17:37:52,255][__main__][INFO] - Iteration 0, epoch 100, train accuracy 0.77, loss 0.2262
[2023-05-15 17:37:55,305][__main__][INFO] - Test accuracy - 0.773533669380897
[2023-05-15 17:37:55,401][__main__][INFO] - Iteration 0, epoch 101, train accuracy 0.78, loss 0.2217
[2023-05-15 17:37:58,449][__main__][INFO] - Test accuracy - 0.7732728770841413
[2023-05-15 17:37:58,531][__main__][INFO] - Iteration 0, epoch 102, train accuracy 0.78, loss 0.2257
[2023-05-15 17:38:01,594][__main__][INFO] - Test accuracy - 0.7734974710266684
[2023-05-15 17:38:01,672][__main__][INFO] - Iteration 0, epoch 103, train accuracy 0.78, loss 0.2249
[2023-05-15 17:38:04,828][__main__][INFO] - Test accuracy - 0.7745489638533454
[2023-05-15 17:38:04,892][__main__][INFO] - Iteration 0, epoch 104, train accuracy 0.78, loss 0.2242
[2023-05-15 17:38:07,862][__main__][INFO] - Test accuracy - 0.7729697363319116
[2023-05-15 17:38:07,929][__main__][INFO] - Iteration 0, epoch 105, train accuracy 0.78, loss 0.2241
[2023-05-15 17:38:10,922][__main__][INFO] - Test accuracy - 0.7756241178751453
[2023-05-15 17:38:10,986][__main__][INFO] - Iteration 0, epoch 106, train accuracy 0.78, loss 0.2216
[2023-05-15 17:38:14,106][__main__][INFO] - Test accuracy - 0.7738861617336608
[2023-05-15 17:38:14,180][__main__][INFO] - Iteration 0, epoch 107, train accuracy 0.78, loss 0.2204
[2023-05-15 17:38:17,380][__main__][INFO] - Test accuracy - 0.7746663004609884
[2023-05-15 17:38:17,483][__main__][INFO] - Iteration 0, epoch 108, train accuracy 0.78, loss 0.2197
[2023-05-15 17:38:20,687][__main__][INFO] - Test accuracy - 0.7682502800396364
[2023-05-15 17:38:20,755][__main__][INFO] - Iteration 0, epoch 109, train accuracy 0.78, loss 0.2216
[2023-05-15 17:38:23,973][__main__][INFO] - Test accuracy - 0.7733448580414458
[2023-05-15 17:38:24,071][__main__][INFO] - Iteration 0, epoch 110, train accuracy 0.78, loss 0.2165
[2023-05-15 17:38:27,406][__main__][INFO] - Test accuracy - 0.7735031256731723
[2023-05-15 17:38:27,489][__main__][INFO] - Iteration 0, epoch 111, train accuracy 0.78, loss 0.2239
[2023-05-15 17:38:30,713][__main__][INFO] - Test accuracy - 0.7718948257291802
[2023-05-15 17:38:30,810][__main__][INFO] - Iteration 0, epoch 112, train accuracy 0.77, loss 0.2262
[2023-05-15 17:38:34,020][__main__][INFO] - Test accuracy - 0.7747815066132436
[2023-05-15 17:38:34,077][__main__][INFO] - Iteration 0, epoch 113, train accuracy 0.77, loss 0.2275
[2023-05-15 17:38:37,324][__main__][INFO] - Test accuracy - 0.7752650704407393
[2023-05-15 17:38:37,423][__main__][INFO] - Iteration 0, epoch 114, train accuracy 0.79, loss 0.2144
[2023-05-15 17:38:40,567][__main__][INFO] - Test accuracy - 0.7736182004222135
[2023-05-15 17:38:40,632][__main__][INFO] - Iteration 0, epoch 115, train accuracy 0.77, loss 0.2281
[2023-05-15 17:38:44,046][__main__][INFO] - Test accuracy - 0.7745301451897807
[2023-05-15 17:38:44,110][__main__][INFO] - Iteration 0, epoch 116, train accuracy 0.78, loss 0.2201
[2023-05-15 17:38:47,227][__main__][INFO] - Test accuracy - 0.7750670027142302
[2023-05-15 17:38:47,294][__main__][INFO] - Iteration 0, epoch 117, train accuracy 0.79, loss 0.2132
[2023-05-15 17:38:50,370][__main__][INFO] - Test accuracy - 0.7750410365774848
[2023-05-15 17:38:50,439][__main__][INFO] - Iteration 0, epoch 118, train accuracy 0.78, loss 0.2215
[2023-05-15 17:38:53,491][__main__][INFO] - Test accuracy - 0.7715430011632416
[2023-05-15 17:38:53,603][__main__][INFO] - Iteration 0, epoch 119, train accuracy 0.78, loss 0.2207
[2023-05-15 17:38:56,831][__main__][INFO] - Test accuracy - 0.7721653332471673
[2023-05-15 17:38:56,895][__main__][INFO] - Iteration 0, epoch 120, train accuracy 0.78, loss 0.2172
[2023-05-15 17:38:59,883][__main__][INFO] - Test accuracy - 0.7755548382232563
[2023-05-15 17:38:59,989][__main__][INFO] - Iteration 0, epoch 121, train accuracy 0.78, loss 0.2165
[2023-05-15 17:39:03,094][__main__][INFO] - Test accuracy - 0.7738286739046143
[2023-05-15 17:39:03,158][__main__][INFO] - Iteration 0, epoch 122, train accuracy 0.78, loss 0.2199
[2023-05-15 17:39:06,195][__main__][INFO] - Test accuracy - 0.7758268407220714
[2023-05-15 17:39:06,307][__main__][INFO] - Iteration 0, epoch 123, train accuracy 0.78, loss 0.2211
[2023-05-15 17:39:09,432][__main__][INFO] - Test accuracy - 0.7640316035500408
[2023-05-15 17:39:09,500][__main__][INFO] - Iteration 0, epoch 124, train accuracy 0.77, loss 0.2330
[2023-05-15 17:39:12,543][__main__][INFO] - Test accuracy - 0.7751973611649648
[2023-05-15 17:39:12,634][__main__][INFO] - Iteration 0, epoch 125, train accuracy 0.78, loss 0.2164
[2023-05-15 17:39:15,771][__main__][INFO] - Test accuracy - 0.775238632544914
[2023-05-15 17:39:15,837][__main__][INFO] - Iteration 0, epoch 126, train accuracy 0.78, loss 0.2202
[2023-05-15 17:39:18,865][__main__][INFO] - Test accuracy - 0.7740889513592694
[2023-05-15 17:39:18,937][__main__][INFO] - Iteration 0, epoch 127, train accuracy 0.78, loss 0.2162
[2023-05-15 17:39:22,108][__main__][INFO] - Test accuracy - 0.772322250226186
[2023-05-15 17:39:22,174][__main__][INFO] - Iteration 0, epoch 128, train accuracy 0.78, loss 0.2241
[2023-05-15 17:39:25,276][__main__][INFO] - Test accuracy - 0.7756093727112146
[2023-05-15 17:39:25,336][__main__][INFO] - Iteration 0, epoch 129, train accuracy 0.79, loss 0.2136
[2023-05-15 17:39:28,513][__main__][INFO] - Test accuracy - 0.7749624789970272
[2023-05-15 17:39:28,580][__main__][INFO] - Iteration 0, epoch 130, train accuracy 0.78, loss 0.2228
[2023-05-15 17:39:31,613][__main__][INFO] - Test accuracy - 0.7747790358019905
[2023-05-15 17:39:31,685][__main__][INFO] - Iteration 0, epoch 131, train accuracy 0.79, loss 0.2156
[2023-05-15 17:39:34,762][__main__][INFO] - Test accuracy - 0.7750911248976778
[2023-05-15 17:39:34,856][__main__][INFO] - Iteration 0, epoch 132, train accuracy 0.79, loss 0.2110
[2023-05-15 17:39:38,013][__main__][INFO] - Test accuracy - 0.7752103937788117
[2023-05-15 17:39:38,076][__main__][INFO] - Iteration 0, epoch 133, train accuracy 0.78, loss 0.2197
[2023-05-15 17:39:41,112][__main__][INFO] - Test accuracy - 0.7749703631898668
[2023-05-15 17:39:41,216][__main__][INFO] - Iteration 0, epoch 134, train accuracy 0.79, loss 0.2145
[2023-05-15 17:39:44,176][__main__][INFO] - Test accuracy - 0.775949864288484
[2023-05-15 17:39:44,243][__main__][INFO] - Iteration 0, epoch 135, train accuracy 0.78, loss 0.2155
[2023-05-15 17:39:47,334][__main__][INFO] - Test accuracy - 0.7728077592520788
[2023-05-15 17:39:47,435][__main__][INFO] - Iteration 0, epoch 136, train accuracy 0.78, loss 0.2207
[2023-05-15 17:39:50,449][__main__][INFO] - Test accuracy - 0.774340256774805
[2023-05-15 17:39:50,511][__main__][INFO] - Iteration 0, epoch 137, train accuracy 0.78, loss 0.2169
[2023-05-15 17:39:53,611][__main__][INFO] - Test accuracy - 0.7755050794881737
[2023-05-15 17:39:53,727][__main__][INFO] - Iteration 0, epoch 138, train accuracy 0.78, loss 0.2206
[2023-05-15 17:39:56,762][__main__][INFO] - Test accuracy - 0.773703905475852
[2023-05-15 17:39:56,840][__main__][INFO] - Iteration 0, epoch 139, train accuracy 0.77, loss 0.2274
[2023-05-15 17:39:59,952][__main__][INFO] - Test accuracy - 0.7754073521175305
[2023-05-15 17:40:00,020][__main__][INFO] - Iteration 0, epoch 140, train accuracy 0.78, loss 0.2159
[2023-05-15 17:40:03,071][__main__][INFO] - Test accuracy - 0.7757490629442937
[2023-05-15 17:40:03,141][__main__][INFO] - Iteration 0, epoch 141, train accuracy 0.79, loss 0.2153
[2023-05-15 17:40:06,244][__main__][INFO] - Test accuracy - 0.7745289151695317
[2023-05-15 17:40:06,312][__main__][INFO] - Iteration 0, epoch 142, train accuracy 0.79, loss 0.2127
[2023-05-15 17:40:09,426][__main__][INFO] - Test accuracy - 0.7762337792426005
[2023-05-15 17:40:09,530][__main__][INFO] - Iteration 0, epoch 143, train accuracy 0.78, loss 0.2188
[2023-05-15 17:40:12,648][__main__][INFO] - Test accuracy - 0.7761827258627375
[2023-05-15 17:40:12,711][__main__][INFO] - Iteration 0, epoch 144, train accuracy 0.79, loss 0.2131
[2023-05-15 17:40:15,852][__main__][INFO] - Test accuracy - 0.7751607233639224
[2023-05-15 17:40:15,958][__main__][INFO] - Iteration 0, epoch 145, train accuracy 0.79, loss 0.2130
[2023-05-15 17:40:19,053][__main__][INFO] - Test accuracy - 0.7746701219249493
[2023-05-15 17:40:19,120][__main__][INFO] - Iteration 0, epoch 146, train accuracy 0.78, loss 0.2196
[2023-05-15 17:40:22,138][__main__][INFO] - Test accuracy - 0.7759523458704924
[2023-05-15 17:40:22,250][__main__][INFO] - Iteration 0, epoch 147, train accuracy 0.78, loss 0.2199
[2023-05-15 17:40:25,360][__main__][INFO] - Test accuracy - 0.7762952199388221
[2023-05-15 17:40:25,428][__main__][INFO] - Iteration 0, epoch 148, train accuracy 0.78, loss 0.2205
[2023-05-15 17:40:28,547][__main__][INFO] - Test accuracy - 0.7763725367282754
[2023-05-15 17:40:28,637][__main__][INFO] - Iteration 0, epoch 149, train accuracy 0.79, loss 0.2142
[2023-05-15 17:40:31,740][__main__][INFO] - Test accuracy - 0.7769308259015122
[2023-05-15 17:40:31,812][__main__][INFO] - Iteration 0, epoch 150, train accuracy 0.78, loss 0.2188
[2023-05-15 17:40:34,892][__main__][INFO] - Test accuracy - 0.7766486127267245
[2023-05-15 17:40:35,151][__main__][INFO] - Iteration 0, epoch 151, train accuracy 0.79, loss 0.2110
[2023-05-15 17:40:38,139][__main__][INFO] - Test accuracy - 0.7770208349489467
[2023-05-15 17:40:38,204][__main__][INFO] - Iteration 0, epoch 152, train accuracy 0.78, loss 0.2211
[2023-05-15 17:40:41,431][__main__][INFO] - Test accuracy - 0.7761503252768083
[2023-05-15 17:40:41,498][__main__][INFO] - Iteration 0, epoch 153, train accuracy 0.79, loss 0.2111
[2023-05-15 17:40:44,645][__main__][INFO] - Test accuracy - 0.776687841971479
[2023-05-15 17:40:44,720][__main__][INFO] - Iteration 0, epoch 154, train accuracy 0.79, loss 0.2140
[2023-05-15 17:40:47,893][__main__][INFO] - Test accuracy - 0.7749920145620611
[2023-05-15 17:40:47,964][__main__][INFO] - Iteration 0, epoch 155, train accuracy 0.78, loss 0.2227
[2023-05-15 17:40:51,152][__main__][INFO] - Test accuracy - 0.7765309034509501
[2023-05-15 17:40:51,246][__main__][INFO] - Iteration 0, epoch 156, train accuracy 0.78, loss 0.2191
[2023-05-15 17:40:54,241][__main__][INFO] - Test accuracy - 0.7757988001378657
[2023-05-15 17:40:54,311][__main__][INFO] - Iteration 0, epoch 157, train accuracy 0.79, loss 0.2141
[2023-05-15 17:40:57,424][__main__][INFO] - Test accuracy - 0.7775325169100857
[2023-05-15 17:40:57,524][__main__][INFO] - Iteration 0, epoch 158, train accuracy 0.78, loss 0.2176
[2023-05-15 17:41:00,651][__main__][INFO] - Test accuracy - 0.7776664103226919
[2023-05-15 17:41:00,723][__main__][INFO] - Iteration 0, epoch 159, train accuracy 0.78, loss 0.2205
[2023-05-15 17:41:03,750][__main__][INFO] - Test accuracy - 0.7770645103614665
[2023-05-15 17:41:03,846][__main__][INFO] - Iteration 0, epoch 160, train accuracy 0.79, loss 0.2141
[2023-05-15 17:41:06,996][__main__][INFO] - Test accuracy - 0.7773587135409935
[2023-05-15 17:41:07,058][__main__][INFO] - Iteration 0, epoch 161, train accuracy 0.79, loss 0.2128
[2023-05-15 17:41:10,235][__main__][INFO] - Test accuracy - 0.7776567812675025
[2023-05-15 17:41:10,332][__main__][INFO] - Iteration 0, epoch 162, train accuracy 0.78, loss 0.2161
[2023-05-15 17:41:13,450][__main__][INFO] - Test accuracy - 0.7782394338891043
[2023-05-15 17:41:13,520][__main__][INFO] - Iteration 0, epoch 163, train accuracy 0.78, loss 0.2162
[2023-05-15 17:41:16,767][__main__][INFO] - Test accuracy - 0.7761079789754858
[2023-05-15 17:41:16,837][__main__][INFO] - Iteration 0, epoch 164, train accuracy 0.79, loss 0.2138
[2023-05-15 17:41:19,824][__main__][INFO] - Test accuracy - 0.7755381155486623
[2023-05-15 17:41:19,898][__main__][INFO] - Iteration 0, epoch 165, train accuracy 0.79, loss 0.2129
[2023-05-15 17:41:23,098][__main__][INFO] - Test accuracy - 0.7766365580974539
[2023-05-15 17:41:23,166][__main__][INFO] - Iteration 0, epoch 166, train accuracy 0.78, loss 0.2201
[2023-05-15 17:41:26,375][__main__][INFO] - Test accuracy - 0.7764356576623153
[2023-05-15 17:41:26,437][__main__][INFO] - Iteration 0, epoch 167, train accuracy 0.79, loss 0.2103
[2023-05-15 17:41:29,583][__main__][INFO] - Test accuracy - 0.7777517642497093
[2023-05-15 17:41:29,649][__main__][INFO] - Iteration 0, epoch 168, train accuracy 0.78, loss 0.2194
[2023-05-15 17:41:32,720][__main__][INFO] - Test accuracy - 0.7787924863211408
[2023-05-15 17:41:32,824][__main__][INFO] - Iteration 0, epoch 169, train accuracy 0.78, loss 0.2163
[2023-05-15 17:41:36,033][__main__][INFO] - Test accuracy - 0.7743785963551765
[2023-05-15 17:41:36,102][__main__][INFO] - Iteration 0, epoch 170, train accuracy 0.77, loss 0.2253
[2023-05-15 17:41:39,221][__main__][INFO] - Test accuracy - 0.778625589160312
[2023-05-15 17:41:39,328][__main__][INFO] - Iteration 0, epoch 171, train accuracy 0.78, loss 0.2162
[2023-05-15 17:41:42,494][__main__][INFO] - Test accuracy - 0.7792712959372712
[2023-05-15 17:41:42,575][__main__][INFO] - Iteration 0, epoch 172, train accuracy 0.79, loss 0.2129
[2023-05-15 17:41:45,643][__main__][INFO] - Test accuracy - 0.7796445284563354
[2023-05-15 17:41:45,747][__main__][INFO] - Iteration 0, epoch 173, train accuracy 0.78, loss 0.2177
[2023-05-15 17:41:48,879][__main__][INFO] - Test accuracy - 0.7786627654991167
[2023-05-15 17:41:48,946][__main__][INFO] - Iteration 0, epoch 174, train accuracy 0.78, loss 0.2184
[2023-05-15 17:41:52,097][__main__][INFO] - Test accuracy - 0.7777995562448838
[2023-05-15 17:41:52,174][__main__][INFO] - Iteration 0, epoch 175, train accuracy 0.78, loss 0.2161
[2023-05-15 17:41:55,987][__main__][INFO] - Test accuracy - 0.7791463293266124
[2023-05-15 17:41:56,062][__main__][INFO] - Iteration 0, epoch 176, train accuracy 0.78, loss 0.2239
[2023-05-15 17:41:59,591][__main__][INFO] - Test accuracy - 0.7747677071216234
[2023-05-15 17:41:59,664][__main__][INFO] - Iteration 0, epoch 177, train accuracy 0.76, loss 0.2367
[2023-05-15 17:42:02,991][__main__][INFO] - Test accuracy - 0.7775106673559949
[2023-05-15 17:42:03,070][__main__][INFO] - Iteration 0, epoch 178, train accuracy 0.78, loss 0.2220
[2023-05-15 17:42:06,332][__main__][INFO] - Test accuracy - 0.7788043104562492
[2023-05-15 17:42:06,397][__main__][INFO] - Iteration 0, epoch 179, train accuracy 0.78, loss 0.2231
[2023-05-15 17:42:09,713][__main__][INFO] - Test accuracy - 0.7807598336995389
[2023-05-15 17:42:09,832][__main__][INFO] - Iteration 0, epoch 180, train accuracy 0.78, loss 0.2156
[2023-05-15 17:42:13,207][__main__][INFO] - Test accuracy - 0.780278531730645
[2023-05-15 17:42:13,270][__main__][INFO] - Iteration 0, epoch 181, train accuracy 0.78, loss 0.2176
[2023-05-15 17:42:16,328][__main__][INFO] - Test accuracy - 0.7800657188402051
[2023-05-15 17:42:16,435][__main__][INFO] - Iteration 0, epoch 182, train accuracy 0.79, loss 0.2082
[2023-05-15 17:42:19,387][__main__][INFO] - Test accuracy - 0.7781951423893844
[2023-05-15 17:42:19,444][__main__][INFO] - Iteration 0, epoch 183, train accuracy 0.78, loss 0.2180
[2023-05-15 17:42:22,555][__main__][INFO] - Test accuracy - 0.7776515014432813
[2023-05-15 17:42:22,658][__main__][INFO] - Iteration 0, epoch 184, train accuracy 0.78, loss 0.2206
[2023-05-15 17:42:25,691][__main__][INFO] - Test accuracy - 0.7803285640429106
[2023-05-15 17:42:25,756][__main__][INFO] - Iteration 0, epoch 185, train accuracy 0.78, loss 0.2177
[2023-05-15 17:42:28,813][__main__][INFO] - Test accuracy - 0.7805276528370169
[2023-05-15 17:42:28,924][__main__][INFO] - Iteration 0, epoch 186, train accuracy 0.78, loss 0.2159
[2023-05-15 17:42:32,019][__main__][INFO] - Test accuracy - 0.7801755676188015
[2023-05-15 17:42:32,089][__main__][INFO] - Iteration 0, epoch 187, train accuracy 0.78, loss 0.2195
[2023-05-15 17:42:35,243][__main__][INFO] - Test accuracy - 0.7782618090560509
[2023-05-15 17:42:35,305][__main__][INFO] - Iteration 0, epoch 188, train accuracy 0.79, loss 0.2086
[2023-05-15 17:42:38,403][__main__][INFO] - Test accuracy - 0.7819830662186033
[2023-05-15 17:42:38,466][__main__][INFO] - Iteration 0, epoch 189, train accuracy 0.79, loss 0.2135
[2023-05-15 17:42:41,565][__main__][INFO] - Test accuracy - 0.7820649498082806
[2023-05-15 17:42:41,633][__main__][INFO] - Iteration 0, epoch 190, train accuracy 0.78, loss 0.2178
[2023-05-15 17:42:44,677][__main__][INFO] - Test accuracy - 0.7820976907500754
[2023-05-15 17:42:44,745][__main__][INFO] - Iteration 0, epoch 191, train accuracy 0.79, loss 0.2112
[2023-05-15 17:42:47,785][__main__][INFO] - Test accuracy - 0.781663786566714
[2023-05-15 17:42:47,843][__main__][INFO] - Iteration 0, epoch 192, train accuracy 0.79, loss 0.2141
[2023-05-15 17:42:50,983][__main__][INFO] - Test accuracy - 0.7819513032613847
[2023-05-15 17:42:51,081][__main__][INFO] - Iteration 0, epoch 193, train accuracy 0.79, loss 0.2061
[2023-05-15 17:42:54,325][__main__][INFO] - Test accuracy - 0.7792454827452501
[2023-05-15 17:42:54,391][__main__][INFO] - Iteration 0, epoch 194, train accuracy 0.78, loss 0.2163
[2023-05-15 17:42:57,334][__main__][INFO] - Test accuracy - 0.783004388005687
[2023-05-15 17:42:57,447][__main__][INFO] - Iteration 0, epoch 195, train accuracy 0.79, loss 0.2124
[2023-05-15 17:43:00,580][__main__][INFO] - Test accuracy - 0.7826961311447159
[2023-05-15 17:43:00,645][__main__][INFO] - Iteration 0, epoch 196, train accuracy 0.80, loss 0.1998
[2023-05-15 17:43:03,668][__main__][INFO] - Test accuracy - 0.7821768191805609
[2023-05-15 17:43:03,764][__main__][INFO] - Iteration 0, epoch 197, train accuracy 0.79, loss 0.2088
[2023-05-15 17:43:06,837][__main__][INFO] - Test accuracy - 0.7806511718581707
[2023-05-15 17:43:06,918][__main__][INFO] - Iteration 0, epoch 198, train accuracy 0.78, loss 0.2211
[2023-05-15 17:43:10,007][__main__][INFO] - Test accuracy - 0.7821888414975658
[2023-05-15 17:43:10,072][__main__][INFO] - Iteration 0, epoch 199, train accuracy 0.79, loss 0.2069
[2023-05-15 17:43:13,182][__main__][INFO] - Test accuracy - 0.770407815260006
[2023-05-15 17:43:13,244][__main__][INFO] - Iteration 0, epoch 200, train accuracy 0.76, loss 0.2378
[2023-05-15 17:43:16,339][__main__][INFO] - Test accuracy - 0.7812205161345913
[2023-05-15 17:43:16,416][__main__][INFO] - Iteration 0, epoch 201, train accuracy 0.79, loss 0.2086
[2023-05-15 17:43:19,621][__main__][INFO] - Test accuracy - 0.7827183102839171
[2023-05-15 17:43:19,689][__main__][INFO] - Iteration 0, epoch 202, train accuracy 0.80, loss 0.2035
[2023-05-15 17:43:22,717][__main__][INFO] - Test accuracy - 0.7833405325061393
[2023-05-15 17:43:22,786][__main__][INFO] - Iteration 0, epoch 203, train accuracy 0.79, loss 0.2108
[2023-05-15 17:43:25,902][__main__][INFO] - Test accuracy - 0.7842373917539097
[2023-05-15 17:43:26,020][__main__][INFO] - Iteration 0, epoch 204, train accuracy 0.79, loss 0.2113
[2023-05-15 17:43:29,311][__main__][INFO] - Test accuracy - 0.7828853173064496
[2023-05-15 17:43:29,374][__main__][INFO] - Iteration 0, epoch 205, train accuracy 0.79, loss 0.2103
[2023-05-15 17:43:32,680][__main__][INFO] - Test accuracy - 0.7841190340786696
[2023-05-15 17:43:32,784][__main__][INFO] - Iteration 0, epoch 206, train accuracy 0.79, loss 0.2106
[2023-05-15 17:43:36,006][__main__][INFO] - Test accuracy - 0.784626610227909
[2023-05-15 17:43:36,079][__main__][INFO] - Iteration 0, epoch 207, train accuracy 0.78, loss 0.2165
[2023-05-15 17:43:39,366][__main__][INFO] - Test accuracy - 0.7836551678083669
[2023-05-15 17:43:39,483][__main__][INFO] - Iteration 0, epoch 208, train accuracy 0.79, loss 0.2118
[2023-05-15 17:43:42,808][__main__][INFO] - Test accuracy - 0.785026950583775
[2023-05-15 17:43:42,878][__main__][INFO] - Iteration 0, epoch 209, train accuracy 0.79, loss 0.2103
[2023-05-15 17:43:46,154][__main__][INFO] - Test accuracy - 0.7849419370126233
[2023-05-15 17:43:46,264][__main__][INFO] - Iteration 0, epoch 210, train accuracy 0.79, loss 0.2096
[2023-05-15 17:43:49,499][__main__][INFO] - Test accuracy - 0.7839975808883719
[2023-05-15 17:43:49,566][__main__][INFO] - Iteration 0, epoch 211, train accuracy 0.79, loss 0.2078
[2023-05-15 17:43:52,896][__main__][INFO] - Test accuracy - 0.7835658179311534
[2023-05-15 17:43:52,967][__main__][INFO] - Iteration 0, epoch 212, train accuracy 0.78, loss 0.2188
[2023-05-15 17:43:56,272][__main__][INFO] - Test accuracy - 0.7832448364999354
[2023-05-15 17:43:56,338][__main__][INFO] - Iteration 0, epoch 213, train accuracy 0.80, loss 0.2051
[2023-05-15 17:43:59,559][__main__][INFO] - Test accuracy - 0.7858073521175304
[2023-05-15 17:43:59,647][__main__][INFO] - Iteration 0, epoch 214, train accuracy 0.79, loss 0.2074
[2023-05-15 17:44:02,945][__main__][INFO] - Test accuracy - 0.7849837361595795
[2023-05-15 17:44:03,023][__main__][INFO] - Iteration 0, epoch 215, train accuracy 0.79, loss 0.2086
[2023-05-15 17:44:06,321][__main__][INFO] - Test accuracy - 0.7850155206583085
[2023-05-15 17:44:06,395][__main__][INFO] - Iteration 0, epoch 216, train accuracy 0.79, loss 0.2078
[2023-05-15 17:44:09,640][__main__][INFO] - Test accuracy - 0.7850469109473956
[2023-05-15 17:44:09,760][__main__][INFO] - Iteration 0, epoch 217, train accuracy 0.79, loss 0.2131
[2023-05-15 17:44:12,908][__main__][INFO] - Test accuracy - 0.7860643897290077
[2023-05-15 17:44:12,978][__main__][INFO] - Iteration 0, epoch 218, train accuracy 0.79, loss 0.2083
[2023-05-15 17:44:16,134][__main__][INFO] - Test accuracy - 0.7854458575675325
[2023-05-15 17:44:16,240][__main__][INFO] - Iteration 0, epoch 219, train accuracy 0.79, loss 0.2123
[2023-05-15 17:44:19,615][__main__][INFO] - Test accuracy - 0.7859419370126233
[2023-05-15 17:44:19,712][__main__][INFO] - Iteration 0, epoch 220, train accuracy 0.79, loss 0.2044
[2023-05-15 17:44:22,967][__main__][INFO] - Test accuracy - 0.7832891366162594
[2023-05-15 17:44:23,073][__main__][INFO] - Iteration 0, epoch 221, train accuracy 0.78, loss 0.2153
[2023-05-15 17:44:26,269][__main__][INFO] - Test accuracy - 0.7855567381844815
[2023-05-15 17:44:26,359][__main__][INFO] - Iteration 0, epoch 222, train accuracy 0.79, loss 0.2140
[2023-05-15 17:44:29,551][__main__][INFO] - Test accuracy - 0.7857014562061092
[2023-05-15 17:44:29,660][__main__][INFO] - Iteration 0, epoch 223, train accuracy 0.79, loss 0.2132
[2023-05-15 17:44:33,032][__main__][INFO] - Test accuracy - 0.7854863276032915
[2023-05-15 17:44:33,098][__main__][INFO] - Iteration 0, epoch 224, train accuracy 0.79, loss 0.2145
[2023-05-15 17:44:36,291][__main__][INFO] - Test accuracy - 0.7866566175520228
[2023-05-15 17:44:36,363][__main__][INFO] - Iteration 0, epoch 225, train accuracy 0.79, loss 0.2105
[2023-05-15 17:44:39,672][__main__][INFO] - Test accuracy - 0.7875520055146267
[2023-05-15 17:44:39,760][__main__][INFO] - Iteration 0, epoch 226, train accuracy 0.79, loss 0.2091
[2023-05-15 17:44:43,001][__main__][INFO] - Test accuracy - 0.7873605251820258
[2023-05-15 17:44:43,071][__main__][INFO] - Iteration 0, epoch 227, train accuracy 0.79, loss 0.2093
[2023-05-15 17:44:46,438][__main__][INFO] - Test accuracy - 0.7876812653483263
[2023-05-15 17:44:46,543][__main__][INFO] - Iteration 0, epoch 228, train accuracy 0.79, loss 0.2129
[2023-05-15 17:44:49,795][__main__][INFO] - Test accuracy - 0.7879486234974796
[2023-05-15 17:44:49,878][__main__][INFO] - Iteration 0, epoch 229, train accuracy 0.79, loss 0.2107
[2023-05-15 17:44:53,133][__main__][INFO] - Test accuracy - 0.7843687281892207
[2023-05-15 17:44:53,230][__main__][INFO] - Iteration 0, epoch 230, train accuracy 0.78, loss 0.2178
[2023-05-15 17:44:56,578][__main__][INFO] - Test accuracy - 0.7878695726164318
[2023-05-15 17:44:56,646][__main__][INFO] - Iteration 0, epoch 231, train accuracy 0.79, loss 0.2072
[2023-05-15 17:44:59,849][__main__][INFO] - Test accuracy - 0.787850435138512
[2023-05-15 17:44:59,948][__main__][INFO] - Iteration 0, epoch 232, train accuracy 0.79, loss 0.2063
[2023-05-15 17:45:03,209][__main__][INFO] - Test accuracy - 0.7885808259015121
[2023-05-15 17:45:03,280][__main__][INFO] - Iteration 0, epoch 233, train accuracy 0.79, loss 0.2065
[2023-05-15 17:45:06,820][__main__][INFO] - Test accuracy - 0.7867692107190556
[2023-05-15 17:45:06,946][__main__][INFO] - Iteration 0, epoch 234, train accuracy 0.79, loss 0.2100
[2023-05-15 17:45:10,157][__main__][INFO] - Test accuracy - 0.7881514131230882
[2023-05-15 17:45:10,216][__main__][INFO] - Iteration 0, epoch 235, train accuracy 0.79, loss 0.2153
[2023-05-15 17:45:13,300][__main__][INFO] - Test accuracy - 0.7882649067252596
[2023-05-15 17:45:13,368][__main__][INFO] - Iteration 0, epoch 236, train accuracy 0.79, loss 0.2089
[2023-05-15 17:45:16,684][__main__][INFO] - Test accuracy - 0.7884719658782475
[2023-05-15 17:45:16,772][__main__][INFO] - Iteration 0, epoch 237, train accuracy 0.79, loss 0.2122
[2023-05-15 17:45:19,672][__main__][INFO] - Test accuracy - 0.7880889298177588
[2023-05-15 17:45:19,731][__main__][INFO] - Iteration 0, epoch 238, train accuracy 0.79, loss 0.2106
[2023-05-15 17:45:22,689][__main__][INFO] - Test accuracy - 0.7879290702684072
[2023-05-15 17:45:22,749][__main__][INFO] - Iteration 0, epoch 239, train accuracy 0.79, loss 0.2065
[2023-05-15 17:45:25,633][__main__][INFO] - Test accuracy - 0.7889537072939555
[2023-05-15 17:45:25,696][__main__][INFO] - Iteration 0, epoch 240, train accuracy 0.80, loss 0.2035
[2023-05-15 17:45:28,796][__main__][INFO] - Test accuracy - 0.7886559906940676
[2023-05-15 17:45:28,893][__main__][INFO] - Iteration 0, epoch 241, train accuracy 0.79, loss 0.2077
[2023-05-15 17:45:32,045][__main__][INFO] - Test accuracy - 0.789693727112145
[2023-05-15 17:45:32,106][__main__][INFO] - Iteration 0, epoch 242, train accuracy 0.79, loss 0.2076
[2023-05-15 17:45:35,048][__main__][INFO] - Test accuracy - 0.7877220089612682
[2023-05-15 17:45:35,133][__main__][INFO] - Iteration 0, epoch 243, train accuracy 0.78, loss 0.2184
[2023-05-15 17:45:38,167][__main__][INFO] - Test accuracy - 0.7884689802248934
[2023-05-15 17:45:38,238][__main__][INFO] - Iteration 0, epoch 244, train accuracy 0.79, loss 0.2058
[2023-05-15 17:45:41,370][__main__][INFO] - Test accuracy - 0.7897786631338589
[2023-05-15 17:45:41,486][__main__][INFO] - Iteration 0, epoch 245, train accuracy 0.80, loss 0.1994
[2023-05-15 17:45:44,690][__main__][INFO] - Test accuracy - 0.7904686721812934
[2023-05-15 17:45:44,770][__main__][INFO] - Iteration 0, epoch 246, train accuracy 0.80, loss 0.2064
[2023-05-15 17:45:47,860][__main__][INFO] - Test accuracy - 0.7908760393778812
[2023-05-15 17:45:47,969][__main__][INFO] - Iteration 0, epoch 247, train accuracy 0.80, loss 0.2048
[2023-05-15 17:45:50,944][__main__][INFO] - Test accuracy - 0.7888599758735082
[2023-05-15 17:45:51,007][__main__][INFO] - Iteration 0, epoch 248, train accuracy 0.79, loss 0.2092
[2023-05-15 17:45:54,115][__main__][INFO] - Test accuracy - 0.7911043880056869
[2023-05-15 17:45:54,182][__main__][INFO] - Iteration 0, epoch 249, train accuracy 0.79, loss 0.2080
[2023-05-15 17:45:57,382][__main__][INFO] - Test accuracy - 0.789909965102753
[2023-05-15 17:45:57,464][__main__][INFO] - Iteration 0, epoch 250, train accuracy 0.80, loss 0.1975
[2023-05-15 17:46:00,681][__main__][INFO] - Test accuracy - 0.7907769613545301
[2023-05-15 17:46:00,756][__main__][INFO] - Iteration 0, epoch 251, train accuracy 0.79, loss 0.2081
[2023-05-15 17:46:03,880][__main__][INFO] - Test accuracy - 0.7806677954418163
[2023-05-15 17:46:03,966][__main__][INFO] - Iteration 0, epoch 252, train accuracy 0.78, loss 0.2211
[2023-05-15 17:46:07,118][__main__][INFO] - Test accuracy - 0.7893998427469735
[2023-05-15 17:46:07,177][__main__][INFO] - Iteration 0, epoch 253, train accuracy 0.80, loss 0.2047
[2023-05-15 17:46:10,354][__main__][INFO] - Test accuracy - 0.7898233940803929
[2023-05-15 17:46:10,445][__main__][INFO] - Iteration 0, epoch 254, train accuracy 0.79, loss 0.2120
[2023-05-15 17:46:13,659][__main__][INFO] - Test accuracy - 0.7895461526862264
[2023-05-15 17:46:13,727][__main__][INFO] - Iteration 0, epoch 255, train accuracy 0.79, loss 0.2161
[2023-05-15 17:46:17,089][__main__][INFO] - Test accuracy - 0.7911242061953385
[2023-05-15 17:46:17,214][__main__][INFO] - Iteration 0, epoch 256, train accuracy 0.80, loss 0.1997
[2023-05-15 17:46:20,634][__main__][INFO] - Test accuracy - 0.7907570117616648
[2023-05-15 17:46:20,704][__main__][INFO] - Iteration 0, epoch 257, train accuracy 0.80, loss 0.2008
[2023-05-15 17:46:24,118][__main__][INFO] - Test accuracy - 0.7909082094696479
[2023-05-15 17:46:24,250][__main__][INFO] - Iteration 0, epoch 258, train accuracy 0.79, loss 0.2093
[2023-05-15 17:46:27,672][__main__][INFO] - Test accuracy - 0.7915690340786696
[2023-05-15 17:46:27,746][__main__][INFO] - Iteration 0, epoch 259, train accuracy 0.79, loss 0.2058
[2023-05-15 17:46:31,122][__main__][INFO] - Test accuracy - 0.7908581426909655
[2023-05-15 17:46:31,188][__main__][INFO] - Iteration 0, epoch 260, train accuracy 0.80, loss 0.2034
[2023-05-15 17:46:34,786][__main__][INFO] - Test accuracy - 0.7926523350997372
[2023-05-15 17:46:34,853][__main__][INFO] - Iteration 0, epoch 261, train accuracy 0.80, loss 0.2000
[2023-05-15 17:46:38,296][__main__][INFO] - Test accuracy - 0.7920869415363406
[2023-05-15 17:46:38,380][__main__][INFO] - Iteration 0, epoch 262, train accuracy 0.79, loss 0.2088
[2023-05-15 17:46:42,008][__main__][INFO] - Test accuracy - 0.7914866787299125
[2023-05-15 17:46:42,087][__main__][INFO] - Iteration 0, epoch 263, train accuracy 0.80, loss 0.2043
[2023-05-15 17:46:45,614][__main__][INFO] - Test accuracy - 0.7916791909008659
[2023-05-15 17:46:45,694][__main__][INFO] - Iteration 0, epoch 264, train accuracy 0.80, loss 0.2049
[2023-05-15 17:46:48,927][__main__][INFO] - Test accuracy - 0.7930293330748351
[2023-05-15 17:46:49,025][__main__][INFO] - Iteration 0, epoch 265, train accuracy 0.80, loss 0.2049
[2023-05-15 17:46:52,038][__main__][INFO] - Test accuracy - 0.7924810348541639
[2023-05-15 17:46:52,098][__main__][INFO] - Iteration 0, epoch 266, train accuracy 0.79, loss 0.2076
[2023-05-15 17:46:55,317][__main__][INFO] - Test accuracy - 0.7919926069535995
[2023-05-15 17:46:55,423][__main__][INFO] - Iteration 0, epoch 267, train accuracy 0.80, loss 0.2009
[2023-05-15 17:46:58,377][__main__][INFO] - Test accuracy - 0.7919869523070957
[2023-05-15 17:46:58,443][__main__][INFO] - Iteration 0, epoch 268, train accuracy 0.79, loss 0.2062
[2023-05-15 17:47:01,454][__main__][INFO] - Test accuracy - 0.792058823402697
[2023-05-15 17:47:01,545][__main__][INFO] - Iteration 0, epoch 269, train accuracy 0.80, loss 0.2044
[2023-05-15 17:47:04,549][__main__][INFO] - Test accuracy - 0.793138852268321
[2023-05-15 17:47:04,624][__main__][INFO] - Iteration 0, epoch 270, train accuracy 0.80, loss 0.2016
[2023-05-15 17:47:07,740][__main__][INFO] - Test accuracy - 0.7921340872862006
[2023-05-15 17:47:07,840][__main__][INFO] - Iteration 0, epoch 271, train accuracy 0.79, loss 0.2129
[2023-05-15 17:47:10,904][__main__][INFO] - Test accuracy - 0.791222603506958
[2023-05-15 17:47:10,969][__main__][INFO] - Iteration 0, epoch 272, train accuracy 0.80, loss 0.2004
[2023-05-15 17:47:13,955][__main__][INFO] - Test accuracy - 0.7929229869458446
[2023-05-15 17:47:14,020][__main__][INFO] - Iteration 0, epoch 273, train accuracy 0.79, loss 0.2054
[2023-05-15 17:47:17,049][__main__][INFO] - Test accuracy - 0.7924989423118349
[2023-05-15 17:47:17,109][__main__][INFO] - Iteration 0, epoch 274, train accuracy 0.80, loss 0.2019
[2023-05-15 17:47:20,391][__main__][INFO] - Test accuracy - 0.7931047283615527
[2023-05-15 17:47:20,443][__main__][INFO] - Iteration 0, epoch 275, train accuracy 0.80, loss 0.2019
[2023-05-15 17:47:24,092][__main__][INFO] - Test accuracy - 0.7932374908448581
[2023-05-15 17:47:24,201][__main__][INFO] - Iteration 0, epoch 276, train accuracy 0.80, loss 0.2004
[2023-05-15 17:47:27,501][__main__][INFO] - Test accuracy - 0.7935812653483262
[2023-05-15 17:47:27,565][__main__][INFO] - Iteration 0, epoch 277, train accuracy 0.80, loss 0.1950
[2023-05-15 17:47:30,898][__main__][INFO] - Test accuracy - 0.7920143251044764
[2023-05-15 17:47:31,011][__main__][INFO] - Iteration 0, epoch 278, train accuracy 0.80, loss 0.2019
[2023-05-15 17:47:34,273][__main__][INFO] - Test accuracy - 0.7944550687174184
[2023-05-15 17:47:34,358][__main__][INFO] - Iteration 0, epoch 279, train accuracy 0.79, loss 0.2075
[2023-05-15 17:47:37,579][__main__][INFO] - Test accuracy - 0.7935661690577744
[2023-05-15 17:47:37,676][__main__][INFO] - Iteration 0, epoch 280, train accuracy 0.80, loss 0.2039
[2023-05-15 17:47:40,703][__main__][INFO] - Test accuracy - 0.7932515660678127
[2023-05-15 17:47:40,767][__main__][INFO] - Iteration 0, epoch 281, train accuracy 0.80, loss 0.1975
[2023-05-15 17:47:43,928][__main__][INFO] - Test accuracy - 0.7932890504502176
[2023-05-15 17:47:44,030][__main__][INFO] - Iteration 0, epoch 282, train accuracy 0.80, loss 0.2022
[2023-05-15 17:47:47,116][__main__][INFO] - Test accuracy - 0.793193759424411
[2023-05-15 17:47:47,204][__main__][INFO] - Iteration 0, epoch 283, train accuracy 0.78, loss 0.2167
[2023-05-15 17:47:50,392][__main__][INFO] - Test accuracy - 0.794450654861919
[2023-05-15 17:47:50,460][__main__][INFO] - Iteration 0, epoch 284, train accuracy 0.80, loss 0.2027
[2023-05-15 17:47:53,497][__main__][INFO] - Test accuracy - 0.7932328141829305
[2023-05-15 17:47:53,564][__main__][INFO] - Iteration 0, epoch 285, train accuracy 0.80, loss 0.2052
[2023-05-15 17:47:56,645][__main__][INFO] - Test accuracy - 0.7930660484253156
[2023-05-15 17:47:56,718][__main__][INFO] - Iteration 0, epoch 286, train accuracy 0.79, loss 0.2058
[2023-05-15 17:47:59,872][__main__][INFO] - Test accuracy - 0.7934672008961268
[2023-05-15 17:47:59,952][__main__][INFO] - Iteration 0, epoch 287, train accuracy 0.80, loss 0.2053
[2023-05-15 17:48:03,148][__main__][INFO] - Test accuracy - 0.7944213950282194
[2023-05-15 17:48:03,218][__main__][INFO] - Iteration 0, epoch 288, train accuracy 0.80, loss 0.2017
[2023-05-15 17:48:06,306][__main__][INFO] - Test accuracy - 0.7941368984533196
[2023-05-15 17:48:06,408][__main__][INFO] - Iteration 0, epoch 289, train accuracy 0.80, loss 0.2037
[2023-05-15 17:48:09,520][__main__][INFO] - Test accuracy - 0.7894997975098014
[2023-05-15 17:48:09,593][__main__][INFO] - Iteration 0, epoch 290, train accuracy 0.79, loss 0.2114
[2023-05-15 17:48:12,730][__main__][INFO] - Test accuracy - 0.794110624272974
[2023-05-15 17:48:12,834][__main__][INFO] - Iteration 0, epoch 291, train accuracy 0.80, loss 0.2016
[2023-05-15 17:48:15,891][__main__][INFO] - Test accuracy - 0.7943663004609883
[2023-05-15 17:48:15,958][__main__][INFO] - Iteration 0, epoch 292, train accuracy 0.81, loss 0.1946
[2023-05-15 17:48:19,134][__main__][INFO] - Test accuracy - 0.795292585412089
[2023-05-15 17:48:19,244][__main__][INFO] - Iteration 0, epoch 293, train accuracy 0.81, loss 0.1948
[2023-05-15 17:48:22,327][__main__][INFO] - Test accuracy - 0.7911067144888199
[2023-05-15 17:48:22,399][__main__][INFO] - Iteration 0, epoch 294, train accuracy 0.79, loss 0.2103
[2023-05-15 17:48:25,465][__main__][INFO] - Test accuracy - 0.7934853496187153
[2023-05-15 17:48:25,561][__main__][INFO] - Iteration 0, epoch 295, train accuracy 0.80, loss 0.2019
[2023-05-15 17:48:28,580][__main__][INFO] - Test accuracy - 0.7948364697772607
[2023-05-15 17:48:28,652][__main__][INFO] - Iteration 0, epoch 296, train accuracy 0.80, loss 0.1999
[2023-05-15 17:48:31,696][__main__][INFO] - Test accuracy - 0.7947702640989186
[2023-05-15 17:48:31,760][__main__][INFO] - Iteration 0, epoch 297, train accuracy 0.80, loss 0.2021
[2023-05-15 17:48:34,839][__main__][INFO] - Test accuracy - 0.7946600641937013
[2023-05-15 17:48:34,909][__main__][INFO] - Iteration 0, epoch 298, train accuracy 0.81, loss 0.1951
[2023-05-15 17:48:38,082][__main__][INFO] - Test accuracy - 0.7955701542372151
[2023-05-15 17:48:38,165][__main__][INFO] - Iteration 0, epoch 299, train accuracy 0.80, loss 0.2009
[2023-05-15 17:48:41,345][__main__][INFO] - Test accuracy - 0.7948254577570979
[2023-05-15 17:48:41,416][__main__][INFO] - Iteration 0, epoch 300, train accuracy 0.80, loss 0.2056
[2023-05-15 17:48:44,577][__main__][INFO] - Test accuracy - 0.7951748976778251
[2023-05-15 17:48:44,642][__main__][INFO] - Iteration 0, epoch 301, train accuracy 0.80, loss 0.2035
[2023-05-15 17:48:47,792][__main__][INFO] - Test accuracy - 0.7955406854508639
[2023-05-15 17:48:47,888][__main__][INFO] - Iteration 0, epoch 302, train accuracy 0.80, loss 0.2036
[2023-05-15 17:48:50,943][__main__][INFO] - Test accuracy - 0.7956326267717893
[2023-05-15 17:48:51,006][__main__][INFO] - Iteration 0, epoch 303, train accuracy 0.80, loss 0.2010
[2023-05-15 17:48:54,255][__main__][INFO] - Test accuracy - 0.7940398302528973
[2023-05-15 17:48:54,350][__main__][INFO] - Iteration 0, epoch 304, train accuracy 0.80, loss 0.2033
[2023-05-15 17:48:57,480][__main__][INFO] - Test accuracy - 0.7938130735427169
[2023-05-15 17:48:57,560][__main__][INFO] - Iteration 0, epoch 305, train accuracy 0.80, loss 0.2033
[2023-05-15 17:49:00,753][__main__][INFO] - Test accuracy - 0.7957355693421223
[2023-05-15 17:49:00,853][__main__][INFO] - Iteration 0, epoch 306, train accuracy 0.80, loss 0.2006
[2023-05-15 17:49:03,933][__main__][INFO] - Test accuracy - 0.7904603291542803
[2023-05-15 17:49:04,000][__main__][INFO] - Iteration 0, epoch 307, train accuracy 0.80, loss 0.2043
[2023-05-15 17:49:07,160][__main__][INFO] - Test accuracy - 0.794592057645082
[2023-05-15 17:49:07,240][__main__][INFO] - Iteration 0, epoch 308, train accuracy 0.80, loss 0.2048
[2023-05-15 17:49:10,284][__main__][INFO] - Test accuracy - 0.7965667399078024
[2023-05-15 17:49:10,358][__main__][INFO] - Iteration 0, epoch 309, train accuracy 0.79, loss 0.2051
[2023-05-15 17:49:13,588][__main__][INFO] - Test accuracy - 0.7966201434664598
[2023-05-15 17:49:13,662][__main__][INFO] - Iteration 0, epoch 310, train accuracy 0.80, loss 0.2036
[2023-05-15 17:49:16,760][__main__][INFO] - Test accuracy - 0.7964619964671923
[2023-05-15 17:49:16,836][__main__][INFO] - Iteration 0, epoch 311, train accuracy 0.80, loss 0.2017
[2023-05-15 17:49:19,854][__main__][INFO] - Test accuracy - 0.7944726035069579
[2023-05-15 17:49:19,926][__main__][INFO] - Iteration 0, epoch 312, train accuracy 0.79, loss 0.2059
[2023-05-15 17:49:23,083][__main__][INFO] - Test accuracy - 0.7958326052302788
[2023-05-15 17:49:23,182][__main__][INFO] - Iteration 0, epoch 313, train accuracy 0.80, loss 0.2017
[2023-05-15 17:49:26,333][__main__][INFO] - Test accuracy - 0.7963954073499635
[2023-05-15 17:49:26,396][__main__][INFO] - Iteration 0, epoch 314, train accuracy 0.80, loss 0.2035
[2023-05-15 17:49:29,573][__main__][INFO] - Test accuracy - 0.7958740080134419
[2023-05-15 17:49:29,681][__main__][INFO] - Iteration 0, epoch 315, train accuracy 0.80, loss 0.1979
[2023-05-15 17:49:32,788][__main__][INFO] - Test accuracy - 0.797376819180561
[2023-05-15 17:49:32,852][__main__][INFO] - Iteration 0, epoch 316, train accuracy 0.81, loss 0.1951
[2023-05-15 17:49:35,918][__main__][INFO] - Test accuracy - 0.7843976885959244
[2023-05-15 17:49:36,017][__main__][INFO] - Iteration 0, epoch 317, train accuracy 0.78, loss 0.2203
[2023-05-15 17:49:39,145][__main__][INFO] - Test accuracy - 0.7932401576838567
[2023-05-15 17:49:39,208][__main__][INFO] - Iteration 0, epoch 318, train accuracy 0.80, loss 0.2033
[2023-05-15 17:49:42,354][__main__][INFO] - Test accuracy - 0.7956884903709448
[2023-05-15 17:49:42,480][__main__][INFO] - Iteration 0, epoch 319, train accuracy 0.81, loss 0.1907
[2023-05-15 17:49:45,468][__main__][INFO] - Test accuracy - 0.7962912132178708
[2023-05-15 17:49:45,539][__main__][INFO] - Iteration 0, epoch 320, train accuracy 0.80, loss 0.1980
[2023-05-15 17:49:48,712][__main__][INFO] - Test accuracy - 0.7883730214122615
[2023-05-15 17:49:48,788][__main__][INFO] - Iteration 0, epoch 321, train accuracy 0.79, loss 0.2130
[2023-05-15 17:49:51,937][__main__][INFO] - Test accuracy - 0.7973128861315756
[2023-05-15 17:49:52,004][__main__][INFO] - Iteration 0, epoch 322, train accuracy 0.80, loss 0.1982
[2023-05-15 17:49:55,130][__main__][INFO] - Test accuracy - 0.7911402589289561
[2023-05-15 17:49:55,215][__main__][INFO] - Iteration 0, epoch 323, train accuracy 0.79, loss 0.2083
[2023-05-15 17:49:58,316][__main__][INFO] - Test accuracy - 0.7966477898410237
[2023-05-15 17:49:58,382][__main__][INFO] - Iteration 0, epoch 324, train accuracy 0.81, loss 0.1916
[2023-05-15 17:50:01,367][__main__][INFO] - Test accuracy - 0.7945405109646289
[2023-05-15 17:50:01,437][__main__][INFO] - Iteration 0, epoch 325, train accuracy 0.80, loss 0.2042
[2023-05-15 17:50:04,637][__main__][INFO] - Test accuracy - 0.7963133255783895
[2023-05-15 17:50:04,742][__main__][INFO] - Iteration 0, epoch 326, train accuracy 0.81, loss 0.1943
[2023-05-15 17:50:07,876][__main__][INFO] - Test accuracy - 0.7938164663306191
[2023-05-15 17:50:07,939][__main__][INFO] - Iteration 0, epoch 327, train accuracy 0.79, loss 0.2076
[2023-05-15 17:50:11,108][__main__][INFO] - Test accuracy - 0.7980458898797985
[2023-05-15 17:50:11,203][__main__][INFO] - Iteration 0, epoch 328, train accuracy 0.80, loss 0.2004
[2023-05-15 17:50:14,293][__main__][INFO] - Test accuracy - 0.7971290034897247
[2023-05-15 17:50:14,370][__main__][INFO] - Iteration 0, epoch 329, train accuracy 0.80, loss 0.2008
[2023-05-15 17:50:17,520][__main__][INFO] - Test accuracy - 0.7964143897290078
[2023-05-15 17:50:17,631][__main__][INFO] - Iteration 0, epoch 330, train accuracy 0.79, loss 0.2063
[2023-05-15 17:50:20,854][__main__][INFO] - Test accuracy - 0.7967078691137823
[2023-05-15 17:50:20,934][__main__][INFO] - Iteration 0, epoch 331, train accuracy 0.81, loss 0.1909
[2023-05-15 17:50:24,224][__main__][INFO] - Test accuracy - 0.7990371504889923
[2023-05-15 17:50:24,289][__main__][INFO] - Iteration 0, epoch 332, train accuracy 0.80, loss 0.1965
[2023-05-15 17:50:27,506][__main__][INFO] - Test accuracy - 0.7956041144285037
[2023-05-15 17:50:27,576][__main__][INFO] - Iteration 0, epoch 333, train accuracy 0.80, loss 0.2013
[2023-05-15 17:50:30,549][__main__][INFO] - Test accuracy - 0.799561854293223
[2023-05-15 17:50:30,617][__main__][INFO] - Iteration 0, epoch 334, train accuracy 0.80, loss 0.1989
[2023-05-15 17:50:33,844][__main__][INFO] - Test accuracy - 0.7984900930593253
[2023-05-15 17:50:33,907][__main__][INFO] - Iteration 0, epoch 335, train accuracy 0.80, loss 0.1979
[2023-05-15 17:50:37,042][__main__][INFO] - Test accuracy - 0.7971552108913877
[2023-05-15 17:50:37,122][__main__][INFO] - Iteration 0, epoch 336, train accuracy 0.80, loss 0.2035
[2023-05-15 17:50:40,432][__main__][INFO] - Test accuracy - 0.7992160484253155
[2023-05-15 17:50:40,545][__main__][INFO] - Iteration 0, epoch 337, train accuracy 0.81, loss 0.1927
[2023-05-15 17:50:43,508][__main__][INFO] - Test accuracy - 0.7964843953298006
[2023-05-15 17:50:43,588][__main__][INFO] - Iteration 0, epoch 338, train accuracy 0.80, loss 0.1993
[2023-05-15 17:50:46,824][__main__][INFO] - Test accuracy - 0.7995549480849597
[2023-05-15 17:50:46,919][__main__][INFO] - Iteration 0, epoch 339, train accuracy 0.81, loss 0.1922
[2023-05-15 17:50:50,113][__main__][INFO] - Test accuracy - 0.7989114363879195
[2023-05-15 17:50:50,177][__main__][INFO] - Iteration 0, epoch 340, train accuracy 0.80, loss 0.2034
[2023-05-15 17:50:53,285][__main__][INFO] - Test accuracy - 0.7981104820990047
[2023-05-15 17:50:53,395][__main__][INFO] - Iteration 0, epoch 341, train accuracy 0.80, loss 0.2014
[2023-05-15 17:50:56,497][__main__][INFO] - Test accuracy - 0.7979104153203223
[2023-05-15 17:50:56,563][__main__][INFO] - Iteration 0, epoch 342, train accuracy 0.80, loss 0.2044
[2023-05-15 17:50:59,718][__main__][INFO] - Test accuracy - 0.7981549803972255
[2023-05-15 17:50:59,820][__main__][INFO] - Iteration 0, epoch 343, train accuracy 0.80, loss 0.1973
[2023-05-15 17:51:02,962][__main__][INFO] - Test accuracy - 0.7991878419714789
[2023-05-15 17:51:03,041][__main__][INFO] - Iteration 0, epoch 344, train accuracy 0.80, loss 0.1971
[2023-05-15 17:51:06,148][__main__][INFO] - Test accuracy - 0.7993851083537977
[2023-05-15 17:51:06,222][__main__][INFO] - Iteration 0, epoch 345, train accuracy 0.80, loss 0.2002
[2023-05-15 17:51:09,443][__main__][INFO] - Test accuracy - 0.799530683727543
[2023-05-15 17:51:09,513][__main__][INFO] - Iteration 0, epoch 346, train accuracy 0.81, loss 0.1941
[2023-05-15 17:51:12,571][__main__][INFO] - Test accuracy - 0.7966022920167162
[2023-05-15 17:51:12,638][__main__][INFO] - Iteration 0, epoch 347, train accuracy 0.80, loss 0.2002
[2023-05-15 17:51:15,708][__main__][INFO] - Test accuracy - 0.7946156736030331
[2023-05-15 17:51:15,770][__main__][INFO] - Iteration 0, epoch 348, train accuracy 0.79, loss 0.2056
[2023-05-15 17:51:18,897][__main__][INFO] - Test accuracy - 0.7964146546895868
[2023-05-15 17:51:18,968][__main__][INFO] - Iteration 0, epoch 349, train accuracy 0.80, loss 0.2010
[2023-05-15 17:51:22,125][__main__][INFO] - Test accuracy - 0.7997517857912196
[2023-05-15 17:51:22,227][__main__][INFO] - Iteration 0, epoch 350, train accuracy 0.81, loss 0.1945
[2023-05-15 17:51:25,382][__main__][INFO] - Test accuracy - 0.7963147753220456
[2023-05-15 17:51:25,452][__main__][INFO] - Iteration 0, epoch 351, train accuracy 0.80, loss 0.1986
[2023-05-15 17:51:28,609][__main__][INFO] - Test accuracy - 0.7995196609366249
[2023-05-15 17:51:28,730][__main__][INFO] - Iteration 0, epoch 352, train accuracy 0.81, loss 0.1961
[2023-05-15 17:51:31,856][__main__][INFO] - Test accuracy - 0.7992726681314894
[2023-05-15 17:51:31,928][__main__][INFO] - Iteration 0, epoch 353, train accuracy 0.80, loss 0.2008
[2023-05-15 17:51:35,090][__main__][INFO] - Test accuracy - 0.7994511050794881
[2023-05-15 17:51:35,194][__main__][INFO] - Iteration 0, epoch 354, train accuracy 0.81, loss 0.1909
[2023-05-15 17:51:38,392][__main__][INFO] - Test accuracy - 0.7997706927749775
[2023-05-15 17:51:38,464][__main__][INFO] - Iteration 0, epoch 355, train accuracy 0.80, loss 0.2047
[2023-05-15 17:51:41,616][__main__][INFO] - Test accuracy - 0.8001966589117229
[2023-05-15 17:51:41,723][__main__][INFO] - Iteration 0, epoch 356, train accuracy 0.81, loss 0.1934
[2023-05-15 17:51:44,898][__main__][INFO] - Test accuracy - 0.8006390935332386
[2023-05-15 17:51:44,960][__main__][INFO] - Iteration 0, epoch 357, train accuracy 0.81, loss 0.1949
[2023-05-15 17:51:48,012][__main__][INFO] - Test accuracy - 0.8001618758347334
[2023-05-15 17:51:48,071][__main__][INFO] - Iteration 0, epoch 358, train accuracy 0.81, loss 0.1924
[2023-05-15 17:51:51,176][__main__][INFO] - Test accuracy - 0.80027932230408
[2023-05-15 17:51:51,236][__main__][INFO] - Iteration 0, epoch 359, train accuracy 0.81, loss 0.1949
[2023-05-15 17:51:54,322][__main__][INFO] - Test accuracy - 0.7972190900865969
[2023-05-15 17:51:54,393][__main__][INFO] - Iteration 0, epoch 360, train accuracy 0.80, loss 0.1995
[2023-05-15 17:51:57,630][__main__][INFO] - Test accuracy - 0.8001409159450261
[2023-05-15 17:51:57,725][__main__][INFO] - Iteration 0, epoch 361, train accuracy 0.80, loss 0.1952
[2023-05-15 17:52:00,725][__main__][INFO] - Test accuracy - 0.8007483606910516
[2023-05-15 17:52:00,784][__main__][INFO] - Iteration 0, epoch 362, train accuracy 0.81, loss 0.1915
[2023-05-15 17:52:04,046][__main__][INFO] - Test accuracy - 0.8010371504889924
[2023-05-15 17:52:04,155][__main__][INFO] - Iteration 0, epoch 363, train accuracy 0.81, loss 0.1947
[2023-05-15 17:52:07,174][__main__][INFO] - Test accuracy - 0.7999526539140924
[2023-05-15 17:52:07,238][__main__][INFO] - Iteration 0, epoch 364, train accuracy 0.81, loss 0.1925
[2023-05-15 17:52:10,417][__main__][INFO] - Test accuracy - 0.8003022144672784
[2023-05-15 17:52:10,526][__main__][INFO] - Iteration 0, epoch 365, train accuracy 0.81, loss 0.1918
[2023-05-15 17:52:13,613][__main__][INFO] - Test accuracy - 0.7999466029037956
[2023-05-15 17:52:13,687][__main__][INFO] - Iteration 0, epoch 366, train accuracy 0.81, loss 0.1947
[2023-05-15 17:52:16,869][__main__][INFO] - Test accuracy - 0.8001805523243289
[2023-05-15 17:52:16,965][__main__][INFO] - Iteration 0, epoch 367, train accuracy 0.80, loss 0.1969
[2023-05-15 17:52:20,010][__main__][INFO] - Test accuracy - 0.7996213734867088
[2023-05-15 17:52:20,092][__main__][INFO] - Iteration 0, epoch 368, train accuracy 0.80, loss 0.1986
[2023-05-15 17:52:23,212][__main__][INFO] - Test accuracy - 0.7952527422342855
[2023-05-15 17:52:23,288][__main__][INFO] - Iteration 0, epoch 369, train accuracy 0.80, loss 0.2011
[2023-05-15 17:52:26,478][__main__][INFO] - Test accuracy - 0.8002465382792642
[2023-05-15 17:52:26,543][__main__][INFO] - Iteration 0, epoch 370, train accuracy 0.80, loss 0.1990
[2023-05-15 17:52:29,554][__main__][INFO] - Test accuracy - 0.800003817155659
[2023-05-15 17:52:29,619][__main__][INFO] - Iteration 0, epoch 371, train accuracy 0.80, loss 0.2015
[2023-05-15 17:52:32,827][__main__][INFO] - Test accuracy - 0.7998564193701263
[2023-05-15 17:52:32,900][__main__][INFO] - Iteration 0, epoch 372, train accuracy 0.81, loss 0.1956
[2023-05-15 17:52:36,064][__main__][INFO] - Test accuracy - 0.8003146762310974
[2023-05-15 17:52:36,140][__main__][INFO] - Iteration 0, epoch 373, train accuracy 0.81, loss 0.1894
[2023-05-15 17:52:39,181][__main__][INFO] - Test accuracy - 0.8017817155658955
[2023-05-15 17:52:39,271][__main__][INFO] - Iteration 0, epoch 374, train accuracy 0.81, loss 0.1932
[2023-05-15 17:52:42,309][__main__][INFO] - Test accuracy - 0.800972734910172
[2023-05-15 17:52:42,376][__main__][INFO] - Iteration 0, epoch 375, train accuracy 0.80, loss 0.2001
[2023-05-15 17:52:45,438][__main__][INFO] - Test accuracy - 0.8019525763646547
[2023-05-15 17:52:45,541][__main__][INFO] - Iteration 0, epoch 376, train accuracy 0.81, loss 0.1906
[2023-05-15 17:52:48,657][__main__][INFO] - Test accuracy - 0.8014473719357201
[2023-05-15 17:52:48,742][__main__][INFO] - Iteration 0, epoch 377, train accuracy 0.81, loss 0.1942
[2023-05-15 17:52:51,892][__main__][INFO] - Test accuracy - 0.7995884235922621
[2023-05-15 17:52:51,998][__main__][INFO] - Iteration 0, epoch 378, train accuracy 0.80, loss 0.1992
[2023-05-15 17:52:55,108][__main__][INFO] - Test accuracy - 0.7991693852052906
[2023-05-15 17:52:55,176][__main__][INFO] - Iteration 0, epoch 379, train accuracy 0.80, loss 0.1969
[2023-05-15 17:52:58,288][__main__][INFO] - Test accuracy - 0.8018269290422644
[2023-05-15 17:52:58,408][__main__][INFO] - Iteration 0, epoch 380, train accuracy 0.81, loss 0.1939
[2023-05-15 17:53:01,544][__main__][INFO] - Test accuracy - 0.80116620137004
[2023-05-15 17:53:01,616][__main__][INFO] - Iteration 0, epoch 381, train accuracy 0.81, loss 0.1929
[2023-05-15 17:53:04,825][__main__][INFO] - Test accuracy - 0.801809262849511
[2023-05-15 17:53:04,898][__main__][INFO] - Iteration 0, epoch 382, train accuracy 0.81, loss 0.1895
[2023-05-15 17:53:08,123][__main__][INFO] - Test accuracy - 0.7932871957261644
[2023-05-15 17:53:08,186][__main__][INFO] - Iteration 0, epoch 383, train accuracy 0.80, loss 0.2040
[2023-05-15 17:53:11,160][__main__][INFO] - Test accuracy - 0.8008113049847057
[2023-05-15 17:53:11,225][__main__][INFO] - Iteration 0, epoch 384, train accuracy 0.81, loss 0.1944
[2023-05-15 17:53:14,424][__main__][INFO] - Test accuracy - 0.8004496014820559
[2023-05-15 17:53:14,529][__main__][INFO] - Iteration 0, epoch 385, train accuracy 0.81, loss 0.1902
[2023-05-15 17:53:17,600][__main__][INFO] - Test accuracy - 0.8009828464951962
[2023-05-15 17:53:17,669][__main__][INFO] - Iteration 0, epoch 386, train accuracy 0.81, loss 0.1916
[2023-05-15 17:53:20,912][__main__][INFO] - Test accuracy - 0.8018839666537417
[2023-05-15 17:53:21,018][__main__][INFO] - Iteration 0, epoch 387, train accuracy 0.81, loss 0.1898
[2023-05-15 17:53:24,159][__main__][INFO] - Test accuracy - 0.7973207703244152
[2023-05-15 17:53:24,224][__main__][INFO] - Iteration 0, epoch 388, train accuracy 0.80, loss 0.1953
[2023-05-15 17:53:27,292][__main__][INFO] - Test accuracy - 0.7905723299297747
[2023-05-15 17:53:27,390][__main__][INFO] - Iteration 0, epoch 389, train accuracy 0.79, loss 0.2126
[2023-05-15 17:53:30,637][__main__][INFO] - Test accuracy - 0.8014076493903752
[2023-05-15 17:53:30,713][__main__][INFO] - Iteration 0, epoch 390, train accuracy 0.81, loss 0.1914
[2023-05-15 17:53:33,962][__main__][INFO] - Test accuracy - 0.795606014389729
[2023-05-15 17:53:34,062][__main__][INFO] - Iteration 0, epoch 391, train accuracy 0.79, loss 0.2056
[2023-05-15 17:53:37,142][__main__][INFO] - Test accuracy - 0.7977605682650467
[2023-05-15 17:53:37,206][__main__][INFO] - Iteration 0, epoch 392, train accuracy 0.80, loss 0.2031
[2023-05-15 17:53:40,297][__main__][INFO] - Test accuracy - 0.8010285101891346
[2023-05-15 17:53:40,364][__main__][INFO] - Iteration 0, epoch 393, train accuracy 0.81, loss 0.1950
[2023-05-15 17:53:43,557][__main__][INFO] - Test accuracy - 0.8015535651199863
[2023-05-15 17:53:43,631][__main__][INFO] - Iteration 0, epoch 394, train accuracy 0.81, loss 0.1954
[2023-05-15 17:53:46,848][__main__][INFO] - Test accuracy - 0.7983911809056051
[2023-05-15 17:53:46,909][__main__][INFO] - Iteration 0, epoch 395, train accuracy 0.80, loss 0.1991
[2023-05-15 17:53:50,154][__main__][INFO] - Test accuracy - 0.8020678492955926
[2023-05-15 17:53:50,234][__main__][INFO] - Iteration 0, epoch 396, train accuracy 0.81, loss 0.1950
[2023-05-15 17:53:53,353][__main__][INFO] - Test accuracy - 0.8015187497307311
[2023-05-15 17:53:53,416][__main__][INFO] - Iteration 0, epoch 397, train accuracy 0.80, loss 0.1987
[2023-05-15 17:53:56,584][__main__][INFO] - Test accuracy - 0.799463829649735
[2023-05-15 17:53:56,685][__main__][INFO] - Iteration 0, epoch 398, train accuracy 0.80, loss 0.2007
[2023-05-15 17:53:59,718][__main__][INFO] - Test accuracy - 0.7946341325233726
[2023-05-15 17:53:59,782][__main__][INFO] - Iteration 0, epoch 399, train accuracy 0.80, loss 0.1959
[2023-05-15 17:54:02,946][__main__][INFO] - Test accuracy - 0.7936115010124509
[2023-05-15 17:54:03,040][__main__][INFO] - Iteration 0, epoch 400, train accuracy 0.79, loss 0.2071
[2023-05-15 17:54:06,209][__main__][INFO] - Test accuracy - 0.8021483822325622
[2023-05-15 17:54:06,272][__main__][INFO] - Iteration 0, epoch 401, train accuracy 0.81, loss 0.1947
[2023-05-15 17:54:09,513][__main__][INFO] - Test accuracy - 0.8017522036965231
[2023-05-15 17:54:09,625][__main__][INFO] - Iteration 0, epoch 402, train accuracy 0.80, loss 0.1977
[2023-05-15 17:54:12,765][__main__][INFO] - Test accuracy - 0.8009753909784153
[2023-05-15 17:54:12,833][__main__][INFO] - Iteration 0, epoch 403, train accuracy 0.81, loss 0.1959
[2023-05-15 17:54:16,015][__main__][INFO] - Test accuracy - 0.8009053659902632
[2023-05-15 17:54:16,116][__main__][INFO] - Iteration 0, epoch 404, train accuracy 0.81, loss 0.1878
[2023-05-15 17:54:19,213][__main__][INFO] - Test accuracy - 0.7996232605230279
[2023-05-15 17:54:19,284][__main__][INFO] - Iteration 0, epoch 405, train accuracy 0.80, loss 0.2007
[2023-05-15 17:54:22,332][__main__][INFO] - Test accuracy - 0.7997461526862264
[2023-05-15 17:54:22,401][__main__][INFO] - Iteration 0, epoch 406, train accuracy 0.80, loss 0.1987
[2023-05-15 17:54:25,695][__main__][INFO] - Test accuracy - 0.8026691008573521
[2023-05-15 17:54:25,770][__main__][INFO] - Iteration 0, epoch 407, train accuracy 0.81, loss 0.1882
[2023-05-15 17:54:28,903][__main__][INFO] - Test accuracy - 0.8027295420274869
[2023-05-15 17:54:28,969][__main__][INFO] - Iteration 0, epoch 408, train accuracy 0.81, loss 0.1872
[2023-05-15 17:54:32,199][__main__][INFO] - Test accuracy - 0.8010436495627073
[2023-05-15 17:54:32,309][__main__][INFO] - Iteration 0, epoch 409, train accuracy 0.80, loss 0.1973
[2023-05-15 17:54:35,370][__main__][INFO] - Test accuracy - 0.8027169811727197
[2023-05-15 17:54:35,438][__main__][INFO] - Iteration 0, epoch 410, train accuracy 0.81, loss 0.1953
[2023-05-15 17:54:38,567][__main__][INFO] - Test accuracy - 0.7947746025591315
[2023-05-15 17:54:38,663][__main__][INFO] - Iteration 0, epoch 411, train accuracy 0.80, loss 0.2047
[2023-05-15 17:54:41,795][__main__][INFO] - Test accuracy - 0.8011613480677265
[2023-05-15 17:54:41,868][__main__][INFO] - Iteration 0, epoch 412, train accuracy 0.81, loss 0.1933
[2023-05-15 17:54:45,059][__main__][INFO] - Test accuracy - 0.8031260393778813
[2023-05-15 17:54:45,168][__main__][INFO] - Iteration 0, epoch 413, train accuracy 0.82, loss 0.1857
[2023-05-15 17:54:48,298][__main__][INFO] - Test accuracy - 0.802049775968291
[2023-05-15 17:54:48,367][__main__][INFO] - Iteration 0, epoch 414, train accuracy 0.80, loss 0.1979
[2023-05-15 17:54:51,523][__main__][INFO] - Test accuracy - 0.8006780384300547
[2023-05-15 17:54:51,627][__main__][INFO] - Iteration 0, epoch 415, train accuracy 0.81, loss 0.1952
[2023-05-15 17:54:54,693][__main__][INFO] - Test accuracy - 0.7997213411744432
[2023-05-15 17:54:54,760][__main__][INFO] - Iteration 0, epoch 416, train accuracy 0.80, loss 0.2013
[2023-05-15 17:54:57,900][__main__][INFO] - Test accuracy - 0.8031629076730861
[2023-05-15 17:54:57,967][__main__][INFO] - Iteration 0, epoch 417, train accuracy 0.81, loss 0.1901
[2023-05-15 17:55:01,152][__main__][INFO] - Test accuracy - 0.8046625457757098
[2023-05-15 17:55:01,218][__main__][INFO] - Iteration 0, epoch 418, train accuracy 0.81, loss 0.1883
[2023-05-15 17:55:04,288][__main__][INFO] - Test accuracy - 0.8029979987936754
[2023-05-15 17:55:04,352][__main__][INFO] - Iteration 0, epoch 419, train accuracy 0.81, loss 0.1891
[2023-05-15 17:55:07,682][__main__][INFO] - Test accuracy - 0.8043114256171644
[2023-05-15 17:55:07,746][__main__][INFO] - Iteration 0, epoch 420, train accuracy 0.81, loss 0.1927
[2023-05-15 17:55:10,776][__main__][INFO] - Test accuracy - 0.8026655658954807
[2023-05-15 17:55:10,847][__main__][INFO] - Iteration 0, epoch 421, train accuracy 0.82, loss 0.1858
[2023-05-15 17:55:14,007][__main__][INFO] - Test accuracy - 0.8043889513592694
[2023-05-15 17:55:14,112][__main__][INFO] - Iteration 0, epoch 422, train accuracy 0.81, loss 0.1871
[2023-05-15 17:55:17,191][__main__][INFO] - Test accuracy - 0.8037298716125975
[2023-05-15 17:55:17,259][__main__][INFO] - Iteration 0, epoch 423, train accuracy 0.80, loss 0.2002
[2023-05-15 17:55:20,275][__main__][INFO] - Test accuracy - 0.804618530007324
[2023-05-15 17:55:20,376][__main__][INFO] - Iteration 0, epoch 424, train accuracy 0.81, loss 0.1910
[2023-05-15 17:55:23,473][__main__][INFO] - Test accuracy - 0.803755266899315
[2023-05-15 17:55:23,536][__main__][INFO] - Iteration 0, epoch 425, train accuracy 0.81, loss 0.1938
[2023-05-15 17:55:26,773][__main__][INFO] - Test accuracy - 0.803701632846495
[2023-05-15 17:55:26,873][__main__][INFO] - Iteration 0, epoch 426, train accuracy 0.81, loss 0.1940
[2023-05-15 17:55:30,117][__main__][INFO] - Test accuracy - 0.8038825061393307
[2023-05-15 17:55:30,187][__main__][INFO] - Iteration 0, epoch 427, train accuracy 0.81, loss 0.1914
[2023-05-15 17:55:33,359][__main__][INFO] - Test accuracy - 0.80338248459782
[2023-05-15 17:55:33,463][__main__][INFO] - Iteration 0, epoch 428, train accuracy 0.81, loss 0.1889
[2023-05-15 17:55:36,629][__main__][INFO] - Test accuracy - 0.8010273577183231
[2023-05-15 17:55:36,709][__main__][INFO] - Iteration 0, epoch 429, train accuracy 0.81, loss 0.1949
[2023-05-15 17:55:39,671][__main__][INFO] - Test accuracy - 0.8008003468183189
[2023-05-15 17:55:39,742][__main__][INFO] - Iteration 0, epoch 430, train accuracy 0.80, loss 0.1977
[2023-05-15 17:55:42,937][__main__][INFO] - Test accuracy - 0.7991773555641721
[2023-05-15 17:55:43,014][__main__][INFO] - Iteration 0, epoch 431, train accuracy 0.79, loss 0.2082
[2023-05-15 17:55:46,034][__main__][INFO] - Test accuracy - 0.8011120417043643
[2023-05-15 17:55:46,100][__main__][INFO] - Iteration 0, epoch 432, train accuracy 0.81, loss 0.1942
[2023-05-15 17:55:49,361][__main__][INFO] - Test accuracy - 0.7999471866787299
[2023-05-15 17:55:49,428][__main__][INFO] - Iteration 0, epoch 433, train accuracy 0.81, loss 0.1948
[2023-05-15 17:55:52,427][__main__][INFO] - Test accuracy - 0.8032750506225497
[2023-05-15 17:55:52,493][__main__][INFO] - Iteration 0, epoch 434, train accuracy 0.80, loss 0.1994
[2023-05-15 17:55:55,643][__main__][INFO] - Test accuracy - 0.8041705721425186
[2023-05-15 17:55:55,736][__main__][INFO] - Iteration 0, epoch 435, train accuracy 0.81, loss 0.1908
[2023-05-15 17:55:58,883][__main__][INFO] - Test accuracy - 0.8054649174960148
[2023-05-15 17:55:58,955][__main__][INFO] - Iteration 0, epoch 436, train accuracy 0.81, loss 0.1876
[2023-05-15 17:56:02,095][__main__][INFO] - Test accuracy - 0.8042824070483824
[2023-05-15 17:56:02,201][__main__][INFO] - Iteration 0, epoch 437, train accuracy 0.81, loss 0.1927
[2023-05-15 17:56:05,244][__main__][INFO] - Test accuracy - 0.8057241071043902
[2023-05-15 17:56:05,308][__main__][INFO] - Iteration 0, epoch 438, train accuracy 0.81, loss 0.1919
[2023-05-15 17:56:08,552][__main__][INFO] - Test accuracy - 0.8015431024083409
[2023-05-15 17:56:08,674][__main__][INFO] - Iteration 0, epoch 439, train accuracy 0.81, loss 0.1925
[2023-05-15 17:56:11,871][__main__][INFO] - Test accuracy - 0.8036764120460126
[2023-05-15 17:56:11,948][__main__][INFO] - Iteration 0, epoch 440, train accuracy 0.81, loss 0.1893
[2023-05-15 17:56:15,083][__main__][INFO] - Test accuracy - 0.8038595708931111
[2023-05-15 17:56:15,147][__main__][INFO] - Iteration 0, epoch 441, train accuracy 0.81, loss 0.1887
[2023-05-15 17:56:18,393][__main__][INFO] - Test accuracy - 0.8022851406660636
[2023-05-15 17:56:18,459][__main__][INFO] - Iteration 0, epoch 442, train accuracy 0.80, loss 0.1993
[2023-05-15 17:56:21,493][__main__][INFO] - Test accuracy - 0.8051073198052647
[2023-05-15 17:56:21,572][__main__][INFO] - Iteration 0, epoch 443, train accuracy 0.81, loss 0.1888
[2023-05-15 17:56:24,788][__main__][INFO] - Test accuracy - 0.8023597346085908
[2023-05-15 17:56:24,855][__main__][INFO] - Iteration 0, epoch 444, train accuracy 0.81, loss 0.1920
[2023-05-15 17:56:27,832][__main__][INFO] - Test accuracy - 0.8052383912799965
[2023-05-15 17:56:27,893][__main__][INFO] - Iteration 0, epoch 445, train accuracy 0.82, loss 0.1860
[2023-05-15 17:56:31,035][__main__][INFO] - Test accuracy - 0.8029279177975961
[2023-05-15 17:56:31,129][__main__][INFO] - Iteration 0, epoch 446, train accuracy 0.80, loss 0.1983
[2023-05-15 17:56:34,224][__main__][INFO] - Test accuracy - 0.8063356576623153
[2023-05-15 17:56:34,298][__main__][INFO] - Iteration 0, epoch 447, train accuracy 0.80, loss 0.1994
[2023-05-15 17:56:37,369][__main__][INFO] - Test accuracy - 0.8032585045883417
[2023-05-15 17:56:37,480][__main__][INFO] - Iteration 0, epoch 448, train accuracy 0.81, loss 0.1933
[2023-05-15 17:56:40,528][__main__][INFO] - Test accuracy - 0.8055743268277972
[2023-05-15 17:56:40,597][__main__][INFO] - Iteration 0, epoch 449, train accuracy 0.81, loss 0.1862
[2023-05-15 17:56:43,677][__main__][INFO] - Test accuracy - 0.8063184309163759
[2023-05-15 17:56:43,790][__main__][INFO] - Iteration 0, epoch 450, train accuracy 0.81, loss 0.1924
[2023-05-15 17:56:46,917][__main__][INFO] - Test accuracy - 0.8020705506010081
[2023-05-15 17:56:46,988][__main__][INFO] - Iteration 0, epoch 451, train accuracy 0.80, loss 0.1968
[2023-05-15 17:56:50,030][__main__][INFO] - Test accuracy - 0.8062565292318298
[2023-05-15 17:56:50,142][__main__][INFO] - Iteration 0, epoch 452, train accuracy 0.81, loss 0.1942
[2023-05-15 17:56:53,370][__main__][INFO] - Test accuracy - 0.8033038839343415
[2023-05-15 17:56:53,448][__main__][INFO] - Iteration 0, epoch 453, train accuracy 0.81, loss 0.1912
[2023-05-15 17:56:56,545][__main__][INFO] - Test accuracy - 0.8057312222653051
[2023-05-15 17:56:56,608][__main__][INFO] - Iteration 0, epoch 454, train accuracy 0.81, loss 0.1932
[2023-05-15 17:56:59,890][__main__][INFO] - Test accuracy - 0.8049446598595495
[2023-05-15 17:56:59,962][__main__][INFO] - Iteration 0, epoch 455, train accuracy 0.82, loss 0.1852
[2023-05-15 17:57:03,024][__main__][INFO] - Test accuracy - 0.8067018956529233
[2023-05-15 17:57:03,085][__main__][INFO] - Iteration 0, epoch 456, train accuracy 0.80, loss 0.1972
[2023-05-15 17:57:06,247][__main__][INFO] - Test accuracy - 0.8048225474990306
[2023-05-15 17:57:06,318][__main__][INFO] - Iteration 0, epoch 457, train accuracy 0.81, loss 0.1925
[2023-05-15 17:57:09,432][__main__][INFO] - Test accuracy - 0.8058596032053769
[2023-05-15 17:57:09,499][__main__][INFO] - Iteration 0, epoch 458, train accuracy 0.81, loss 0.1906
[2023-05-15 17:57:12,602][__main__][INFO] - Test accuracy - 0.8051043556934212
[2023-05-15 17:57:12,695][__main__][INFO] - Iteration 0, epoch 459, train accuracy 0.81, loss 0.1913
[2023-05-15 17:57:15,734][__main__][INFO] - Test accuracy - 0.806234548274525
[2023-05-15 17:57:15,793][__main__][INFO] - Iteration 0, epoch 460, train accuracy 0.81, loss 0.1925
[2023-05-15 17:57:18,818][__main__][INFO] - Test accuracy - 0.806292585412089
[2023-05-15 17:57:18,909][__main__][INFO] - Iteration 0, epoch 461, train accuracy 0.81, loss 0.1860
[2023-05-15 17:57:22,118][__main__][INFO] - Test accuracy - 0.8055220541984404
[2023-05-15 17:57:22,189][__main__][INFO] - Iteration 0, epoch 462, train accuracy 0.81, loss 0.1906
[2023-05-15 17:57:25,404][__main__][INFO] - Test accuracy - 0.8051822971866788
[2023-05-15 17:57:25,503][__main__][INFO] - Iteration 0, epoch 463, train accuracy 0.81, loss 0.1914
[2023-05-15 17:57:28,634][__main__][INFO] - Test accuracy - 0.8064103722373014
[2023-05-15 17:57:28,710][__main__][INFO] - Iteration 0, epoch 464, train accuracy 0.81, loss 0.1915
[2023-05-15 17:57:31,857][__main__][INFO] - Test accuracy - 0.805080375683943
[2023-05-15 17:57:31,923][__main__][INFO] - Iteration 0, epoch 465, train accuracy 0.81, loss 0.1908
[2023-05-15 17:57:35,046][__main__][INFO] - Test accuracy - 0.8049800805652492
[2023-05-15 17:57:35,129][__main__][INFO] - Iteration 0, epoch 466, train accuracy 0.81, loss 0.1914
[2023-05-15 17:57:38,173][__main__][INFO] - Test accuracy - 0.8065465598207746
[2023-05-15 17:57:38,245][__main__][INFO] - Iteration 0, epoch 467, train accuracy 0.81, loss 0.1942
[2023-05-15 17:57:41,431][__main__][INFO] - Test accuracy - 0.8066359204687432
[2023-05-15 17:57:41,501][__main__][INFO] - Iteration 0, epoch 468, train accuracy 0.81, loss 0.1914
[2023-05-15 17:57:44,696][__main__][INFO] - Test accuracy - 0.803493684029124
[2023-05-15 17:57:44,765][__main__][INFO] - Iteration 0, epoch 469, train accuracy 0.81, loss 0.1927
[2023-05-15 17:57:47,922][__main__][INFO] - Test accuracy - 0.8039454848994012
[2023-05-15 17:57:48,036][__main__][INFO] - Iteration 0, epoch 470, train accuracy 0.81, loss 0.1955
[2023-05-15 17:57:51,221][__main__][INFO] - Test accuracy - 0.8071325944595235
[2023-05-15 17:57:51,288][__main__][INFO] - Iteration 0, epoch 471, train accuracy 0.81, loss 0.1881
[2023-05-15 17:57:54,361][__main__][INFO] - Test accuracy - 0.8063552776700702
[2023-05-15 17:57:54,466][__main__][INFO] - Iteration 0, epoch 472, train accuracy 0.81, loss 0.1911
[2023-05-15 17:57:57,591][__main__][INFO] - Test accuracy - 0.8067282021455344
[2023-05-15 17:57:57,672][__main__][INFO] - Iteration 0, epoch 473, train accuracy 0.81, loss 0.1891
[2023-05-15 17:58:00,741][__main__][INFO] - Test accuracy - 0.8029901469131016
[2023-05-15 17:58:00,837][__main__][INFO] - Iteration 0, epoch 474, train accuracy 0.80, loss 0.2036
[2023-05-15 17:58:03,859][__main__][INFO] - Test accuracy - 0.8054487441299384
[2023-05-15 17:58:03,931][__main__][INFO] - Iteration 0, epoch 475, train accuracy 0.80, loss 0.1966
[2023-05-15 17:58:07,047][__main__][INFO] - Test accuracy - 0.8067248976778251
[2023-05-15 17:58:07,151][__main__][INFO] - Iteration 0, epoch 476, train accuracy 0.81, loss 0.1884
[2023-05-15 17:58:10,234][__main__][INFO] - Test accuracy - 0.8073678708371032
[2023-05-15 17:58:10,309][__main__][INFO] - Iteration 0, epoch 477, train accuracy 0.82, loss 0.1814
[2023-05-15 17:58:13,396][__main__][INFO] - Test accuracy - 0.8063236784283313
[2023-05-15 17:58:13,461][__main__][INFO] - Iteration 0, epoch 478, train accuracy 0.81, loss 0.1894
[2023-05-15 17:58:16,527][__main__][INFO] - Test accuracy - 0.8067169811727198
[2023-05-15 17:58:16,607][__main__][INFO] - Iteration 0, epoch 479, train accuracy 0.81, loss 0.1906
[2023-05-15 17:58:19,687][__main__][INFO] - Test accuracy - 0.8046522036965232
[2023-05-15 17:58:19,756][__main__][INFO] - Iteration 0, epoch 480, train accuracy 0.81, loss 0.1881
[2023-05-15 17:58:22,882][__main__][INFO] - Test accuracy - 0.8046189349877213
[2023-05-15 17:58:22,946][__main__][INFO] - Iteration 0, epoch 481, train accuracy 0.81, loss 0.1897
[2023-05-15 17:58:26,108][__main__][INFO] - Test accuracy - 0.8066667506785578
[2023-05-15 17:58:26,173][__main__][INFO] - Iteration 0, epoch 482, train accuracy 0.81, loss 0.1872
[2023-05-15 17:58:29,329][__main__][INFO] - Test accuracy - 0.8074676618844514
[2023-05-15 17:58:29,427][__main__][INFO] - Iteration 0, epoch 483, train accuracy 0.81, loss 0.1923
[2023-05-15 17:58:32,541][__main__][INFO] - Test accuracy - 0.8055288505450001
[2023-05-15 17:58:32,607][__main__][INFO] - Iteration 0, epoch 484, train accuracy 0.81, loss 0.1858
[2023-05-15 17:58:35,842][__main__][INFO] - Test accuracy - 0.8073670587221575
[2023-05-15 17:58:35,945][__main__][INFO] - Iteration 0, epoch 485, train accuracy 0.81, loss 0.1922
[2023-05-15 17:58:39,030][__main__][INFO] - Test accuracy - 0.8074945069148248
[2023-05-15 17:58:39,094][__main__][INFO] - Iteration 0, epoch 486, train accuracy 0.81, loss 0.1863
[2023-05-15 17:58:42,219][__main__][INFO] - Test accuracy - 0.805835778294774
[2023-05-15 17:58:42,313][__main__][INFO] - Iteration 0, epoch 487, train accuracy 0.82, loss 0.1851
[2023-05-15 17:58:45,358][__main__][INFO] - Test accuracy - 0.8075902029210289
[2023-05-15 17:58:45,430][__main__][INFO] - Iteration 0, epoch 488, train accuracy 0.81, loss 0.1872
[2023-05-15 17:58:48,374][__main__][INFO] - Test accuracy - 0.8068286415923485
[2023-05-15 17:58:48,468][__main__][INFO] - Iteration 0, epoch 489, train accuracy 0.81, loss 0.1877
[2023-05-15 17:58:51,551][__main__][INFO] - Test accuracy - 0.8033653354013183
[2023-05-15 17:58:51,625][__main__][INFO] - Iteration 0, epoch 490, train accuracy 0.81, loss 0.1876
[2023-05-15 17:58:54,732][__main__][INFO] - Test accuracy - 0.8083234156219035
[2023-05-15 17:58:54,811][__main__][INFO] - Iteration 0, epoch 491, train accuracy 0.82, loss 0.1814
[2023-05-15 17:58:57,876][__main__][INFO] - Test accuracy - 0.8065306514152772
[2023-05-15 17:58:57,944][__main__][INFO] - Iteration 0, epoch 492, train accuracy 0.82, loss 0.1845
[2023-05-15 17:59:01,118][__main__][INFO] - Test accuracy - 0.8082903235534875
[2023-05-15 17:59:01,182][__main__][INFO] - Iteration 0, epoch 493, train accuracy 0.82, loss 0.1816
[2023-05-15 17:59:04,264][__main__][INFO] - Test accuracy - 0.8007926414200164
[2023-05-15 17:59:04,365][__main__][INFO] - Iteration 0, epoch 494, train accuracy 0.80, loss 0.2000
[2023-05-15 17:59:07,557][__main__][INFO] - Test accuracy - 0.8063079229675584
[2023-05-15 17:59:07,621][__main__][INFO] - Iteration 0, epoch 495, train accuracy 0.81, loss 0.1914
[2023-05-15 17:59:10,616][__main__][INFO] - Test accuracy - 0.8075716039808712
[2023-05-15 17:59:10,722][__main__][INFO] - Iteration 0, epoch 496, train accuracy 0.81, loss 0.1866
[2023-05-15 17:59:13,722][__main__][INFO] - Test accuracy - 0.8065312222653052
[2023-05-15 17:59:13,774][__main__][INFO] - Iteration 0, epoch 497, train accuracy 0.81, loss 0.1893
[2023-05-15 17:59:16,723][__main__][INFO] - Test accuracy - 0.8068422773684891
[2023-05-15 17:59:16,835][__main__][INFO] - Iteration 0, epoch 498, train accuracy 0.82, loss 0.1847
[2023-05-15 17:59:19,940][__main__][INFO] - Test accuracy - 0.8074274008013442
[2023-05-15 17:59:20,013][__main__][INFO] - Iteration 0, epoch 499, train accuracy 0.81, loss 0.1910
[2023-05-15 17:59:23,171][__main__][INFO] - Test accuracy - 0.8072238550687175
[2023-05-15 17:59:23,179][__main__][INFO] - Total time 1607.9088 seconds
