[2023-05-23 12:17:09,659][__main__][INFO] - Net(
  (fc1): Linear(in_features=17, out_features=136, bias=True)
  (fc2): Linear(in_features=136, out_features=136, bias=True)
  (fc3): Linear(in_features=136, out_features=136, bias=True)
  (fc4): Linear(in_features=136, out_features=136, bias=True)
  (fc5): Linear(in_features=136, out_features=136, bias=True)
  (fc6): Linear(in_features=136, out_features=136, bias=True)
  (fc7): Linear(in_features=136, out_features=136, bias=True)
  (fc8): Linear(in_features=136, out_features=1, bias=True)
  (dropout): Dropout(p=0.5, inplace=False)
  (act1): ReLU()
)
[2023-05-23 12:17:10,537][__main__][INFO] - Iteration 0, epoch 0, train accuracy 0.50, loss 0.6938
[2023-05-23 12:17:13,189][__main__][INFO] - Test accuracy - 0.6666256968678644
[2023-05-23 12:17:13,274][__main__][INFO] - Iteration 0, epoch 1, train accuracy 0.60, loss 0.6876
[2023-05-23 12:17:15,937][__main__][INFO] - Test accuracy - 0.7063477015208306
[2023-05-23 12:17:15,990][__main__][INFO] - Iteration 0, epoch 2, train accuracy 0.68, loss 0.5882
[2023-05-23 12:17:18,742][__main__][INFO] - Test accuracy - 0.7267986450389902
[2023-05-23 12:17:18,829][__main__][INFO] - Iteration 0, epoch 3, train accuracy 0.72, loss 0.5554
[2023-05-23 12:17:21,643][__main__][INFO] - Test accuracy - 0.7373365580974539
[2023-05-23 12:17:21,704][__main__][INFO] - Iteration 0, epoch 4, train accuracy 0.73, loss 0.5420
[2023-05-23 12:17:24,492][__main__][INFO] - Test accuracy - 0.7435638404204903
[2023-05-23 12:17:24,588][__main__][INFO] - Iteration 0, epoch 5, train accuracy 0.73, loss 0.5400
[2023-05-23 12:17:27,351][__main__][INFO] - Test accuracy - 0.7418445263021843
[2023-05-23 12:17:27,413][__main__][INFO] - Iteration 0, epoch 6, train accuracy 0.74, loss 0.5298
[2023-05-23 12:17:30,303][__main__][INFO] - Test accuracy - 0.7539455818361982
[2023-05-23 12:17:30,369][__main__][INFO] - Iteration 0, epoch 7, train accuracy 0.75, loss 0.5195
[2023-05-23 12:17:33,333][__main__][INFO] - Test accuracy - 0.7556470746628754
[2023-05-23 12:17:33,401][__main__][INFO] - Iteration 0, epoch 8, train accuracy 0.75, loss 0.5157
[2023-05-23 12:17:36,208][__main__][INFO] - Test accuracy - 0.7589317694196717
[2023-05-23 12:17:36,269][__main__][INFO] - Iteration 0, epoch 9, train accuracy 0.75, loss 0.5141
[2023-05-23 12:17:39,036][__main__][INFO] - Test accuracy - 0.7628580436000171
[2023-05-23 12:17:39,130][__main__][INFO] - Iteration 0, epoch 10, train accuracy 0.76, loss 0.5064
[2023-05-23 12:17:42,138][__main__][INFO] - Test accuracy - 0.7603876868726036
[2023-05-23 12:17:42,202][__main__][INFO] - Iteration 0, epoch 11, train accuracy 0.75, loss 0.5124
[2023-05-23 12:17:45,150][__main__][INFO] - Test accuracy - 0.7653871935720132
[2023-05-23 12:17:45,254][__main__][INFO] - Iteration 0, epoch 12, train accuracy 0.76, loss 0.5107
[2023-05-23 12:17:48,118][__main__][INFO] - Test accuracy - 0.7663916181982682
[2023-05-23 12:17:48,185][__main__][INFO] - Iteration 0, epoch 13, train accuracy 0.76, loss 0.5032
[2023-05-23 12:17:51,138][__main__][INFO] - Test accuracy - 0.7662481409676447
[2023-05-23 12:17:51,257][__main__][INFO] - Iteration 0, epoch 14, train accuracy 0.77, loss 0.4953
[2023-05-23 12:17:54,086][__main__][INFO] - Test accuracy - 0.7684919477833785
[2023-05-23 12:17:54,174][__main__][INFO] - Iteration 0, epoch 15, train accuracy 0.76, loss 0.5007
[2023-05-23 12:17:57,029][__main__][INFO] - Test accuracy - 0.770013917969928
[2023-05-23 12:17:57,147][__main__][INFO] - Iteration 0, epoch 16, train accuracy 0.76, loss 0.4995
[2023-05-23 12:17:59,998][__main__][INFO] - Test accuracy - 0.7700800460988324
[2023-05-23 12:18:00,066][__main__][INFO] - Iteration 0, epoch 17, train accuracy 0.77, loss 0.4874
[2023-05-23 12:18:03,078][__main__][INFO] - Test accuracy - 0.7708491943475075
[2023-05-23 12:18:03,145][__main__][INFO] - Iteration 0, epoch 18, train accuracy 0.77, loss 0.4947
[2023-05-23 12:18:06,017][__main__][INFO] - Test accuracy - 0.771768133643531
[2023-05-23 12:18:06,100][__main__][INFO] - Iteration 0, epoch 19, train accuracy 0.77, loss 0.4970
[2023-05-23 12:18:09,066][__main__][INFO] - Test accuracy - 0.772157901426048
[2023-05-23 12:18:09,136][__main__][INFO] - Iteration 0, epoch 20, train accuracy 0.76, loss 0.4983
[2023-05-23 12:18:12,041][__main__][INFO] - Test accuracy - 0.7720078346473653
[2023-05-23 12:18:12,119][__main__][INFO] - Iteration 0, epoch 21, train accuracy 0.76, loss 0.4981
[2023-05-23 12:18:14,861][__main__][INFO] - Test accuracy - 0.7727795635689975
[2023-05-23 12:18:14,933][__main__][INFO] - Iteration 0, epoch 22, train accuracy 0.77, loss 0.4849
[2023-05-23 12:18:17,802][__main__][INFO] - Test accuracy - 0.7729786415923484
[2023-05-23 12:18:17,897][__main__][INFO] - Iteration 0, epoch 23, train accuracy 0.77, loss 0.4872
[2023-05-23 12:18:20,658][__main__][INFO] - Test accuracy - 0.7745741501874112
[2023-05-23 12:18:20,711][__main__][INFO] - Iteration 0, epoch 24, train accuracy 0.76, loss 0.4983
[2023-05-23 12:18:23,487][__main__][INFO] - Test accuracy - 0.7747190556201801
[2023-05-23 12:18:23,596][__main__][INFO] - Iteration 0, epoch 25, train accuracy 0.77, loss 0.4822
[2023-05-23 12:18:26,549][__main__][INFO] - Test accuracy - 0.7755709340398949
[2023-05-23 12:18:26,639][__main__][INFO] - Iteration 0, epoch 26, train accuracy 0.78, loss 0.4798
[2023-05-23 12:18:29,294][__main__][INFO] - Test accuracy - 0.7765623475938134
[2023-05-23 12:18:29,389][__main__][INFO] - Iteration 0, epoch 27, train accuracy 0.78, loss 0.4839
[2023-05-23 12:18:32,270][__main__][INFO] - Test accuracy - 0.7759483046831244
[2023-05-23 12:18:32,332][__main__][INFO] - Iteration 0, epoch 28, train accuracy 0.77, loss 0.4832
[2023-05-23 12:18:35,166][__main__][INFO] - Test accuracy - 0.778371856016544
[2023-05-23 12:18:35,268][__main__][INFO] - Iteration 0, epoch 29, train accuracy 0.77, loss 0.4789
[2023-05-23 12:18:38,111][__main__][INFO] - Test accuracy - 0.7792188143552625
[2023-05-23 12:18:38,166][__main__][INFO] - Iteration 0, epoch 30, train accuracy 0.78, loss 0.4790
[2023-05-23 12:18:40,938][__main__][INFO] - Test accuracy - 0.7776484360863383
[2023-05-23 12:18:40,995][__main__][INFO] - Iteration 0, epoch 31, train accuracy 0.77, loss 0.4910
[2023-05-23 12:18:43,905][__main__][INFO] - Test accuracy - 0.7797187152643144
[2023-05-23 12:18:43,971][__main__][INFO] - Iteration 0, epoch 32, train accuracy 0.77, loss 0.4773
[2023-05-23 12:18:46,868][__main__][INFO] - Test accuracy - 0.7810547606738184
[2023-05-23 12:18:46,935][__main__][INFO] - Iteration 0, epoch 33, train accuracy 0.78, loss 0.4764
[2023-05-23 12:18:49,775][__main__][INFO] - Test accuracy - 0.7821155206583086
[2023-05-23 12:18:49,843][__main__][INFO] - Iteration 0, epoch 34, train accuracy 0.78, loss 0.4700
[2023-05-23 12:18:52,770][__main__][INFO] - Test accuracy - 0.7836756990220155
[2023-05-23 12:18:52,852][__main__][INFO] - Iteration 0, epoch 35, train accuracy 0.78, loss 0.4789
[2023-05-23 12:18:55,632][__main__][INFO] - Test accuracy - 0.7835345375037697
[2023-05-23 12:18:55,717][__main__][INFO] - Iteration 0, epoch 36, train accuracy 0.78, loss 0.4786
[2023-05-23 12:18:58,518][__main__][INFO] - Test accuracy - 0.784433318254276
[2023-05-23 12:18:58,578][__main__][INFO] - Iteration 0, epoch 37, train accuracy 0.78, loss 0.4740
[2023-05-23 12:19:01,335][__main__][INFO] - Test accuracy - 0.785781385980785
[2023-05-23 12:19:01,421][__main__][INFO] - Iteration 0, epoch 38, train accuracy 0.78, loss 0.4767
[2023-05-23 12:19:04,197][__main__][INFO] - Test accuracy - 0.7863272909396407
[2023-05-23 12:19:04,262][__main__][INFO] - Iteration 0, epoch 39, train accuracy 0.78, loss 0.4695
[2023-05-23 12:19:07,320][__main__][INFO] - Test accuracy - 0.7866182327344793
[2023-05-23 12:19:07,414][__main__][INFO] - Iteration 0, epoch 40, train accuracy 0.78, loss 0.4663
[2023-05-23 12:19:10,218][__main__][INFO] - Test accuracy - 0.7871990629442938
[2023-05-23 12:19:10,275][__main__][INFO] - Iteration 0, epoch 41, train accuracy 0.78, loss 0.4656
[2023-05-23 12:19:13,152][__main__][INFO] - Test accuracy - 0.7872403235534876
[2023-05-23 12:19:13,223][__main__][INFO] - Iteration 0, epoch 42, train accuracy 0.78, loss 0.4630
[2023-05-23 12:19:16,102][__main__][INFO] - Test accuracy - 0.7884761384688294
[2023-05-23 12:19:16,170][__main__][INFO] - Iteration 0, epoch 43, train accuracy 0.78, loss 0.4752
[2023-05-23 12:19:19,081][__main__][INFO] - Test accuracy - 0.7890930248589032
[2023-05-23 12:19:19,149][__main__][INFO] - Iteration 0, epoch 44, train accuracy 0.79, loss 0.4652
[2023-05-23 12:19:22,005][__main__][INFO] - Test accuracy - 0.7879989638533454
[2023-05-23 12:19:22,061][__main__][INFO] - Iteration 0, epoch 45, train accuracy 0.78, loss 0.4711
[2023-05-23 12:19:24,962][__main__][INFO] - Test accuracy - 0.7899787729955624
[2023-05-23 12:19:25,034][__main__][INFO] - Iteration 0, epoch 46, train accuracy 0.78, loss 0.4671
[2023-05-23 12:19:27,765][__main__][INFO] - Test accuracy - 0.7912511050794881
[2023-05-23 12:19:27,856][__main__][INFO] - Iteration 0, epoch 47, train accuracy 0.78, loss 0.4586
[2023-05-23 12:19:30,617][__main__][INFO] - Test accuracy - 0.7898187152643144
[2023-05-23 12:19:30,676][__main__][INFO] - Iteration 0, epoch 48, train accuracy 0.78, loss 0.4703
[2023-05-23 12:19:33,607][__main__][INFO] - Test accuracy - 0.7914490521735383
[2023-05-23 12:19:33,714][__main__][INFO] - Iteration 0, epoch 49, train accuracy 0.78, loss 0.4687
[2023-05-23 12:19:36,633][__main__][INFO] - Test accuracy - 0.7891592068415838
[2023-05-23 12:19:36,689][__main__][INFO] - Iteration 0, epoch 50, train accuracy 0.78, loss 0.4701
[2023-05-23 12:19:39,535][__main__][INFO] - Test accuracy - 0.7916641592348456
[2023-05-23 12:19:39,628][__main__][INFO] - Iteration 0, epoch 51, train accuracy 0.78, loss 0.4678
[2023-05-23 12:19:42,522][__main__][INFO] - Test accuracy - 0.7933677717461548
[2023-05-23 12:19:42,587][__main__][INFO] - Iteration 0, epoch 52, train accuracy 0.78, loss 0.4733
[2023-05-23 12:19:45,221][__main__][INFO] - Test accuracy - 0.7934479104734824
[2023-05-23 12:19:45,312][__main__][INFO] - Iteration 0, epoch 53, train accuracy 0.78, loss 0.4678
[2023-05-23 12:19:48,114][__main__][INFO] - Test accuracy - 0.7924126879496789
[2023-05-23 12:19:48,171][__main__][INFO] - Iteration 0, epoch 54, train accuracy 0.79, loss 0.4587
[2023-05-23 12:19:50,971][__main__][INFO] - Test accuracy - 0.7939289927189694
[2023-05-23 12:19:51,032][__main__][INFO] - Iteration 0, epoch 55, train accuracy 0.78, loss 0.4605
[2023-05-23 12:19:53,968][__main__][INFO] - Test accuracy - 0.7916012924906295
[2023-05-23 12:19:54,037][__main__][INFO] - Iteration 0, epoch 56, train accuracy 0.79, loss 0.4620
[2023-05-23 12:19:56,889][__main__][INFO] - Test accuracy - 0.7939669811727198
[2023-05-23 12:19:56,946][__main__][INFO] - Iteration 0, epoch 57, train accuracy 0.78, loss 0.4600
[2023-05-23 12:19:59,878][__main__][INFO] - Test accuracy - 0.7938593834819696
[2023-05-23 12:19:59,965][__main__][INFO] - Iteration 0, epoch 58, train accuracy 0.78, loss 0.4665
[2023-05-23 12:20:02,912][__main__][INFO] - Test accuracy - 0.7946558485200982
[2023-05-23 12:20:02,979][__main__][INFO] - Iteration 0, epoch 59, train accuracy 0.78, loss 0.4635
[2023-05-23 12:20:05,650][__main__][INFO] - Test accuracy - 0.7944221963724095
[2023-05-23 12:20:05,751][__main__][INFO] - Iteration 0, epoch 60, train accuracy 0.79, loss 0.4524
[2023-05-23 12:20:08,584][__main__][INFO] - Test accuracy - 0.7960047283615527
[2023-05-23 12:20:08,644][__main__][INFO] - Iteration 0, epoch 61, train accuracy 0.79, loss 0.4572
[2023-05-23 12:20:11,477][__main__][INFO] - Test accuracy - 0.7971501938735944
[2023-05-23 12:20:11,562][__main__][INFO] - Iteration 0, epoch 62, train accuracy 0.79, loss 0.4601
[2023-05-23 12:20:14,290][__main__][INFO] - Test accuracy - 0.7945707466287536
[2023-05-23 12:20:14,370][__main__][INFO] - Iteration 0, epoch 63, train accuracy 0.78, loss 0.4587
[2023-05-23 12:20:17,164][__main__][INFO] - Test accuracy - 0.7960267200896127
[2023-05-23 12:20:17,261][__main__][INFO] - Iteration 0, epoch 64, train accuracy 0.79, loss 0.4566
[2023-05-23 12:20:19,962][__main__][INFO] - Test accuracy - 0.79640289517901
[2023-05-23 12:20:20,028][__main__][INFO] - Iteration 0, epoch 65, train accuracy 0.79, loss 0.4502
[2023-05-23 12:20:22,879][__main__][INFO] - Test accuracy - 0.7951493042092111
[2023-05-23 12:20:22,959][__main__][INFO] - Iteration 0, epoch 66, train accuracy 0.79, loss 0.4553
[2023-05-23 12:20:25,932][__main__][INFO] - Test accuracy - 0.7951982508293481
[2023-05-23 12:20:25,996][__main__][INFO] - Iteration 0, epoch 67, train accuracy 0.79, loss 0.4579
[2023-05-23 12:20:28,749][__main__][INFO] - Test accuracy - 0.7976003037352979
[2023-05-23 12:20:28,802][__main__][INFO] - Iteration 0, epoch 68, train accuracy 0.79, loss 0.4548
[2023-05-23 12:20:31,625][__main__][INFO] - Test accuracy - 0.7979651587609324
[2023-05-23 12:20:31,687][__main__][INFO] - Iteration 0, epoch 69, train accuracy 0.79, loss 0.4603
[2023-05-23 12:20:34,474][__main__][INFO] - Test accuracy - 0.7980351406660635
[2023-05-23 12:20:34,540][__main__][INFO] - Iteration 0, epoch 70, train accuracy 0.79, loss 0.4594
[2023-05-23 12:20:37,335][__main__][INFO] - Test accuracy - 0.7975718344750334
[2023-05-23 12:20:37,426][__main__][INFO] - Iteration 0, epoch 71, train accuracy 0.79, loss 0.4556
[2023-05-23 12:20:40,235][__main__][INFO] - Test accuracy - 0.7963002821937875
[2023-05-23 12:20:40,322][__main__][INFO] - Iteration 0, epoch 72, train accuracy 0.79, loss 0.4568
[2023-05-23 12:20:43,249][__main__][INFO] - Test accuracy - 0.7983402136917841
[2023-05-23 12:20:43,352][__main__][INFO] - Iteration 0, epoch 73, train accuracy 0.80, loss 0.4452
[2023-05-23 12:20:46,289][__main__][INFO] - Test accuracy - 0.7982646762310974
[2023-05-23 12:20:46,363][__main__][INFO] - Iteration 0, epoch 74, train accuracy 0.79, loss 0.4542
[2023-05-23 12:20:49,029][__main__][INFO] - Test accuracy - 0.7976200443755117
[2023-05-23 12:20:49,117][__main__][INFO] - Iteration 0, epoch 75, train accuracy 0.79, loss 0.4581
[2023-05-23 12:20:51,837][__main__][INFO] - Test accuracy - 0.7987947374089871
[2023-05-23 12:20:51,903][__main__][INFO] - Iteration 0, epoch 76, train accuracy 0.79, loss 0.4528
[2023-05-23 12:20:54,740][__main__][INFO] - Test accuracy - 0.799944649088794
[2023-05-23 12:20:54,834][__main__][INFO] - Iteration 0, epoch 77, train accuracy 0.79, loss 0.4503
[2023-05-23 12:20:57,617][__main__][INFO] - Test accuracy - 0.8006136982465211
[2023-05-23 12:20:57,670][__main__][INFO] - Iteration 0, epoch 78, train accuracy 0.79, loss 0.4484
[2023-05-23 12:21:00,385][__main__][INFO] - Test accuracy - 0.7975275989832408
[2023-05-23 12:21:00,459][__main__][INFO] - Iteration 0, epoch 79, train accuracy 0.79, loss 0.4522
[2023-05-23 12:21:03,255][__main__][INFO] - Test accuracy - 0.7997183641376934
[2023-05-23 12:21:03,321][__main__][INFO] - Iteration 0, epoch 80, train accuracy 0.79, loss 0.4513
[2023-05-23 12:21:06,201][__main__][INFO] - Test accuracy - 0.8004940566972556
[2023-05-23 12:21:06,268][__main__][INFO] - Iteration 0, epoch 81, train accuracy 0.79, loss 0.4466
[2023-05-23 12:21:09,187][__main__][INFO] - Test accuracy - 0.7991792555253974
[2023-05-23 12:21:09,266][__main__][INFO] - Iteration 0, epoch 82, train accuracy 0.79, loss 0.4543
[2023-05-23 12:21:12,103][__main__][INFO] - Test accuracy - 0.8008023350997372
[2023-05-23 12:21:12,181][__main__][INFO] - Iteration 0, epoch 83, train accuracy 0.80, loss 0.4377
[2023-05-23 12:21:14,999][__main__][INFO] - Test accuracy - 0.8007731291198139
[2023-05-23 12:21:15,090][__main__][INFO] - Iteration 0, epoch 84, train accuracy 0.78, loss 0.4659
[2023-05-23 12:21:17,853][__main__][INFO] - Test accuracy - 0.8014907845418121
[2023-05-23 12:21:17,930][__main__][INFO] - Iteration 0, epoch 85, train accuracy 0.79, loss 0.4621
[2023-05-23 12:21:20,762][__main__][INFO] - Test accuracy - 0.801973437163414
[2023-05-23 12:21:20,869][__main__][INFO] - Iteration 0, epoch 86, train accuracy 0.80, loss 0.4480
[2023-05-23 12:21:23,753][__main__][INFO] - Test accuracy - 0.8029705936840289
[2023-05-23 12:21:23,817][__main__][INFO] - Iteration 0, epoch 87, train accuracy 0.80, loss 0.4430
[2023-05-23 12:21:26,625][__main__][INFO] - Test accuracy - 0.7949033023135582
[2023-05-23 12:21:26,728][__main__][INFO] - Iteration 0, epoch 88, train accuracy 0.78, loss 0.4629
[2023-05-23 12:21:29,541][__main__][INFO] - Test accuracy - 0.7989789604067037
[2023-05-23 12:21:29,600][__main__][INFO] - Iteration 0, epoch 89, train accuracy 0.79, loss 0.4523
[2023-05-23 12:21:32,372][__main__][INFO] - Test accuracy - 0.8031488324501315
[2023-05-23 12:21:32,463][__main__][INFO] - Iteration 0, epoch 90, train accuracy 0.80, loss 0.4428
[2023-05-23 12:21:35,261][__main__][INFO] - Test accuracy - 0.8016573090345095
[2023-05-23 12:21:35,323][__main__][INFO] - Iteration 0, epoch 91, train accuracy 0.79, loss 0.4430
[2023-05-23 12:21:38,105][__main__][INFO] - Test accuracy - 0.8035244582310113
[2023-05-23 12:21:38,172][__main__][INFO] - Iteration 0, epoch 92, train accuracy 0.79, loss 0.4397
[2023-05-23 12:21:40,997][__main__][INFO] - Test accuracy - 0.8016857890655293
[2023-05-23 12:21:41,055][__main__][INFO] - Iteration 0, epoch 93, train accuracy 0.80, loss 0.4385
[2023-05-23 12:21:43,853][__main__][INFO] - Test accuracy - 0.8015569686786438
[2023-05-23 12:21:43,917][__main__][INFO] - Iteration 0, epoch 94, train accuracy 0.80, loss 0.4395
[2023-05-23 12:21:46,882][__main__][INFO] - Test accuracy - 0.8037146977726078
[2023-05-23 12:21:46,984][__main__][INFO] - Iteration 0, epoch 95, train accuracy 0.79, loss 0.4590
[2023-05-23 12:21:49,898][__main__][INFO] - Test accuracy - 0.8020122269613545
[2023-05-23 12:21:49,963][__main__][INFO] - Iteration 0, epoch 96, train accuracy 0.79, loss 0.4508
[2023-05-23 12:21:52,729][__main__][INFO] - Test accuracy - 0.8036222954633581
[2023-05-23 12:21:52,808][__main__][INFO] - Iteration 0, epoch 97, train accuracy 0.80, loss 0.4348
[2023-05-23 12:21:55,577][__main__][INFO] - Test accuracy - 0.8032834065744692
[2023-05-23 12:21:55,634][__main__][INFO] - Iteration 0, epoch 98, train accuracy 0.80, loss 0.4377
[2023-05-23 12:21:58,397][__main__][INFO] - Test accuracy - 0.8042790810391625
[2023-05-23 12:21:58,497][__main__][INFO] - Iteration 0, epoch 99, train accuracy 0.79, loss 0.4476
[2023-05-23 12:22:01,355][__main__][INFO] - Test accuracy - 0.8031331545387963
[2023-05-23 12:22:01,420][__main__][INFO] - Iteration 0, epoch 100, train accuracy 0.79, loss 0.4428
[2023-05-23 12:22:04,220][__main__][INFO] - Test accuracy - 0.8040772693981301
[2023-05-23 12:22:04,318][__main__][INFO] - Iteration 0, epoch 101, train accuracy 0.79, loss 0.4483
[2023-05-23 12:22:07,139][__main__][INFO] - Test accuracy - 0.8035212959372711
[2023-05-23 12:22:07,205][__main__][INFO] - Iteration 0, epoch 102, train accuracy 0.79, loss 0.4457
[2023-05-23 12:22:10,021][__main__][INFO] - Test accuracy - 0.8050542889147387
[2023-05-23 12:22:10,095][__main__][INFO] - Iteration 0, epoch 103, train accuracy 0.79, loss 0.4416
[2023-05-23 12:22:13,137][__main__][INFO] - Test accuracy - 0.8046439252940416
[2023-05-23 12:22:13,209][__main__][INFO] - Iteration 0, epoch 104, train accuracy 0.80, loss 0.4384
[2023-05-23 12:22:16,084][__main__][INFO] - Test accuracy - 0.8058100426521907
[2023-05-23 12:22:16,150][__main__][INFO] - Iteration 0, epoch 105, train accuracy 0.79, loss 0.4427
[2023-05-23 12:22:19,020][__main__][INFO] - Test accuracy - 0.7988671556589549
[2023-05-23 12:22:19,094][__main__][INFO] - Iteration 0, epoch 106, train accuracy 0.79, loss 0.4550
[2023-05-23 12:22:22,092][__main__][INFO] - Test accuracy - 0.8018070569988368
[2023-05-23 12:22:22,164][__main__][INFO] - Iteration 0, epoch 107, train accuracy 0.80, loss 0.4417
[2023-05-23 12:22:24,996][__main__][INFO] - Test accuracy - 0.8043556072551807
[2023-05-23 12:22:25,091][__main__][INFO] - Iteration 0, epoch 108, train accuracy 0.79, loss 0.4500
[2023-05-23 12:22:27,956][__main__][INFO] - Test accuracy - 0.8037065723148507
[2023-05-23 12:22:28,028][__main__][INFO] - Iteration 0, epoch 109, train accuracy 0.80, loss 0.4359
[2023-05-23 12:22:30,768][__main__][INFO] - Test accuracy - 0.8065312653483262
[2023-05-23 12:22:30,850][__main__][INFO] - Iteration 0, epoch 110, train accuracy 0.79, loss 0.4491
[2023-05-23 12:22:33,630][__main__][INFO] - Test accuracy - 0.8068466804532334
[2023-05-23 12:22:33,691][__main__][INFO] - Iteration 0, epoch 111, train accuracy 0.79, loss 0.4490
[2023-05-23 12:22:36,722][__main__][INFO] - Test accuracy - 0.8055492051182629
[2023-05-23 12:22:36,834][__main__][INFO] - Iteration 0, epoch 112, train accuracy 0.80, loss 0.4423
[2023-05-23 12:22:39,525][__main__][INFO] - Test accuracy - 0.8066962194649089
[2023-05-23 12:22:39,580][__main__][INFO] - Iteration 0, epoch 113, train accuracy 0.79, loss 0.4440
[2023-05-23 12:22:42,338][__main__][INFO] - Test accuracy - 0.8041943302744389
[2023-05-23 12:22:42,433][__main__][INFO] - Iteration 0, epoch 114, train accuracy 0.80, loss 0.4389
[2023-05-23 12:22:45,246][__main__][INFO] - Test accuracy - 0.8074635776140622
[2023-05-23 12:22:45,330][__main__][INFO] - Iteration 0, epoch 115, train accuracy 0.79, loss 0.4448
[2023-05-23 12:22:48,062][__main__][INFO] - Test accuracy - 0.8074089117228901
[2023-05-23 12:22:48,122][__main__][INFO] - Iteration 0, epoch 116, train accuracy 0.80, loss 0.4379
[2023-05-23 12:22:50,949][__main__][INFO] - Test accuracy - 0.8072084615053208
[2023-05-23 12:22:51,012][__main__][INFO] - Iteration 0, epoch 117, train accuracy 0.80, loss 0.4370
[2023-05-23 12:22:53,949][__main__][INFO] - Test accuracy - 0.8059660915083365
[2023-05-23 12:22:54,016][__main__][INFO] - Iteration 0, epoch 118, train accuracy 0.79, loss 0.4378
[2023-05-23 12:22:56,717][__main__][INFO] - Test accuracy - 0.8060946060057731
[2023-05-23 12:22:56,809][__main__][INFO] - Iteration 0, epoch 119, train accuracy 0.79, loss 0.4395
[2023-05-23 12:22:59,611][__main__][INFO] - Test accuracy - 0.8089438154323381
[2023-05-23 12:22:59,668][__main__][INFO] - Iteration 0, epoch 120, train accuracy 0.80, loss 0.4381
[2023-05-23 12:23:02,553][__main__][INFO] - Test accuracy - 0.8083738658394727
[2023-05-23 12:23:02,665][__main__][INFO] - Iteration 0, epoch 121, train accuracy 0.80, loss 0.4379
[2023-05-23 12:23:05,613][__main__][INFO] - Test accuracy - 0.8070316057041921
[2023-05-23 12:23:05,685][__main__][INFO] - Iteration 0, epoch 122, train accuracy 0.79, loss 0.4403
[2023-05-23 12:23:08,521][__main__][INFO] - Test accuracy - 0.8082162681487225
[2023-05-23 12:23:08,617][__main__][INFO] - Iteration 0, epoch 123, train accuracy 0.80, loss 0.4389
[2023-05-23 12:23:11,492][__main__][INFO] - Test accuracy - 0.807828400327431
[2023-05-23 12:23:11,557][__main__][INFO] - Iteration 0, epoch 124, train accuracy 0.80, loss 0.4411
[2023-05-23 12:23:14,422][__main__][INFO] - Test accuracy - 0.8080092413080006
[2023-05-23 12:23:14,522][__main__][INFO] - Iteration 0, epoch 125, train accuracy 0.79, loss 0.4463
[2023-05-23 12:23:17,505][__main__][INFO] - Test accuracy - 0.8076973827064754
[2023-05-23 12:23:17,572][__main__][INFO] - Iteration 0, epoch 126, train accuracy 0.79, loss 0.4438
[2023-05-23 12:23:20,394][__main__][INFO] - Test accuracy - 0.8086322756451683
[2023-05-23 12:23:20,471][__main__][INFO] - Iteration 0, epoch 127, train accuracy 0.79, loss 0.4489
[2023-05-23 12:23:23,387][__main__][INFO] - Test accuracy - 0.8072308819094395
[2023-05-23 12:23:23,451][__main__][INFO] - Iteration 0, epoch 128, train accuracy 0.80, loss 0.4396
[2023-05-23 12:23:26,369][__main__][INFO] - Test accuracy - 0.8042369867735124
[2023-05-23 12:23:26,434][__main__][INFO] - Iteration 0, epoch 129, train accuracy 0.79, loss 0.4501
[2023-05-23 12:23:29,318][__main__][INFO] - Test accuracy - 0.806910581189953
[2023-05-23 12:23:29,386][__main__][INFO] - Iteration 0, epoch 130, train accuracy 0.79, loss 0.4525
[2023-05-23 12:23:32,289][__main__][INFO] - Test accuracy - 0.8079546960492869
[2023-05-23 12:23:32,363][__main__][INFO] - Iteration 0, epoch 131, train accuracy 0.80, loss 0.4361
[2023-05-23 12:23:35,049][__main__][INFO] - Test accuracy - 0.8089040153375554
[2023-05-23 12:23:35,133][__main__][INFO] - Iteration 0, epoch 132, train accuracy 0.80, loss 0.4309
[2023-05-23 12:23:37,966][__main__][INFO] - Test accuracy - 0.8075453858084529
[2023-05-23 12:23:38,025][__main__][INFO] - Iteration 0, epoch 133, train accuracy 0.80, loss 0.4380
[2023-05-23 12:23:40,807][__main__][INFO] - Test accuracy - 0.8075868876825643
[2023-05-23 12:23:40,913][__main__][INFO] - Iteration 0, epoch 134, train accuracy 0.80, loss 0.4426
[2023-05-23 12:23:43,725][__main__][INFO] - Test accuracy - 0.8092200551462668
[2023-05-23 12:23:43,796][__main__][INFO] - Iteration 0, epoch 135, train accuracy 0.80, loss 0.4390
[2023-05-23 12:23:46,712][__main__][INFO] - Test accuracy - 0.810165059669984
[2023-05-23 12:23:46,812][__main__][INFO] - Iteration 0, epoch 136, train accuracy 0.80, loss 0.4286
[2023-05-23 12:23:49,635][__main__][INFO] - Test accuracy - 0.81109135539184
[2023-05-23 12:23:49,701][__main__][INFO] - Iteration 0, epoch 137, train accuracy 0.80, loss 0.4378
[2023-05-23 12:23:52,646][__main__][INFO] - Test accuracy - 0.8120572099435611
[2023-05-23 12:23:52,741][__main__][INFO] - Iteration 0, epoch 138, train accuracy 0.80, loss 0.4293
[2023-05-23 12:23:55,644][__main__][INFO] - Test accuracy - 0.8088954612037395
[2023-05-23 12:23:55,714][__main__][INFO] - Iteration 0, epoch 139, train accuracy 0.79, loss 0.4357
[2023-05-23 12:23:58,576][__main__][INFO] - Test accuracy - 0.8114951876265564
[2023-05-23 12:23:58,652][__main__][INFO] - Iteration 0, epoch 140, train accuracy 0.79, loss 0.4429
[2023-05-23 12:24:01,554][__main__][INFO] - Test accuracy - 0.81127616001034
[2023-05-23 12:24:01,620][__main__][INFO] - Iteration 0, epoch 141, train accuracy 0.81, loss 0.4220
[2023-05-23 12:24:04,396][__main__][INFO] - Test accuracy - 0.811085119124553
[2023-05-23 12:24:04,470][__main__][INFO] - Iteration 0, epoch 142, train accuracy 0.80, loss 0.4427
[2023-05-23 12:24:07,471][__main__][INFO] - Test accuracy - 0.8116763905045022
[2023-05-23 12:24:07,564][__main__][INFO] - Iteration 0, epoch 143, train accuracy 0.80, loss 0.4283
[2023-05-23 12:24:10,432][__main__][INFO] - Test accuracy - 0.8091631834044202
[2023-05-23 12:24:10,497][__main__][INFO] - Iteration 0, epoch 144, train accuracy 0.80, loss 0.4408
[2023-05-23 12:24:13,434][__main__][INFO] - Test accuracy - 0.8121203524191116
[2023-05-23 12:24:13,541][__main__][INFO] - Iteration 0, epoch 145, train accuracy 0.80, loss 0.4276
[2023-05-23 12:24:16,462][__main__][INFO] - Test accuracy - 0.8105569686786438
[2023-05-23 12:24:16,527][__main__][INFO] - Iteration 0, epoch 146, train accuracy 0.79, loss 0.4362
[2023-05-23 12:24:19,283][__main__][INFO] - Test accuracy - 0.8107378096592133
[2023-05-23 12:24:19,366][__main__][INFO] - Iteration 0, epoch 147, train accuracy 0.80, loss 0.4412
[2023-05-23 12:24:22,202][__main__][INFO] - Test accuracy - 0.810401973202361
[2023-05-23 12:24:22,261][__main__][INFO] - Iteration 0, epoch 148, train accuracy 0.80, loss 0.4349
[2023-05-23 12:24:25,159][__main__][INFO] - Test accuracy - 0.8128759079746671
[2023-05-23 12:24:25,274][__main__][INFO] - Iteration 0, epoch 149, train accuracy 0.81, loss 0.4243
[2023-05-23 12:24:28,169][__main__][INFO] - Test accuracy - 0.8131018633406574
[2023-05-23 12:24:28,239][__main__][INFO] - Iteration 0, epoch 150, train accuracy 0.80, loss 0.4318
[2023-05-23 12:24:31,150][__main__][INFO] - Test accuracy - 0.8126704730515704
[2023-05-23 12:24:31,219][__main__][INFO] - Iteration 0, epoch 151, train accuracy 0.81, loss 0.4277
[2023-05-23 12:24:34,105][__main__][INFO] - Test accuracy - 0.8137479104734823
[2023-05-23 12:24:34,174][__main__][INFO] - Iteration 0, epoch 152, train accuracy 0.79, loss 0.4345
[2023-05-23 12:24:37,068][__main__][INFO] - Test accuracy - 0.8091171470423507
[2023-05-23 12:24:37,137][__main__][INFO] - Iteration 0, epoch 153, train accuracy 0.80, loss 0.4413
[2023-05-23 12:24:39,887][__main__][INFO] - Test accuracy - 0.8126829348153892
[2023-05-23 12:24:39,952][__main__][INFO] - Iteration 0, epoch 154, train accuracy 0.80, loss 0.4278
[2023-05-23 12:24:42,791][__main__][INFO] - Test accuracy - 0.8100365128602818
[2023-05-23 12:24:42,857][__main__][INFO] - Iteration 0, epoch 155, train accuracy 0.80, loss 0.4343
[2023-05-23 12:24:45,727][__main__][INFO] - Test accuracy - 0.8126708026366809
[2023-05-23 12:24:45,824][__main__][INFO] - Iteration 0, epoch 156, train accuracy 0.80, loss 0.4247
[2023-05-23 12:24:48,732][__main__][INFO] - Test accuracy - 0.8129255568480462
[2023-05-23 12:24:48,798][__main__][INFO] - Iteration 0, epoch 157, train accuracy 0.80, loss 0.4275
[2023-05-23 12:24:51,580][__main__][INFO] - Test accuracy - 0.8104072874929991
[2023-05-23 12:24:51,689][__main__][INFO] - Iteration 0, epoch 158, train accuracy 0.81, loss 0.4206
[2023-05-23 12:24:54,636][__main__][INFO] - Test accuracy - 0.8141128969023307
[2023-05-23 12:24:54,694][__main__][INFO] - Iteration 0, epoch 159, train accuracy 0.80, loss 0.4325
[2023-05-23 12:24:57,526][__main__][INFO] - Test accuracy - 0.8137023458704924
[2023-05-23 12:24:57,616][__main__][INFO] - Iteration 0, epoch 160, train accuracy 0.80, loss 0.4307
[2023-05-23 12:25:00,570][__main__][INFO] - Test accuracy - 0.8142338460212829
[2023-05-23 12:25:00,640][__main__][INFO] - Iteration 0, epoch 161, train accuracy 0.80, loss 0.4242
[2023-05-23 12:25:03,730][__main__][INFO] - Test accuracy - 0.8139253694369049
[2023-05-23 12:25:03,831][__main__][INFO] - Iteration 0, epoch 162, train accuracy 0.81, loss 0.4221
[2023-05-23 12:25:06,477][__main__][INFO] - Test accuracy - 0.8134961096032053
[2023-05-23 12:25:06,530][__main__][INFO] - Iteration 0, epoch 163, train accuracy 0.81, loss 0.4197
[2023-05-23 12:25:09,308][__main__][INFO] - Test accuracy - 0.8116613717633882
[2023-05-23 12:25:09,366][__main__][INFO] - Iteration 0, epoch 164, train accuracy 0.80, loss 0.4364
[2023-05-23 12:25:12,260][__main__][INFO] - Test accuracy - 0.8149310348541638
[2023-05-23 12:25:12,324][__main__][INFO] - Iteration 0, epoch 165, train accuracy 0.80, loss 0.4319
[2023-05-23 12:25:15,016][__main__][INFO] - Test accuracy - 0.8132965382792641
[2023-05-23 12:25:15,069][__main__][INFO] - Iteration 0, epoch 166, train accuracy 0.80, loss 0.4312
[2023-05-23 12:25:17,964][__main__][INFO] - Test accuracy - 0.8131004911464391
[2023-05-23 12:25:18,023][__main__][INFO] - Iteration 0, epoch 167, train accuracy 0.80, loss 0.4265
[2023-05-23 12:25:20,951][__main__][INFO] - Test accuracy - 0.8150598013872732
[2023-05-23 12:25:21,038][__main__][INFO] - Iteration 0, epoch 168, train accuracy 0.81, loss 0.4191
[2023-05-23 12:25:24,004][__main__][INFO] - Test accuracy - 0.8128497651975357
[2023-05-23 12:25:24,106][__main__][INFO] - Iteration 0, epoch 169, train accuracy 0.80, loss 0.4278
[2023-05-23 12:25:26,955][__main__][INFO] - Test accuracy - 0.8141417625263885
[2023-05-23 12:25:27,022][__main__][INFO] - Iteration 0, epoch 170, train accuracy 0.80, loss 0.4265
[2023-05-23 12:25:29,903][__main__][INFO] - Test accuracy - 0.8142442764206627
[2023-05-23 12:25:30,012][__main__][INFO] - Iteration 0, epoch 171, train accuracy 0.80, loss 0.4392
[2023-05-23 12:25:32,880][__main__][INFO] - Test accuracy - 0.8147905540476499
[2023-05-23 12:25:32,950][__main__][INFO] - Iteration 0, epoch 172, train accuracy 0.80, loss 0.4271
[2023-05-23 12:25:35,753][__main__][INFO] - Test accuracy - 0.8103878872086511
[2023-05-23 12:25:35,849][__main__][INFO] - Iteration 0, epoch 173, train accuracy 0.80, loss 0.4326
[2023-05-23 12:25:38,750][__main__][INFO] - Test accuracy - 0.8153053875317737
[2023-05-23 12:25:38,817][__main__][INFO] - Iteration 0, epoch 174, train accuracy 0.80, loss 0.4286
[2023-05-23 12:25:41,734][__main__][INFO] - Test accuracy - 0.8137700443755116
[2023-05-23 12:25:41,799][__main__][INFO] - Iteration 0, epoch 175, train accuracy 0.81, loss 0.4261
[2023-05-23 12:25:44,825][__main__][INFO] - Test accuracy - 0.813432353194606
[2023-05-23 12:25:44,893][__main__][INFO] - Iteration 0, epoch 176, train accuracy 0.80, loss 0.4339
[2023-05-23 12:25:47,587][__main__][INFO] - Test accuracy - 0.8150175197104821
[2023-05-23 12:25:47,644][__main__][INFO] - Iteration 0, epoch 177, train accuracy 0.81, loss 0.4178
[2023-05-23 12:25:50,480][__main__][INFO] - Test accuracy - 0.8118916311231743
[2023-05-23 12:25:50,543][__main__][INFO] - Iteration 0, epoch 178, train accuracy 0.80, loss 0.4324
[2023-05-23 12:25:53,232][__main__][INFO] - Test accuracy - 0.8152159493343674
[2023-05-23 12:25:53,290][__main__][INFO] - Iteration 0, epoch 179, train accuracy 0.80, loss 0.4344
[2023-05-23 12:25:56,002][__main__][INFO] - Test accuracy - 0.8162649282667701
[2023-05-23 12:25:56,090][__main__][INFO] - Iteration 0, epoch 180, train accuracy 0.81, loss 0.4213
[2023-05-23 12:25:58,908][__main__][INFO] - Test accuracy - 0.814282527680841
[2023-05-23 12:25:58,976][__main__][INFO] - Iteration 0, epoch 181, train accuracy 0.81, loss 0.4221
[2023-05-23 12:26:01,954][__main__][INFO] - Test accuracy - 0.8155317155658954
[2023-05-23 12:26:02,050][__main__][INFO] - Iteration 0, epoch 182, train accuracy 0.80, loss 0.4245
[2023-05-23 12:26:05,026][__main__][INFO] - Test accuracy - 0.8158160484253156
[2023-05-23 12:26:05,098][__main__][INFO] - Iteration 0, epoch 183, train accuracy 0.80, loss 0.4228
[2023-05-23 12:26:07,973][__main__][INFO] - Test accuracy - 0.8159727241394166
[2023-05-23 12:26:08,074][__main__][INFO] - Iteration 0, epoch 184, train accuracy 0.81, loss 0.4216
[2023-05-23 12:26:10,998][__main__][INFO] - Test accuracy - 0.8167390504502174
[2023-05-23 12:26:11,085][__main__][INFO] - Iteration 0, epoch 185, train accuracy 0.80, loss 0.4223
[2023-05-23 12:26:14,043][__main__][INFO] - Test accuracy - 0.8162649282667701
[2023-05-23 12:26:14,139][__main__][INFO] - Iteration 0, epoch 186, train accuracy 0.81, loss 0.4168
[2023-05-23 12:26:16,819][__main__][INFO] - Test accuracy - 0.8152016436172504
[2023-05-23 12:26:16,875][__main__][INFO] - Iteration 0, epoch 187, train accuracy 0.81, loss 0.4184
[2023-05-23 12:26:19,678][__main__][INFO] - Test accuracy - 0.8149442548791521
[2023-05-23 12:26:19,737][__main__][INFO] - Iteration 0, epoch 188, train accuracy 0.80, loss 0.4312
[2023-05-23 12:26:22,705][__main__][INFO] - Test accuracy - 0.8171480311059411
[2023-05-23 12:26:22,770][__main__][INFO] - Iteration 0, epoch 189, train accuracy 0.81, loss 0.4158
[2023-05-23 12:26:25,712][__main__][INFO] - Test accuracy - 0.8135796088061694
[2023-05-23 12:26:25,784][__main__][INFO] - Iteration 0, epoch 190, train accuracy 0.80, loss 0.4252
[2023-05-23 12:26:28,567][__main__][INFO] - Test accuracy - 0.8149483391495411
[2023-05-23 12:26:28,632][__main__][INFO] - Iteration 0, epoch 191, train accuracy 0.80, loss 0.4326
[2023-05-23 12:26:31,534][__main__][INFO] - Test accuracy - 0.8139477338330964
[2023-05-23 12:26:31,604][__main__][INFO] - Iteration 0, epoch 192, train accuracy 0.81, loss 0.4166
[2023-05-23 12:26:34,630][__main__][INFO] - Test accuracy - 0.816224535780449
[2023-05-23 12:26:34,725][__main__][INFO] - Iteration 0, epoch 193, train accuracy 0.81, loss 0.4096
[2023-05-23 12:26:37,543][__main__][INFO] - Test accuracy - 0.8172738766102279
[2023-05-23 12:26:37,609][__main__][INFO] - Iteration 0, epoch 194, train accuracy 0.81, loss 0.4165
[2023-05-23 12:26:40,560][__main__][INFO] - Test accuracy - 0.8153492395846798
[2023-05-23 12:26:40,654][__main__][INFO] - Iteration 0, epoch 195, train accuracy 0.80, loss 0.4304
[2023-05-23 12:26:43,495][__main__][INFO] - Test accuracy - 0.815927652837017
[2023-05-23 12:26:43,571][__main__][INFO] - Iteration 0, epoch 196, train accuracy 0.80, loss 0.4237
[2023-05-23 12:26:46,460][__main__][INFO] - Test accuracy - 0.8161645879109042
[2023-05-23 12:26:46,558][__main__][INFO] - Iteration 0, epoch 197, train accuracy 0.81, loss 0.4227
[2023-05-23 12:26:49,413][__main__][INFO] - Test accuracy - 0.8130158847098359
[2023-05-23 12:26:49,485][__main__][INFO] - Iteration 0, epoch 198, train accuracy 0.80, loss 0.4338
[2023-05-23 12:26:52,312][__main__][INFO] - Test accuracy - 0.8169724936452545
[2023-05-23 12:26:52,402][__main__][INFO] - Iteration 0, epoch 199, train accuracy 0.80, loss 0.4211
[2023-05-23 12:26:55,375][__main__][INFO] - Test accuracy - 0.809307856188876
[2023-05-23 12:26:55,450][__main__][INFO] - Iteration 0, epoch 200, train accuracy 0.80, loss 0.4370
[2023-05-23 12:26:58,260][__main__][INFO] - Test accuracy - 0.8179076601611306
[2023-05-23 12:26:58,321][__main__][INFO] - Iteration 0, epoch 201, train accuracy 0.81, loss 0.4164
[2023-05-23 12:27:01,255][__main__][INFO] - Test accuracy - 0.8169007324113567
[2023-05-23 12:27:01,313][__main__][INFO] - Iteration 0, epoch 202, train accuracy 0.81, loss 0.4205
[2023-05-23 12:27:04,084][__main__][INFO] - Test accuracy - 0.8177759079746673
[2023-05-23 12:27:04,155][__main__][INFO] - Iteration 0, epoch 203, train accuracy 0.81, loss 0.4106
[2023-05-23 12:27:06,922][__main__][INFO] - Test accuracy - 0.8183481301968893
[2023-05-23 12:27:07,018][__main__][INFO] - Iteration 0, epoch 204, train accuracy 0.81, loss 0.4151
[2023-05-23 12:27:09,820][__main__][INFO] - Test accuracy - 0.8170494700788419
[2023-05-23 12:27:09,897][__main__][INFO] - Iteration 0, epoch 205, train accuracy 0.81, loss 0.4121
[2023-05-23 12:27:12,634][__main__][INFO] - Test accuracy - 0.8173264572831846
[2023-05-23 12:27:12,722][__main__][INFO] - Iteration 0, epoch 206, train accuracy 0.81, loss 0.4174
[2023-05-23 12:27:15,494][__main__][INFO] - Test accuracy - 0.8185556180259359
[2023-05-23 12:27:15,563][__main__][INFO] - Iteration 0, epoch 207, train accuracy 0.80, loss 0.4270
[2023-05-23 12:27:18,481][__main__][INFO] - Test accuracy - 0.8173368876825643
[2023-05-23 12:27:18,582][__main__][INFO] - Iteration 0, epoch 208, train accuracy 0.80, loss 0.4242
[2023-05-23 12:27:21,382][__main__][INFO] - Test accuracy - 0.8187003920554908
[2023-05-23 12:27:21,446][__main__][INFO] - Iteration 0, epoch 209, train accuracy 0.81, loss 0.4189
[2023-05-23 12:27:24,411][__main__][INFO] - Test accuracy - 0.8171856684330705
[2023-05-23 12:27:24,515][__main__][INFO] - Iteration 0, epoch 210, train accuracy 0.81, loss 0.4151
[2023-05-23 12:27:27,151][__main__][INFO] - Test accuracy - 0.8185465275085089
[2023-05-23 12:27:27,210][__main__][INFO] - Iteration 0, epoch 211, train accuracy 0.80, loss 0.4251
[2023-05-23 12:27:30,045][__main__][INFO] - Test accuracy - 0.8179649390375253
[2023-05-23 12:27:30,113][__main__][INFO] - Iteration 0, epoch 212, train accuracy 0.81, loss 0.4148
[2023-05-23 12:27:32,898][__main__][INFO] - Test accuracy - 0.8194338783335486
[2023-05-23 12:27:32,959][__main__][INFO] - Iteration 0, epoch 213, train accuracy 0.80, loss 0.4258
[2023-05-23 12:27:35,844][__main__][INFO] - Test accuracy - 0.8153445736935073
[2023-05-23 12:27:35,919][__main__][INFO] - Iteration 0, epoch 214, train accuracy 0.80, loss 0.4229
[2023-05-23 12:27:38,862][__main__][INFO] - Test accuracy - 0.8193716039808713
[2023-05-23 12:27:38,927][__main__][INFO] - Iteration 0, epoch 215, train accuracy 0.81, loss 0.4155
[2023-05-23 12:27:41,746][__main__][INFO] - Test accuracy - 0.8187331653095514
[2023-05-23 12:27:41,818][__main__][INFO] - Iteration 0, epoch 216, train accuracy 0.80, loss 0.4196
[2023-05-23 12:27:44,682][__main__][INFO] - Test accuracy - 0.8189371397182371
[2023-05-23 12:27:44,767][__main__][INFO] - Iteration 0, epoch 217, train accuracy 0.81, loss 0.4201
[2023-05-23 12:27:47,611][__main__][INFO] - Test accuracy - 0.8177101848261601
[2023-05-23 12:27:47,683][__main__][INFO] - Iteration 0, epoch 218, train accuracy 0.82, loss 0.4083
[2023-05-23 12:27:50,638][__main__][INFO] - Test accuracy - 0.8192368101331265
[2023-05-23 12:27:50,746][__main__][INFO] - Iteration 0, epoch 219, train accuracy 0.81, loss 0.4068
[2023-05-23 12:27:53,555][__main__][INFO] - Test accuracy - 0.8191074404377234
[2023-05-23 12:27:53,622][__main__][INFO] - Iteration 0, epoch 220, train accuracy 0.81, loss 0.4255
[2023-05-23 12:27:56,582][__main__][INFO] - Test accuracy - 0.8181207358579983
[2023-05-23 12:27:56,681][__main__][INFO] - Iteration 0, epoch 221, train accuracy 0.80, loss 0.4243
[2023-05-23 12:27:59,568][__main__][INFO] - Test accuracy - 0.8188295635689974
[2023-05-23 12:27:59,640][__main__][INFO] - Iteration 0, epoch 222, train accuracy 0.81, loss 0.4197
[2023-05-23 12:28:02,450][__main__][INFO] - Test accuracy - 0.818533934341476
[2023-05-23 12:28:02,542][__main__][INFO] - Iteration 0, epoch 223, train accuracy 0.81, loss 0.4175
[2023-05-23 12:28:05,386][__main__][INFO] - Test accuracy - 0.8185086596872173
[2023-05-23 12:28:05,453][__main__][INFO] - Iteration 0, epoch 224, train accuracy 0.80, loss 0.4204
[2023-05-23 12:28:08,200][__main__][INFO] - Test accuracy - 0.8187202425574082
[2023-05-23 12:28:08,254][__main__][INFO] - Iteration 0, epoch 225, train accuracy 0.81, loss 0.4203
[2023-05-23 12:28:11,085][__main__][INFO] - Test accuracy - 0.8197243268277972
[2023-05-23 12:28:11,151][__main__][INFO] - Iteration 0, epoch 226, train accuracy 0.81, loss 0.4111
[2023-05-23 12:28:14,016][__main__][INFO] - Test accuracy - 0.8193916849769507
[2023-05-23 12:28:14,089][__main__][INFO] - Iteration 0, epoch 227, train accuracy 0.80, loss 0.4219
[2023-05-23 12:28:16,821][__main__][INFO] - Test accuracy - 0.819248942311835
[2023-05-23 12:28:16,910][__main__][INFO] - Iteration 0, epoch 228, train accuracy 0.80, loss 0.4156
[2023-05-23 12:28:19,757][__main__][INFO] - Test accuracy - 0.8159424216966094
[2023-05-23 12:28:19,827][__main__][INFO] - Iteration 0, epoch 229, train accuracy 0.81, loss 0.4302
[2023-05-23 12:28:22,682][__main__][INFO] - Test accuracy - 0.8194399616561112
[2023-05-23 12:28:22,797][__main__][INFO] - Iteration 0, epoch 230, train accuracy 0.81, loss 0.4241
[2023-05-23 12:28:25,627][__main__][INFO] - Test accuracy - 0.8179350652707769
[2023-05-23 12:28:25,698][__main__][INFO] - Iteration 0, epoch 231, train accuracy 0.81, loss 0.4146
[2023-05-23 12:28:28,541][__main__][INFO] - Test accuracy - 0.8194978113825342
[2023-05-23 12:28:28,643][__main__][INFO] - Iteration 0, epoch 232, train accuracy 0.82, loss 0.4083
[2023-05-23 12:28:31,556][__main__][INFO] - Test accuracy - 0.8200366787299126
[2023-05-23 12:28:31,624][__main__][INFO] - Iteration 0, epoch 233, train accuracy 0.81, loss 0.4180
[2023-05-23 12:28:34,502][__main__][INFO] - Test accuracy - 0.8186503145060532
[2023-05-23 12:28:34,612][__main__][INFO] - Iteration 0, epoch 234, train accuracy 0.81, loss 0.4136
[2023-05-23 12:28:37,411][__main__][INFO] - Test accuracy - 0.8188115354788679
[2023-05-23 12:28:37,501][__main__][INFO] - Iteration 0, epoch 235, train accuracy 0.81, loss 0.4107
[2023-05-23 12:28:40,271][__main__][INFO] - Test accuracy - 0.8207573305760201
[2023-05-23 12:28:40,331][__main__][INFO] - Iteration 0, epoch 236, train accuracy 0.81, loss 0.4153
[2023-05-23 12:28:43,159][__main__][INFO] - Test accuracy - 0.8202994808495971
[2023-05-23 12:28:43,226][__main__][INFO] - Iteration 0, epoch 237, train accuracy 0.81, loss 0.4150
[2023-05-23 12:28:46,122][__main__][INFO] - Test accuracy - 0.8208150058162079
[2023-05-23 12:28:46,186][__main__][INFO] - Iteration 0, epoch 238, train accuracy 0.81, loss 0.4130
[2023-05-23 12:28:48,966][__main__][INFO] - Test accuracy - 0.8195032355348757
[2023-05-23 12:28:49,018][__main__][INFO] - Iteration 0, epoch 239, train accuracy 0.81, loss 0.4118
[2023-05-23 12:28:51,941][__main__][INFO] - Test accuracy - 0.8205297509801387
[2023-05-23 12:28:52,005][__main__][INFO] - Iteration 0, epoch 240, train accuracy 0.81, loss 0.4165
[2023-05-23 12:28:54,925][__main__][INFO] - Test accuracy - 0.8145523911076644
[2023-05-23 12:28:55,019][__main__][INFO] - Iteration 0, epoch 241, train accuracy 0.80, loss 0.4325
[2023-05-23 12:28:57,859][__main__][INFO] - Test accuracy - 0.8189039485588729
[2023-05-23 12:28:57,920][__main__][INFO] - Iteration 0, epoch 242, train accuracy 0.81, loss 0.4075
[2023-05-23 12:29:00,864][__main__][INFO] - Test accuracy - 0.8221679699280513
[2023-05-23 12:29:00,961][__main__][INFO] - Iteration 0, epoch 243, train accuracy 0.81, loss 0.4186
[2023-05-23 12:29:03,784][__main__][INFO] - Test accuracy - 0.8199342854680969
[2023-05-23 12:29:03,858][__main__][INFO] - Iteration 0, epoch 244, train accuracy 0.81, loss 0.4132
[2023-05-23 12:29:06,834][__main__][INFO] - Test accuracy - 0.8207036965232001
[2023-05-23 12:29:06,933][__main__][INFO] - Iteration 0, epoch 245, train accuracy 0.81, loss 0.4176
[2023-05-23 12:29:09,831][__main__][INFO] - Test accuracy - 0.8206132049459308
[2023-05-23 12:29:09,904][__main__][INFO] - Iteration 0, epoch 246, train accuracy 0.81, loss 0.4075
[2023-05-23 12:29:12,594][__main__][INFO] - Test accuracy - 0.820754827452501
[2023-05-23 12:29:12,707][__main__][INFO] - Iteration 0, epoch 247, train accuracy 0.81, loss 0.4123
[2023-05-23 12:29:15,573][__main__][INFO] - Test accuracy - 0.8212264788246952
[2023-05-23 12:29:15,631][__main__][INFO] - Iteration 0, epoch 248, train accuracy 0.80, loss 0.4196
[2023-05-23 12:29:18,515][__main__][INFO] - Test accuracy - 0.8207307720477359
[2023-05-23 12:29:18,590][__main__][INFO] - Iteration 0, epoch 249, train accuracy 0.81, loss 0.4089
[2023-05-23 12:29:21,608][__main__][INFO] - Test accuracy - 0.8208916849769506
[2023-05-23 12:29:21,675][__main__][INFO] - Iteration 0, epoch 250, train accuracy 0.81, loss 0.4115
[2023-05-23 12:29:24,551][__main__][INFO] - Test accuracy - 0.8213048166817458
[2023-05-23 12:29:24,616][__main__][INFO] - Iteration 0, epoch 251, train accuracy 0.81, loss 0.4175
[2023-05-23 12:29:27,282][__main__][INFO] - Test accuracy - 0.8199634138985825
[2023-05-23 12:29:27,382][__main__][INFO] - Iteration 0, epoch 252, train accuracy 0.80, loss 0.4243
[2023-05-23 12:29:30,160][__main__][INFO] - Test accuracy - 0.8209200443755117
[2023-05-23 12:29:30,224][__main__][INFO] - Iteration 0, epoch 253, train accuracy 0.81, loss 0.4138
[2023-05-23 12:29:33,078][__main__][INFO] - Test accuracy - 0.8198333742622033
[2023-05-23 12:29:33,184][__main__][INFO] - Iteration 0, epoch 254, train accuracy 0.82, loss 0.4072
[2023-05-23 12:29:36,149][__main__][INFO] - Test accuracy - 0.8201758864331566
[2023-05-23 12:29:36,215][__main__][INFO] - Iteration 0, epoch 255, train accuracy 0.81, loss 0.4166
[2023-05-23 12:29:38,920][__main__][INFO] - Test accuracy - 0.822005486622722
[2023-05-23 12:29:39,002][__main__][INFO] - Iteration 0, epoch 256, train accuracy 0.81, loss 0.4213
[2023-05-23 12:29:41,919][__main__][INFO] - Test accuracy - 0.8201892917151352
[2023-05-23 12:29:41,980][__main__][INFO] - Iteration 0, epoch 257, train accuracy 0.81, loss 0.4156
[2023-05-23 12:29:44,761][__main__][INFO] - Test accuracy - 0.8189296949722115
[2023-05-23 12:29:44,858][__main__][INFO] - Iteration 0, epoch 258, train accuracy 0.81, loss 0.4187
[2023-05-23 12:29:47,777][__main__][INFO] - Test accuracy - 0.8205643681874972
[2023-05-23 12:29:47,849][__main__][INFO] - Iteration 0, epoch 259, train accuracy 0.81, loss 0.4127
[2023-05-23 12:29:50,605][__main__][INFO] - Test accuracy - 0.8208765671448881
[2023-05-23 12:29:50,671][__main__][INFO] - Iteration 0, epoch 260, train accuracy 0.81, loss 0.4099
[2023-05-23 12:29:53,509][__main__][INFO] - Test accuracy - 0.8224382706475378
[2023-05-23 12:29:53,574][__main__][INFO] - Iteration 0, epoch 261, train accuracy 0.81, loss 0.4102
[2023-05-23 12:29:56,360][__main__][INFO] - Test accuracy - 0.8173798285295765
[2023-05-23 12:29:56,415][__main__][INFO] - Iteration 0, epoch 262, train accuracy 0.81, loss 0.4110
[2023-05-23 12:29:59,280][__main__][INFO] - Test accuracy - 0.8173639632071
[2023-05-23 12:29:59,340][__main__][INFO] - Iteration 0, epoch 263, train accuracy 0.80, loss 0.4265
[2023-05-23 12:30:02,437][__main__][INFO] - Test accuracy - 0.8213614040756538
[2023-05-23 12:30:02,511][__main__][INFO] - Iteration 0, epoch 264, train accuracy 0.81, loss 0.4020
[2023-05-23 12:30:05,424][__main__][INFO] - Test accuracy - 0.8168373163586231
[2023-05-23 12:30:05,531][__main__][INFO] - Iteration 0, epoch 265, train accuracy 0.80, loss 0.4173
[2023-05-23 12:30:08,419][__main__][INFO] - Test accuracy - 0.8182073865839473
[2023-05-23 12:30:08,508][__main__][INFO] - Iteration 0, epoch 266, train accuracy 0.80, loss 0.4208
[2023-05-23 12:30:11,400][__main__][INFO] - Test accuracy - 0.8207334841239068
[2023-05-23 12:30:11,495][__main__][INFO] - Iteration 0, epoch 267, train accuracy 0.81, loss 0.4136
[2023-05-23 12:30:14,331][__main__][INFO] - Test accuracy - 0.8195291693593555
[2023-05-23 12:30:14,398][__main__][INFO] - Iteration 0, epoch 268, train accuracy 0.81, loss 0.4133
[2023-05-23 12:30:17,385][__main__][INFO] - Test accuracy - 0.822646538279264
[2023-05-23 12:30:17,479][__main__][INFO] - Iteration 0, epoch 269, train accuracy 0.81, loss 0.4097
[2023-05-23 12:30:20,359][__main__][INFO] - Test accuracy - 0.8211426737322821
[2023-05-23 12:30:20,425][__main__][INFO] - Iteration 0, epoch 270, train accuracy 0.82, loss 0.4088
[2023-05-23 12:30:23,319][__main__][INFO] - Test accuracy - 0.8227371289474819
[2023-05-23 12:30:23,437][__main__][INFO] - Iteration 0, epoch 271, train accuracy 0.80, loss 0.4186
[2023-05-23 12:30:26,241][__main__][INFO] - Test accuracy - 0.8238483499202963
[2023-05-23 12:30:26,303][__main__][INFO] - Iteration 0, epoch 272, train accuracy 0.81, loss 0.4148
[2023-05-23 12:30:29,187][__main__][INFO] - Test accuracy - 0.8213928934556891
[2023-05-23 12:30:29,268][__main__][INFO] - Iteration 0, epoch 273, train accuracy 0.81, loss 0.4080
[2023-05-23 12:30:32,111][__main__][INFO] - Test accuracy - 0.823004256602473
[2023-05-23 12:30:32,179][__main__][INFO] - Iteration 0, epoch 274, train accuracy 0.82, loss 0.3998
[2023-05-23 12:30:35,049][__main__][INFO] - Test accuracy - 0.8222973396234544
[2023-05-23 12:30:35,133][__main__][INFO] - Iteration 0, epoch 275, train accuracy 0.81, loss 0.4109
[2023-05-23 12:30:38,104][__main__][INFO] - Test accuracy - 0.8219483499202964
[2023-05-23 12:30:38,206][__main__][INFO] - Iteration 0, epoch 276, train accuracy 0.82, loss 0.4023
[2023-05-23 12:30:41,045][__main__][INFO] - Test accuracy - 0.8205524772737064
[2023-05-23 12:30:41,121][__main__][INFO] - Iteration 0, epoch 277, train accuracy 0.81, loss 0.4160
[2023-05-23 12:30:44,002][__main__][INFO] - Test accuracy - 0.8181281267502477
[2023-05-23 12:30:44,115][__main__][INFO] - Iteration 0, epoch 278, train accuracy 0.81, loss 0.4215
[2023-05-23 12:30:46,866][__main__][INFO] - Test accuracy - 0.8218839881952523
[2023-05-23 12:30:46,931][__main__][INFO] - Iteration 0, epoch 279, train accuracy 0.81, loss 0.4206
[2023-05-23 12:30:49,687][__main__][INFO] - Test accuracy - 0.8192882275645169
[2023-05-23 12:30:49,794][__main__][INFO] - Iteration 0, epoch 280, train accuracy 0.81, loss 0.4178
[2023-05-23 12:30:52,718][__main__][INFO] - Test accuracy - 0.8208480978846235
[2023-05-23 12:30:52,798][__main__][INFO] - Iteration 0, epoch 281, train accuracy 0.81, loss 0.4186
[2023-05-23 12:30:55,506][__main__][INFO] - Test accuracy - 0.8191287083710308
[2023-05-23 12:30:55,587][__main__][INFO] - Iteration 0, epoch 282, train accuracy 0.81, loss 0.4081
[2023-05-23 12:30:58,440][__main__][INFO] - Test accuracy - 0.8225722739218474
[2023-05-23 12:30:58,504][__main__][INFO] - Iteration 0, epoch 283, train accuracy 0.81, loss 0.4197
[2023-05-23 12:31:01,412][__main__][INFO] - Test accuracy - 0.8183335724440997
[2023-05-23 12:31:01,485][__main__][INFO] - Iteration 0, epoch 284, train accuracy 0.81, loss 0.4078
[2023-05-23 12:31:04,443][__main__][INFO] - Test accuracy - 0.8217561673344536
[2023-05-23 12:31:04,511][__main__][INFO] - Iteration 0, epoch 285, train accuracy 0.81, loss 0.4138
[2023-05-23 12:31:07,450][__main__][INFO] - Test accuracy - 0.81620952781009
[2023-05-23 12:31:07,522][__main__][INFO] - Iteration 0, epoch 286, train accuracy 0.81, loss 0.4211
[2023-05-23 12:31:10,477][__main__][INFO] - Test accuracy - 0.8232200012924905
[2023-05-23 12:31:10,560][__main__][INFO] - Iteration 0, epoch 287, train accuracy 0.82, loss 0.4028
[2023-05-23 12:31:13,295][__main__][INFO] - Test accuracy - 0.8206830123648271
[2023-05-23 12:31:13,358][__main__][INFO] - Iteration 0, epoch 288, train accuracy 0.81, loss 0.4154
[2023-05-23 12:31:16,140][__main__][INFO] - Test accuracy - 0.8223564969195639
[2023-05-23 12:31:16,232][__main__][INFO] - Iteration 0, epoch 289, train accuracy 0.81, loss 0.4115
[2023-05-23 12:31:18,924][__main__][INFO] - Test accuracy - 0.8230277196156995
[2023-05-23 12:31:18,978][__main__][INFO] - Iteration 0, epoch 290, train accuracy 0.81, loss 0.4056
[2023-05-23 12:31:21,815][__main__][INFO] - Test accuracy - 0.8179947934169144
[2023-05-23 12:31:21,905][__main__][INFO] - Iteration 0, epoch 291, train accuracy 0.81, loss 0.4081
[2023-05-23 12:31:24,672][__main__][INFO] - Test accuracy - 0.8203657511524708
[2023-05-23 12:31:24,738][__main__][INFO] - Iteration 0, epoch 292, train accuracy 0.80, loss 0.4221
[2023-05-23 12:31:27,729][__main__][INFO] - Test accuracy - 0.8213839451122313
[2023-05-23 12:31:27,831][__main__][INFO] - Iteration 0, epoch 293, train accuracy 0.82, loss 0.4067
[2023-05-23 12:31:30,677][__main__][INFO] - Test accuracy - 0.822838589461893
[2023-05-23 12:31:30,741][__main__][INFO] - Iteration 0, epoch 294, train accuracy 0.81, loss 0.4164
[2023-05-23 12:31:33,753][__main__][INFO] - Test accuracy - 0.8230611735814916
[2023-05-23 12:31:33,872][__main__][INFO] - Iteration 0, epoch 295, train accuracy 0.81, loss 0.4095
[2023-05-23 12:31:36,637][__main__][INFO] - Test accuracy - 0.8132396773081728
[2023-05-23 12:31:36,703][__main__][INFO] - Iteration 0, epoch 296, train accuracy 0.82, loss 0.4045
[2023-05-23 12:31:39,540][__main__][INFO] - Test accuracy - 0.8217420921114988
[2023-05-23 12:31:39,599][__main__][INFO] - Iteration 0, epoch 297, train accuracy 0.81, loss 0.4139
[2023-05-23 12:31:42,327][__main__][INFO] - Test accuracy - 0.8224423764594373
[2023-05-23 12:31:42,379][__main__][INFO] - Iteration 0, epoch 298, train accuracy 0.81, loss 0.4164
[2023-05-23 12:31:45,162][__main__][INFO] - Test accuracy - 0.8237456163026152
[2023-05-23 12:31:45,221][__main__][INFO] - Iteration 0, epoch 299, train accuracy 0.81, loss 0.4075
[2023-05-23 12:31:48,142][__main__][INFO] - Test accuracy - 0.8180740424798587
[2023-05-23 12:31:48,216][__main__][INFO] - Iteration 0, epoch 300, train accuracy 0.81, loss 0.4073
[2023-05-23 12:31:51,141][__main__][INFO] - Test accuracy - 0.8246722739218474
[2023-05-23 12:31:51,206][__main__][INFO] - Iteration 0, epoch 301, train accuracy 0.81, loss 0.4040
[2023-05-23 12:31:54,045][__main__][INFO] - Test accuracy - 0.8241387424066174
[2023-05-23 12:31:54,141][__main__][INFO] - Iteration 0, epoch 302, train accuracy 0.81, loss 0.4108
[2023-05-23 12:31:57,067][__main__][INFO] - Test accuracy - 0.8191951337727802
[2023-05-23 12:31:57,139][__main__][INFO] - Iteration 0, epoch 303, train accuracy 0.81, loss 0.4136
[2023-05-23 12:32:00,018][__main__][INFO] - Test accuracy - 0.8215780276592995
[2023-05-23 12:32:00,117][__main__][INFO] - Iteration 0, epoch 304, train accuracy 0.81, loss 0.4039
[2023-05-23 12:32:03,119][__main__][INFO] - Test accuracy - 0.8237358881564775
[2023-05-23 12:32:03,185][__main__][INFO] - Iteration 0, epoch 305, train accuracy 0.81, loss 0.4166
[2023-05-23 12:32:05,903][__main__][INFO] - Test accuracy - 0.8218967472319159
[2023-05-23 12:32:05,988][__main__][INFO] - Iteration 0, epoch 306, train accuracy 0.81, loss 0.4127
[2023-05-23 12:32:08,795][__main__][INFO] - Test accuracy - 0.8205433092068416
[2023-05-23 12:32:08,861][__main__][INFO] - Iteration 0, epoch 307, train accuracy 0.80, loss 0.4206
[2023-05-23 12:32:11,808][__main__][INFO] - Test accuracy - 0.8200520615225539
[2023-05-23 12:32:11,886][__main__][INFO] - Iteration 0, epoch 308, train accuracy 0.82, loss 0.4072
[2023-05-23 12:32:14,940][__main__][INFO] - Test accuracy - 0.8242574188962128
[2023-05-23 12:32:15,009][__main__][INFO] - Iteration 0, epoch 309, train accuracy 0.81, loss 0.4090
[2023-05-23 12:32:17,913][__main__][INFO] - Test accuracy - 0.8184828917323682
[2023-05-23 12:32:17,982][__main__][INFO] - Iteration 0, epoch 310, train accuracy 0.82, loss 0.4018
[2023-05-23 12:32:20,767][__main__][INFO] - Test accuracy - 0.8246455172116669
[2023-05-23 12:32:20,850][__main__][INFO] - Iteration 0, epoch 311, train accuracy 0.82, loss 0.3964
[2023-05-23 12:32:23,689][__main__][INFO] - Test accuracy - 0.8153046421955108
[2023-05-23 12:32:23,764][__main__][INFO] - Iteration 0, epoch 312, train accuracy 0.81, loss 0.4073
[2023-05-23 12:32:26,471][__main__][INFO] - Test accuracy - 0.8238541144285035
[2023-05-23 12:32:26,557][__main__][INFO] - Iteration 0, epoch 313, train accuracy 0.81, loss 0.4187
[2023-05-23 12:32:29,353][__main__][INFO] - Test accuracy - 0.8222137434836932
[2023-05-23 12:32:29,423][__main__][INFO] - Iteration 0, epoch 314, train accuracy 0.80, loss 0.4117
[2023-05-23 12:32:32,194][__main__][INFO] - Test accuracy - 0.8149589461893068
[2023-05-23 12:32:32,277][__main__][INFO] - Iteration 0, epoch 315, train accuracy 0.81, loss 0.4034
[2023-05-23 12:32:35,022][__main__][INFO] - Test accuracy - 0.823411283443195
[2023-05-23 12:32:35,081][__main__][INFO] - Iteration 0, epoch 316, train accuracy 0.82, loss 0.4047
[2023-05-23 12:32:37,940][__main__][INFO] - Test accuracy - 0.8233014023523331
[2023-05-23 12:32:38,061][__main__][INFO] - Iteration 0, epoch 317, train accuracy 0.82, loss 0.4008
[2023-05-23 12:32:40,902][__main__][INFO] - Test accuracy - 0.8204497888931972
[2023-05-23 12:32:40,971][__main__][INFO] - Iteration 0, epoch 318, train accuracy 0.82, loss 0.3906
[2023-05-23 12:32:43,921][__main__][INFO] - Test accuracy - 0.8237907522295462
[2023-05-23 12:32:44,024][__main__][INFO] - Iteration 0, epoch 319, train accuracy 0.81, loss 0.4041
[2023-05-23 12:32:46,782][__main__][INFO] - Test accuracy - 0.8180573758131919
[2023-05-23 12:32:46,839][__main__][INFO] - Iteration 0, epoch 320, train accuracy 0.81, loss 0.4207
[2023-05-23 12:32:49,595][__main__][INFO] - Test accuracy - 0.8218044440136142
[2023-05-23 12:32:49,658][__main__][INFO] - Iteration 0, epoch 321, train accuracy 0.82, loss 0.4003
[2023-05-23 12:32:52,515][__main__][INFO] - Test accuracy - 0.8215264465124295
[2023-05-23 12:32:52,587][__main__][INFO] - Iteration 0, epoch 322, train accuracy 0.81, loss 0.4081
[2023-05-23 12:32:55,318][__main__][INFO] - Test accuracy - 0.8243812438068158
[2023-05-23 12:32:55,381][__main__][INFO] - Iteration 0, epoch 323, train accuracy 0.82, loss 0.3978
[2023-05-23 12:32:58,269][__main__][INFO] - Test accuracy - 0.8233148851837491
[2023-05-23 12:32:58,334][__main__][INFO] - Iteration 0, epoch 324, train accuracy 0.80, loss 0.4138
[2023-05-23 12:33:01,307][__main__][INFO] - Test accuracy - 0.8247807828184912
[2023-05-23 12:33:01,378][__main__][INFO] - Iteration 0, epoch 325, train accuracy 0.81, loss 0.4067
[2023-05-23 12:33:04,136][__main__][INFO] - Test accuracy - 0.8226894791262764
[2023-05-23 12:33:04,218][__main__][INFO] - Iteration 0, epoch 326, train accuracy 0.81, loss 0.4042
[2023-05-23 12:33:07,017][__main__][INFO] - Test accuracy - 0.8207003360475636
[2023-05-23 12:33:07,077][__main__][INFO] - Iteration 0, epoch 327, train accuracy 0.80, loss 0.4245
[2023-05-23 12:33:09,993][__main__][INFO] - Test accuracy - 0.8218236030330447
[2023-05-23 12:33:10,098][__main__][INFO] - Iteration 0, epoch 328, train accuracy 0.82, loss 0.4030
[2023-05-23 12:33:13,066][__main__][INFO] - Test accuracy - 0.824565005816208
[2023-05-23 12:33:13,133][__main__][INFO] - Iteration 0, epoch 329, train accuracy 0.81, loss 0.4052
[2023-05-23 12:33:15,995][__main__][INFO] - Test accuracy - 0.8245072099435612
[2023-05-23 12:33:16,099][__main__][INFO] - Iteration 0, epoch 330, train accuracy 0.81, loss 0.4081
[2023-05-23 12:33:19,039][__main__][INFO] - Test accuracy - 0.8227342746973418
[2023-05-23 12:33:19,110][__main__][INFO] - Iteration 0, epoch 331, train accuracy 0.81, loss 0.4037
[2023-05-23 12:33:22,017][__main__][INFO] - Test accuracy - 0.8237882491060273
[2023-05-23 12:33:22,083][__main__][INFO] - Iteration 0, epoch 332, train accuracy 0.82, loss 0.3972
[2023-05-23 12:33:25,030][__main__][INFO] - Test accuracy - 0.8239364266942397
[2023-05-23 12:33:25,104][__main__][INFO] - Iteration 0, epoch 333, train accuracy 0.81, loss 0.4080
[2023-05-23 12:33:27,916][__main__][INFO] - Test accuracy - 0.8076330791435095
[2023-05-23 12:33:27,974][__main__][INFO] - Iteration 0, epoch 334, train accuracy 0.80, loss 0.4283
[2023-05-23 12:33:30,860][__main__][INFO] - Test accuracy - 0.8161594071776314
[2023-05-23 12:33:30,928][__main__][INFO] - Iteration 0, epoch 335, train accuracy 0.81, loss 0.4146
[2023-05-23 12:33:33,824][__main__][INFO] - Test accuracy - 0.8243193098100039
[2023-05-23 12:33:33,898][__main__][INFO] - Iteration 0, epoch 336, train accuracy 0.81, loss 0.4069
[2023-05-23 12:33:36,696][__main__][INFO] - Test accuracy - 0.820200919822498
[2023-05-23 12:33:36,803][__main__][INFO] - Iteration 0, epoch 337, train accuracy 0.82, loss 0.4048
[2023-05-23 12:33:39,734][__main__][INFO] - Test accuracy - 0.820271780621257
[2023-05-23 12:33:39,811][__main__][INFO] - Iteration 0, epoch 338, train accuracy 0.82, loss 0.3968
[2023-05-23 12:33:42,631][__main__][INFO] - Test accuracy - 0.8246988109086208
[2023-05-23 12:33:42,726][__main__][INFO] - Iteration 0, epoch 339, train accuracy 0.81, loss 0.4059
[2023-05-23 12:33:45,492][__main__][INFO] - Test accuracy - 0.8235532032226099
[2023-05-23 12:33:45,552][__main__][INFO] - Iteration 0, epoch 340, train accuracy 0.81, loss 0.4036
[2023-05-23 12:33:48,322][__main__][INFO] - Test accuracy - 0.8251221532893886
[2023-05-23 12:33:48,410][__main__][INFO] - Iteration 0, epoch 341, train accuracy 0.82, loss 0.3986
[2023-05-23 12:33:51,271][__main__][INFO] - Test accuracy - 0.8251176295721856
[2023-05-23 12:33:51,339][__main__][INFO] - Iteration 0, epoch 342, train accuracy 0.82, loss 0.4032
[2023-05-23 12:33:54,260][__main__][INFO] - Test accuracy - 0.8191454741286459
[2023-05-23 12:33:54,379][__main__][INFO] - Iteration 0, epoch 343, train accuracy 0.81, loss 0.4057
[2023-05-23 12:33:57,269][__main__][INFO] - Test accuracy - 0.825036217741588
[2023-05-23 12:33:57,344][__main__][INFO] - Iteration 0, epoch 344, train accuracy 0.82, loss 0.4020
[2023-05-23 12:34:00,201][__main__][INFO] - Test accuracy - 0.8248929042264445
[2023-05-23 12:34:00,270][__main__][INFO] - Iteration 0, epoch 345, train accuracy 0.81, loss 0.4055
[2023-05-23 12:34:03,247][__main__][INFO] - Test accuracy - 0.8243384903709449
[2023-05-23 12:34:03,340][__main__][INFO] - Iteration 0, epoch 346, train accuracy 0.81, loss 0.4067
[2023-05-23 12:34:06,162][__main__][INFO] - Test accuracy - 0.821180289517901
[2023-05-23 12:34:06,248][__main__][INFO] - Iteration 0, epoch 347, train accuracy 0.82, loss 0.4015
[2023-05-23 12:34:09,041][__main__][INFO] - Test accuracy - 0.8219098897074661
[2023-05-23 12:34:09,113][__main__][INFO] - Iteration 0, epoch 348, train accuracy 0.82, loss 0.4021
[2023-05-23 12:34:11,961][__main__][INFO] - Test accuracy - 0.8221018310283917
[2023-05-23 12:34:12,018][__main__][INFO] - Iteration 0, epoch 349, train accuracy 0.81, loss 0.4048
[2023-05-23 12:34:14,919][__main__][INFO] - Test accuracy - 0.821461020636767
[2023-05-23 12:34:15,013][__main__][INFO] - Iteration 0, epoch 350, train accuracy 0.81, loss 0.4058
[2023-05-23 12:34:17,764][__main__][INFO] - Test accuracy - 0.8245936947998794
[2023-05-23 12:34:17,828][__main__][INFO] - Iteration 0, epoch 351, train accuracy 0.82, loss 0.4031
[2023-05-23 12:34:20,645][__main__][INFO] - Test accuracy - 0.8106135797682134
[2023-05-23 12:34:20,753][__main__][INFO] - Iteration 0, epoch 352, train accuracy 0.81, loss 0.4157
[2023-05-23 12:34:23,575][__main__][INFO] - Test accuracy - 0.8183572659514886
[2023-05-23 12:34:23,642][__main__][INFO] - Iteration 0, epoch 353, train accuracy 0.82, loss 0.4000
[2023-05-23 12:34:26,437][__main__][INFO] - Test accuracy - 0.8232234048511482
[2023-05-23 12:34:26,543][__main__][INFO] - Iteration 0, epoch 354, train accuracy 0.81, loss 0.4015
[2023-05-23 12:34:29,321][__main__][INFO] - Test accuracy - 0.8249655766662358
[2023-05-23 12:34:29,375][__main__][INFO] - Iteration 0, epoch 355, train accuracy 0.81, loss 0.4071
[2023-05-23 12:34:32,210][__main__][INFO] - Test accuracy - 0.8225310908620913
[2023-05-23 12:34:32,304][__main__][INFO] - Iteration 0, epoch 356, train accuracy 0.81, loss 0.4059
[2023-05-23 12:34:35,316][__main__][INFO] - Test accuracy - 0.8242436064796863
[2023-05-23 12:34:35,381][__main__][INFO] - Iteration 0, epoch 357, train accuracy 0.80, loss 0.4178
[2023-05-23 12:34:38,278][__main__][INFO] - Test accuracy - 0.8231253155831286
[2023-05-23 12:34:38,347][__main__][INFO] - Iteration 0, epoch 358, train accuracy 0.81, loss 0.3986
[2023-05-23 12:34:41,103][__main__][INFO] - Test accuracy - 0.8176716599887984
[2023-05-23 12:34:41,156][__main__][INFO] - Iteration 0, epoch 359, train accuracy 0.81, loss 0.4010
[2023-05-23 12:34:43,840][__main__][INFO] - Test accuracy - 0.8258119533841712
[2023-05-23 12:34:43,900][__main__][INFO] - Iteration 0, epoch 360, train accuracy 0.81, loss 0.4143
[2023-05-23 12:34:46,743][__main__][INFO] - Test accuracy - 0.8225655551247253
[2023-05-23 12:34:46,834][__main__][INFO] - Iteration 0, epoch 361, train accuracy 0.81, loss 0.4071
[2023-05-23 12:34:49,686][__main__][INFO] - Test accuracy - 0.8220453750376976
[2023-05-23 12:34:49,764][__main__][INFO] - Iteration 0, epoch 362, train accuracy 0.82, loss 0.3967
[2023-05-23 12:34:52,619][__main__][INFO] - Test accuracy - 0.8236836155271208
[2023-05-23 12:34:52,703][__main__][INFO] - Iteration 0, epoch 363, train accuracy 0.82, loss 0.4027
[2023-05-23 12:34:55,539][__main__][INFO] - Test accuracy - 0.8239752488044462
[2023-05-23 12:34:55,609][__main__][INFO] - Iteration 0, epoch 364, train accuracy 0.81, loss 0.4177
[2023-05-23 12:34:58,523][__main__][INFO] - Test accuracy - 0.8201432122700444
[2023-05-23 12:34:58,620][__main__][INFO] - Iteration 0, epoch 365, train accuracy 0.82, loss 0.3995
[2023-05-23 12:35:01,463][__main__][INFO] - Test accuracy - 0.8250127439576064
[2023-05-23 12:35:01,546][__main__][INFO] - Iteration 0, epoch 366, train accuracy 0.82, loss 0.3980
[2023-05-23 12:35:04,559][__main__][INFO] - Test accuracy - 0.821317816983327
[2023-05-23 12:35:04,654][__main__][INFO] - Iteration 0, epoch 367, train accuracy 0.82, loss 0.3963
[2023-05-23 12:35:07,525][__main__][INFO] - Test accuracy - 0.8235303433716772
[2023-05-23 12:35:07,592][__main__][INFO] - Iteration 0, epoch 368, train accuracy 0.80, loss 0.4173
[2023-05-23 12:35:10,471][__main__][INFO] - Test accuracy - 0.8247885011417001
[2023-05-23 12:35:10,543][__main__][INFO] - Iteration 0, epoch 369, train accuracy 0.82, loss 0.3978
[2023-05-23 12:35:13,283][__main__][INFO] - Test accuracy - 0.8261888307268106
[2023-05-23 12:35:13,336][__main__][INFO] - Iteration 0, epoch 370, train accuracy 0.81, loss 0.4034
[2023-05-23 12:35:16,163][__main__][INFO] - Test accuracy - 0.8220160053422947
[2023-05-23 12:35:16,225][__main__][INFO] - Iteration 0, epoch 371, train accuracy 0.82, loss 0.3934
[2023-05-23 12:35:19,130][__main__][INFO] - Test accuracy - 0.82330320322261
[2023-05-23 12:35:19,194][__main__][INFO] - Iteration 0, epoch 372, train accuracy 0.82, loss 0.3941
[2023-05-23 12:35:22,103][__main__][INFO] - Test accuracy - 0.8146013484985567
[2023-05-23 12:35:22,163][__main__][INFO] - Iteration 0, epoch 373, train accuracy 0.81, loss 0.4075
[2023-05-23 12:35:24,897][__main__][INFO] - Test accuracy - 0.8202491081814657
[2023-05-23 12:35:24,983][__main__][INFO] - Iteration 0, epoch 374, train accuracy 0.81, loss 0.3986
[2023-05-23 12:35:27,727][__main__][INFO] - Test accuracy - 0.8228114816250915
[2023-05-23 12:35:27,787][__main__][INFO] - Iteration 0, epoch 375, train accuracy 0.82, loss 0.3922
[2023-05-23 12:35:30,593][__main__][INFO] - Test accuracy - 0.815893421222696
[2023-05-23 12:35:30,687][__main__][INFO] - Iteration 0, epoch 376, train accuracy 0.82, loss 0.3964
[2023-05-23 12:35:33,675][__main__][INFO] - Test accuracy - 0.8231676618844515
[2023-05-23 12:35:33,754][__main__][INFO] - Iteration 0, epoch 377, train accuracy 0.80, loss 0.4233
[2023-05-23 12:35:36,514][__main__][INFO] - Test accuracy - 0.8209911701348498
[2023-05-23 12:35:36,598][__main__][INFO] - Iteration 0, epoch 378, train accuracy 0.81, loss 0.4017
[2023-05-23 12:35:39,441][__main__][INFO] - Test accuracy - 0.8252880509241307
[2023-05-23 12:35:39,506][__main__][INFO] - Iteration 0, epoch 379, train accuracy 0.81, loss 0.4138
[2023-05-23 12:35:42,461][__main__][INFO] - Test accuracy - 0.8243504911464391
[2023-05-23 12:35:42,577][__main__][INFO] - Iteration 0, epoch 380, train accuracy 0.82, loss 0.3942
[2023-05-23 12:35:45,524][__main__][INFO] - Test accuracy - 0.8241441342466934
[2023-05-23 12:35:45,603][__main__][INFO] - Iteration 0, epoch 381, train accuracy 0.81, loss 0.4057
[2023-05-23 12:35:48,431][__main__][INFO] - Test accuracy - 0.8236154668045323
[2023-05-23 12:35:48,499][__main__][INFO] - Iteration 0, epoch 382, train accuracy 0.81, loss 0.4079
[2023-05-23 12:35:51,324][__main__][INFO] - Test accuracy - 0.8184858235319461
[2023-05-23 12:35:51,390][__main__][INFO] - Iteration 0, epoch 383, train accuracy 0.82, loss 0.4007
[2023-05-23 12:35:54,197][__main__][INFO] - Test accuracy - 0.821855794666322
[2023-05-23 12:35:54,264][__main__][INFO] - Iteration 0, epoch 384, train accuracy 0.82, loss 0.4035
[2023-05-23 12:35:57,172][__main__][INFO] - Test accuracy - 0.8148338912584551
[2023-05-23 12:35:57,271][__main__][INFO] - Iteration 0, epoch 385, train accuracy 0.81, loss 0.4109
[2023-05-23 12:36:00,160][__main__][INFO] - Test accuracy - 0.8263572099435614
[2023-05-23 12:36:00,229][__main__][INFO] - Iteration 0, epoch 386, train accuracy 0.81, loss 0.4153
[2023-05-23 12:36:03,068][__main__][INFO] - Test accuracy - 0.819134242385076
[2023-05-23 12:36:03,181][__main__][INFO] - Iteration 0, epoch 387, train accuracy 0.82, loss 0.4002
[2023-05-23 12:36:06,028][__main__][INFO] - Test accuracy - 0.821207375813192
[2023-05-23 12:36:06,110][__main__][INFO] - Iteration 0, epoch 388, train accuracy 0.82, loss 0.3948
[2023-05-23 12:36:08,957][__main__][INFO] - Test accuracy - 0.8253299707035457
[2023-05-23 12:36:09,070][__main__][INFO] - Iteration 0, epoch 389, train accuracy 0.82, loss 0.3957
[2023-05-23 12:36:11,965][__main__][INFO] - Test accuracy - 0.8211561350221878
[2023-05-23 12:36:12,035][__main__][INFO] - Iteration 0, epoch 390, train accuracy 0.81, loss 0.4025
[2023-05-23 12:36:14,963][__main__][INFO] - Test accuracy - 0.8210070462280815
[2023-05-23 12:36:15,072][__main__][INFO] - Iteration 0, epoch 391, train accuracy 0.82, loss 0.3900
[2023-05-23 12:36:17,979][__main__][INFO] - Test accuracy - 0.8141078152600061
[2023-05-23 12:36:18,048][__main__][INFO] - Iteration 0, epoch 392, train accuracy 0.81, loss 0.4086
[2023-05-23 12:36:20,897][__main__][INFO] - Test accuracy - 0.8241909719529534
[2023-05-23 12:36:20,962][__main__][INFO] - Iteration 0, epoch 393, train accuracy 0.82, loss 0.3941
[2023-05-23 12:36:23,751][__main__][INFO] - Test accuracy - 0.8258840657446901
[2023-05-23 12:36:23,816][__main__][INFO] - Iteration 0, epoch 394, train accuracy 0.81, loss 0.4025
[2023-05-23 12:36:26,707][__main__][INFO] - Test accuracy - 0.822405135496101
[2023-05-23 12:36:26,779][__main__][INFO] - Iteration 0, epoch 395, train accuracy 0.82, loss 0.3974
[2023-05-23 12:36:29,641][__main__][INFO] - Test accuracy - 0.825271164534057
[2023-05-23 12:36:29,700][__main__][INFO] - Iteration 0, epoch 396, train accuracy 0.81, loss 0.4150
[2023-05-23 12:36:32,515][__main__][INFO] - Test accuracy - 0.8179151932273492
[2023-05-23 12:36:32,585][__main__][INFO] - Iteration 0, epoch 397, train accuracy 0.82, loss 0.4018
[2023-05-23 12:36:35,469][__main__][INFO] - Test accuracy - 0.822126424970919
[2023-05-23 12:36:35,563][__main__][INFO] - Iteration 0, epoch 398, train accuracy 0.82, loss 0.4007
[2023-05-23 12:36:38,329][__main__][INFO] - Test accuracy - 0.8138052022747835
[2023-05-23 12:36:38,389][__main__][INFO] - Iteration 0, epoch 399, train accuracy 0.81, loss 0.4063
[2023-05-23 12:36:41,165][__main__][INFO] - Test accuracy - 0.8211572767222438
[2023-05-23 12:36:41,291][__main__][INFO] - Iteration 0, epoch 400, train accuracy 0.81, loss 0.3971
[2023-05-23 12:36:44,163][__main__][INFO] - Test accuracy - 0.822768913446211
[2023-05-23 12:36:44,234][__main__][INFO] - Iteration 0, epoch 401, train accuracy 0.80, loss 0.4245
[2023-05-23 12:36:47,046][__main__][INFO] - Test accuracy - 0.8176232411356684
[2023-05-23 12:36:47,146][__main__][INFO] - Iteration 0, epoch 402, train accuracy 0.81, loss 0.4026
[2023-05-23 12:36:50,024][__main__][INFO] - Test accuracy - 0.8264794213950282
[2023-05-23 12:36:50,097][__main__][INFO] - Iteration 0, epoch 403, train accuracy 0.81, loss 0.4026
[2023-05-23 12:36:52,973][__main__][INFO] - Test accuracy - 0.8173222200680712
[2023-05-23 12:36:53,085][__main__][INFO] - Iteration 0, epoch 404, train accuracy 0.82, loss 0.3943
[2023-05-23 12:36:55,867][__main__][INFO] - Test accuracy - 0.8237494593080867
[2023-05-23 12:36:55,931][__main__][INFO] - Iteration 0, epoch 405, train accuracy 0.82, loss 0.4017
[2023-05-23 12:36:58,768][__main__][INFO] - Test accuracy - 0.8243527637757959
[2023-05-23 12:36:58,835][__main__][INFO] - Iteration 0, epoch 406, train accuracy 0.82, loss 0.3914
[2023-05-23 12:37:01,575][__main__][INFO] - Test accuracy - 0.8135787859204687
[2023-05-23 12:37:01,648][__main__][INFO] - Iteration 0, epoch 407, train accuracy 0.81, loss 0.4224
[2023-05-23 12:37:04,480][__main__][INFO] - Test accuracy - 0.8257154668045323
[2023-05-23 12:37:04,539][__main__][INFO] - Iteration 0, epoch 408, train accuracy 0.81, loss 0.3985
[2023-05-23 12:37:07,382][__main__][INFO] - Test accuracy - 0.8223470660462712
[2023-05-23 12:37:07,472][__main__][INFO] - Iteration 0, epoch 409, train accuracy 0.82, loss 0.3965
[2023-05-23 12:37:10,427][__main__][INFO] - Test accuracy - 0.823347537805351
[2023-05-23 12:37:10,509][__main__][INFO] - Iteration 0, epoch 410, train accuracy 0.82, loss 0.3964
[2023-05-23 12:37:13,241][__main__][INFO] - Test accuracy - 0.8237509413640085
[2023-05-23 12:37:13,339][__main__][INFO] - Iteration 0, epoch 411, train accuracy 0.82, loss 0.3975
[2023-05-23 12:37:16,161][__main__][INFO] - Test accuracy - 0.8215178169833269
[2023-05-23 12:37:16,245][__main__][INFO] - Iteration 0, epoch 412, train accuracy 0.83, loss 0.3853
[2023-05-23 12:37:19,147][__main__][INFO] - Test accuracy - 0.8248460665201844
[2023-05-23 12:37:19,251][__main__][INFO] - Iteration 0, epoch 413, train accuracy 0.80, loss 0.4155
[2023-05-23 12:37:22,195][__main__][INFO] - Test accuracy - 0.8147951122312695
[2023-05-23 12:37:22,262][__main__][INFO] - Iteration 0, epoch 414, train accuracy 0.81, loss 0.4002
[2023-05-23 12:37:25,146][__main__][INFO] - Test accuracy - 0.8217943431993452
[2023-05-23 12:37:25,245][__main__][INFO] - Iteration 0, epoch 415, train accuracy 0.82, loss 0.3942
[2023-05-23 12:37:28,112][__main__][INFO] - Test accuracy - 0.8228873271293784
[2023-05-23 12:37:28,202][__main__][INFO] - Iteration 0, epoch 416, train accuracy 0.82, loss 0.3982
[2023-05-23 12:37:31,195][__main__][INFO] - Test accuracy - 0.8145405777433115
[2023-05-23 12:37:31,270][__main__][INFO] - Iteration 0, epoch 417, train accuracy 0.81, loss 0.4077
[2023-05-23 12:37:33,963][__main__][INFO] - Test accuracy - 0.8175676855801128
[2023-05-23 12:37:34,035][__main__][INFO] - Iteration 0, epoch 418, train accuracy 0.81, loss 0.4067
[2023-05-23 12:37:36,906][__main__][INFO] - Test accuracy - 0.8170785661970617
[2023-05-23 12:37:36,977][__main__][INFO] - Iteration 0, epoch 419, train accuracy 0.81, loss 0.4109
[2023-05-23 12:37:39,933][__main__][INFO] - Test accuracy - 0.8260400715178148
[2023-05-23 12:37:39,999][__main__][INFO] - Iteration 0, epoch 420, train accuracy 0.81, loss 0.4036
[2023-05-23 12:37:42,836][__main__][INFO] - Test accuracy - 0.8265771595364267
[2023-05-23 12:37:42,891][__main__][INFO] - Iteration 0, epoch 421, train accuracy 0.81, loss 0.4028
[2023-05-23 12:37:45,716][__main__][INFO] - Test accuracy - 0.8239279285683513
[2023-05-23 12:37:45,816][__main__][INFO] - Iteration 0, epoch 422, train accuracy 0.81, loss 0.4016
[2023-05-23 12:37:48,696][__main__][INFO] - Test accuracy - 0.823828137521003
[2023-05-23 12:37:48,784][__main__][INFO] - Iteration 0, epoch 423, train accuracy 0.82, loss 0.3912
[2023-05-23 12:37:51,643][__main__][INFO] - Test accuracy - 0.8244547951402352
[2023-05-23 12:37:51,738][__main__][INFO] - Iteration 0, epoch 424, train accuracy 0.82, loss 0.3957
[2023-05-23 12:37:54,655][__main__][INFO] - Test accuracy - 0.8090979341691439
[2023-05-23 12:37:54,724][__main__][INFO] - Iteration 0, epoch 425, train accuracy 0.81, loss 0.4178
[2023-05-23 12:37:57,568][__main__][INFO] - Test accuracy - 0.8249707918659256
[2023-05-23 12:37:57,669][__main__][INFO] - Iteration 0, epoch 426, train accuracy 0.81, loss 0.4009
[2023-05-23 12:38:00,581][__main__][INFO] - Test accuracy - 0.8197514799017708
[2023-05-23 12:38:00,647][__main__][INFO] - Iteration 0, epoch 427, train accuracy 0.82, loss 0.3878
[2023-05-23 12:38:03,434][__main__][INFO] - Test accuracy - 0.8131198268062557
[2023-05-23 12:38:03,525][__main__][INFO] - Iteration 0, epoch 428, train accuracy 0.81, loss 0.4058
[2023-05-23 12:38:06,422][__main__][INFO] - Test accuracy - 0.8246248761363146
[2023-05-23 12:38:06,507][__main__][INFO] - Iteration 0, epoch 429, train accuracy 0.82, loss 0.3971
[2023-05-23 12:38:09,311][__main__][INFO] - Test accuracy - 0.8216012601783637
[2023-05-23 12:38:09,404][__main__][INFO] - Iteration 0, epoch 430, train accuracy 0.82, loss 0.3888
[2023-05-23 12:38:12,267][__main__][INFO] - Test accuracy - 0.8233648744129938
[2023-05-23 12:38:12,325][__main__][INFO] - Iteration 0, epoch 431, train accuracy 0.81, loss 0.4041
[2023-05-23 12:38:15,176][__main__][INFO] - Test accuracy - 0.8261510512257119
[2023-05-23 12:38:15,240][__main__][INFO] - Iteration 0, epoch 432, train accuracy 0.82, loss 0.3877
[2023-05-23 12:38:18,117][__main__][INFO] - Test accuracy - 0.8251994593080867
[2023-05-23 12:38:18,174][__main__][INFO] - Iteration 0, epoch 433, train accuracy 0.82, loss 0.3942
[2023-05-23 12:38:21,106][__main__][INFO] - Test accuracy - 0.8257116130283054
[2023-05-23 12:38:21,174][__main__][INFO] - Iteration 0, epoch 434, train accuracy 0.82, loss 0.3953
[2023-05-23 12:38:23,970][__main__][INFO] - Test accuracy - 0.8272256667097495
[2023-05-23 12:38:24,057][__main__][INFO] - Iteration 0, epoch 435, train accuracy 0.81, loss 0.3979
[2023-05-23 12:38:26,861][__main__][INFO] - Test accuracy - 0.8253187389599758
[2023-05-23 12:38:26,926][__main__][INFO] - Iteration 0, epoch 436, train accuracy 0.82, loss 0.3986
[2023-05-23 12:38:29,689][__main__][INFO] - Test accuracy - 0.820980509241308
[2023-05-23 12:38:29,777][__main__][INFO] - Iteration 0, epoch 437, train accuracy 0.82, loss 0.3940
[2023-05-23 12:38:32,637][__main__][INFO] - Test accuracy - 0.8226136228512343
[2023-05-23 12:38:32,711][__main__][INFO] - Iteration 0, epoch 438, train accuracy 0.82, loss 0.3967
[2023-05-23 12:38:35,536][__main__][INFO] - Test accuracy - 0.8211661044332428
[2023-05-23 12:38:35,630][__main__][INFO] - Iteration 0, epoch 439, train accuracy 0.82, loss 0.3946
[2023-05-23 12:38:38,532][__main__][INFO] - Test accuracy - 0.8206412799965535
[2023-05-23 12:38:38,607][__main__][INFO] - Iteration 0, epoch 440, train accuracy 0.82, loss 0.3970
[2023-05-23 12:38:41,643][__main__][INFO] - Test accuracy - 0.8264070677695919
[2023-05-23 12:38:41,710][__main__][INFO] - Iteration 0, epoch 441, train accuracy 0.82, loss 0.3913
[2023-05-23 12:38:44,682][__main__][INFO] - Test accuracy - 0.8276700012924906
[2023-05-23 12:38:44,747][__main__][INFO] - Iteration 0, epoch 442, train accuracy 0.81, loss 0.4099
[2023-05-23 12:38:47,667][__main__][INFO] - Test accuracy - 0.8238704407393046
[2023-05-23 12:38:47,740][__main__][INFO] - Iteration 0, epoch 443, train accuracy 0.81, loss 0.3998
[2023-05-23 12:38:50,641][__main__][INFO] - Test accuracy - 0.8126828701908578
[2023-05-23 12:38:50,707][__main__][INFO] - Iteration 0, epoch 444, train accuracy 0.82, loss 0.4004
[2023-05-23 12:38:53,517][__main__][INFO] - Test accuracy - 0.8162015789927191
[2023-05-23 12:38:53,594][__main__][INFO] - Iteration 0, epoch 445, train accuracy 0.82, loss 0.3945
[2023-05-23 12:38:56,322][__main__][INFO] - Test accuracy - 0.8237637327129379
[2023-05-23 12:38:56,421][__main__][INFO] - Iteration 0, epoch 446, train accuracy 0.82, loss 0.4003
[2023-05-23 12:38:59,236][__main__][INFO] - Test accuracy - 0.8192430808668303
[2023-05-23 12:38:59,298][__main__][INFO] - Iteration 0, epoch 447, train accuracy 0.82, loss 0.3927
[2023-05-23 12:39:02,184][__main__][INFO] - Test accuracy - 0.8267748653655596
[2023-05-23 12:39:02,290][__main__][INFO] - Iteration 0, epoch 448, train accuracy 0.82, loss 0.3919
[2023-05-23 12:39:05,063][__main__][INFO] - Test accuracy - 0.8176499978458489
[2023-05-23 12:39:05,130][__main__][INFO] - Iteration 0, epoch 449, train accuracy 0.81, loss 0.4088
[2023-05-23 12:39:08,022][__main__][INFO] - Test accuracy - 0.8246263366507259
[2023-05-23 12:39:08,122][__main__][INFO] - Iteration 0, epoch 450, train accuracy 0.82, loss 0.3969
[2023-05-23 12:39:10,936][__main__][INFO] - Test accuracy - 0.8240025117401232
[2023-05-23 12:39:11,018][__main__][INFO] - Iteration 0, epoch 451, train accuracy 0.82, loss 0.4003
[2023-05-23 12:39:13,938][__main__][INFO] - Test accuracy - 0.8249546852785318
[2023-05-23 12:39:14,061][__main__][INFO] - Iteration 0, epoch 452, train accuracy 0.82, loss 0.3947
[2023-05-23 12:39:17,016][__main__][INFO] - Test accuracy - 0.8264739541596656
[2023-05-23 12:39:17,072][__main__][INFO] - Iteration 0, epoch 453, train accuracy 0.82, loss 0.3989
[2023-05-23 12:39:19,892][__main__][INFO] - Test accuracy - 0.816261328680367
[2023-05-23 12:39:19,978][__main__][INFO] - Iteration 0, epoch 454, train accuracy 0.82, loss 0.3921
[2023-05-23 12:39:23,086][__main__][INFO] - Test accuracy - 0.8223428719141787
[2023-05-23 12:39:23,151][__main__][INFO] - Iteration 0, epoch 455, train accuracy 0.82, loss 0.3888
[2023-05-23 12:39:25,926][__main__][INFO] - Test accuracy - 0.8124157425358667
[2023-05-23 12:39:25,992][__main__][INFO] - Iteration 0, epoch 456, train accuracy 0.82, loss 0.3980
[2023-05-23 12:39:29,001][__main__][INFO] - Test accuracy - 0.8239327818706648
[2023-05-23 12:39:29,066][__main__][INFO] - Iteration 0, epoch 457, train accuracy 0.82, loss 0.3902
[2023-05-23 12:39:31,853][__main__][INFO] - Test accuracy - 0.8212344728792383
[2023-05-23 12:39:31,915][__main__][INFO] - Iteration 0, epoch 458, train accuracy 0.82, loss 0.3887
[2023-05-23 12:39:34,765][__main__][INFO] - Test accuracy - 0.8252386885528413
[2023-05-23 12:39:34,869][__main__][INFO] - Iteration 0, epoch 459, train accuracy 0.83, loss 0.3870
[2023-05-23 12:39:37,663][__main__][INFO] - Test accuracy - 0.8220852742234286
[2023-05-23 12:39:37,717][__main__][INFO] - Iteration 0, epoch 460, train accuracy 0.82, loss 0.3902
[2023-05-23 12:39:40,486][__main__][INFO] - Test accuracy - 0.8102845611994314
[2023-05-23 12:39:40,594][__main__][INFO] - Iteration 0, epoch 461, train accuracy 0.82, loss 0.3922
[2023-05-23 12:39:43,577][__main__][INFO] - Test accuracy - 0.8231435526259101
[2023-05-23 12:39:43,655][__main__][INFO] - Iteration 0, epoch 462, train accuracy 0.82, loss 0.3788
[2023-05-23 12:39:46,429][__main__][INFO] - Test accuracy - 0.8221340226616691
[2023-05-23 12:39:46,522][__main__][INFO] - Iteration 0, epoch 463, train accuracy 0.81, loss 0.3951
[2023-05-23 12:39:49,327][__main__][INFO] - Test accuracy - 0.8226237128947482
[2023-05-23 12:39:49,395][__main__][INFO] - Iteration 0, epoch 464, train accuracy 0.82, loss 0.3929
[2023-05-23 12:39:52,245][__main__][INFO] - Test accuracy - 0.8240858450734565
[2023-05-23 12:39:52,315][__main__][INFO] - Iteration 0, epoch 465, train accuracy 0.82, loss 0.3944
[2023-05-23 12:39:55,240][__main__][INFO] - Test accuracy - 0.8182682456593855
[2023-05-23 12:39:55,318][__main__][INFO] - Iteration 0, epoch 466, train accuracy 0.82, loss 0.3921
[2023-05-23 12:39:58,208][__main__][INFO] - Test accuracy - 0.8146712980914221
[2023-05-23 12:39:58,275][__main__][INFO] - Iteration 0, epoch 467, train accuracy 0.82, loss 0.3947
[2023-05-23 12:40:00,963][__main__][INFO] - Test accuracy - 0.8219225711946921
[2023-05-23 12:40:01,022][__main__][INFO] - Iteration 0, epoch 468, train accuracy 0.82, loss 0.3852
[2023-05-23 12:40:03,876][__main__][INFO] - Test accuracy - 0.8187687066477102
[2023-05-23 12:40:03,938][__main__][INFO] - Iteration 0, epoch 469, train accuracy 0.82, loss 0.3980
[2023-05-23 12:40:06,863][__main__][INFO] - Test accuracy - 0.8243773361768126
[2023-05-23 12:40:06,960][__main__][INFO] - Iteration 0, epoch 470, train accuracy 0.82, loss 0.3915
[2023-05-23 12:40:09,867][__main__][INFO] - Test accuracy - 0.8246318814355262
[2023-05-23 12:40:09,932][__main__][INFO] - Iteration 0, epoch 471, train accuracy 0.83, loss 0.3822
[2023-05-23 12:40:12,801][__main__][INFO] - Test accuracy - 0.8142702770238248
[2023-05-23 12:40:12,895][__main__][INFO] - Iteration 0, epoch 472, train accuracy 0.82, loss 0.3992
[2023-05-23 12:40:15,603][__main__][INFO] - Test accuracy - 0.8231908405497393
[2023-05-23 12:40:15,661][__main__][INFO] - Iteration 0, epoch 473, train accuracy 0.82, loss 0.3940
[2023-05-23 12:40:18,544][__main__][INFO] - Test accuracy - 0.8031496251777174
[2023-05-23 12:40:18,639][__main__][INFO] - Iteration 0, epoch 474, train accuracy 0.81, loss 0.4069
[2023-05-23 12:40:21,491][__main__][INFO] - Test accuracy - 0.8277979212442376
[2023-05-23 12:40:21,566][__main__][INFO] - Iteration 0, epoch 475, train accuracy 0.81, loss 0.4044
[2023-05-23 12:40:24,544][__main__][INFO] - Test accuracy - 0.8226520507517986
[2023-05-23 12:40:24,646][__main__][INFO] - Iteration 0, epoch 476, train accuracy 0.82, loss 0.3925
[2023-05-23 12:40:27,373][__main__][INFO] - Test accuracy - 0.8151516888544225
[2023-05-23 12:40:27,425][__main__][INFO] - Iteration 0, epoch 477, train accuracy 0.82, loss 0.3907
[2023-05-23 12:40:30,299][__main__][INFO] - Test accuracy - 0.8226321011589333
[2023-05-23 12:40:30,374][__main__][INFO] - Iteration 0, epoch 478, train accuracy 0.82, loss 0.3947
[2023-05-23 12:40:33,336][__main__][INFO] - Test accuracy - 0.8132029296454267
[2023-05-23 12:40:33,402][__main__][INFO] - Iteration 0, epoch 479, train accuracy 0.82, loss 0.3934
[2023-05-23 12:40:36,313][__main__][INFO] - Test accuracy - 0.8235536318986686
[2023-05-23 12:40:36,378][__main__][INFO] - Iteration 0, epoch 480, train accuracy 0.81, loss 0.3982
[2023-05-23 12:40:39,118][__main__][INFO] - Test accuracy - 0.8237224613329887
[2023-05-23 12:40:39,173][__main__][INFO] - Iteration 0, epoch 481, train accuracy 0.82, loss 0.3879
[2023-05-23 12:40:41,950][__main__][INFO] - Test accuracy - 0.8239241631123175
[2023-05-23 12:40:42,008][__main__][INFO] - Iteration 0, epoch 482, train accuracy 0.82, loss 0.3944
[2023-05-23 12:40:44,921][__main__][INFO] - Test accuracy - 0.8233217806212572
[2023-05-23 12:40:45,037][__main__][INFO] - Iteration 0, epoch 483, train accuracy 0.82, loss 0.3956
[2023-05-23 12:40:47,804][__main__][INFO] - Test accuracy - 0.8236111304984707
[2023-05-23 12:40:47,864][__main__][INFO] - Iteration 0, epoch 484, train accuracy 0.82, loss 0.3871
[2023-05-23 12:40:50,601][__main__][INFO] - Test accuracy - 0.8157742514325105
[2023-05-23 12:40:50,687][__main__][INFO] - Iteration 0, epoch 485, train accuracy 0.82, loss 0.3848
[2023-05-23 12:40:53,653][__main__][INFO] - Test accuracy - 0.8274406423678428
[2023-05-23 12:40:53,721][__main__][INFO] - Iteration 0, epoch 486, train accuracy 0.82, loss 0.3938
[2023-05-23 12:40:56,515][__main__][INFO] - Test accuracy - 0.821779718667873
[2023-05-23 12:40:56,619][__main__][INFO] - Iteration 0, epoch 487, train accuracy 0.82, loss 0.3890
[2023-05-23 12:40:59,462][__main__][INFO] - Test accuracy - 0.8232492180431693
[2023-05-23 12:40:59,528][__main__][INFO] - Iteration 0, epoch 488, train accuracy 0.82, loss 0.3902
[2023-05-23 12:41:02,412][__main__][INFO] - Test accuracy - 0.8269130735427168
[2023-05-23 12:41:02,505][__main__][INFO] - Iteration 0, epoch 489, train accuracy 0.81, loss 0.4007
[2023-05-23 12:41:05,329][__main__][INFO] - Test accuracy - 0.8251838137090172
[2023-05-23 12:41:05,389][__main__][INFO] - Iteration 0, epoch 490, train accuracy 0.82, loss 0.3926
[2023-05-23 12:41:08,171][__main__][INFO] - Test accuracy - 0.8248200896126837
[2023-05-23 12:41:08,240][__main__][INFO] - Iteration 0, epoch 491, train accuracy 0.81, loss 0.3995
[2023-05-23 12:41:11,202][__main__][INFO] - Test accuracy - 0.817814962733187
[2023-05-23 12:41:11,267][__main__][INFO] - Iteration 0, epoch 492, train accuracy 0.82, loss 0.3894
[2023-05-23 12:41:14,052][__main__][INFO] - Test accuracy - 0.823888106932058
[2023-05-23 12:41:14,109][__main__][INFO] - Iteration 0, epoch 493, train accuracy 0.82, loss 0.3916
[2023-05-23 12:41:16,932][__main__][INFO] - Test accuracy - 0.8268754362155875
[2023-05-23 12:41:17,020][__main__][INFO] - Iteration 0, epoch 494, train accuracy 0.82, loss 0.3839
[2023-05-23 12:41:19,818][__main__][INFO] - Test accuracy - 0.8230714402653915
[2023-05-23 12:41:19,892][__main__][INFO] - Iteration 0, epoch 495, train accuracy 0.81, loss 0.4012
[2023-05-23 12:41:22,668][__main__][INFO] - Test accuracy - 0.8254104605574943
[2023-05-23 12:41:22,752][__main__][INFO] - Iteration 0, epoch 496, train accuracy 0.82, loss 0.3917
[2023-05-23 12:41:25,513][__main__][INFO] - Test accuracy - 0.819856234113136
[2023-05-23 12:41:25,570][__main__][INFO] - Iteration 0, epoch 497, train accuracy 0.82, loss 0.3889
[2023-05-23 12:41:28,506][__main__][INFO] - Test accuracy - 0.804935121278704
[2023-05-23 12:41:28,601][__main__][INFO] - Iteration 0, epoch 498, train accuracy 0.81, loss 0.4073
[2023-05-23 12:41:31,384][__main__][INFO] - Test accuracy - 0.8258878312007237
[2023-05-23 12:41:31,451][__main__][INFO] - Iteration 0, epoch 499, train accuracy 0.81, loss 0.4078
[2023-05-23 12:41:34,256][__main__][INFO] - Test accuracy - 0.8263820020679851
[2023-05-23 12:41:34,264][__main__][INFO] - Total time 1464.6050 seconds
