[2023-05-16 12:30:10,071][__main__][INFO] - Net(
  (fc1): Linear(in_features=17, out_features=119, bias=True)
  (fc2): Linear(in_features=119, out_features=119, bias=True)
  (fc3): Linear(in_features=119, out_features=119, bias=True)
  (fc4): Linear(in_features=119, out_features=119, bias=True)
  (fc5): Linear(in_features=119, out_features=119, bias=True)
  (fc6): Linear(in_features=119, out_features=119, bias=True)
  (fc7): Linear(in_features=119, out_features=119, bias=True)
  (fc8): Linear(in_features=119, out_features=1, bias=True)
  (act1): ReLU()
)
[2023-05-16 12:30:10,937][__main__][INFO] - Iteration 0, epoch 0, train accuracy 0.51, loss 0.4996
[2023-05-16 12:30:13,656][__main__][INFO] - Test accuracy - 0.5134500000000001
[2023-05-16 12:30:13,750][__main__][INFO] - Iteration 0, epoch 1, train accuracy 0.50, loss 0.4967
[2023-05-16 12:30:16,530][__main__][INFO] - Test accuracy - 0.7021946167765284
[2023-05-16 12:30:16,587][__main__][INFO] - Iteration 0, epoch 2, train accuracy 0.70, loss 0.3049
[2023-05-16 12:30:19,296][__main__][INFO] - Test accuracy - 0.7249230968075482
[2023-05-16 12:30:19,413][__main__][INFO] - Iteration 0, epoch 3, train accuracy 0.73, loss 0.2746
[2023-05-16 12:30:22,277][__main__][INFO] - Test accuracy - 0.7299149153418638
[2023-05-16 12:30:22,340][__main__][INFO] - Iteration 0, epoch 4, train accuracy 0.73, loss 0.2729
[2023-05-16 12:30:25,184][__main__][INFO] - Test accuracy - 0.7369160807375814
[2023-05-16 12:30:25,278][__main__][INFO] - Iteration 0, epoch 5, train accuracy 0.73, loss 0.2685
[2023-05-16 12:30:28,156][__main__][INFO] - Test accuracy - 0.7400727564516824
[2023-05-16 12:30:28,231][__main__][INFO] - Iteration 0, epoch 6, train accuracy 0.74, loss 0.2640
[2023-05-16 12:30:31,316][__main__][INFO] - Test accuracy - 0.7413125350049545
[2023-05-16 12:30:31,388][__main__][INFO] - Iteration 0, epoch 7, train accuracy 0.74, loss 0.2582
[2023-05-16 12:30:34,391][__main__][INFO] - Test accuracy - 0.7452793546163456
[2023-05-16 12:30:34,549][__main__][INFO] - Iteration 0, epoch 8, train accuracy 0.75, loss 0.2531
[2023-05-16 12:30:37,814][__main__][INFO] - Test accuracy - 0.736892275214338
[2023-05-16 12:30:37,869][__main__][INFO] - Iteration 0, epoch 9, train accuracy 0.74, loss 0.2601
[2023-05-16 12:30:40,828][__main__][INFO] - Test accuracy - 0.7478732066692517
[2023-05-16 12:30:40,918][__main__][INFO] - Iteration 0, epoch 10, train accuracy 0.76, loss 0.2425
[2023-05-16 12:30:44,020][__main__][INFO] - Test accuracy - 0.7466011804747749
[2023-05-16 12:30:44,087][__main__][INFO] - Iteration 0, epoch 11, train accuracy 0.75, loss 0.2539
[2023-05-16 12:30:47,020][__main__][INFO] - Test accuracy - 0.7529049696264702
[2023-05-16 12:30:47,115][__main__][INFO] - Iteration 0, epoch 12, train accuracy 0.75, loss 0.2515
[2023-05-16 12:30:50,093][__main__][INFO] - Test accuracy - 0.7523195618456766
[2023-05-16 12:30:50,158][__main__][INFO] - Iteration 0, epoch 13, train accuracy 0.75, loss 0.2478
[2023-05-16 12:30:53,021][__main__][INFO] - Test accuracy - 0.7549682327344793
[2023-05-16 12:30:53,118][__main__][INFO] - Iteration 0, epoch 14, train accuracy 0.77, loss 0.2333
[2023-05-16 12:30:56,002][__main__][INFO] - Test accuracy - 0.7565352612985222
[2023-05-16 12:30:56,078][__main__][INFO] - Iteration 0, epoch 15, train accuracy 0.76, loss 0.2417
[2023-05-16 12:30:58,959][__main__][INFO] - Test accuracy - 0.7577493817586488
[2023-05-16 12:30:59,053][__main__][INFO] - Iteration 0, epoch 16, train accuracy 0.75, loss 0.2456
[2023-05-16 12:31:01,965][__main__][INFO] - Test accuracy - 0.7548902890870708
[2023-05-16 12:31:02,028][__main__][INFO] - Iteration 0, epoch 17, train accuracy 0.77, loss 0.2351
[2023-05-16 12:31:04,897][__main__][INFO] - Test accuracy - 0.7589735901081384
[2023-05-16 12:31:04,959][__main__][INFO] - Iteration 0, epoch 18, train accuracy 0.76, loss 0.2380
[2023-05-16 12:31:07,812][__main__][INFO] - Test accuracy - 0.7572305393994226
[2023-05-16 12:31:07,874][__main__][INFO] - Iteration 0, epoch 19, train accuracy 0.76, loss 0.2433
[2023-05-16 12:31:10,827][__main__][INFO] - Test accuracy - 0.7604653009349015
[2023-05-16 12:31:10,914][__main__][INFO] - Iteration 0, epoch 20, train accuracy 0.77, loss 0.2281
[2023-05-16 12:31:14,062][__main__][INFO] - Test accuracy - 0.7620158287019085
[2023-05-16 12:31:14,131][__main__][INFO] - Iteration 0, epoch 21, train accuracy 0.76, loss 0.2409
[2023-05-16 12:31:17,225][__main__][INFO] - Test accuracy - 0.7617170027142304
[2023-05-16 12:31:17,281][__main__][INFO] - Iteration 0, epoch 22, train accuracy 0.76, loss 0.2386
[2023-05-16 12:31:20,481][__main__][INFO] - Test accuracy - 0.7628905648184051
[2023-05-16 12:31:20,583][__main__][INFO] - Iteration 0, epoch 23, train accuracy 0.77, loss 0.2304
[2023-05-16 12:31:23,800][__main__][INFO] - Test accuracy - 0.7637624466847615
[2023-05-16 12:31:23,871][__main__][INFO] - Iteration 0, epoch 24, train accuracy 0.76, loss 0.2424
[2023-05-16 12:31:26,913][__main__][INFO] - Test accuracy - 0.7612047929860842
[2023-05-16 12:31:27,008][__main__][INFO] - Iteration 0, epoch 25, train accuracy 0.76, loss 0.2369
[2023-05-16 12:31:30,255][__main__][INFO] - Test accuracy - 0.7633908944035155
[2023-05-16 12:31:30,329][__main__][INFO] - Iteration 0, epoch 26, train accuracy 0.77, loss 0.2354
[2023-05-16 12:31:33,353][__main__][INFO] - Test accuracy - 0.7636999741501875
[2023-05-16 12:31:33,461][__main__][INFO] - Iteration 0, epoch 27, train accuracy 0.76, loss 0.2366
[2023-05-16 12:31:36,702][__main__][INFO] - Test accuracy - 0.7640117767437853
[2023-05-16 12:31:36,765][__main__][INFO] - Iteration 0, epoch 28, train accuracy 0.77, loss 0.2337
[2023-05-16 12:31:39,957][__main__][INFO] - Test accuracy - 0.7642739972426866
[2023-05-16 12:31:40,069][__main__][INFO] - Iteration 0, epoch 29, train accuracy 0.76, loss 0.2352
[2023-05-16 12:31:43,229][__main__][INFO] - Test accuracy - 0.7557851061996467
[2023-05-16 12:31:43,299][__main__][INFO] - Iteration 0, epoch 30, train accuracy 0.76, loss 0.2395
[2023-05-16 12:31:46,394][__main__][INFO] - Test accuracy - 0.7620185192365689
[2023-05-16 12:31:46,463][__main__][INFO] - Iteration 0, epoch 31, train accuracy 0.76, loss 0.2417
[2023-05-16 12:31:49,749][__main__][INFO] - Test accuracy - 0.7635255676188014
[2023-05-16 12:31:49,822][__main__][INFO] - Iteration 0, epoch 32, train accuracy 0.77, loss 0.2301
[2023-05-16 12:31:53,040][__main__][INFO] - Test accuracy - 0.7651223170048682
[2023-05-16 12:31:53,115][__main__][INFO] - Iteration 0, epoch 33, train accuracy 0.77, loss 0.2292
[2023-05-16 12:31:56,300][__main__][INFO] - Test accuracy - 0.765519714790401
[2023-05-16 12:31:56,363][__main__][INFO] - Iteration 0, epoch 34, train accuracy 0.77, loss 0.2315
[2023-05-16 12:31:59,454][__main__][INFO] - Test accuracy - 0.7646791456636939
[2023-05-16 12:31:59,519][__main__][INFO] - Iteration 0, epoch 35, train accuracy 0.77, loss 0.2350
[2023-05-16 12:32:02,560][__main__][INFO] - Test accuracy - 0.7545020141312309
[2023-05-16 12:32:02,660][__main__][INFO] - Iteration 0, epoch 36, train accuracy 0.76, loss 0.2362
[2023-05-16 12:32:05,945][__main__][INFO] - Test accuracy - 0.7656668820817716
[2023-05-16 12:32:06,029][__main__][INFO] - Iteration 0, epoch 37, train accuracy 0.77, loss 0.2270
[2023-05-16 12:32:09,313][__main__][INFO] - Test accuracy - 0.7641623045107924
[2023-05-16 12:32:09,427][__main__][INFO] - Iteration 0, epoch 38, train accuracy 0.77, loss 0.2291
[2023-05-16 12:32:12,580][__main__][INFO] - Test accuracy - 0.7620517319374435
[2023-05-16 12:32:12,640][__main__][INFO] - Iteration 0, epoch 39, train accuracy 0.77, loss 0.2350
[2023-05-16 12:32:15,714][__main__][INFO] - Test accuracy - 0.7661031579854378
[2023-05-16 12:32:15,805][__main__][INFO] - Iteration 0, epoch 40, train accuracy 0.77, loss 0.2316
[2023-05-16 12:32:18,858][__main__][INFO] - Test accuracy - 0.7655727887639482
[2023-05-16 12:32:18,918][__main__][INFO] - Iteration 0, epoch 41, train accuracy 0.78, loss 0.2232
[2023-05-16 12:32:21,955][__main__][INFO] - Test accuracy - 0.76665258713541
[2023-05-16 12:32:22,038][__main__][INFO] - Iteration 0, epoch 42, train accuracy 0.78, loss 0.2239
[2023-05-16 12:32:24,973][__main__][INFO] - Test accuracy - 0.7664480634182067
[2023-05-16 12:32:25,030][__main__][INFO] - Iteration 0, epoch 43, train accuracy 0.78, loss 0.2242
[2023-05-16 12:32:27,926][__main__][INFO] - Test accuracy - 0.7571487204342768
[2023-05-16 12:32:27,995][__main__][INFO] - Iteration 0, epoch 44, train accuracy 0.76, loss 0.2370
[2023-05-16 12:32:31,256][__main__][INFO] - Test accuracy - 0.7654865904097196
[2023-05-16 12:32:31,329][__main__][INFO] - Iteration 0, epoch 45, train accuracy 0.77, loss 0.2320
[2023-05-16 12:32:34,327][__main__][INFO] - Test accuracy - 0.76750702253242
[2023-05-16 12:32:34,382][__main__][INFO] - Iteration 0, epoch 46, train accuracy 0.77, loss 0.2315
[2023-05-16 12:32:37,616][__main__][INFO] - Test accuracy - 0.7666998858299944
[2023-05-16 12:32:37,708][__main__][INFO] - Iteration 0, epoch 47, train accuracy 0.78, loss 0.2197
[2023-05-16 12:32:40,768][__main__][INFO] - Test accuracy - 0.7635724914911034
[2023-05-16 12:32:40,835][__main__][INFO] - Iteration 0, epoch 48, train accuracy 0.77, loss 0.2277
[2023-05-16 12:32:43,968][__main__][INFO] - Test accuracy - 0.7665417172892163
[2023-05-16 12:32:44,070][__main__][INFO] - Iteration 0, epoch 49, train accuracy 0.78, loss 0.2228
[2023-05-16 12:32:47,028][__main__][INFO] - Test accuracy - 0.7669478113825341
[2023-05-16 12:32:47,090][__main__][INFO] - Iteration 0, epoch 50, train accuracy 0.78, loss 0.2207
[2023-05-16 12:32:50,329][__main__][INFO] - Test accuracy - 0.7667919262418681
[2023-05-16 12:32:50,416][__main__][INFO] - Iteration 0, epoch 51, train accuracy 0.77, loss 0.2303
[2023-05-16 12:32:53,302][__main__][INFO] - Test accuracy - 0.7668730084873551
[2023-05-16 12:32:53,361][__main__][INFO] - Iteration 0, epoch 52, train accuracy 0.77, loss 0.2305
[2023-05-16 12:32:56,137][__main__][INFO] - Test accuracy - 0.766854256602473
[2023-05-16 12:32:56,238][__main__][INFO] - Iteration 0, epoch 53, train accuracy 0.77, loss 0.2315
[2023-05-16 12:32:59,078][__main__][INFO] - Test accuracy - 0.7662664986428849
[2023-05-16 12:32:59,141][__main__][INFO] - Iteration 0, epoch 54, train accuracy 0.77, loss 0.2296
[2023-05-16 12:33:02,217][__main__][INFO] - Test accuracy - 0.767268661410538
[2023-05-16 12:33:02,278][__main__][INFO] - Iteration 0, epoch 55, train accuracy 0.77, loss 0.2282
[2023-05-16 12:33:05,497][__main__][INFO] - Test accuracy - 0.7684121063288958
[2023-05-16 12:33:05,581][__main__][INFO] - Iteration 0, epoch 56, train accuracy 0.78, loss 0.2235
[2023-05-16 12:33:08,740][__main__][INFO] - Test accuracy - 0.7668993257507216
[2023-05-16 12:33:08,801][__main__][INFO] - Iteration 0, epoch 57, train accuracy 0.79, loss 0.2152
[2023-05-16 12:33:12,082][__main__][INFO] - Test accuracy - 0.7657952630218431
[2023-05-16 12:33:12,149][__main__][INFO] - Iteration 0, epoch 58, train accuracy 0.77, loss 0.2338
[2023-05-16 12:33:15,276][__main__][INFO] - Test accuracy - 0.7683760501486364
[2023-05-16 12:33:15,335][__main__][INFO] - Iteration 0, epoch 59, train accuracy 0.78, loss 0.2228
[2023-05-16 12:33:18,398][__main__][INFO] - Test accuracy - 0.7682263021843092
[2023-05-16 12:33:18,505][__main__][INFO] - Iteration 0, epoch 60, train accuracy 0.78, loss 0.2241
[2023-05-16 12:33:21,579][__main__][INFO] - Test accuracy - 0.7686711860755675
[2023-05-16 12:33:21,642][__main__][INFO] - Iteration 0, epoch 61, train accuracy 0.77, loss 0.2277
[2023-05-16 12:33:24,695][__main__][INFO] - Test accuracy - 0.7675655874369911
[2023-05-16 12:33:24,809][__main__][INFO] - Iteration 0, epoch 62, train accuracy 0.78, loss 0.2242
[2023-05-16 12:33:28,033][__main__][INFO] - Test accuracy - 0.7693032570763862
[2023-05-16 12:33:28,098][__main__][INFO] - Iteration 0, epoch 63, train accuracy 0.78, loss 0.2241
[2023-05-16 12:33:31,176][__main__][INFO] - Test accuracy - 0.768130946533971
[2023-05-16 12:33:31,282][__main__][INFO] - Iteration 0, epoch 64, train accuracy 0.78, loss 0.2180
[2023-05-16 12:33:34,395][__main__][INFO] - Test accuracy - 0.7675556072551808
[2023-05-16 12:33:34,465][__main__][INFO] - Iteration 0, epoch 65, train accuracy 0.77, loss 0.2349
[2023-05-16 12:33:37,405][__main__][INFO] - Test accuracy - 0.767757989746241
[2023-05-16 12:33:37,471][__main__][INFO] - Iteration 0, epoch 66, train accuracy 0.77, loss 0.2301
[2023-05-16 12:33:40,694][__main__][INFO] - Test accuracy - 0.7675377751927965
[2023-05-16 12:33:40,771][__main__][INFO] - Iteration 0, epoch 67, train accuracy 0.77, loss 0.2301
[2023-05-16 12:33:43,734][__main__][INFO] - Test accuracy - 0.7683153569428289
[2023-05-16 12:33:43,805][__main__][INFO] - Iteration 0, epoch 68, train accuracy 0.77, loss 0.2314
[2023-05-16 12:33:46,786][__main__][INFO] - Test accuracy - 0.7674793869286115
[2023-05-16 12:33:46,842][__main__][INFO] - Iteration 0, epoch 69, train accuracy 0.78, loss 0.2215
[2023-05-16 12:33:49,813][__main__][INFO] - Test accuracy - 0.7694996337943217
[2023-05-16 12:33:49,887][__main__][INFO] - Iteration 0, epoch 70, train accuracy 0.78, loss 0.2202
[2023-05-16 12:33:52,944][__main__][INFO] - Test accuracy - 0.7706593834819697
[2023-05-16 12:33:53,041][__main__][INFO] - Iteration 0, epoch 71, train accuracy 0.77, loss 0.2284
[2023-05-16 12:33:56,021][__main__][INFO] - Test accuracy - 0.7699413446210848
[2023-05-16 12:33:56,085][__main__][INFO] - Iteration 0, epoch 72, train accuracy 0.78, loss 0.2178
[2023-05-16 12:33:59,076][__main__][INFO] - Test accuracy - 0.7629286286674422
[2023-05-16 12:33:59,170][__main__][INFO] - Iteration 0, epoch 73, train accuracy 0.77, loss 0.2260
[2023-05-16 12:34:02,063][__main__][INFO] - Test accuracy - 0.7705372926629617
[2023-05-16 12:34:02,126][__main__][INFO] - Iteration 0, epoch 74, train accuracy 0.77, loss 0.2259
[2023-05-16 12:34:05,080][__main__][INFO] - Test accuracy - 0.7687262375597776
[2023-05-16 12:34:05,180][__main__][INFO] - Iteration 0, epoch 75, train accuracy 0.77, loss 0.2294
[2023-05-16 12:34:08,073][__main__][INFO] - Test accuracy - 0.7705058485200982
[2023-05-16 12:34:08,141][__main__][INFO] - Iteration 0, epoch 76, train accuracy 0.78, loss 0.2196
[2023-05-16 12:34:11,053][__main__][INFO] - Test accuracy - 0.770843759424411
[2023-05-16 12:34:11,143][__main__][INFO] - Iteration 0, epoch 77, train accuracy 0.78, loss 0.2209
[2023-05-16 12:34:14,067][__main__][INFO] - Test accuracy - 0.770632045151006
[2023-05-16 12:34:14,130][__main__][INFO] - Iteration 0, epoch 78, train accuracy 0.78, loss 0.2187
[2023-05-16 12:34:17,112][__main__][INFO] - Test accuracy - 0.770737930291672
[2023-05-16 12:34:17,178][__main__][INFO] - Iteration 0, epoch 79, train accuracy 0.78, loss 0.2215
[2023-05-16 12:34:19,988][__main__][INFO] - Test accuracy - 0.7725082633234241
[2023-05-16 12:34:20,047][__main__][INFO] - Iteration 0, epoch 80, train accuracy 0.77, loss 0.2274
[2023-05-16 12:34:22,971][__main__][INFO] - Test accuracy - 0.7692431454913619
[2023-05-16 12:34:23,036][__main__][INFO] - Iteration 0, epoch 81, train accuracy 0.78, loss 0.2238
[2023-05-16 12:34:25,988][__main__][INFO] - Test accuracy - 0.7718154883460427
[2023-05-16 12:34:26,061][__main__][INFO] - Iteration 0, epoch 82, train accuracy 0.77, loss 0.2259
[2023-05-16 12:34:29,106][__main__][INFO] - Test accuracy - 0.7722943302744388
[2023-05-16 12:34:29,169][__main__][INFO] - Iteration 0, epoch 83, train accuracy 0.78, loss 0.2166
[2023-05-16 12:34:32,015][__main__][INFO] - Test accuracy - 0.7716305178579121
[2023-05-16 12:34:32,114][__main__][INFO] - Iteration 0, epoch 84, train accuracy 0.79, loss 0.2134
[2023-05-16 12:34:35,149][__main__][INFO] - Test accuracy - 0.7741499849209427
[2023-05-16 12:34:35,217][__main__][INFO] - Iteration 0, epoch 85, train accuracy 0.78, loss 0.2186
[2023-05-16 12:34:38,157][__main__][INFO] - Test accuracy - 0.7687066153978717
[2023-05-16 12:34:38,254][__main__][INFO] - Iteration 0, epoch 86, train accuracy 0.78, loss 0.2176
[2023-05-16 12:34:41,236][__main__][INFO] - Test accuracy - 0.7696859743225195
[2023-05-16 12:34:41,293][__main__][INFO] - Iteration 0, epoch 87, train accuracy 0.78, loss 0.2213
[2023-05-16 12:34:44,212][__main__][INFO] - Test accuracy - 0.7726764895954504
[2023-05-16 12:34:44,309][__main__][INFO] - Iteration 0, epoch 88, train accuracy 0.78, loss 0.2233
[2023-05-16 12:34:47,234][__main__][INFO] - Test accuracy - 0.7715761276980743
[2023-05-16 12:34:47,298][__main__][INFO] - Iteration 0, epoch 89, train accuracy 0.78, loss 0.2210
[2023-05-16 12:34:50,173][__main__][INFO] - Test accuracy - 0.7739887531773727
[2023-05-16 12:34:50,268][__main__][INFO] - Iteration 0, epoch 90, train accuracy 0.79, loss 0.2157
[2023-05-16 12:34:53,249][__main__][INFO] - Test accuracy - 0.7730197471026669
[2023-05-16 12:34:53,318][__main__][INFO] - Iteration 0, epoch 91, train accuracy 0.78, loss 0.2195
[2023-05-16 12:34:56,244][__main__][INFO] - Test accuracy - 0.7736841411399766
[2023-05-16 12:34:56,319][__main__][INFO] - Iteration 0, epoch 92, train accuracy 0.78, loss 0.2223
[2023-05-16 12:34:59,235][__main__][INFO] - Test accuracy - 0.7740956486148809
[2023-05-16 12:34:59,290][__main__][INFO] - Iteration 0, epoch 93, train accuracy 0.78, loss 0.2208
[2023-05-16 12:35:02,184][__main__][INFO] - Test accuracy - 0.7686723730127958
[2023-05-16 12:35:02,241][__main__][INFO] - Iteration 0, epoch 94, train accuracy 0.77, loss 0.2285
[2023-05-16 12:35:05,147][__main__][INFO] - Test accuracy - 0.7751475033389341
[2023-05-16 12:35:05,242][__main__][INFO] - Iteration 0, epoch 95, train accuracy 0.78, loss 0.2231
[2023-05-16 12:35:08,185][__main__][INFO] - Test accuracy - 0.7698970875877816
[2023-05-16 12:35:08,253][__main__][INFO] - Iteration 0, epoch 96, train accuracy 0.77, loss 0.2280
[2023-05-16 12:35:11,271][__main__][INFO] - Test accuracy - 0.776037973374693
[2023-05-16 12:35:11,380][__main__][INFO] - Iteration 0, epoch 97, train accuracy 0.78, loss 0.2188
[2023-05-16 12:35:14,351][__main__][INFO] - Test accuracy - 0.7750365796389642
[2023-05-16 12:35:14,442][__main__][INFO] - Iteration 0, epoch 98, train accuracy 0.78, loss 0.2201
[2023-05-16 12:35:17,483][__main__][INFO] - Test accuracy - 0.7759525979061652
[2023-05-16 12:35:17,587][__main__][INFO] - Iteration 0, epoch 99, train accuracy 0.78, loss 0.2185
[2023-05-16 12:35:20,566][__main__][INFO] - Test accuracy - 0.7745036965232002
[2023-05-16 12:35:20,639][__main__][INFO] - Iteration 0, epoch 100, train accuracy 0.78, loss 0.2187
[2023-05-16 12:35:23,568][__main__][INFO] - Test accuracy - 0.7751719551074923
[2023-05-16 12:35:23,699][__main__][INFO] - Iteration 0, epoch 101, train accuracy 0.78, loss 0.2162
[2023-05-16 12:35:26,665][__main__][INFO] - Test accuracy - 0.7762626987204342
[2023-05-16 12:35:26,728][__main__][INFO] - Iteration 0, epoch 102, train accuracy 0.79, loss 0.2124
[2023-05-16 12:35:29,574][__main__][INFO] - Test accuracy - 0.7725985696437035
[2023-05-16 12:35:29,642][__main__][INFO] - Iteration 0, epoch 103, train accuracy 0.78, loss 0.2233
[2023-05-16 12:35:32,699][__main__][INFO] - Test accuracy - 0.7740036749816896
[2023-05-16 12:35:32,766][__main__][INFO] - Iteration 0, epoch 104, train accuracy 0.78, loss 0.2187
[2023-05-16 12:35:35,863][__main__][INFO] - Test accuracy - 0.7758915858860023
[2023-05-16 12:35:35,935][__main__][INFO] - Iteration 0, epoch 105, train accuracy 0.78, loss 0.2180
[2023-05-16 12:35:38,918][__main__][INFO] - Test accuracy - 0.7761045517211665
[2023-05-16 12:35:38,973][__main__][INFO] - Iteration 0, epoch 106, train accuracy 0.78, loss 0.2191
[2023-05-16 12:35:41,908][__main__][INFO] - Test accuracy - 0.7766362823661194
[2023-05-16 12:35:41,969][__main__][INFO] - Iteration 0, epoch 107, train accuracy 0.78, loss 0.2149
[2023-05-16 12:35:44,920][__main__][INFO] - Test accuracy - 0.7775023781827581
[2023-05-16 12:35:45,010][__main__][INFO] - Iteration 0, epoch 108, train accuracy 0.79, loss 0.2134
[2023-05-16 12:35:48,009][__main__][INFO] - Test accuracy - 0.7775736891990866
[2023-05-16 12:35:48,095][__main__][INFO] - Iteration 0, epoch 109, train accuracy 0.78, loss 0.2204
[2023-05-16 12:35:51,011][__main__][INFO] - Test accuracy - 0.7778799146956183
[2023-05-16 12:35:51,114][__main__][INFO] - Iteration 0, epoch 110, train accuracy 0.79, loss 0.2164
[2023-05-16 12:35:54,154][__main__][INFO] - Test accuracy - 0.7774806837275429
[2023-05-16 12:35:54,219][__main__][INFO] - Iteration 0, epoch 111, train accuracy 0.78, loss 0.2201
[2023-05-16 12:35:57,234][__main__][INFO] - Test accuracy - 0.7783697147904012
[2023-05-16 12:35:57,334][__main__][INFO] - Iteration 0, epoch 112, train accuracy 0.79, loss 0.2153
[2023-05-16 12:36:00,241][__main__][INFO] - Test accuracy - 0.7757220434276851
[2023-05-16 12:36:00,299][__main__][INFO] - Iteration 0, epoch 113, train accuracy 0.78, loss 0.2176
[2023-05-16 12:36:03,267][__main__][INFO] - Test accuracy - 0.7787873034337168
[2023-05-16 12:36:03,381][__main__][INFO] - Iteration 0, epoch 114, train accuracy 0.78, loss 0.2165
[2023-05-16 12:36:06,470][__main__][INFO] - Test accuracy - 0.7796976907500753
[2023-05-16 12:36:06,572][__main__][INFO] - Iteration 0, epoch 115, train accuracy 0.79, loss 0.2151
[2023-05-16 12:36:09,597][__main__][INFO] - Test accuracy - 0.7789030373529792
[2023-05-16 12:36:09,673][__main__][INFO] - Iteration 0, epoch 116, train accuracy 0.79, loss 0.2113
[2023-05-16 12:36:12,622][__main__][INFO] - Test accuracy - 0.7768460428245229
[2023-05-16 12:36:12,693][__main__][INFO] - Iteration 0, epoch 117, train accuracy 0.79, loss 0.2084
[2023-05-16 12:36:15,630][__main__][INFO] - Test accuracy - 0.7794350200336049
[2023-05-16 12:36:15,694][__main__][INFO] - Iteration 0, epoch 118, train accuracy 0.79, loss 0.2156
[2023-05-16 12:36:18,734][__main__][INFO] - Test accuracy - 0.7784303756839429
[2023-05-16 12:36:18,845][__main__][INFO] - Iteration 0, epoch 119, train accuracy 0.78, loss 0.2179
[2023-05-16 12:36:21,913][__main__][INFO] - Test accuracy - 0.7792445069148248
[2023-05-16 12:36:21,974][__main__][INFO] - Iteration 0, epoch 120, train accuracy 0.79, loss 0.2143
[2023-05-16 12:36:25,030][__main__][INFO] - Test accuracy - 0.7793134892938693
[2023-05-16 12:36:25,143][__main__][INFO] - Iteration 0, epoch 121, train accuracy 0.78, loss 0.2198
[2023-05-16 12:36:28,293][__main__][INFO] - Test accuracy - 0.7795743591400628
[2023-05-16 12:36:28,359][__main__][INFO] - Iteration 0, epoch 122, train accuracy 0.79, loss 0.2065
[2023-05-16 12:36:31,272][__main__][INFO] - Test accuracy - 0.7777306277196157
[2023-05-16 12:36:31,361][__main__][INFO] - Iteration 0, epoch 123, train accuracy 0.79, loss 0.2104
[2023-05-16 12:36:34,411][__main__][INFO] - Test accuracy - 0.7788568135797682
[2023-05-16 12:36:34,497][__main__][INFO] - Iteration 0, epoch 124, train accuracy 0.79, loss 0.2117
[2023-05-16 12:36:37,659][__main__][INFO] - Test accuracy - 0.7804574727499892
[2023-05-16 12:36:37,752][__main__][INFO] - Iteration 0, epoch 125, train accuracy 0.78, loss 0.2199
[2023-05-16 12:36:40,752][__main__][INFO] - Test accuracy - 0.7814670910344234
[2023-05-16 12:36:40,817][__main__][INFO] - Iteration 0, epoch 126, train accuracy 0.80, loss 0.2043
[2023-05-16 12:36:43,698][__main__][INFO] - Test accuracy - 0.7806720972814614
[2023-05-16 12:36:43,755][__main__][INFO] - Iteration 0, epoch 127, train accuracy 0.79, loss 0.2108
[2023-05-16 12:36:46,728][__main__][INFO] - Test accuracy - 0.7817625565464651
[2023-05-16 12:36:46,788][__main__][INFO] - Iteration 0, epoch 128, train accuracy 0.79, loss 0.2077
[2023-05-16 12:36:49,733][__main__][INFO] - Test accuracy - 0.779738104777907
[2023-05-16 12:36:49,801][__main__][INFO] - Iteration 0, epoch 129, train accuracy 0.79, loss 0.2149
[2023-05-16 12:36:52,846][__main__][INFO] - Test accuracy - 0.7810243699108183
[2023-05-16 12:36:52,920][__main__][INFO] - Iteration 0, epoch 130, train accuracy 0.79, loss 0.2137
[2023-05-16 12:36:55,853][__main__][INFO] - Test accuracy - 0.7803604368618327
[2023-05-16 12:36:55,908][__main__][INFO] - Iteration 0, epoch 131, train accuracy 0.79, loss 0.2131
[2023-05-16 12:36:58,886][__main__][INFO] - Test accuracy - 0.7789860971091294
[2023-05-16 12:36:58,988][__main__][INFO] - Iteration 0, epoch 132, train accuracy 0.78, loss 0.2174
[2023-05-16 12:37:01,965][__main__][INFO] - Test accuracy - 0.7816194627547284
[2023-05-16 12:37:02,027][__main__][INFO] - Iteration 0, epoch 133, train accuracy 0.79, loss 0.2083
[2023-05-16 12:37:04,954][__main__][INFO] - Test accuracy - 0.7826420253328163
[2023-05-16 12:37:05,041][__main__][INFO] - Iteration 0, epoch 134, train accuracy 0.79, loss 0.2140
[2023-05-16 12:37:07,959][__main__][INFO] - Test accuracy - 0.7809952414803326
[2023-05-16 12:37:08,022][__main__][INFO] - Iteration 0, epoch 135, train accuracy 0.78, loss 0.2154
[2023-05-16 12:37:10,951][__main__][INFO] - Test accuracy - 0.781136963077851
[2023-05-16 12:37:11,047][__main__][INFO] - Iteration 0, epoch 136, train accuracy 0.80, loss 0.2055
[2023-05-16 12:37:14,026][__main__][INFO] - Test accuracy - 0.7831710654431089
[2023-05-16 12:37:14,098][__main__][INFO] - Iteration 0, epoch 137, train accuracy 0.80, loss 0.2034
[2023-05-16 12:37:17,053][__main__][INFO] - Test accuracy - 0.780142759898324
[2023-05-16 12:37:17,149][__main__][INFO] - Iteration 0, epoch 138, train accuracy 0.80, loss 0.2043
[2023-05-16 12:37:19,978][__main__][INFO] - Test accuracy - 0.7765728318469692
[2023-05-16 12:37:20,040][__main__][INFO] - Iteration 0, epoch 139, train accuracy 0.78, loss 0.2199
[2023-05-16 12:37:22,999][__main__][INFO] - Test accuracy - 0.7825078131058549
[2023-05-16 12:37:23,070][__main__][INFO] - Iteration 0, epoch 140, train accuracy 0.79, loss 0.2107
[2023-05-16 12:37:26,296][__main__][INFO] - Test accuracy - 0.7818198354228598
[2023-05-16 12:37:26,349][__main__][INFO] - Iteration 0, epoch 141, train accuracy 0.79, loss 0.2097
[2023-05-16 12:37:29,306][__main__][INFO] - Test accuracy - 0.7829022252380338
[2023-05-16 12:37:29,362][__main__][INFO] - Iteration 0, epoch 142, train accuracy 0.80, loss 0.2047
[2023-05-16 12:37:32,265][__main__][INFO] - Test accuracy - 0.7835549696264702
[2023-05-16 12:37:32,358][__main__][INFO] - Iteration 0, epoch 143, train accuracy 0.79, loss 0.2090
[2023-05-16 12:37:35,274][__main__][INFO] - Test accuracy - 0.7809820236094954
[2023-05-16 12:37:35,335][__main__][INFO] - Iteration 0, epoch 144, train accuracy 0.78, loss 0.2183
[2023-05-16 12:37:38,428][__main__][INFO] - Test accuracy - 0.7824887747188833
[2023-05-16 12:37:38,556][__main__][INFO] - Iteration 0, epoch 145, train accuracy 0.79, loss 0.2149
[2023-05-16 12:37:41,569][__main__][INFO] - Test accuracy - 0.7822506871741847
[2023-05-16 12:37:41,643][__main__][INFO] - Iteration 0, epoch 146, train accuracy 0.79, loss 0.2116
[2023-05-16 12:37:44,683][__main__][INFO] - Test accuracy - 0.7812017082417818
[2023-05-16 12:37:44,776][__main__][INFO] - Iteration 0, epoch 147, train accuracy 0.78, loss 0.2169
[2023-05-16 12:37:47,796][__main__][INFO] - Test accuracy - 0.7845593727112146
[2023-05-16 12:37:47,861][__main__][INFO] - Iteration 0, epoch 148, train accuracy 0.79, loss 0.2071
[2023-05-16 12:37:50,996][__main__][INFO] - Test accuracy - 0.7810491167980698
[2023-05-16 12:37:51,095][__main__][INFO] - Iteration 0, epoch 149, train accuracy 0.79, loss 0.2142
[2023-05-16 12:37:54,157][__main__][INFO] - Test accuracy - 0.7842973611649647
[2023-05-16 12:37:54,234][__main__][INFO] - Iteration 0, epoch 150, train accuracy 0.80, loss 0.2038
[2023-05-16 12:37:57,258][__main__][INFO] - Test accuracy - 0.7837683318254277
[2023-05-16 12:37:57,320][__main__][INFO] - Iteration 0, epoch 151, train accuracy 0.79, loss 0.2122
[2023-05-16 12:38:00,167][__main__][INFO] - Test accuracy - 0.783610273146353
[2023-05-16 12:38:00,224][__main__][INFO] - Iteration 0, epoch 152, train accuracy 0.79, loss 0.2120
[2023-05-16 12:38:03,140][__main__][INFO] - Test accuracy - 0.7845919047003576
[2023-05-16 12:38:03,220][__main__][INFO] - Iteration 0, epoch 153, train accuracy 0.79, loss 0.2073
[2023-05-16 12:38:06,188][__main__][INFO] - Test accuracy - 0.785012117099651
[2023-05-16 12:38:06,261][__main__][INFO] - Iteration 0, epoch 154, train accuracy 0.79, loss 0.2089
[2023-05-16 12:38:09,403][__main__][INFO] - Test accuracy - 0.7852824953685753
[2023-05-16 12:38:09,479][__main__][INFO] - Iteration 0, epoch 155, train accuracy 0.79, loss 0.2111
[2023-05-16 12:38:12,509][__main__][INFO] - Test accuracy - 0.7849362500538537
[2023-05-16 12:38:12,610][__main__][INFO] - Iteration 0, epoch 156, train accuracy 0.79, loss 0.2089
[2023-05-16 12:38:15,584][__main__][INFO] - Test accuracy - 0.7844654215673603
[2023-05-16 12:38:15,652][__main__][INFO] - Iteration 0, epoch 157, train accuracy 0.79, loss 0.2072
[2023-05-16 12:38:18,542][__main__][INFO] - Test accuracy - 0.7832404657274569
[2023-05-16 12:38:18,656][__main__][INFO] - Iteration 0, epoch 158, train accuracy 0.80, loss 0.2055
[2023-05-16 12:38:21,508][__main__][INFO] - Test accuracy - 0.7849830769893585
[2023-05-16 12:38:21,570][__main__][INFO] - Iteration 0, epoch 159, train accuracy 0.79, loss 0.2061
[2023-05-16 12:38:24,535][__main__][INFO] - Test accuracy - 0.7838780599715652
[2023-05-16 12:38:24,650][__main__][INFO] - Iteration 0, epoch 160, train accuracy 0.79, loss 0.2136
[2023-05-16 12:38:27,743][__main__][INFO] - Test accuracy - 0.7841687044935591
[2023-05-16 12:38:27,810][__main__][INFO] - Iteration 0, epoch 161, train accuracy 0.79, loss 0.2094
[2023-05-16 12:38:30,753][__main__][INFO] - Test accuracy - 0.7855797832924045
[2023-05-16 12:38:30,843][__main__][INFO] - Iteration 0, epoch 162, train accuracy 0.80, loss 0.2023
[2023-05-16 12:38:33,629][__main__][INFO] - Test accuracy - 0.7859701542372152
[2023-05-16 12:38:33,681][__main__][INFO] - Iteration 0, epoch 163, train accuracy 0.80, loss 0.2046
[2023-05-16 12:38:36,547][__main__][INFO] - Test accuracy - 0.7864848886303908
[2023-05-16 12:38:36,602][__main__][INFO] - Iteration 0, epoch 164, train accuracy 0.79, loss 0.2088
[2023-05-16 12:38:39,685][__main__][INFO] - Test accuracy - 0.7854647193141183
[2023-05-16 12:38:39,756][__main__][INFO] - Iteration 0, epoch 165, train accuracy 0.79, loss 0.2059
[2023-05-16 12:38:42,726][__main__][INFO] - Test accuracy - 0.7842727887639481
[2023-05-16 12:38:42,790][__main__][INFO] - Iteration 0, epoch 166, train accuracy 0.79, loss 0.2113
[2023-05-16 12:38:45,824][__main__][INFO] - Test accuracy - 0.7858594050234803
[2023-05-16 12:38:45,911][__main__][INFO] - Iteration 0, epoch 167, train accuracy 0.79, loss 0.2072
[2023-05-16 12:38:49,019][__main__][INFO] - Test accuracy - 0.7835658825556848
[2023-05-16 12:38:49,092][__main__][INFO] - Iteration 0, epoch 168, train accuracy 0.79, loss 0.2105
[2023-05-16 12:38:51,900][__main__][INFO] - Test accuracy - 0.7872172008961269
[2023-05-16 12:38:52,000][__main__][INFO] - Iteration 0, epoch 169, train accuracy 0.80, loss 0.2047
[2023-05-16 12:38:54,963][__main__][INFO] - Test accuracy - 0.786793946835552
[2023-05-16 12:38:55,033][__main__][INFO] - Iteration 0, epoch 170, train accuracy 0.79, loss 0.2063
[2023-05-16 12:38:57,911][__main__][INFO] - Test accuracy - 0.7862160915083366
[2023-05-16 12:38:58,004][__main__][INFO] - Iteration 0, epoch 171, train accuracy 0.80, loss 0.2044
[2023-05-16 12:39:01,013][__main__][INFO] - Test accuracy - 0.7865748201283874
[2023-05-16 12:39:01,087][__main__][INFO] - Iteration 0, epoch 172, train accuracy 0.79, loss 0.2068
[2023-05-16 12:39:04,015][__main__][INFO] - Test accuracy - 0.7855874132954203
[2023-05-16 12:39:04,103][__main__][INFO] - Iteration 0, epoch 173, train accuracy 0.79, loss 0.2080
[2023-05-16 12:39:07,019][__main__][INFO] - Test accuracy - 0.7872982616001034
[2023-05-16 12:39:07,096][__main__][INFO] - Iteration 0, epoch 174, train accuracy 0.80, loss 0.1981
[2023-05-16 12:39:10,155][__main__][INFO] - Test accuracy - 0.7841751820257638
[2023-05-16 12:39:10,237][__main__][INFO] - Iteration 0, epoch 175, train accuracy 0.79, loss 0.2107
[2023-05-16 12:39:13,247][__main__][INFO] - Test accuracy - 0.7880902029210288
[2023-05-16 12:39:13,307][__main__][INFO] - Iteration 0, epoch 176, train accuracy 0.80, loss 0.1996
[2023-05-16 12:39:16,268][__main__][INFO] - Test accuracy - 0.7865209663521605
[2023-05-16 12:39:16,337][__main__][INFO] - Iteration 0, epoch 177, train accuracy 0.79, loss 0.2086
[2023-05-16 12:39:19,279][__main__][INFO] - Test accuracy - 0.7881192214898108
[2023-05-16 12:39:19,348][__main__][INFO] - Iteration 0, epoch 178, train accuracy 0.80, loss 0.2035
[2023-05-16 12:39:22,253][__main__][INFO] - Test accuracy - 0.7881705936840291
[2023-05-16 12:39:22,312][__main__][INFO] - Iteration 0, epoch 179, train accuracy 0.80, loss 0.2046
[2023-05-16 12:39:25,283][__main__][INFO] - Test accuracy - 0.788084767997932
[2023-05-16 12:39:25,403][__main__][INFO] - Iteration 0, epoch 180, train accuracy 0.80, loss 0.2051
[2023-05-16 12:39:28,254][__main__][INFO] - Test accuracy - 0.7871928266770065
[2023-05-16 12:39:28,309][__main__][INFO] - Iteration 0, epoch 181, train accuracy 0.79, loss 0.2108
[2023-05-16 12:39:31,248][__main__][INFO] - Test accuracy - 0.7843372280384301
[2023-05-16 12:39:31,346][__main__][INFO] - Iteration 0, epoch 182, train accuracy 0.80, loss 0.2031
[2023-05-16 12:39:34,293][__main__][INFO] - Test accuracy - 0.78336589332644
[2023-05-16 12:39:34,358][__main__][INFO] - Iteration 0, epoch 183, train accuracy 0.79, loss 0.2119
[2023-05-16 12:39:37,293][__main__][INFO] - Test accuracy - 0.7879429365387102
[2023-05-16 12:39:37,387][__main__][INFO] - Iteration 0, epoch 184, train accuracy 0.79, loss 0.2109
[2023-05-16 12:39:40,402][__main__][INFO] - Test accuracy - 0.7850055620180088
[2023-05-16 12:39:40,472][__main__][INFO] - Iteration 0, epoch 185, train accuracy 0.79, loss 0.2111
[2023-05-16 12:39:43,599][__main__][INFO] - Test accuracy - 0.787116772220068
[2023-05-16 12:39:43,697][__main__][INFO] - Iteration 0, epoch 186, train accuracy 0.80, loss 0.2049
[2023-05-16 12:39:46,792][__main__][INFO] - Test accuracy - 0.7880603830080566
[2023-05-16 12:39:46,871][__main__][INFO] - Iteration 0, epoch 187, train accuracy 0.80, loss 0.2043
[2023-05-16 12:39:49,915][__main__][INFO] - Test accuracy - 0.7872795851105079
[2023-05-16 12:39:49,989][__main__][INFO] - Iteration 0, epoch 188, train accuracy 0.80, loss 0.2038
[2023-05-16 12:39:53,024][__main__][INFO] - Test accuracy - 0.789071153763302
[2023-05-16 12:39:53,095][__main__][INFO] - Iteration 0, epoch 189, train accuracy 0.79, loss 0.2109
[2023-05-16 12:39:56,153][__main__][INFO] - Test accuracy - 0.786052324328982
[2023-05-16 12:39:56,217][__main__][INFO] - Iteration 0, epoch 190, train accuracy 0.79, loss 0.2109
[2023-05-16 12:39:59,306][__main__][INFO] - Test accuracy - 0.7835805178579122
[2023-05-16 12:39:59,372][__main__][INFO] - Iteration 0, epoch 191, train accuracy 0.79, loss 0.2104
[2023-05-16 12:40:02,444][__main__][INFO] - Test accuracy - 0.7882288936280212
[2023-05-16 12:40:02,506][__main__][INFO] - Iteration 0, epoch 192, train accuracy 0.79, loss 0.2086
[2023-05-16 12:40:05,545][__main__][INFO] - Test accuracy - 0.7881382706475378
[2023-05-16 12:40:05,642][__main__][INFO] - Iteration 0, epoch 193, train accuracy 0.80, loss 0.2003
[2023-05-16 12:40:08,659][__main__][INFO] - Test accuracy - 0.7883935181594932
[2023-05-16 12:40:08,726][__main__][INFO] - Iteration 0, epoch 194, train accuracy 0.80, loss 0.2052
[2023-05-16 12:40:11,784][__main__][INFO] - Test accuracy - 0.7889367993623713
[2023-05-16 12:40:11,887][__main__][INFO] - Iteration 0, epoch 195, train accuracy 0.79, loss 0.2089
[2023-05-16 12:40:14,771][__main__][INFO] - Test accuracy - 0.7869348110809531
[2023-05-16 12:40:14,835][__main__][INFO] - Iteration 0, epoch 196, train accuracy 0.79, loss 0.2123
[2023-05-16 12:40:17,791][__main__][INFO] - Test accuracy - 0.7893027960880618
[2023-05-16 12:40:17,893][__main__][INFO] - Iteration 0, epoch 197, train accuracy 0.80, loss 0.2032
[2023-05-16 12:40:20,726][__main__][INFO] - Test accuracy - 0.7885976799793202
[2023-05-16 12:40:20,790][__main__][INFO] - Iteration 0, epoch 198, train accuracy 0.80, loss 0.2016
[2023-05-16 12:40:23,893][__main__][INFO] - Test accuracy - 0.7878935289302486
[2023-05-16 12:40:23,958][__main__][INFO] - Iteration 0, epoch 199, train accuracy 0.79, loss 0.2072
[2023-05-16 12:40:27,039][__main__][INFO] - Test accuracy - 0.7894794213950284
[2023-05-16 12:40:27,121][__main__][INFO] - Iteration 0, epoch 200, train accuracy 0.79, loss 0.2106
[2023-05-16 12:40:30,116][__main__][INFO] - Test accuracy - 0.7891911356684331
[2023-05-16 12:40:30,190][__main__][INFO] - Iteration 0, epoch 201, train accuracy 0.79, loss 0.2064
[2023-05-16 12:40:33,298][__main__][INFO] - Test accuracy - 0.7890556180259359
[2023-05-16 12:40:33,368][__main__][INFO] - Iteration 0, epoch 202, train accuracy 0.80, loss 0.2034
[2023-05-16 12:40:36,313][__main__][INFO] - Test accuracy - 0.7897463293266124
[2023-05-16 12:40:36,367][__main__][INFO] - Iteration 0, epoch 203, train accuracy 0.79, loss 0.2069
[2023-05-16 12:40:39,323][__main__][INFO] - Test accuracy - 0.7886617767437852
[2023-05-16 12:40:39,418][__main__][INFO] - Iteration 0, epoch 204, train accuracy 0.80, loss 0.2024
[2023-05-16 12:40:42,413][__main__][INFO] - Test accuracy - 0.7878855370298565
[2023-05-16 12:40:42,472][__main__][INFO] - Iteration 0, epoch 205, train accuracy 0.79, loss 0.2070
[2023-05-16 12:40:45,405][__main__][INFO] - Test accuracy - 0.789284899401146
[2023-05-16 12:40:45,507][__main__][INFO] - Iteration 0, epoch 206, train accuracy 0.80, loss 0.1995
[2023-05-16 12:40:48,524][__main__][INFO] - Test accuracy - 0.7855093167032873
[2023-05-16 12:40:48,599][__main__][INFO] - Iteration 0, epoch 207, train accuracy 0.79, loss 0.2135
[2023-05-16 12:40:51,597][__main__][INFO] - Test accuracy - 0.7901383805092412
[2023-05-16 12:40:51,708][__main__][INFO] - Iteration 0, epoch 208, train accuracy 0.79, loss 0.2071
[2023-05-16 12:40:54,539][__main__][INFO] - Test accuracy - 0.7875814075222956
[2023-05-16 12:40:54,602][__main__][INFO] - Iteration 0, epoch 209, train accuracy 0.80, loss 0.2002
[2023-05-16 12:40:57,479][__main__][INFO] - Test accuracy - 0.7910845375037697
[2023-05-16 12:40:57,589][__main__][INFO] - Iteration 0, epoch 210, train accuracy 0.81, loss 0.1954
[2023-05-16 12:41:00,600][__main__][INFO] - Test accuracy - 0.7908980418766964
[2023-05-16 12:41:00,675][__main__][INFO] - Iteration 0, epoch 211, train accuracy 0.81, loss 0.1945
[2023-05-16 12:41:03,777][__main__][INFO] - Test accuracy - 0.7903192322605661
[2023-05-16 12:41:03,840][__main__][INFO] - Iteration 0, epoch 212, train accuracy 0.79, loss 0.2063
[2023-05-16 12:41:06,670][__main__][INFO] - Test accuracy - 0.7901814635302228
[2023-05-16 12:41:06,723][__main__][INFO] - Iteration 0, epoch 213, train accuracy 0.80, loss 0.2043
[2023-05-16 12:41:09,658][__main__][INFO] - Test accuracy - 0.7896427275860584
[2023-05-16 12:41:09,716][__main__][INFO] - Iteration 0, epoch 214, train accuracy 0.80, loss 0.1962
[2023-05-16 12:41:12,775][__main__][INFO] - Test accuracy - 0.7894138856576624
[2023-05-16 12:41:12,845][__main__][INFO] - Iteration 0, epoch 215, train accuracy 0.80, loss 0.2010
[2023-05-16 12:41:15,970][__main__][INFO] - Test accuracy - 0.7907501938735945
[2023-05-16 12:41:16,033][__main__][INFO] - Iteration 0, epoch 216, train accuracy 0.80, loss 0.2032
[2023-05-16 12:41:18,819][__main__][INFO] - Test accuracy - 0.7896485911852139
[2023-05-16 12:41:18,917][__main__][INFO] - Iteration 0, epoch 217, train accuracy 0.79, loss 0.2098
[2023-05-16 12:41:21,836][__main__][INFO] - Test accuracy - 0.7864179139201241
[2023-05-16 12:41:21,902][__main__][INFO] - Iteration 0, epoch 218, train accuracy 0.79, loss 0.2107
[2023-05-16 12:41:24,722][__main__][INFO] - Test accuracy - 0.7903892809443798
[2023-05-16 12:41:24,811][__main__][INFO] - Iteration 0, epoch 219, train accuracy 0.80, loss 0.2036
[2023-05-16 12:41:27,662][__main__][INFO] - Test accuracy - 0.7902537956141484
[2023-05-16 12:41:27,722][__main__][INFO] - Iteration 0, epoch 220, train accuracy 0.80, loss 0.2053
[2023-05-16 12:41:30,652][__main__][INFO] - Test accuracy - 0.7894223170048683
[2023-05-16 12:41:30,746][__main__][INFO] - Iteration 0, epoch 221, train accuracy 0.80, loss 0.2011
[2023-05-16 12:41:33,674][__main__][INFO] - Test accuracy - 0.7846889168928526
[2023-05-16 12:41:33,754][__main__][INFO] - Iteration 0, epoch 222, train accuracy 0.79, loss 0.2121
[2023-05-16 12:41:36,758][__main__][INFO] - Test accuracy - 0.7871019387359441
[2023-05-16 12:41:36,853][__main__][INFO] - Iteration 0, epoch 223, train accuracy 0.80, loss 0.2050
[2023-05-16 12:41:39,754][__main__][INFO] - Test accuracy - 0.7885565723148508
[2023-05-16 12:41:39,815][__main__][INFO] - Iteration 0, epoch 224, train accuracy 0.80, loss 0.2007
[2023-05-16 12:41:42,746][__main__][INFO] - Test accuracy - 0.7876994700788419
[2023-05-16 12:41:42,798][__main__][INFO] - Iteration 0, epoch 225, train accuracy 0.79, loss 0.2077
[2023-05-16 12:41:45,822][__main__][INFO] - Test accuracy - 0.781360669510146
[2023-05-16 12:41:45,894][__main__][INFO] - Iteration 0, epoch 226, train accuracy 0.79, loss 0.2134
[2023-05-16 12:41:48,738][__main__][INFO] - Test accuracy - 0.789530375683943
[2023-05-16 12:41:48,821][__main__][INFO] - Iteration 0, epoch 227, train accuracy 0.79, loss 0.2064
[2023-05-16 12:41:51,853][__main__][INFO] - Test accuracy - 0.7908737775192796
[2023-05-16 12:41:51,956][__main__][INFO] - Iteration 0, epoch 228, train accuracy 0.80, loss 0.1967
[2023-05-16 12:41:54,969][__main__][INFO] - Test accuracy - 0.7900320666925165
[2023-05-16 12:41:55,032][__main__][INFO] - Iteration 0, epoch 229, train accuracy 0.80, loss 0.1999
[2023-05-16 12:41:58,003][__main__][INFO] - Test accuracy - 0.7899328249536857
[2023-05-16 12:41:58,097][__main__][INFO] - Iteration 0, epoch 230, train accuracy 0.80, loss 0.1993
[2023-05-16 12:42:01,182][__main__][INFO] - Test accuracy - 0.7906686506397828
[2023-05-16 12:42:01,242][__main__][INFO] - Iteration 0, epoch 231, train accuracy 0.80, loss 0.2003
[2023-05-16 12:42:04,310][__main__][INFO] - Test accuracy - 0.791986129421395
[2023-05-16 12:42:04,415][__main__][INFO] - Iteration 0, epoch 232, train accuracy 0.80, loss 0.1960
[2023-05-16 12:42:07,307][__main__][INFO] - Test accuracy - 0.7822508099607943
[2023-05-16 12:42:07,374][__main__][INFO] - Iteration 0, epoch 233, train accuracy 0.79, loss 0.2131
[2023-05-16 12:42:10,427][__main__][INFO] - Test accuracy - 0.7915971306708026
[2023-05-16 12:42:10,538][__main__][INFO] - Iteration 0, epoch 234, train accuracy 0.80, loss 0.2031
[2023-05-16 12:42:13,549][__main__][INFO] - Test accuracy - 0.7907130283055448
[2023-05-16 12:42:13,617][__main__][INFO] - Iteration 0, epoch 235, train accuracy 0.80, loss 0.1990
[2023-05-16 12:42:16,565][__main__][INFO] - Test accuracy - 0.792371384257464
[2023-05-16 12:42:16,655][__main__][INFO] - Iteration 0, epoch 236, train accuracy 0.80, loss 0.2023
[2023-05-16 12:42:19,747][__main__][INFO] - Test accuracy - 0.7906877428805307
[2023-05-16 12:42:19,814][__main__][INFO] - Iteration 0, epoch 237, train accuracy 0.80, loss 0.2032
[2023-05-16 12:42:22,752][__main__][INFO] - Test accuracy - 0.7917704945930808
[2023-05-16 12:42:22,820][__main__][INFO] - Iteration 0, epoch 238, train accuracy 0.80, loss 0.1961
[2023-05-16 12:42:25,928][__main__][INFO] - Test accuracy - 0.7886648614880876
[2023-05-16 12:42:26,008][__main__][INFO] - Iteration 0, epoch 239, train accuracy 0.80, loss 0.2057
[2023-05-16 12:42:28,959][__main__][INFO] - Test accuracy - 0.7903956486148808
[2023-05-16 12:42:29,026][__main__][INFO] - Iteration 0, epoch 240, train accuracy 0.79, loss 0.2087
[2023-05-16 12:42:31,902][__main__][INFO] - Test accuracy - 0.7902097453793462
[2023-05-16 12:42:32,000][__main__][INFO] - Iteration 0, epoch 241, train accuracy 0.80, loss 0.2051
[2023-05-16 12:42:34,943][__main__][INFO] - Test accuracy - 0.7923039162466071
[2023-05-16 12:42:35,028][__main__][INFO] - Iteration 0, epoch 242, train accuracy 0.79, loss 0.2052
[2023-05-16 12:42:38,022][__main__][INFO] - Test accuracy - 0.7917077700228341
[2023-05-16 12:42:38,128][__main__][INFO] - Iteration 0, epoch 243, train accuracy 0.80, loss 0.2021
[2023-05-16 12:42:41,128][__main__][INFO] - Test accuracy - 0.7818473374693033
[2023-05-16 12:42:41,192][__main__][INFO] - Iteration 0, epoch 244, train accuracy 0.79, loss 0.2081
[2023-05-16 12:42:44,085][__main__][INFO] - Test accuracy - 0.7883370837103097
[2023-05-16 12:42:44,186][__main__][INFO] - Iteration 0, epoch 245, train accuracy 0.80, loss 0.2041
[2023-05-16 12:42:47,052][__main__][INFO] - Test accuracy - 0.7784293675412521
[2023-05-16 12:42:47,104][__main__][INFO] - Iteration 0, epoch 246, train accuracy 0.78, loss 0.2173
[2023-05-16 12:42:50,022][__main__][INFO] - Test accuracy - 0.7908029274912756
[2023-05-16 12:42:50,128][__main__][INFO] - Iteration 0, epoch 247, train accuracy 0.80, loss 0.2018
[2023-05-16 12:42:53,242][__main__][INFO] - Test accuracy - 0.7914374132954202
[2023-05-16 12:42:53,323][__main__][INFO] - Iteration 0, epoch 248, train accuracy 0.80, loss 0.2013
[2023-05-16 12:42:56,347][__main__][INFO] - Test accuracy - 0.7888882598767826
[2023-05-16 12:42:56,416][__main__][INFO] - Iteration 0, epoch 249, train accuracy 0.80, loss 0.2050
[2023-05-16 12:42:59,401][__main__][INFO] - Test accuracy - 0.7869790465727458
[2023-05-16 12:42:59,494][__main__][INFO] - Iteration 0, epoch 250, train accuracy 0.80, loss 0.2017
[2023-05-16 12:43:02,437][__main__][INFO] - Test accuracy - 0.7924643574167421
[2023-05-16 12:43:02,509][__main__][INFO] - Iteration 0, epoch 251, train accuracy 0.80, loss 0.2044
[2023-05-16 12:43:05,621][__main__][INFO] - Test accuracy - 0.7928011050794881
[2023-05-16 12:43:05,711][__main__][INFO] - Iteration 0, epoch 252, train accuracy 0.80, loss 0.2027
[2023-05-16 12:43:08,881][__main__][INFO] - Test accuracy - 0.791195000215415
[2023-05-16 12:43:08,941][__main__][INFO] - Iteration 0, epoch 253, train accuracy 0.80, loss 0.2019
[2023-05-16 12:43:11,905][__main__][INFO] - Test accuracy - 0.7912338891043039
[2023-05-16 12:43:12,008][__main__][INFO] - Iteration 0, epoch 254, train accuracy 0.79, loss 0.2071
[2023-05-16 12:43:15,029][__main__][INFO] - Test accuracy - 0.7926214057989747
[2023-05-16 12:43:15,097][__main__][INFO] - Iteration 0, epoch 255, train accuracy 0.80, loss 0.2008
[2023-05-16 12:43:17,928][__main__][INFO] - Test accuracy - 0.7917255008401188
[2023-05-16 12:43:18,038][__main__][INFO] - Iteration 0, epoch 256, train accuracy 0.79, loss 0.2060
[2023-05-16 12:43:20,928][__main__][INFO] - Test accuracy - 0.791509965102753
[2023-05-16 12:43:20,996][__main__][INFO] - Iteration 0, epoch 257, train accuracy 0.80, loss 0.1966
[2023-05-16 12:43:23,899][__main__][INFO] - Test accuracy - 0.7911563978286158
[2023-05-16 12:43:24,005][__main__][INFO] - Iteration 0, epoch 258, train accuracy 0.80, loss 0.2046
[2023-05-16 12:43:26,941][__main__][INFO] - Test accuracy - 0.7775194713713325
[2023-05-16 12:43:27,009][__main__][INFO] - Iteration 0, epoch 259, train accuracy 0.78, loss 0.2239
[2023-05-16 12:43:30,105][__main__][INFO] - Test accuracy - 0.7892598013872733
[2023-05-16 12:43:30,179][__main__][INFO] - Iteration 0, epoch 260, train accuracy 0.80, loss 0.2036
[2023-05-16 12:43:33,005][__main__][INFO] - Test accuracy - 0.7873791672052044
[2023-05-16 12:43:33,059][__main__][INFO] - Iteration 0, epoch 261, train accuracy 0.80, loss 0.2042
[2023-05-16 12:43:35,920][__main__][INFO] - Test accuracy - 0.7917470423506096
[2023-05-16 12:43:35,988][__main__][INFO] - Iteration 0, epoch 262, train accuracy 0.81, loss 0.1960
[2023-05-16 12:43:39,118][__main__][INFO] - Test accuracy - 0.7868418616173367
[2023-05-16 12:43:39,198][__main__][INFO] - Iteration 0, epoch 263, train accuracy 0.78, loss 0.2177
[2023-05-16 12:43:42,003][__main__][INFO] - Test accuracy - 0.7934566390935333
[2023-05-16 12:43:42,068][__main__][INFO] - Iteration 0, epoch 264, train accuracy 0.81, loss 0.1942
[2023-05-16 12:43:45,007][__main__][INFO] - Test accuracy - 0.7904582956356899
[2023-05-16 12:43:45,119][__main__][INFO] - Iteration 0, epoch 265, train accuracy 0.79, loss 0.2088
[2023-05-16 12:43:48,154][__main__][INFO] - Test accuracy - 0.7911357222868466
[2023-05-16 12:43:48,228][__main__][INFO] - Iteration 0, epoch 266, train accuracy 0.80, loss 0.2006
[2023-05-16 12:43:51,280][__main__][INFO] - Test accuracy - 0.7846257550299427
[2023-05-16 12:43:51,379][__main__][INFO] - Iteration 0, epoch 267, train accuracy 0.79, loss 0.2103
[2023-05-16 12:43:54,359][__main__][INFO] - Test accuracy - 0.7930599220197321
[2023-05-16 12:43:54,434][__main__][INFO] - Iteration 0, epoch 268, train accuracy 0.80, loss 0.2004
[2023-05-16 12:43:57,387][__main__][INFO] - Test accuracy - 0.7905538947050966
[2023-05-16 12:43:57,485][__main__][INFO] - Iteration 0, epoch 269, train accuracy 0.80, loss 0.2021
[2023-05-16 12:44:00,522][__main__][INFO] - Test accuracy - 0.7935608547671362
[2023-05-16 12:44:00,588][__main__][INFO] - Iteration 0, epoch 270, train accuracy 0.80, loss 0.2031
[2023-05-16 12:44:03,565][__main__][INFO] - Test accuracy - 0.7923755116108742
[2023-05-16 12:44:03,685][__main__][INFO] - Iteration 0, epoch 271, train accuracy 0.80, loss 0.1993
[2023-05-16 12:44:06,557][__main__][INFO] - Test accuracy - 0.7930631381672483
[2023-05-16 12:44:06,624][__main__][INFO] - Iteration 0, epoch 272, train accuracy 0.80, loss 0.1961
[2023-05-16 12:44:09,747][__main__][INFO] - Test accuracy - 0.787087096635216
[2023-05-16 12:44:09,811][__main__][INFO] - Iteration 0, epoch 273, train accuracy 0.79, loss 0.2070
[2023-05-16 12:44:12,632][__main__][INFO] - Test accuracy - 0.7892392594028693
[2023-05-16 12:44:12,688][__main__][INFO] - Iteration 0, epoch 274, train accuracy 0.79, loss 0.2073
[2023-05-16 12:44:15,650][__main__][INFO] - Test accuracy - 0.7879944832191632
[2023-05-16 12:44:15,715][__main__][INFO] - Iteration 0, epoch 275, train accuracy 0.79, loss 0.2073
[2023-05-16 12:44:18,767][__main__][INFO] - Test accuracy - 0.791926993666796
[2023-05-16 12:44:18,860][__main__][INFO] - Iteration 0, epoch 276, train accuracy 0.80, loss 0.1984
[2023-05-16 12:44:21,645][__main__][INFO] - Test accuracy - 0.7945448472706906
[2023-05-16 12:44:21,706][__main__][INFO] - Iteration 0, epoch 277, train accuracy 0.81, loss 0.1923
[2023-05-16 12:44:24,639][__main__][INFO] - Test accuracy - 0.7937450777648529
[2023-05-16 12:44:24,754][__main__][INFO] - Iteration 0, epoch 278, train accuracy 0.80, loss 0.1993
[2023-05-16 12:44:27,757][__main__][INFO] - Test accuracy - 0.7938993149799665
[2023-05-16 12:44:27,831][__main__][INFO] - Iteration 0, epoch 279, train accuracy 0.80, loss 0.1991
[2023-05-16 12:44:30,871][__main__][INFO] - Test accuracy - 0.7928135000646246
[2023-05-16 12:44:30,981][__main__][INFO] - Iteration 0, epoch 280, train accuracy 0.80, loss 0.1997
[2023-05-16 12:44:34,012][__main__][INFO] - Test accuracy - 0.7946029274912756
[2023-05-16 12:44:34,082][__main__][INFO] - Iteration 0, epoch 281, train accuracy 0.81, loss 0.1909
[2023-05-16 12:44:37,108][__main__][INFO] - Test accuracy - 0.7949983606910517
[2023-05-16 12:44:37,215][__main__][INFO] - Iteration 0, epoch 282, train accuracy 0.80, loss 0.1984
[2023-05-16 12:44:40,204][__main__][INFO] - Test accuracy - 0.796410053422946
[2023-05-16 12:44:40,285][__main__][INFO] - Iteration 0, epoch 283, train accuracy 0.80, loss 0.1994
[2023-05-16 12:44:43,314][__main__][INFO] - Test accuracy - 0.7946601740554047
[2023-05-16 12:44:43,376][__main__][INFO] - Iteration 0, epoch 284, train accuracy 0.80, loss 0.2007
[2023-05-16 12:44:46,399][__main__][INFO] - Test accuracy - 0.7947921675067856
[2023-05-16 12:44:46,464][__main__][INFO] - Iteration 0, epoch 285, train accuracy 0.80, loss 0.1975
[2023-05-16 12:44:49,530][__main__][INFO] - Test accuracy - 0.7955286523631037
[2023-05-16 12:44:49,609][__main__][INFO] - Iteration 0, epoch 286, train accuracy 0.81, loss 0.1870
[2023-05-16 12:44:52,647][__main__][INFO] - Test accuracy - 0.7955567812675024
[2023-05-16 12:44:52,731][__main__][INFO] - Iteration 0, epoch 287, train accuracy 0.81, loss 0.1954
[2023-05-16 12:44:55,807][__main__][INFO] - Test accuracy - 0.7960796626599457
[2023-05-16 12:44:55,863][__main__][INFO] - Iteration 0, epoch 288, train accuracy 0.80, loss 0.1997
[2023-05-16 12:44:58,927][__main__][INFO] - Test accuracy - 0.7945599543319978
[2023-05-16 12:44:59,014][__main__][INFO] - Iteration 0, epoch 289, train accuracy 0.80, loss 0.1989
[2023-05-16 12:45:01,940][__main__][INFO] - Test accuracy - 0.7929434643057172
[2023-05-16 12:45:01,998][__main__][INFO] - Iteration 0, epoch 290, train accuracy 0.80, loss 0.1982
[2023-05-16 12:45:04,844][__main__][INFO] - Test accuracy - 0.7967355585713671
[2023-05-16 12:45:04,931][__main__][INFO] - Iteration 0, epoch 291, train accuracy 0.80, loss 0.1982
[2023-05-16 12:45:07,733][__main__][INFO] - Test accuracy - 0.7953947697212527
[2023-05-16 12:45:07,796][__main__][INFO] - Iteration 0, epoch 292, train accuracy 0.81, loss 0.1940
[2023-05-16 12:45:11,016][__main__][INFO] - Test accuracy - 0.7920759833699539
[2023-05-16 12:45:11,112][__main__][INFO] - Iteration 0, epoch 293, train accuracy 0.80, loss 0.2042
[2023-05-16 12:45:14,206][__main__][INFO] - Test accuracy - 0.7964305846365947
[2023-05-16 12:45:14,264][__main__][INFO] - Iteration 0, epoch 294, train accuracy 0.79, loss 0.2054
[2023-05-16 12:45:17,217][__main__][INFO] - Test accuracy - 0.7831196803239844
[2023-05-16 12:45:17,331][__main__][INFO] - Iteration 0, epoch 295, train accuracy 0.80, loss 0.2031
[2023-05-16 12:45:20,201][__main__][INFO] - Test accuracy - 0.7919501486364224
[2023-05-16 12:45:20,258][__main__][INFO] - Iteration 0, epoch 296, train accuracy 0.80, loss 0.2037
[2023-05-16 12:45:23,093][__main__][INFO] - Test accuracy - 0.7960995239326182
[2023-05-16 12:45:23,151][__main__][INFO] - Iteration 0, epoch 297, train accuracy 0.81, loss 0.1870
[2023-05-16 12:45:26,152][__main__][INFO] - Test accuracy - 0.7929493602171385
[2023-05-16 12:45:26,223][__main__][INFO] - Iteration 0, epoch 298, train accuracy 0.80, loss 0.2038
[2023-05-16 12:45:29,109][__main__][INFO] - Test accuracy - 0.7955180022403172
[2023-05-16 12:45:29,176][__main__][INFO] - Iteration 0, epoch 299, train accuracy 0.80, loss 0.1999
[2023-05-16 12:45:32,175][__main__][INFO] - Test accuracy - 0.7922960643660334
[2023-05-16 12:45:32,239][__main__][INFO] - Iteration 0, epoch 300, train accuracy 0.81, loss 0.1940
[2023-05-16 12:45:35,244][__main__][INFO] - Test accuracy - 0.7973091422170523
[2023-05-16 12:45:35,327][__main__][INFO] - Iteration 0, epoch 301, train accuracy 0.81, loss 0.1905
[2023-05-16 12:45:38,286][__main__][INFO] - Test accuracy - 0.7975935073887382
[2023-05-16 12:45:38,374][__main__][INFO] - Iteration 0, epoch 302, train accuracy 0.81, loss 0.1908
[2023-05-16 12:45:41,254][__main__][INFO] - Test accuracy - 0.7943483154538796
[2023-05-16 12:45:41,321][__main__][INFO] - Iteration 0, epoch 303, train accuracy 0.80, loss 0.2019
[2023-05-16 12:45:44,374][__main__][INFO] - Test accuracy - 0.7972832967127655
[2023-05-16 12:45:44,474][__main__][INFO] - Iteration 0, epoch 304, train accuracy 0.81, loss 0.1917
[2023-05-16 12:45:47,688][__main__][INFO] - Test accuracy - 0.7914029813450518
[2023-05-16 12:45:47,769][__main__][INFO] - Iteration 0, epoch 305, train accuracy 0.80, loss 0.2035
[2023-05-16 12:45:51,169][__main__][INFO] - Test accuracy - 0.797682396277627
[2023-05-16 12:45:51,282][__main__][INFO] - Iteration 0, epoch 306, train accuracy 0.80, loss 0.2014
[2023-05-16 12:45:55,337][__main__][INFO] - Test accuracy - 0.7953694950669941
[2023-05-16 12:45:55,411][__main__][INFO] - Iteration 0, epoch 307, train accuracy 0.80, loss 0.1987
[2023-05-16 12:45:58,861][__main__][INFO] - Test accuracy - 0.7968795312567317
[2023-05-16 12:45:58,939][__main__][INFO] - Iteration 0, epoch 308, train accuracy 0.80, loss 0.1978
[2023-05-16 12:46:02,345][__main__][INFO] - Test accuracy - 0.7973712636250053
[2023-05-16 12:46:02,407][__main__][INFO] - Iteration 0, epoch 309, train accuracy 0.81, loss 0.1894
[2023-05-16 12:46:05,867][__main__][INFO] - Test accuracy - 0.7948337146180691
[2023-05-16 12:46:05,961][__main__][INFO] - Iteration 0, epoch 310, train accuracy 0.80, loss 0.1985
[2023-05-16 12:46:09,312][__main__][INFO] - Test accuracy - 0.7981690017664039
[2023-05-16 12:46:09,383][__main__][INFO] - Iteration 0, epoch 311, train accuracy 0.81, loss 0.1907
[2023-05-16 12:46:12,789][__main__][INFO] - Test accuracy - 0.7953763474214812
[2023-05-16 12:46:12,860][__main__][INFO] - Iteration 0, epoch 312, train accuracy 0.81, loss 0.1930
[2023-05-16 12:46:16,110][__main__][INFO] - Test accuracy - 0.7942532010684588
[2023-05-16 12:46:16,205][__main__][INFO] - Iteration 0, epoch 313, train accuracy 0.80, loss 0.2015
[2023-05-16 12:46:19,213][__main__][INFO] - Test accuracy - 0.7978495347033733
[2023-05-16 12:46:19,281][__main__][INFO] - Iteration 0, epoch 314, train accuracy 0.81, loss 0.1911
[2023-05-16 12:46:22,612][__main__][INFO] - Test accuracy - 0.7982047175907974
[2023-05-16 12:46:22,711][__main__][INFO] - Iteration 0, epoch 315, train accuracy 0.81, loss 0.1918
[2023-05-16 12:46:26,014][__main__][INFO] - Test accuracy - 0.7953431347206066
[2023-05-16 12:46:26,085][__main__][INFO] - Iteration 0, epoch 316, train accuracy 0.81, loss 0.1908
[2023-05-16 12:46:29,376][__main__][INFO] - Test accuracy - 0.7981353280772048
[2023-05-16 12:46:29,481][__main__][INFO] - Iteration 0, epoch 317, train accuracy 0.81, loss 0.1947
[2023-05-16 12:46:32,807][__main__][INFO] - Test accuracy - 0.7985006656326743
[2023-05-16 12:46:32,945][__main__][INFO] - Iteration 0, epoch 318, train accuracy 0.81, loss 0.1909
[2023-05-16 12:46:36,350][__main__][INFO] - Test accuracy - 0.7950127331868511
[2023-05-16 12:46:36,463][__main__][INFO] - Iteration 0, epoch 319, train accuracy 0.80, loss 0.1986
[2023-05-16 12:46:39,896][__main__][INFO] - Test accuracy - 0.7989354487096635
[2023-05-16 12:46:39,966][__main__][INFO] - Iteration 0, epoch 320, train accuracy 0.81, loss 0.1949
[2023-05-16 12:46:43,484][__main__][INFO] - Test accuracy - 0.7987465813622852
[2023-05-16 12:46:43,582][__main__][INFO] - Iteration 0, epoch 321, train accuracy 0.81, loss 0.1930
[2023-05-16 12:46:47,115][__main__][INFO] - Test accuracy - 0.7982375123863685
[2023-05-16 12:46:47,185][__main__][INFO] - Iteration 0, epoch 322, train accuracy 0.81, loss 0.1942
[2023-05-16 12:46:50,510][__main__][INFO] - Test accuracy - 0.7948199775968291
[2023-05-16 12:46:50,566][__main__][INFO] - Iteration 0, epoch 323, train accuracy 0.80, loss 0.2006
[2023-05-16 12:46:54,077][__main__][INFO] - Test accuracy - 0.7960175089397268
[2023-05-16 12:46:54,138][__main__][INFO] - Iteration 0, epoch 324, train accuracy 0.80, loss 0.1961
[2023-05-16 12:46:57,436][__main__][INFO] - Test accuracy - 0.7968197363319116
[2023-05-16 12:46:57,492][__main__][INFO] - Iteration 0, epoch 325, train accuracy 0.80, loss 0.1961
[2023-05-16 12:47:00,729][__main__][INFO] - Test accuracy - 0.7993991835767524
[2023-05-16 12:47:00,906][__main__][INFO] - Iteration 0, epoch 326, train accuracy 0.81, loss 0.1924
[2023-05-16 12:47:04,290][__main__][INFO] - Test accuracy - 0.799156979449399
[2023-05-16 12:47:04,360][__main__][INFO] - Iteration 0, epoch 327, train accuracy 0.80, loss 0.1964
[2023-05-16 12:47:07,870][__main__][INFO] - Test accuracy - 0.7873102085218214
[2023-05-16 12:47:08,073][__main__][INFO] - Iteration 0, epoch 328, train accuracy 0.79, loss 0.2111
[2023-05-16 12:47:11,482][__main__][INFO] - Test accuracy - 0.7985736676575762
[2023-05-16 12:47:11,568][__main__][INFO] - Iteration 0, epoch 329, train accuracy 0.80, loss 0.1966
[2023-05-16 12:47:14,776][__main__][INFO] - Test accuracy - 0.798723217440007
[2023-05-16 12:47:14,878][__main__][INFO] - Iteration 0, epoch 330, train accuracy 0.81, loss 0.1884
[2023-05-16 12:47:18,227][__main__][INFO] - Test accuracy - 0.7965565830856058
[2023-05-16 12:47:18,286][__main__][INFO] - Iteration 0, epoch 331, train accuracy 0.79, loss 0.2057
[2023-05-16 12:47:21,351][__main__][INFO] - Test accuracy - 0.8005573413467753
[2023-05-16 12:47:21,421][__main__][INFO] - Iteration 0, epoch 332, train accuracy 0.80, loss 0.1968
[2023-05-16 12:47:24,746][__main__][INFO] - Test accuracy - 0.7972412778424023
[2023-05-16 12:47:24,826][__main__][INFO] - Iteration 0, epoch 333, train accuracy 0.82, loss 0.1833
[2023-05-16 12:47:28,276][__main__][INFO] - Test accuracy - 0.7920926521907715
[2023-05-16 12:47:28,351][__main__][INFO] - Iteration 0, epoch 334, train accuracy 0.80, loss 0.2008
[2023-05-16 12:47:31,530][__main__][INFO] - Test accuracy - 0.7994537180647106
[2023-05-16 12:47:31,590][__main__][INFO] - Iteration 0, epoch 335, train accuracy 0.81, loss 0.1940
[2023-05-16 12:47:34,938][__main__][INFO] - Test accuracy - 0.8000282021455345
[2023-05-16 12:47:35,012][__main__][INFO] - Iteration 0, epoch 336, train accuracy 0.81, loss 0.1945
[2023-05-16 12:47:38,320][__main__][INFO] - Test accuracy - 0.8005835164361725
[2023-05-16 12:47:38,413][__main__][INFO] - Iteration 0, epoch 337, train accuracy 0.81, loss 0.1919
[2023-05-16 12:47:41,610][__main__][INFO] - Test accuracy - 0.79986049286976
[2023-05-16 12:47:41,667][__main__][INFO] - Iteration 0, epoch 338, train accuracy 0.80, loss 0.1997
[2023-05-16 12:47:44,669][__main__][INFO] - Test accuracy - 0.7993253909784154
[2023-05-16 12:47:44,763][__main__][INFO] - Iteration 0, epoch 339, train accuracy 0.81, loss 0.1931
[2023-05-16 12:47:48,089][__main__][INFO] - Test accuracy - 0.7994611735814916
[2023-05-16 12:47:48,177][__main__][INFO] - Iteration 0, epoch 340, train accuracy 0.81, loss 0.1959
[2023-05-16 12:47:51,558][__main__][INFO] - Test accuracy - 0.7984319783723235
[2023-05-16 12:47:51,642][__main__][INFO] - Iteration 0, epoch 341, train accuracy 0.81, loss 0.1902
[2023-05-16 12:47:54,790][__main__][INFO] - Test accuracy - 0.8012182004222136
[2023-05-16 12:47:54,848][__main__][INFO] - Iteration 0, epoch 342, train accuracy 0.80, loss 0.1955
[2023-05-16 12:47:58,192][__main__][INFO] - Test accuracy - 0.8018258196544742
[2023-05-16 12:47:58,307][__main__][INFO] - Iteration 0, epoch 343, train accuracy 0.81, loss 0.1877
[2023-05-16 12:48:01,456][__main__][INFO] - Test accuracy - 0.8017227564516823
[2023-05-16 12:48:01,516][__main__][INFO] - Iteration 0, epoch 344, train accuracy 0.81, loss 0.1916
[2023-05-16 12:48:04,594][__main__][INFO] - Test accuracy - 0.8005241394166558
[2023-05-16 12:48:04,646][__main__][INFO] - Iteration 0, epoch 345, train accuracy 0.81, loss 0.1889
[2023-05-16 12:48:07,656][__main__][INFO] - Test accuracy - 0.8004120955581405
[2023-05-16 12:48:07,732][__main__][INFO] - Iteration 0, epoch 346, train accuracy 0.81, loss 0.1918
[2023-05-16 12:48:10,652][__main__][INFO] - Test accuracy - 0.7998408168540778
[2023-05-16 12:48:10,704][__main__][INFO] - Iteration 0, epoch 347, train accuracy 0.80, loss 0.1983
[2023-05-16 12:48:14,033][__main__][INFO] - Test accuracy - 0.8003663112317435
[2023-05-16 12:48:14,097][__main__][INFO] - Iteration 0, epoch 348, train accuracy 0.81, loss 0.1943
[2023-05-16 12:48:17,197][__main__][INFO] - Test accuracy - 0.8016039270173624
[2023-05-16 12:48:17,263][__main__][INFO] - Iteration 0, epoch 349, train accuracy 0.81, loss 0.1876
[2023-05-16 12:48:20,762][__main__][INFO] - Test accuracy - 0.8007760178363709
[2023-05-16 12:48:20,878][__main__][INFO] - Iteration 0, epoch 350, train accuracy 0.81, loss 0.1949
[2023-05-16 12:48:24,354][__main__][INFO] - Test accuracy - 0.8016592520787558
[2023-05-16 12:48:24,436][__main__][INFO] - Iteration 0, epoch 351, train accuracy 0.80, loss 0.1973
[2023-05-16 12:48:27,869][__main__][INFO] - Test accuracy - 0.79400197104821
[2023-05-16 12:48:27,958][__main__][INFO] - Iteration 0, epoch 352, train accuracy 0.80, loss 0.1966
[2023-05-16 12:48:30,935][__main__][INFO] - Test accuracy - 0.8008309465339711
[2023-05-16 12:48:30,993][__main__][INFO] - Iteration 0, epoch 353, train accuracy 0.81, loss 0.1914
[2023-05-16 12:48:34,232][__main__][INFO] - Test accuracy - 0.8013367325836889
[2023-05-16 12:48:34,347][__main__][INFO] - Iteration 0, epoch 354, train accuracy 0.81, loss 0.1895
[2023-05-16 12:48:37,599][__main__][INFO] - Test accuracy - 0.7933147537805351
[2023-05-16 12:48:37,671][__main__][INFO] - Iteration 0, epoch 355, train accuracy 0.80, loss 0.1981
[2023-05-16 12:48:41,153][__main__][INFO] - Test accuracy - 0.8022182111929689
[2023-05-16 12:48:41,267][__main__][INFO] - Iteration 0, epoch 356, train accuracy 0.81, loss 0.1883
[2023-05-16 12:48:44,692][__main__][INFO] - Test accuracy - 0.8004752811167118
[2023-05-16 12:48:44,757][__main__][INFO] - Iteration 0, epoch 357, train accuracy 0.80, loss 0.1987
[2023-05-16 12:48:48,075][__main__][INFO] - Test accuracy - 0.8020746671836628
[2023-05-16 12:48:48,152][__main__][INFO] - Iteration 0, epoch 358, train accuracy 0.81, loss 0.1915
[2023-05-16 12:48:51,320][__main__][INFO] - Test accuracy - 0.796551270949119
[2023-05-16 12:48:51,380][__main__][INFO] - Iteration 0, epoch 359, train accuracy 0.81, loss 0.1911
[2023-05-16 12:48:54,694][__main__][INFO] - Test accuracy - 0.7996641053810694
[2023-05-16 12:48:54,773][__main__][INFO] - Iteration 0, epoch 360, train accuracy 0.80, loss 0.2001
[2023-05-16 12:48:58,059][__main__][INFO] - Test accuracy - 0.7989661367455085
[2023-05-16 12:48:58,161][__main__][INFO] - Iteration 0, epoch 361, train accuracy 0.81, loss 0.1938
[2023-05-16 12:49:01,444][__main__][INFO] - Test accuracy - 0.7982085261298522
[2023-05-16 12:49:01,520][__main__][INFO] - Iteration 0, epoch 362, train accuracy 0.80, loss 0.1983
[2023-05-16 12:49:04,607][__main__][INFO] - Test accuracy - 0.8025940782387662
[2023-05-16 12:49:04,716][__main__][INFO] - Iteration 0, epoch 363, train accuracy 0.81, loss 0.1912
[2023-05-16 12:49:08,013][__main__][INFO] - Test accuracy - 0.8003062879669122
[2023-05-16 12:49:08,071][__main__][INFO] - Iteration 0, epoch 364, train accuracy 0.81, loss 0.1945
[2023-05-16 12:49:11,321][__main__][INFO] - Test accuracy - 0.7993853065356943
[2023-05-16 12:49:11,442][__main__][INFO] - Iteration 0, epoch 365, train accuracy 0.81, loss 0.1924
[2023-05-16 12:49:14,918][__main__][INFO] - Test accuracy - 0.8026463508681227
[2023-05-16 12:49:15,001][__main__][INFO] - Iteration 0, epoch 366, train accuracy 0.81, loss 0.1954
[2023-05-16 12:49:18,303][__main__][INFO] - Test accuracy - 0.801483669380897
[2023-05-16 12:49:18,401][__main__][INFO] - Iteration 0, epoch 367, train accuracy 0.80, loss 0.1959
[2023-05-16 12:49:21,712][__main__][INFO] - Test accuracy - 0.8000904118736807
[2023-05-16 12:49:21,772][__main__][INFO] - Iteration 0, epoch 368, train accuracy 0.81, loss 0.1909
[2023-05-16 12:49:25,213][__main__][INFO] - Test accuracy - 0.8017787406832968
[2023-05-16 12:49:25,281][__main__][INFO] - Iteration 0, epoch 369, train accuracy 0.81, loss 0.1885
[2023-05-16 12:49:28,803][__main__][INFO] - Test accuracy - 0.8012973288526992
[2023-05-16 12:49:28,881][__main__][INFO] - Iteration 0, epoch 370, train accuracy 0.81, loss 0.1953
[2023-05-16 12:49:32,422][__main__][INFO] - Test accuracy - 0.7970304187669639
[2023-05-16 12:49:32,498][__main__][INFO] - Iteration 0, epoch 371, train accuracy 0.80, loss 0.2011
[2023-05-16 12:49:35,828][__main__][INFO] - Test accuracy - 0.8044315949334367
[2023-05-16 12:49:35,896][__main__][INFO] - Iteration 0, epoch 372, train accuracy 0.82, loss 0.1848
[2023-05-16 12:49:39,027][__main__][INFO] - Test accuracy - 0.8008535651199863
[2023-05-16 12:49:39,084][__main__][INFO] - Iteration 0, epoch 373, train accuracy 0.81, loss 0.1911
[2023-05-16 12:49:42,249][__main__][INFO] - Test accuracy - 0.8017849661798285
[2023-05-16 12:49:42,348][__main__][INFO] - Iteration 0, epoch 374, train accuracy 0.81, loss 0.1904
[2023-05-16 12:49:45,674][__main__][INFO] - Test accuracy - 0.8010485696437035
[2023-05-16 12:49:45,749][__main__][INFO] - Iteration 0, epoch 375, train accuracy 0.81, loss 0.1901
[2023-05-16 12:49:48,814][__main__][INFO] - Test accuracy - 0.8034420145620611
[2023-05-16 12:49:48,906][__main__][INFO] - Iteration 0, epoch 376, train accuracy 0.82, loss 0.1853
[2023-05-16 12:49:52,196][__main__][INFO] - Test accuracy - 0.8035183210546725
[2023-05-16 12:49:52,274][__main__][INFO] - Iteration 0, epoch 377, train accuracy 0.81, loss 0.1900
[2023-05-16 12:49:55,605][__main__][INFO] - Test accuracy - 0.8008152018439534
[2023-05-16 12:49:55,710][__main__][INFO] - Iteration 0, epoch 378, train accuracy 0.80, loss 0.1997
[2023-05-16 12:49:58,917][__main__][INFO] - Test accuracy - 0.8037684416871311
[2023-05-16 12:49:58,981][__main__][INFO] - Iteration 0, epoch 379, train accuracy 0.81, loss 0.1914
[2023-05-16 12:50:02,397][__main__][INFO] - Test accuracy - 0.8035872603506957
[2023-05-16 12:50:02,506][__main__][INFO] - Iteration 0, epoch 380, train accuracy 0.81, loss 0.1870
[2023-05-16 12:50:05,729][__main__][INFO] - Test accuracy - 0.8026101955969153
[2023-05-16 12:50:05,806][__main__][INFO] - Iteration 0, epoch 381, train accuracy 0.81, loss 0.1897
[2023-05-16 12:50:09,095][__main__][INFO] - Test accuracy - 0.804626379733747
[2023-05-16 12:50:09,171][__main__][INFO] - Iteration 0, epoch 382, train accuracy 0.82, loss 0.1833
[2023-05-16 12:50:12,509][__main__][INFO] - Test accuracy - 0.8044461203739606
[2023-05-16 12:50:12,578][__main__][INFO] - Iteration 0, epoch 383, train accuracy 0.81, loss 0.1918
[2023-05-16 12:50:15,964][__main__][INFO] - Test accuracy - 0.8039053875317737
[2023-05-16 12:50:16,032][__main__][INFO] - Iteration 0, epoch 384, train accuracy 0.82, loss 0.1817
[2023-05-16 12:50:19,388][__main__][INFO] - Test accuracy - 0.8050819245185473
[2023-05-16 12:50:19,494][__main__][INFO] - Iteration 0, epoch 385, train accuracy 0.81, loss 0.1861
[2023-05-16 12:50:22,739][__main__][INFO] - Test accuracy - 0.8054373809831544
[2023-05-16 12:50:22,813][__main__][INFO] - Iteration 0, epoch 386, train accuracy 0.82, loss 0.1857
[2023-05-16 12:50:26,026][__main__][INFO] - Test accuracy - 0.8039113933048986
[2023-05-16 12:50:26,132][__main__][INFO] - Iteration 0, epoch 387, train accuracy 0.81, loss 0.1880
[2023-05-16 12:50:29,361][__main__][INFO] - Test accuracy - 0.8050819460600578
[2023-05-16 12:50:29,432][__main__][INFO] - Iteration 0, epoch 388, train accuracy 0.82, loss 0.1829
[2023-05-16 12:50:32,892][__main__][INFO] - Test accuracy - 0.805332045151006
[2023-05-16 12:50:32,996][__main__][INFO] - Iteration 0, epoch 389, train accuracy 0.81, loss 0.1880
[2023-05-16 12:50:36,247][__main__][INFO] - Test accuracy - 0.8048981301968896
[2023-05-16 12:50:36,322][__main__][INFO] - Iteration 0, epoch 390, train accuracy 0.81, loss 0.1909
[2023-05-16 12:50:39,562][__main__][INFO] - Test accuracy - 0.8045432553530653
[2023-05-16 12:50:39,671][__main__][INFO] - Iteration 0, epoch 391, train accuracy 0.81, loss 0.1933
[2023-05-16 12:50:43,054][__main__][INFO] - Test accuracy - 0.8005322325621473
[2023-05-16 12:50:43,112][__main__][INFO] - Iteration 0, epoch 392, train accuracy 0.81, loss 0.1947
[2023-05-16 12:50:46,223][__main__][INFO] - Test accuracy - 0.803721812933523
[2023-05-16 12:50:46,292][__main__][INFO] - Iteration 0, epoch 393, train accuracy 0.81, loss 0.1880
[2023-05-16 12:50:49,638][__main__][INFO] - Test accuracy - 0.8025060467019947
[2023-05-16 12:50:49,705][__main__][INFO] - Iteration 0, epoch 394, train accuracy 0.80, loss 0.1957
[2023-05-16 12:50:53,037][__main__][INFO] - Test accuracy - 0.8011729438628236
[2023-05-16 12:50:53,108][__main__][INFO] - Iteration 0, epoch 395, train accuracy 0.81, loss 0.1921
[2023-05-16 12:50:56,272][__main__][INFO] - Test accuracy - 0.8033023781827581
[2023-05-16 12:50:56,332][__main__][INFO] - Iteration 0, epoch 396, train accuracy 0.81, loss 0.1907
[2023-05-16 12:50:59,384][__main__][INFO] - Test accuracy - 0.8044457369350738
[2023-05-16 12:50:59,459][__main__][INFO] - Iteration 0, epoch 397, train accuracy 0.82, loss 0.1842
[2023-05-16 12:51:02,540][__main__][INFO] - Test accuracy - 0.8011245250096937
[2023-05-16 12:51:02,644][__main__][INFO] - Iteration 0, epoch 398, train accuracy 0.81, loss 0.1940
[2023-05-16 12:51:05,663][__main__][INFO] - Test accuracy - 0.8046657403817155
[2023-05-16 12:51:05,729][__main__][INFO] - Iteration 0, epoch 399, train accuracy 0.81, loss 0.1916
[2023-05-16 12:51:08,662][__main__][INFO] - Test accuracy - 0.8046100318814355
[2023-05-16 12:51:08,765][__main__][INFO] - Iteration 0, epoch 400, train accuracy 0.81, loss 0.1904
[2023-05-16 12:51:11,725][__main__][INFO] - Test accuracy - 0.8052764788246951
[2023-05-16 12:51:11,804][__main__][INFO] - Iteration 0, epoch 401, train accuracy 0.82, loss 0.1838
[2023-05-16 12:51:14,932][__main__][INFO] - Test accuracy - 0.8041178492955926
[2023-05-16 12:51:15,035][__main__][INFO] - Iteration 0, epoch 402, train accuracy 0.82, loss 0.1814
[2023-05-16 12:51:18,315][__main__][INFO] - Test accuracy - 0.8053532570763862
[2023-05-16 12:51:18,381][__main__][INFO] - Iteration 0, epoch 403, train accuracy 0.82, loss 0.1803
[2023-05-16 12:51:21,644][__main__][INFO] - Test accuracy - 0.8068648076343112
[2023-05-16 12:51:21,767][__main__][INFO] - Iteration 0, epoch 404, train accuracy 0.81, loss 0.1914
[2023-05-16 12:51:25,025][__main__][INFO] - Test accuracy - 0.804330946533971
[2023-05-16 12:51:25,088][__main__][INFO] - Iteration 0, epoch 405, train accuracy 0.82, loss 0.1834
[2023-05-16 12:51:28,209][__main__][INFO] - Test accuracy - 0.8047918831588471
[2023-05-16 12:51:28,273][__main__][INFO] - Iteration 0, epoch 406, train accuracy 0.81, loss 0.1861
[2023-05-16 12:51:31,460][__main__][INFO] - Test accuracy - 0.8031413123088191
[2023-05-16 12:51:31,530][__main__][INFO] - Iteration 0, epoch 407, train accuracy 0.82, loss 0.1856
[2023-05-16 12:51:34,883][__main__][INFO] - Test accuracy - 0.8068593834819697
[2023-05-16 12:51:34,949][__main__][INFO] - Iteration 0, epoch 408, train accuracy 0.82, loss 0.1833
[2023-05-16 12:51:38,175][__main__][INFO] - Test accuracy - 0.8051670587221575
[2023-05-16 12:51:38,294][__main__][INFO] - Iteration 0, epoch 409, train accuracy 0.81, loss 0.1865
[2023-05-16 12:51:41,494][__main__][INFO] - Test accuracy - 0.8045085498255138
[2023-05-16 12:51:41,559][__main__][INFO] - Iteration 0, epoch 410, train accuracy 0.81, loss 0.1873
[2023-05-16 12:51:44,799][__main__][INFO] - Test accuracy - 0.8021182887424065
[2023-05-16 12:51:44,905][__main__][INFO] - Iteration 0, epoch 411, train accuracy 0.80, loss 0.1968
[2023-05-16 12:51:48,328][__main__][INFO] - Test accuracy - 0.806762995993279
[2023-05-16 12:51:48,393][__main__][INFO] - Iteration 0, epoch 412, train accuracy 0.81, loss 0.1880
[2023-05-16 12:51:51,806][__main__][INFO] - Test accuracy - 0.8015319912972296
[2023-05-16 12:51:51,910][__main__][INFO] - Iteration 0, epoch 413, train accuracy 0.81, loss 0.1934
[2023-05-16 12:51:55,124][__main__][INFO] - Test accuracy - 0.8064268407220715
[2023-05-16 12:51:55,204][__main__][INFO] - Iteration 0, epoch 414, train accuracy 0.82, loss 0.1848
[2023-05-16 12:51:58,528][__main__][INFO] - Test accuracy - 0.8069037288354659
[2023-05-16 12:51:58,648][__main__][INFO] - Iteration 0, epoch 415, train accuracy 0.81, loss 0.1907
[2023-05-16 12:52:01,919][__main__][INFO] - Test accuracy - 0.8068480526474517
[2023-05-16 12:52:01,981][__main__][INFO] - Iteration 0, epoch 416, train accuracy 0.81, loss 0.1875
[2023-05-16 12:52:05,339][__main__][INFO] - Test accuracy - 0.8008138619620008
[2023-05-16 12:52:05,407][__main__][INFO] - Iteration 0, epoch 417, train accuracy 0.80, loss 0.1997
[2023-05-16 12:52:08,755][__main__][INFO] - Test accuracy - 0.8040277734694757
[2023-05-16 12:52:08,831][__main__][INFO] - Iteration 0, epoch 418, train accuracy 0.81, loss 0.1927
[2023-05-16 12:52:12,274][__main__][INFO] - Test accuracy - 0.7988655443539701
[2023-05-16 12:52:12,348][__main__][INFO] - Iteration 0, epoch 419, train accuracy 0.79, loss 0.2068
[2023-05-16 12:52:15,744][__main__][INFO] - Test accuracy - 0.8061063978286156
[2023-05-16 12:52:15,813][__main__][INFO] - Iteration 0, epoch 420, train accuracy 0.81, loss 0.1886
[2023-05-16 12:52:19,036][__main__][INFO] - Test accuracy - 0.8067815733919264
[2023-05-16 12:52:19,096][__main__][INFO] - Iteration 0, epoch 421, train accuracy 0.82, loss 0.1804
[2023-05-16 12:52:22,535][__main__][INFO] - Test accuracy - 0.8063166085045884
[2023-05-16 12:52:22,656][__main__][INFO] - Iteration 0, epoch 422, train accuracy 0.81, loss 0.1861
[2023-05-16 12:52:25,980][__main__][INFO] - Test accuracy - 0.8053232389815173
[2023-05-16 12:52:26,050][__main__][INFO] - Iteration 0, epoch 423, train accuracy 0.81, loss 0.1902
[2023-05-16 12:52:29,470][__main__][INFO] - Test accuracy - 0.8058356468915601
[2023-05-16 12:52:29,605][__main__][INFO] - Iteration 0, epoch 424, train accuracy 0.82, loss 0.1856
[2023-05-16 12:52:32,986][__main__][INFO] - Test accuracy - 0.8013146525354357
[2023-05-16 12:52:33,044][__main__][INFO] - Iteration 0, epoch 425, train accuracy 0.81, loss 0.1942
[2023-05-16 12:52:36,432][__main__][INFO] - Test accuracy - 0.8058223385463789
[2023-05-16 12:52:36,549][__main__][INFO] - Iteration 0, epoch 426, train accuracy 0.81, loss 0.1896
[2023-05-16 12:52:39,910][__main__][INFO] - Test accuracy - 0.8076318146568437
[2023-05-16 12:52:39,978][__main__][INFO] - Iteration 0, epoch 427, train accuracy 0.82, loss 0.1840
[2023-05-16 12:52:43,445][__main__][INFO] - Test accuracy - 0.8063033453965792
[2023-05-16 12:52:43,561][__main__][INFO] - Iteration 0, epoch 428, train accuracy 0.81, loss 0.1885
[2023-05-16 12:52:47,019][__main__][INFO] - Test accuracy - 0.8039118090560509
[2023-05-16 12:52:47,091][__main__][INFO] - Iteration 0, epoch 429, train accuracy 0.80, loss 0.1961
[2023-05-16 12:52:50,525][__main__][INFO] - Test accuracy - 0.8051718775580544
[2023-05-16 12:52:50,586][__main__][INFO] - Iteration 0, epoch 430, train accuracy 0.81, loss 0.1876
[2023-05-16 12:52:53,661][__main__][INFO] - Test accuracy - 0.8073263689629917
[2023-05-16 12:52:53,722][__main__][INFO] - Iteration 0, epoch 431, train accuracy 0.81, loss 0.1885
[2023-05-16 12:52:56,763][__main__][INFO] - Test accuracy - 0.8068014454353539
[2023-05-16 12:52:56,831][__main__][INFO] - Iteration 0, epoch 432, train accuracy 0.81, loss 0.1878
[2023-05-16 12:53:00,069][__main__][INFO] - Test accuracy - 0.8080102839171084
[2023-05-16 12:53:00,141][__main__][INFO] - Iteration 0, epoch 433, train accuracy 0.81, loss 0.1864
[2023-05-16 12:53:03,430][__main__][INFO] - Test accuracy - 0.8085978006117789
[2023-05-16 12:53:03,493][__main__][INFO] - Iteration 0, epoch 434, train accuracy 0.81, loss 0.1904
[2023-05-16 12:53:06,842][__main__][INFO] - Test accuracy - 0.8069061113265261
[2023-05-16 12:53:06,943][__main__][INFO] - Iteration 0, epoch 435, train accuracy 0.82, loss 0.1856
[2023-05-16 12:53:10,353][__main__][INFO] - Test accuracy - 0.8067856684330705
[2023-05-16 12:53:10,439][__main__][INFO] - Iteration 0, epoch 436, train accuracy 0.81, loss 0.1916
[2023-05-16 12:53:13,738][__main__][INFO] - Test accuracy - 0.808234987721339
[2023-05-16 12:53:13,846][__main__][INFO] - Iteration 0, epoch 437, train accuracy 0.83, loss 0.1716
[2023-05-16 12:53:17,235][__main__][INFO] - Test accuracy - 0.8060054973934773
[2023-05-16 12:53:17,313][__main__][INFO] - Iteration 0, epoch 438, train accuracy 0.81, loss 0.1866
[2023-05-16 12:53:20,595][__main__][INFO] - Test accuracy - 0.8075389405885142
[2023-05-16 12:53:20,699][__main__][INFO] - Iteration 0, epoch 439, train accuracy 0.81, loss 0.1855
[2023-05-16 12:53:23,983][__main__][INFO] - Test accuracy - 0.807746219464909
[2023-05-16 12:53:24,074][__main__][INFO] - Iteration 0, epoch 440, train accuracy 0.81, loss 0.1874
[2023-05-16 12:53:27,391][__main__][INFO] - Test accuracy - 0.8087462086941536
[2023-05-16 12:53:27,551][__main__][INFO] - Iteration 0, epoch 441, train accuracy 0.82, loss 0.1837
[2023-05-16 12:53:30,744][__main__][INFO] - Test accuracy - 0.8074764012752574
[2023-05-16 12:53:30,799][__main__][INFO] - Iteration 0, epoch 442, train accuracy 0.81, loss 0.1870
[2023-05-16 12:53:34,036][__main__][INFO] - Test accuracy - 0.8062794752488043
[2023-05-16 12:53:34,094][__main__][INFO] - Iteration 0, epoch 443, train accuracy 0.81, loss 0.1929
[2023-05-16 12:53:37,486][__main__][INFO] - Test accuracy - 0.8082719658782473
[2023-05-16 12:53:37,550][__main__][INFO] - Iteration 0, epoch 444, train accuracy 0.81, loss 0.1892
[2023-05-16 12:53:40,842][__main__][INFO] - Test accuracy - 0.8021807591228298
[2023-05-16 12:53:40,927][__main__][INFO] - Iteration 0, epoch 445, train accuracy 0.81, loss 0.1895
[2023-05-16 12:53:44,039][__main__][INFO] - Test accuracy - 0.8088893024858904
[2023-05-16 12:53:44,144][__main__][INFO] - Iteration 0, epoch 446, train accuracy 0.81, loss 0.1877
[2023-05-16 12:53:47,591][__main__][INFO] - Test accuracy - 0.8087188919047004
[2023-05-16 12:53:47,659][__main__][INFO] - Iteration 0, epoch 447, train accuracy 0.81, loss 0.1865
[2023-05-16 12:53:51,167][__main__][INFO] - Test accuracy - 0.8085852289862565
[2023-05-16 12:53:51,300][__main__][INFO] - Iteration 0, epoch 448, train accuracy 0.82, loss 0.1838
[2023-05-16 12:53:54,643][__main__][INFO] - Test accuracy - 0.8046290487268967
[2023-05-16 12:53:54,729][__main__][INFO] - Iteration 0, epoch 449, train accuracy 0.81, loss 0.1891
[2023-05-16 12:53:58,258][__main__][INFO] - Test accuracy - 0.7998522704752058
[2023-05-16 12:53:58,368][__main__][INFO] - Iteration 0, epoch 450, train accuracy 0.81, loss 0.1916
[2023-05-16 12:54:01,551][__main__][INFO] - Test accuracy - 0.8059781482917582
[2023-05-16 12:54:01,624][__main__][INFO] - Iteration 0, epoch 451, train accuracy 0.81, loss 0.1901
[2023-05-16 12:54:04,694][__main__][INFO] - Test accuracy - 0.8087136982465211
[2023-05-16 12:54:04,810][__main__][INFO] - Iteration 0, epoch 452, train accuracy 0.82, loss 0.1847
[2023-05-16 12:54:08,001][__main__][INFO] - Test accuracy - 0.8076140386023867
[2023-05-16 12:54:08,078][__main__][INFO] - Iteration 0, epoch 453, train accuracy 0.82, loss 0.1823
[2023-05-16 12:54:11,143][__main__][INFO] - Test accuracy - 0.8067466912239886
[2023-05-16 12:54:11,199][__main__][INFO] - Iteration 0, epoch 454, train accuracy 0.81, loss 0.1889
[2023-05-16 12:54:13,993][__main__][INFO] - Test accuracy - 0.8091081319202104
[2023-05-16 12:54:14,055][__main__][INFO] - Iteration 0, epoch 455, train accuracy 0.82, loss 0.1800
[2023-05-16 12:54:16,842][__main__][INFO] - Test accuracy - 0.8073936495627073
[2023-05-16 12:54:16,924][__main__][INFO] - Iteration 0, epoch 456, train accuracy 0.81, loss 0.1856
[2023-05-16 12:54:19,845][__main__][INFO] - Test accuracy - 0.8090223062341132
[2023-05-16 12:54:19,914][__main__][INFO] - Iteration 0, epoch 457, train accuracy 0.82, loss 0.1847
[2023-05-16 12:54:22,850][__main__][INFO] - Test accuracy - 0.8090237559777691
[2023-05-16 12:54:22,917][__main__][INFO] - Iteration 0, epoch 458, train accuracy 0.82, loss 0.1813
[2023-05-16 12:54:25,845][__main__][INFO] - Test accuracy - 0.8084059583818017
[2023-05-16 12:54:25,948][__main__][INFO] - Iteration 0, epoch 459, train accuracy 0.81, loss 0.1861
[2023-05-16 12:54:28,905][__main__][INFO] - Test accuracy - 0.8075443755116107
[2023-05-16 12:54:28,976][__main__][INFO] - Iteration 0, epoch 460, train accuracy 0.82, loss 0.1866
[2023-05-16 12:54:31,910][__main__][INFO] - Test accuracy - 0.8069721532893886
[2023-05-16 12:54:32,001][__main__][INFO] - Iteration 0, epoch 461, train accuracy 0.81, loss 0.1903
[2023-05-16 12:54:34,923][__main__][INFO] - Test accuracy - 0.8064898625651631
[2023-05-16 12:54:34,997][__main__][INFO] - Iteration 0, epoch 462, train accuracy 0.82, loss 0.1845
[2023-05-16 12:54:37,982][__main__][INFO] - Test accuracy - 0.8085275322045582
[2023-05-16 12:54:38,095][__main__][INFO] - Iteration 0, epoch 463, train accuracy 0.82, loss 0.1826
[2023-05-16 12:54:41,415][__main__][INFO] - Test accuracy - 0.8093604928697601
[2023-05-16 12:54:41,480][__main__][INFO] - Iteration 0, epoch 464, train accuracy 0.81, loss 0.1856
[2023-05-16 12:54:44,439][__main__][INFO] - Test accuracy - 0.8020470660462712
[2023-05-16 12:54:44,506][__main__][INFO] - Iteration 0, epoch 465, train accuracy 0.81, loss 0.1950
[2023-05-16 12:54:47,609][__main__][INFO] - Test accuracy - 0.8085871289474819
[2023-05-16 12:54:47,676][__main__][INFO] - Iteration 0, epoch 466, train accuracy 0.81, loss 0.1881
[2023-05-16 12:54:50,639][__main__][INFO] - Test accuracy - 0.809560404549567
[2023-05-16 12:54:50,705][__main__][INFO] - Iteration 0, epoch 467, train accuracy 0.82, loss 0.1822
[2023-05-16 12:54:53,821][__main__][INFO] - Test accuracy - 0.8099143466459867
[2023-05-16 12:54:53,878][__main__][INFO] - Iteration 0, epoch 468, train accuracy 0.82, loss 0.1856
[2023-05-16 12:54:56,823][__main__][INFO] - Test accuracy - 0.8074439899185731
[2023-05-16 12:54:56,880][__main__][INFO] - Iteration 0, epoch 469, train accuracy 0.82, loss 0.1822
[2023-05-16 12:54:59,860][__main__][INFO] - Test accuracy - 0.8093909934944639
[2023-05-16 12:55:00,036][__main__][INFO] - Iteration 0, epoch 470, train accuracy 0.82, loss 0.1832
[2023-05-16 12:55:03,104][__main__][INFO] - Test accuracy - 0.8095184416871312
[2023-05-16 12:55:03,172][__main__][INFO] - Iteration 0, epoch 471, train accuracy 0.82, loss 0.1814
[2023-05-16 12:55:06,184][__main__][INFO] - Test accuracy - 0.805730420921115
[2023-05-16 12:55:06,283][__main__][INFO] - Iteration 0, epoch 472, train accuracy 0.81, loss 0.1947
[2023-05-16 12:55:09,225][__main__][INFO] - Test accuracy - 0.8098286308215932
[2023-05-16 12:55:09,294][__main__][INFO] - Iteration 0, epoch 473, train accuracy 0.81, loss 0.1879
[2023-05-16 12:55:12,221][__main__][INFO] - Test accuracy - 0.8086469884968334
[2023-05-16 12:55:12,311][__main__][INFO] - Iteration 0, epoch 474, train accuracy 0.82, loss 0.1835
[2023-05-16 12:55:15,312][__main__][INFO] - Test accuracy - 0.8097541575115247
[2023-05-16 12:55:15,372][__main__][INFO] - Iteration 0, epoch 475, train accuracy 0.81, loss 0.1857
[2023-05-16 12:55:18,351][__main__][INFO] - Test accuracy - 0.8092286631338589
[2023-05-16 12:55:18,445][__main__][INFO] - Iteration 0, epoch 476, train accuracy 0.82, loss 0.1842
[2023-05-16 12:55:21,503][__main__][INFO] - Test accuracy - 0.8094026646848477
[2023-05-16 12:55:21,577][__main__][INFO] - Iteration 0, epoch 477, train accuracy 0.82, loss 0.1785
[2023-05-16 12:55:24,664][__main__][INFO] - Test accuracy - 0.8099704945930809
[2023-05-16 12:55:24,719][__main__][INFO] - Iteration 0, epoch 478, train accuracy 0.82, loss 0.1786
[2023-05-16 12:55:27,511][__main__][INFO] - Test accuracy - 0.8082168928525268
[2023-05-16 12:55:27,570][__main__][INFO] - Iteration 0, epoch 479, train accuracy 0.80, loss 0.1962
[2023-05-16 12:55:30,423][__main__][INFO] - Test accuracy - 0.8088912239886261
[2023-05-16 12:55:30,497][__main__][INFO] - Iteration 0, epoch 480, train accuracy 0.82, loss 0.1840
[2023-05-16 12:55:33,404][__main__][INFO] - Test accuracy - 0.8097541575115247
[2023-05-16 12:55:33,466][__main__][INFO] - Iteration 0, epoch 481, train accuracy 0.82, loss 0.1787
[2023-05-16 12:55:36,532][__main__][INFO] - Test accuracy - 0.8101762698720434
[2023-05-16 12:55:36,583][__main__][INFO] - Iteration 0, epoch 482, train accuracy 0.81, loss 0.1863
[2023-05-16 12:55:39,507][__main__][INFO] - Test accuracy - 0.8100141269225797
[2023-05-16 12:55:39,601][__main__][INFO] - Iteration 0, epoch 483, train accuracy 0.81, loss 0.1856
[2023-05-16 12:55:42,774][__main__][INFO] - Test accuracy - 0.8104583516436173
[2023-05-16 12:55:42,833][__main__][INFO] - Iteration 0, epoch 484, train accuracy 0.82, loss 0.1759
[2023-05-16 12:55:45,830][__main__][INFO] - Test accuracy - 0.8097164986428848
[2023-05-16 12:55:45,939][__main__][INFO] - Iteration 0, epoch 485, train accuracy 0.83, loss 0.1743
[2023-05-16 12:55:49,188][__main__][INFO] - Test accuracy - 0.7974938714402655
[2023-05-16 12:55:49,248][__main__][INFO] - Iteration 0, epoch 486, train accuracy 0.80, loss 0.2007
[2023-05-16 12:55:52,052][__main__][INFO] - Test accuracy - 0.8099591422170523
[2023-05-16 12:55:52,154][__main__][INFO] - Iteration 0, epoch 487, train accuracy 0.82, loss 0.1829
[2023-05-16 12:55:55,095][__main__][INFO] - Test accuracy - 0.8086215372021887
[2023-05-16 12:55:55,162][__main__][INFO] - Iteration 0, epoch 488, train accuracy 0.82, loss 0.1828
[2023-05-16 12:55:58,093][__main__][INFO] - Test accuracy - 0.8091525763646547
[2023-05-16 12:55:58,180][__main__][INFO] - Iteration 0, epoch 489, train accuracy 0.82, loss 0.1802
[2023-05-16 12:56:01,044][__main__][INFO] - Test accuracy - 0.8104176403429408
[2023-05-16 12:56:01,101][__main__][INFO] - Iteration 0, epoch 490, train accuracy 0.81, loss 0.1868
[2023-05-16 12:56:04,053][__main__][INFO] - Test accuracy - 0.8083772026194478
[2023-05-16 12:56:04,112][__main__][INFO] - Iteration 0, epoch 491, train accuracy 0.81, loss 0.1868
[2023-05-16 12:56:07,091][__main__][INFO] - Test accuracy - 0.8104136767050105
[2023-05-16 12:56:07,153][__main__][INFO] - Iteration 0, epoch 492, train accuracy 0.82, loss 0.1791
[2023-05-16 12:56:10,081][__main__][INFO] - Test accuracy - 0.8029875554693896
[2023-05-16 12:56:10,138][__main__][INFO] - Iteration 0, epoch 493, train accuracy 0.80, loss 0.1993
[2023-05-16 12:56:13,180][__main__][INFO] - Test accuracy - 0.8087999956916978
[2023-05-16 12:56:13,275][__main__][INFO] - Iteration 0, epoch 494, train accuracy 0.82, loss 0.1821
[2023-05-16 12:56:16,406][__main__][INFO] - Test accuracy - 0.8100890504502175
[2023-05-16 12:56:16,466][__main__][INFO] - Iteration 0, epoch 495, train accuracy 0.82, loss 0.1822
[2023-05-16 12:56:19,642][__main__][INFO] - Test accuracy - 0.8091248761363147
[2023-05-16 12:56:19,726][__main__][INFO] - Iteration 0, epoch 496, train accuracy 0.82, loss 0.1823
[2023-05-16 12:56:22,798][__main__][INFO] - Test accuracy - 0.8094665977338331
[2023-05-16 12:56:22,869][__main__][INFO] - Iteration 0, epoch 497, train accuracy 0.81, loss 0.1894
[2023-05-16 12:56:26,454][__main__][INFO] - Test accuracy - 0.8064096699840593
[2023-05-16 12:56:26,564][__main__][INFO] - Iteration 0, epoch 498, train accuracy 0.81, loss 0.1893
[2023-05-16 12:56:29,970][__main__][INFO] - Test accuracy - 0.8075007216406013
[2023-05-16 12:56:30,041][__main__][INFO] - Iteration 0, epoch 499, train accuracy 0.82, loss 0.1832
[2023-05-16 12:56:33,087][__main__][INFO] - Test accuracy - 0.809496141915471
[2023-05-16 12:56:33,093][__main__][INFO] - Total time 1583.0215 seconds
