[2023-05-10 17:26:56,456][__main__][INFO] - Net(
  (fc1): Linear(in_features=17, out_features=17, bias=True)
  (fc2): Linear(in_features=17, out_features=17, bias=True)
  (fc3): Linear(in_features=17, out_features=1, bias=True)
  (act1): ReLU()
)
[2023-05-10 17:26:57,282][__main__][INFO] - Iteration 0, epoch 0, train accuracy 0.48, loss 0.5021
[2023-05-10 17:26:59,769][__main__][INFO] - Test accuracy - 0.4976079545454546
[2023-05-10 17:26:59,789][__main__][INFO] - Iteration 0, epoch 1, train accuracy 0.52, loss 0.4968
[2023-05-10 17:27:02,320][__main__][INFO] - Test accuracy - 0.4976079545454546
[2023-05-10 17:27:02,343][__main__][INFO] - Iteration 0, epoch 2, train accuracy 0.50, loss 0.4972
[2023-05-10 17:27:05,016][__main__][INFO] - Test accuracy - 0.4999905063291139
[2023-05-10 17:27:05,036][__main__][INFO] - Iteration 0, epoch 3, train accuracy 0.51, loss 0.4928
[2023-05-10 17:27:07,842][__main__][INFO] - Test accuracy - 0.5648345080552359
[2023-05-10 17:27:07,871][__main__][INFO] - Iteration 0, epoch 4, train accuracy 0.58, loss 0.4864
[2023-05-10 17:27:10,693][__main__][INFO] - Test accuracy - 0.5779309551208286
[2023-05-10 17:27:10,718][__main__][INFO] - Iteration 0, epoch 5, train accuracy 0.59, loss 0.4804
[2023-05-10 17:27:13,558][__main__][INFO] - Test accuracy - 0.5868173187571922
[2023-05-10 17:27:13,578][__main__][INFO] - Iteration 0, epoch 6, train accuracy 0.59, loss 0.4723
[2023-05-10 17:27:16,417][__main__][INFO] - Test accuracy - 0.5915445195627158
[2023-05-10 17:27:16,447][__main__][INFO] - Iteration 0, epoch 7, train accuracy 0.61, loss 0.4600
[2023-05-10 17:27:19,283][__main__][INFO] - Test accuracy - 0.5958475258918298
[2023-05-10 17:27:19,301][__main__][INFO] - Iteration 0, epoch 8, train accuracy 0.60, loss 0.4508
[2023-05-10 17:27:22,135][__main__][INFO] - Test accuracy - 0.6014194476409667
[2023-05-10 17:27:22,161][__main__][INFO] - Iteration 0, epoch 9, train accuracy 0.58, loss 0.4462
[2023-05-10 17:27:25,004][__main__][INFO] - Test accuracy - 0.6126237054085156
[2023-05-10 17:27:25,025][__main__][INFO] - Iteration 0, epoch 10, train accuracy 0.63, loss 0.4181
[2023-05-10 17:27:27,886][__main__][INFO] - Test accuracy - 0.6300799769850403
[2023-05-10 17:27:27,907][__main__][INFO] - Iteration 0, epoch 11, train accuracy 0.61, loss 0.4205
[2023-05-10 17:27:30,745][__main__][INFO] - Test accuracy - 0.6549129746835443
[2023-05-10 17:27:30,768][__main__][INFO] - Iteration 0, epoch 12, train accuracy 0.68, loss 0.3861
[2023-05-10 17:27:33,602][__main__][INFO] - Test accuracy - 0.6720207134637515
[2023-05-10 17:27:33,624][__main__][INFO] - Iteration 0, epoch 13, train accuracy 0.69, loss 0.3818
[2023-05-10 17:27:36,450][__main__][INFO] - Test accuracy - 0.6866757048331416
[2023-05-10 17:27:36,479][__main__][INFO] - Iteration 0, epoch 14, train accuracy 0.68, loss 0.3870
[2023-05-10 17:27:39,324][__main__][INFO] - Test accuracy - 0.6959728855005753
[2023-05-10 17:27:39,348][__main__][INFO] - Iteration 0, epoch 15, train accuracy 0.70, loss 0.3664
[2023-05-10 17:27:42,201][__main__][INFO] - Test accuracy - 0.7028666570771
[2023-05-10 17:27:42,220][__main__][INFO] - Iteration 0, epoch 16, train accuracy 0.70, loss 0.3555
[2023-05-10 17:27:45,061][__main__][INFO] - Test accuracy - 0.7058722669735328
[2023-05-10 17:27:45,080][__main__][INFO] - Iteration 0, epoch 17, train accuracy 0.73, loss 0.3311
[2023-05-10 17:27:47,938][__main__][INFO] - Test accuracy - 0.7076506760644419
[2023-05-10 17:27:47,957][__main__][INFO] - Iteration 0, epoch 18, train accuracy 0.73, loss 0.3278
[2023-05-10 17:27:50,780][__main__][INFO] - Test accuracy - 0.709091915995397
[2023-05-10 17:27:50,808][__main__][INFO] - Iteration 0, epoch 19, train accuracy 0.72, loss 0.3311
[2023-05-10 17:27:53,662][__main__][INFO] - Test accuracy - 0.710557825086306
[2023-05-10 17:27:53,691][__main__][INFO] - Iteration 0, epoch 20, train accuracy 0.72, loss 0.3213
[2023-05-10 17:27:56,577][__main__][INFO] - Test accuracy - 0.7130104286536249
[2023-05-10 17:27:56,598][__main__][INFO] - Iteration 0, epoch 21, train accuracy 0.74, loss 0.2901
[2023-05-10 17:27:59,450][__main__][INFO] - Test accuracy - 0.7140615650172613
[2023-05-10 17:27:59,469][__main__][INFO] - Iteration 0, epoch 22, train accuracy 0.71, loss 0.3170
[2023-05-10 17:28:02,332][__main__][INFO] - Test accuracy - 0.7154801495972382
[2023-05-10 17:28:02,357][__main__][INFO] - Iteration 0, epoch 23, train accuracy 0.73, loss 0.3023
[2023-05-10 17:28:05,166][__main__][INFO] - Test accuracy - 0.7169252013808977
[2023-05-10 17:28:05,188][__main__][INFO] - Iteration 0, epoch 24, train accuracy 0.72, loss 0.3040
[2023-05-10 17:28:08,039][__main__][INFO] - Test accuracy - 0.7179631041426927
[2023-05-10 17:28:08,059][__main__][INFO] - Iteration 0, epoch 25, train accuracy 0.71, loss 0.3193
[2023-05-10 17:28:10,902][__main__][INFO] - Test accuracy - 0.7189725978135789
[2023-05-10 17:28:10,928][__main__][INFO] - Iteration 0, epoch 26, train accuracy 0.71, loss 0.3034
[2023-05-10 17:28:13,796][__main__][INFO] - Test accuracy - 0.7200578250863061
[2023-05-10 17:28:13,824][__main__][INFO] - Iteration 0, epoch 27, train accuracy 0.73, loss 0.2920
[2023-05-10 17:28:16,684][__main__][INFO] - Test accuracy - 0.7211771432681243
[2023-05-10 17:28:16,709][__main__][INFO] - Iteration 0, epoch 28, train accuracy 0.74, loss 0.2886
[2023-05-10 17:28:19,546][__main__][INFO] - Test accuracy - 0.7223588895281933
[2023-05-10 17:28:19,565][__main__][INFO] - Iteration 0, epoch 29, train accuracy 0.73, loss 0.2822
[2023-05-10 17:28:22,389][__main__][INFO] - Test accuracy - 0.723495253164557
[2023-05-10 17:28:22,409][__main__][INFO] - Iteration 0, epoch 30, train accuracy 0.71, loss 0.3102
[2023-05-10 17:28:25,233][__main__][INFO] - Test accuracy - 0.7244081559263521
[2023-05-10 17:28:25,258][__main__][INFO] - Iteration 0, epoch 31, train accuracy 0.73, loss 0.2832
[2023-05-10 17:28:28,109][__main__][INFO] - Test accuracy - 0.7253399741081702
[2023-05-10 17:28:28,135][__main__][INFO] - Iteration 0, epoch 32, train accuracy 0.70, loss 0.3054
[2023-05-10 17:28:30,973][__main__][INFO] - Test accuracy - 0.7262945195627158
[2023-05-10 17:28:30,992][__main__][INFO] - Iteration 0, epoch 33, train accuracy 0.74, loss 0.2787
[2023-05-10 17:28:33,829][__main__][INFO] - Test accuracy - 0.7272831559263522
[2023-05-10 17:28:33,854][__main__][INFO] - Iteration 0, epoch 34, train accuracy 0.75, loss 0.2698
[2023-05-10 17:28:36,683][__main__][INFO] - Test accuracy - 0.7285956559263521
[2023-05-10 17:28:36,704][__main__][INFO] - Iteration 0, epoch 35, train accuracy 0.74, loss 0.2700
[2023-05-10 17:28:39,526][__main__][INFO] - Test accuracy - 0.7293551495972381
[2023-05-10 17:28:39,549][__main__][INFO] - Iteration 0, epoch 36, train accuracy 0.72, loss 0.2847
[2023-05-10 17:28:42,423][__main__][INFO] - Test accuracy - 0.7299801495972382
[2023-05-10 17:28:42,449][__main__][INFO] - Iteration 0, epoch 37, train accuracy 0.75, loss 0.2736
[2023-05-10 17:28:45,297][__main__][INFO] - Test accuracy - 0.7307187859608746
[2023-05-10 17:28:45,317][__main__][INFO] - Iteration 0, epoch 38, train accuracy 0.75, loss 0.2689
[2023-05-10 17:28:48,140][__main__][INFO] - Test accuracy - 0.7315786104718068
[2023-05-10 17:28:48,160][__main__][INFO] - Iteration 0, epoch 39, train accuracy 0.73, loss 0.2716
[2023-05-10 17:28:50,992][__main__][INFO] - Test accuracy - 0.732101337744534
[2023-05-10 17:28:51,011][__main__][INFO] - Iteration 0, epoch 40, train accuracy 0.73, loss 0.2720
[2023-05-10 17:28:53,824][__main__][INFO] - Test accuracy - 0.7326524741081702
[2023-05-10 17:28:53,844][__main__][INFO] - Iteration 0, epoch 41, train accuracy 0.76, loss 0.2557
[2023-05-10 17:28:56,715][__main__][INFO] - Test accuracy - 0.7331070195627158
[2023-05-10 17:28:56,743][__main__][INFO] - Iteration 0, epoch 42, train accuracy 0.71, loss 0.2948
[2023-05-10 17:28:59,591][__main__][INFO] - Test accuracy - 0.7334365650172612
[2023-05-10 17:28:59,610][__main__][INFO] - Iteration 0, epoch 43, train accuracy 0.73, loss 0.2705
[2023-05-10 17:29:02,486][__main__][INFO] - Test accuracy - 0.733851337744534
[2023-05-10 17:29:02,504][__main__][INFO] - Iteration 0, epoch 44, train accuracy 0.76, loss 0.2598
[2023-05-10 17:29:05,367][__main__][INFO] - Test accuracy - 0.7340805523590334
[2023-05-10 17:29:05,387][__main__][INFO] - Iteration 0, epoch 45, train accuracy 0.73, loss 0.2872
[2023-05-10 17:29:08,219][__main__][INFO] - Test accuracy - 0.7345066887226698
[2023-05-10 17:29:08,238][__main__][INFO] - Iteration 0, epoch 46, train accuracy 0.73, loss 0.2685
[2023-05-10 17:29:11,109][__main__][INFO] - Test accuracy - 0.7348835586881474
[2023-05-10 17:29:11,128][__main__][INFO] - Iteration 0, epoch 47, train accuracy 0.73, loss 0.2761
[2023-05-10 17:29:13,964][__main__][INFO] - Test accuracy - 0.7350994677790564
[2023-05-10 17:29:13,990][__main__][INFO] - Iteration 0, epoch 48, train accuracy 0.76, loss 0.2462
[2023-05-10 17:29:16,842][__main__][INFO] - Test accuracy - 0.7353324223245109
[2023-05-10 17:29:16,866][__main__][INFO] - Iteration 0, epoch 49, train accuracy 0.72, loss 0.2806
[2023-05-10 17:29:19,729][__main__][INFO] - Test accuracy - 0.7354801495972382
[2023-05-10 17:29:19,756][__main__][INFO] - Iteration 0, epoch 50, train accuracy 0.76, loss 0.2515
[2023-05-10 17:29:22,603][__main__][INFO] - Test accuracy - 0.7355312859608746
[2023-05-10 17:29:22,628][__main__][INFO] - Iteration 0, epoch 51, train accuracy 0.75, loss 0.2629
[2023-05-10 17:29:25,460][__main__][INFO] - Test accuracy - 0.7356733314154201
[2023-05-10 17:29:25,490][__main__][INFO] - Iteration 0, epoch 52, train accuracy 0.73, loss 0.2666
[2023-05-10 17:29:28,340][__main__][INFO] - Test accuracy - 0.7358153768699655
[2023-05-10 17:29:28,360][__main__][INFO] - Iteration 0, epoch 53, train accuracy 0.73, loss 0.2686
[2023-05-10 17:29:31,200][__main__][INFO] - Test accuracy - 0.7358986622554661
[2023-05-10 17:29:31,220][__main__][INFO] - Iteration 0, epoch 54, train accuracy 0.72, loss 0.2837
[2023-05-10 17:29:34,098][__main__][INFO] - Test accuracy - 0.7358816168009206
[2023-05-10 17:29:34,119][__main__][INFO] - Iteration 0, epoch 55, train accuracy 0.72, loss 0.2824
[2023-05-10 17:29:36,968][__main__][INFO] - Test accuracy - 0.7359952531645569
[2023-05-10 17:29:36,994][__main__][INFO] - Iteration 0, epoch 56, train accuracy 0.72, loss 0.2894
[2023-05-10 17:29:39,849][__main__][INFO] - Test accuracy - 0.7364308831990795
[2023-05-10 17:29:39,869][__main__][INFO] - Iteration 0, epoch 57, train accuracy 0.75, loss 0.2628
[2023-05-10 17:29:42,701][__main__][INFO] - Test accuracy - 0.7365558831990793
[2023-05-10 17:29:42,724][__main__][INFO] - Iteration 0, epoch 58, train accuracy 0.73, loss 0.2774
[2023-05-10 17:29:45,567][__main__][INFO] - Test accuracy - 0.7365975258918297
[2023-05-10 17:29:45,591][__main__][INFO] - Iteration 0, epoch 59, train accuracy 0.72, loss 0.2879
[2023-05-10 17:29:48,437][__main__][INFO] - Test accuracy - 0.736667577675489
[2023-05-10 17:29:48,457][__main__][INFO] - Iteration 0, epoch 60, train accuracy 0.74, loss 0.2612
[2023-05-10 17:29:51,321][__main__][INFO] - Test accuracy - 0.7371713895281935
[2023-05-10 17:29:51,342][__main__][INFO] - Iteration 0, epoch 61, train accuracy 0.74, loss 0.2605
[2023-05-10 17:29:54,193][__main__][INFO] - Test accuracy - 0.7371334867663982
[2023-05-10 17:29:54,212][__main__][INFO] - Iteration 0, epoch 62, train accuracy 0.74, loss 0.2603
[2023-05-10 17:29:57,072][__main__][INFO] - Test accuracy - 0.7373721231300346
[2023-05-10 17:29:57,092][__main__][INFO] - Iteration 0, epoch 63, train accuracy 0.74, loss 0.2597
[2023-05-10 17:29:59,912][__main__][INFO] - Test accuracy - 0.7375046749136939
[2023-05-10 17:29:59,930][__main__][INFO] - Iteration 0, epoch 64, train accuracy 0.73, loss 0.2684
[2023-05-10 17:30:02,837][__main__][INFO] - Test accuracy - 0.73788916858458
[2023-05-10 17:30:02,873][__main__][INFO] - Iteration 0, epoch 65, train accuracy 0.74, loss 0.2679
[2023-05-10 17:30:05,825][__main__][INFO] - Test accuracy - 0.7378626294591484
[2023-05-10 17:30:05,847][__main__][INFO] - Iteration 0, epoch 66, train accuracy 0.74, loss 0.2662
[2023-05-10 17:30:08,690][__main__][INFO] - Test accuracy - 0.7381126294591486
[2023-05-10 17:30:08,714][__main__][INFO] - Iteration 0, epoch 67, train accuracy 0.73, loss 0.2744
[2023-05-10 17:30:11,585][__main__][INFO] - Test accuracy - 0.7381921749136939
[2023-05-10 17:30:11,605][__main__][INFO] - Iteration 0, epoch 68, train accuracy 0.75, loss 0.2609
[2023-05-10 17:30:14,453][__main__][INFO] - Test accuracy - 0.7384705840046031
[2023-05-10 17:30:14,472][__main__][INFO] - Iteration 0, epoch 69, train accuracy 0.76, loss 0.2420
[2023-05-10 17:30:17,335][__main__][INFO] - Test accuracy - 0.7383512658227848
[2023-05-10 17:30:17,355][__main__][INFO] - Iteration 0, epoch 70, train accuracy 0.76, loss 0.2430
[2023-05-10 17:30:20,216][__main__][INFO] - Test accuracy - 0.738411823935558
[2023-05-10 17:30:20,236][__main__][INFO] - Iteration 0, epoch 71, train accuracy 0.75, loss 0.2511
[2023-05-10 17:30:23,071][__main__][INFO] - Test accuracy - 0.7385330840046028
[2023-05-10 17:30:23,093][__main__][INFO] - Iteration 0, epoch 72, train accuracy 0.75, loss 0.2612
[2023-05-10 17:30:25,934][__main__][INFO] - Test accuracy - 0.7387906357882624
[2023-05-10 17:30:25,954][__main__][INFO] - Iteration 0, epoch 73, train accuracy 0.74, loss 0.2666
[2023-05-10 17:30:28,769][__main__][INFO] - Test accuracy - 0.7387527330264674
[2023-05-10 17:30:28,793][__main__][INFO] - Iteration 0, epoch 74, train accuracy 0.73, loss 0.2703
[2023-05-10 17:30:31,630][__main__][INFO] - Test accuracy - 0.738926999424626
[2023-05-10 17:30:31,650][__main__][INFO] - Iteration 0, epoch 75, train accuracy 0.74, loss 0.2593
[2023-05-10 17:30:34,478][__main__][INFO] - Test accuracy - 0.7390027330264672
[2023-05-10 17:30:34,497][__main__][INFO] - Iteration 0, epoch 76, train accuracy 0.73, loss 0.2717
[2023-05-10 17:30:37,343][__main__][INFO] - Test accuracy - 0.7390519994246261
[2023-05-10 17:30:37,365][__main__][INFO] - Iteration 0, epoch 77, train accuracy 0.72, loss 0.2848
[2023-05-10 17:30:40,186][__main__][INFO] - Test accuracy - 0.7392640966628309
[2023-05-10 17:30:40,209][__main__][INFO] - Iteration 0, epoch 78, train accuracy 0.74, loss 0.2643
[2023-05-10 17:30:43,073][__main__][INFO] - Test accuracy - 0.7391788693901037
[2023-05-10 17:30:43,104][__main__][INFO] - Iteration 0, epoch 79, train accuracy 0.74, loss 0.2648
[2023-05-10 17:30:45,940][__main__][INFO] - Test accuracy - 0.7393001294591485
[2023-05-10 17:30:45,966][__main__][INFO] - Iteration 0, epoch 80, train accuracy 0.76, loss 0.2486
[2023-05-10 17:30:48,848][__main__][INFO] - Test accuracy - 0.7393417721518987
[2023-05-10 17:30:48,868][__main__][INFO] - Iteration 0, epoch 81, train accuracy 0.73, loss 0.2758
[2023-05-10 17:30:51,726][__main__][INFO] - Test accuracy - 0.7394554085155352
[2023-05-10 17:30:51,744][__main__][INFO] - Iteration 0, epoch 82, train accuracy 0.74, loss 0.2670
[2023-05-10 17:30:54,609][__main__][INFO] - Test accuracy - 0.7393569476409667
[2023-05-10 17:30:54,628][__main__][INFO] - Iteration 0, epoch 83, train accuracy 0.73, loss 0.2695
[2023-05-10 17:30:57,532][__main__][INFO] - Test accuracy - 0.7395103567318757
[2023-05-10 17:30:57,561][__main__][INFO] - Iteration 0, epoch 84, train accuracy 0.76, loss 0.2460
[2023-05-10 17:31:00,426][__main__][INFO] - Test accuracy - 0.7395576812428079
[2023-05-10 17:31:00,444][__main__][INFO] - Iteration 0, epoch 85, train accuracy 0.77, loss 0.2336
[2023-05-10 17:31:03,302][__main__][INFO] - Test accuracy - 0.7396713176064442
[2023-05-10 17:31:03,331][__main__][INFO] - Iteration 0, epoch 86, train accuracy 0.73, loss 0.2707
[2023-05-10 17:31:06,197][__main__][INFO] - Test accuracy - 0.7397186421173764
[2023-05-10 17:31:06,216][__main__][INFO] - Iteration 0, epoch 87, train accuracy 0.73, loss 0.2765
[2023-05-10 17:31:09,056][__main__][INFO] - Test accuracy - 0.7398720512082854
[2023-05-10 17:31:09,075][__main__][INFO] - Iteration 0, epoch 88, train accuracy 0.74, loss 0.2661
[2023-05-10 17:31:11,984][__main__][INFO] - Test accuracy - 0.7397319476409666
[2023-05-10 17:31:12,009][__main__][INFO] - Iteration 0, epoch 89, train accuracy 0.73, loss 0.2755
[2023-05-10 17:31:14,878][__main__][INFO] - Test accuracy - 0.74004250575374
[2023-05-10 17:31:14,904][__main__][INFO] - Iteration 0, epoch 90, train accuracy 0.75, loss 0.2535
[2023-05-10 17:31:17,744][__main__][INFO] - Test accuracy - 0.7399042721518986
[2023-05-10 17:31:17,767][__main__][INFO] - Iteration 0, epoch 91, train accuracy 0.76, loss 0.2467
[2023-05-10 17:31:20,628][__main__][INFO] - Test accuracy - 0.7400311421173762
[2023-05-10 17:31:20,649][__main__][INFO] - Iteration 0, epoch 92, train accuracy 0.76, loss 0.2558
[2023-05-10 17:31:23,478][__main__][INFO] - Test accuracy - 0.7400197784810127
[2023-05-10 17:31:23,501][__main__][INFO] - Iteration 0, epoch 93, train accuracy 0.74, loss 0.2623
[2023-05-10 17:31:26,344][__main__][INFO] - Test accuracy - 0.7399933112773301
[2023-05-10 17:31:26,365][__main__][INFO] - Iteration 0, epoch 94, train accuracy 0.75, loss 0.2546
[2023-05-10 17:31:29,214][__main__][INFO] - Test accuracy - 0.7401277330264672
[2023-05-10 17:31:29,237][__main__][INFO] - Iteration 0, epoch 95, train accuracy 0.75, loss 0.2568
[2023-05-10 17:31:32,060][__main__][INFO] - Test accuracy - 0.7401504602991945
[2023-05-10 17:31:32,088][__main__][INFO] - Iteration 0, epoch 96, train accuracy 0.72, loss 0.2768
[2023-05-10 17:31:34,920][__main__][INFO] - Test accuracy - 0.7402072784810126
[2023-05-10 17:31:34,940][__main__][INFO] - Iteration 0, epoch 97, train accuracy 0.73, loss 0.2721
[2023-05-10 17:31:37,791][__main__][INFO] - Test accuracy - 0.7402413693901035
[2023-05-10 17:31:37,811][__main__][INFO] - Iteration 0, epoch 98, train accuracy 0.73, loss 0.2721
[2023-05-10 17:31:40,624][__main__][INFO] - Test accuracy - 0.7402527330264672
[2023-05-10 17:31:40,650][__main__][INFO] - Iteration 0, epoch 99, train accuracy 0.74, loss 0.2591
[2023-05-10 17:31:43,481][__main__][INFO] - Test accuracy - 0.740383414844649
[2023-05-10 17:31:43,501][__main__][INFO] - Iteration 0, epoch 100, train accuracy 0.72, loss 0.2733
[2023-05-10 17:31:46,357][__main__][INFO] - Test accuracy - 0.7404004602991944
[2023-05-10 17:31:46,379][__main__][INFO] - Iteration 0, epoch 101, train accuracy 0.74, loss 0.2677
[2023-05-10 17:31:49,226][__main__][INFO] - Test accuracy - 0.7401902330264672
[2023-05-10 17:31:49,255][__main__][INFO] - Iteration 0, epoch 102, train accuracy 0.72, loss 0.2841
[2023-05-10 17:31:52,092][__main__][INFO] - Test accuracy - 0.7404686421173762
[2023-05-10 17:31:52,111][__main__][INFO] - Iteration 0, epoch 103, train accuracy 0.73, loss 0.2710
[2023-05-10 17:31:54,945][__main__][INFO] - Test accuracy - 0.7405993239355582
[2023-05-10 17:31:54,965][__main__][INFO] - Iteration 0, epoch 104, train accuracy 0.79, loss 0.2185
[2023-05-10 17:31:57,839][__main__][INFO] - Test accuracy - 0.7403890966628309
[2023-05-10 17:31:57,864][__main__][INFO] - Iteration 0, epoch 105, train accuracy 0.72, loss 0.2817
[2023-05-10 17:32:00,737][__main__][INFO] - Test accuracy - 0.7403720512082853
[2023-05-10 17:32:00,757][__main__][INFO] - Iteration 0, epoch 106, train accuracy 0.74, loss 0.2625
[2023-05-10 17:32:03,611][__main__][INFO] - Test accuracy - 0.7408493239355581
[2023-05-10 17:32:03,632][__main__][INFO] - Iteration 0, epoch 107, train accuracy 0.74, loss 0.2645
[2023-05-10 17:32:06,482][__main__][INFO] - Test accuracy - 0.7406277330264672
[2023-05-10 17:32:06,501][__main__][INFO] - Iteration 0, epoch 108, train accuracy 0.73, loss 0.2808
[2023-05-10 17:32:09,344][__main__][INFO] - Test accuracy - 0.7409061421173764
[2023-05-10 17:32:09,365][__main__][INFO] - Iteration 0, epoch 109, train accuracy 0.73, loss 0.2690
[2023-05-10 17:32:12,234][__main__][INFO] - Test accuracy - 0.7407015966628308
[2023-05-10 17:32:12,260][__main__][INFO] - Iteration 0, epoch 110, train accuracy 0.78, loss 0.2339
[2023-05-10 17:32:15,118][__main__][INFO] - Test accuracy - 0.7409970512082854
[2023-05-10 17:32:15,137][__main__][INFO] - Iteration 0, epoch 111, train accuracy 0.74, loss 0.2609
[2023-05-10 17:32:17,994][__main__][INFO] - Test accuracy - 0.7406220512082854
[2023-05-10 17:32:18,022][__main__][INFO] - Iteration 0, epoch 112, train accuracy 0.72, loss 0.2730
[2023-05-10 17:32:20,866][__main__][INFO] - Test accuracy - 0.7409743239355581
[2023-05-10 17:32:20,891][__main__][INFO] - Iteration 0, epoch 113, train accuracy 0.72, loss 0.2776
[2023-05-10 17:32:23,738][__main__][INFO] - Test accuracy - 0.7410368239355581
[2023-05-10 17:32:23,770][__main__][INFO] - Iteration 0, epoch 114, train accuracy 0.76, loss 0.2439
[2023-05-10 17:32:26,630][__main__][INFO] - Test accuracy - 0.7406390966628309
[2023-05-10 17:32:26,649][__main__][INFO] - Iteration 0, epoch 115, train accuracy 0.75, loss 0.2569
[2023-05-10 17:32:29,499][__main__][INFO] - Test accuracy - 0.7410197784810126
[2023-05-10 17:32:29,525][__main__][INFO] - Iteration 0, epoch 116, train accuracy 0.76, loss 0.2485
[2023-05-10 17:32:32,335][__main__][INFO] - Test accuracy - 0.7410140966628308
[2023-05-10 17:32:32,359][__main__][INFO] - Iteration 0, epoch 117, train accuracy 0.73, loss 0.2653
[2023-05-10 17:32:35,185][__main__][INFO] - Test accuracy - 0.741123993095512
[2023-05-10 17:32:35,209][__main__][INFO] - Iteration 0, epoch 118, train accuracy 0.74, loss 0.2643
[2023-05-10 17:32:38,060][__main__][INFO] - Test accuracy - 0.7410254602991945
[2023-05-10 17:32:38,079][__main__][INFO] - Iteration 0, epoch 119, train accuracy 0.76, loss 0.2479
[2023-05-10 17:32:40,924][__main__][INFO] - Test accuracy - 0.7410595512082853
[2023-05-10 17:32:40,945][__main__][INFO] - Iteration 0, epoch 120, train accuracy 0.75, loss 0.2518
[2023-05-10 17:32:43,802][__main__][INFO] - Test accuracy - 0.7410481875719218
[2023-05-10 17:32:43,830][__main__][INFO] - Iteration 0, epoch 121, train accuracy 0.73, loss 0.2692
[2023-05-10 17:32:46,662][__main__][INFO] - Test accuracy - 0.7409800057537399
[2023-05-10 17:32:46,682][__main__][INFO] - Iteration 0, epoch 122, train accuracy 0.74, loss 0.2697
[2023-05-10 17:32:49,516][__main__][INFO] - Test accuracy - 0.7411106875719219
[2023-05-10 17:32:49,535][__main__][INFO] - Iteration 0, epoch 123, train accuracy 0.76, loss 0.2472
[2023-05-10 17:32:52,380][__main__][INFO] - Test accuracy - 0.7411788693901035
[2023-05-10 17:32:52,401][__main__][INFO] - Iteration 0, epoch 124, train accuracy 0.74, loss 0.2643
[2023-05-10 17:32:55,244][__main__][INFO] - Test accuracy - 0.741258414844649
[2023-05-10 17:32:55,268][__main__][INFO] - Iteration 0, epoch 125, train accuracy 0.75, loss 0.2551
[2023-05-10 17:32:58,109][__main__][INFO] - Test accuracy - 0.7412811421173763
[2023-05-10 17:32:58,133][__main__][INFO] - Iteration 0, epoch 126, train accuracy 0.72, loss 0.2751
[2023-05-10 17:33:00,990][__main__][INFO] - Test accuracy - 0.7414856875719219
[2023-05-10 17:33:01,014][__main__][INFO] - Iteration 0, epoch 127, train accuracy 0.74, loss 0.2626
[2023-05-10 17:33:03,844][__main__][INFO] - Test accuracy - 0.741099323935558
[2023-05-10 17:33:03,863][__main__][INFO] - Iteration 0, epoch 128, train accuracy 0.74, loss 0.2654
[2023-05-10 17:33:06,721][__main__][INFO] - Test accuracy - 0.7411447784810128
[2023-05-10 17:33:06,744][__main__][INFO] - Iteration 0, epoch 129, train accuracy 0.75, loss 0.2532
[2023-05-10 17:33:09,582][__main__][INFO] - Test accuracy - 0.7415690448791714
[2023-05-10 17:33:09,601][__main__][INFO] - Iteration 0, epoch 130, train accuracy 0.76, loss 0.2421
[2023-05-10 17:33:12,430][__main__][INFO] - Test accuracy - 0.7414175057537399
[2023-05-10 17:33:12,452][__main__][INFO] - Iteration 0, epoch 131, train accuracy 0.77, loss 0.2377
[2023-05-10 17:33:15,281][__main__][INFO] - Test accuracy - 0.7415501294591483
[2023-05-10 17:33:15,307][__main__][INFO] - Iteration 0, epoch 132, train accuracy 0.74, loss 0.2648
[2023-05-10 17:33:18,159][__main__][INFO] - Test accuracy - 0.7414004602991945
[2023-05-10 17:33:18,178][__main__][INFO] - Iteration 0, epoch 133, train accuracy 0.75, loss 0.2517
[2023-05-10 17:33:21,008][__main__][INFO] - Test accuracy - 0.74154250575374
[2023-05-10 17:33:21,033][__main__][INFO] - Iteration 0, epoch 134, train accuracy 0.73, loss 0.2623
[2023-05-10 17:33:23,898][__main__][INFO] - Test accuracy - 0.7415709148446491
[2023-05-10 17:33:23,918][__main__][INFO] - Iteration 0, epoch 135, train accuracy 0.73, loss 0.2674
[2023-05-10 17:33:26,737][__main__][INFO] - Test accuracy - 0.7417167721518987
[2023-05-10 17:33:26,764][__main__][INFO] - Iteration 0, epoch 136, train accuracy 0.73, loss 0.2672
[2023-05-10 17:33:29,589][__main__][INFO] - Test accuracy - 0.7416713176064443
[2023-05-10 17:33:29,612][__main__][INFO] - Iteration 0, epoch 137, train accuracy 0.73, loss 0.2709
[2023-05-10 17:33:32,467][__main__][INFO] - Test accuracy - 0.7415822784810125
[2023-05-10 17:33:32,487][__main__][INFO] - Iteration 0, epoch 138, train accuracy 0.73, loss 0.2714
[2023-05-10 17:33:35,314][__main__][INFO] - Test accuracy - 0.7417015966628309
[2023-05-10 17:33:35,339][__main__][INFO] - Iteration 0, epoch 139, train accuracy 0.78, loss 0.2308
[2023-05-10 17:33:38,184][__main__][INFO] - Test accuracy - 0.7417527330264672
[2023-05-10 17:33:38,212][__main__][INFO] - Iteration 0, epoch 140, train accuracy 0.72, loss 0.2811
[2023-05-10 17:33:41,041][__main__][INFO] - Test accuracy - 0.7417394994246261
[2023-05-10 17:33:41,060][__main__][INFO] - Iteration 0, epoch 141, train accuracy 0.75, loss 0.2521
[2023-05-10 17:33:43,888][__main__][INFO] - Test accuracy - 0.7417963176064443
[2023-05-10 17:33:43,922][__main__][INFO] - Iteration 0, epoch 142, train accuracy 0.72, loss 0.2875
[2023-05-10 17:33:46,763][__main__][INFO] - Test accuracy - 0.741998921173763
[2023-05-10 17:33:46,789][__main__][INFO] - Iteration 0, epoch 143, train accuracy 0.74, loss 0.2601
[2023-05-10 17:33:49,615][__main__][INFO] - Test accuracy - 0.7420140966628309
[2023-05-10 17:33:49,638][__main__][INFO] - Iteration 0, epoch 144, train accuracy 0.76, loss 0.2468
[2023-05-10 17:33:52,508][__main__][INFO] - Test accuracy - 0.7419156357882624
[2023-05-10 17:33:52,537][__main__][INFO] - Iteration 0, epoch 145, train accuracy 0.76, loss 0.2383
[2023-05-10 17:33:55,361][__main__][INFO] - Test accuracy - 0.7421277330264673
[2023-05-10 17:33:55,382][__main__][INFO] - Iteration 0, epoch 146, train accuracy 0.75, loss 0.2571
[2023-05-10 17:33:58,268][__main__][INFO] - Test accuracy - 0.7419838176064443
[2023-05-10 17:33:58,291][__main__][INFO] - Iteration 0, epoch 147, train accuracy 0.75, loss 0.2583
[2023-05-10 17:34:01,137][__main__][INFO] - Test accuracy - 0.7421088176064441
[2023-05-10 17:34:01,163][__main__][INFO] - Iteration 0, epoch 148, train accuracy 0.73, loss 0.2727
[2023-05-10 17:34:03,972][__main__][INFO] - Test accuracy - 0.7420747266973534
[2023-05-10 17:34:03,997][__main__][INFO] - Iteration 0, epoch 149, train accuracy 0.75, loss 0.2560
[2023-05-10 17:34:06,840][__main__][INFO] - Test accuracy - 0.7422167721518989
[2023-05-10 17:34:06,862][__main__][INFO] - Iteration 0, epoch 150, train accuracy 0.73, loss 0.2732
[2023-05-10 17:34:09,664][__main__][INFO] - Test accuracy - 0.7421088176064443
[2023-05-10 17:34:09,685][__main__][INFO] - Iteration 0, epoch 151, train accuracy 0.77, loss 0.2370
[2023-05-10 17:34:12,543][__main__][INFO] - Test accuracy - 0.742258414844649
[2023-05-10 17:34:12,567][__main__][INFO] - Iteration 0, epoch 152, train accuracy 0.74, loss 0.2535
[2023-05-10 17:34:15,390][__main__][INFO] - Test accuracy - 0.7422868239355581
[2023-05-10 17:34:15,409][__main__][INFO] - Iteration 0, epoch 153, train accuracy 0.76, loss 0.2538
[2023-05-10 17:34:18,243][__main__][INFO] - Test accuracy - 0.7420747266973532
[2023-05-10 17:34:18,264][__main__][INFO] - Iteration 0, epoch 154, train accuracy 0.74, loss 0.2727
[2023-05-10 17:34:21,075][__main__][INFO] - Test accuracy - 0.742158084004603
[2023-05-10 17:34:21,096][__main__][INFO] - Iteration 0, epoch 155, train accuracy 0.74, loss 0.2650
[2023-05-10 17:34:23,931][__main__][INFO] - Test accuracy - 0.7423152330264672
[2023-05-10 17:34:23,953][__main__][INFO] - Iteration 0, epoch 156, train accuracy 0.74, loss 0.2601
[2023-05-10 17:34:26,789][__main__][INFO] - Test accuracy - 0.742364499424626
[2023-05-10 17:34:26,815][__main__][INFO] - Iteration 0, epoch 157, train accuracy 0.73, loss 0.2771
[2023-05-10 17:34:29,687][__main__][INFO] - Test accuracy - 0.7424610903337169
[2023-05-10 17:34:29,707][__main__][INFO] - Iteration 0, epoch 158, train accuracy 0.76, loss 0.2530
[2023-05-10 17:34:32,566][__main__][INFO] - Test accuracy - 0.7423720512082853
[2023-05-10 17:34:32,590][__main__][INFO] - Iteration 0, epoch 159, train accuracy 0.74, loss 0.2601
[2023-05-10 17:34:35,415][__main__][INFO] - Test accuracy - 0.7424724539700805
[2023-05-10 17:34:35,435][__main__][INFO] - Iteration 0, epoch 160, train accuracy 0.76, loss 0.2456
[2023-05-10 17:34:38,266][__main__][INFO] - Test accuracy - 0.74241750575374
[2023-05-10 17:34:38,290][__main__][INFO] - Iteration 0, epoch 161, train accuracy 0.74, loss 0.2594
[2023-05-10 17:34:41,116][__main__][INFO] - Test accuracy - 0.7424231875719216
[2023-05-10 17:34:41,147][__main__][INFO] - Iteration 0, epoch 162, train accuracy 0.72, loss 0.2777
[2023-05-10 17:34:43,934][__main__][INFO] - Test accuracy - 0.7425065448791716
[2023-05-10 17:34:43,961][__main__][INFO] - Iteration 0, epoch 163, train accuracy 0.75, loss 0.2576
[2023-05-10 17:34:46,787][__main__][INFO] - Test accuracy - 0.7426031357882622
[2023-05-10 17:34:46,811][__main__][INFO] - Iteration 0, epoch 164, train accuracy 0.77, loss 0.2374
[2023-05-10 17:34:49,670][__main__][INFO] - Test accuracy - 0.7425254602991945
[2023-05-10 17:34:49,693][__main__][INFO] - Iteration 0, epoch 165, train accuracy 0.74, loss 0.2588
[2023-05-10 17:34:52,529][__main__][INFO] - Test accuracy - 0.7425368239355581
[2023-05-10 17:34:52,550][__main__][INFO] - Iteration 0, epoch 166, train accuracy 0.77, loss 0.2337
[2023-05-10 17:34:55,401][__main__][INFO] - Test accuracy - 0.7425633630609897
[2023-05-10 17:34:55,423][__main__][INFO] - Iteration 0, epoch 167, train accuracy 0.75, loss 0.2547
[2023-05-10 17:34:58,280][__main__][INFO] - Test accuracy - 0.7426144994246259
[2023-05-10 17:34:58,304][__main__][INFO] - Iteration 0, epoch 168, train accuracy 0.74, loss 0.2630
[2023-05-10 17:35:01,165][__main__][INFO] - Test accuracy - 0.7427281357882624
[2023-05-10 17:35:01,184][__main__][INFO] - Iteration 0, epoch 169, train accuracy 0.76, loss 0.2371
[2023-05-10 17:35:04,014][__main__][INFO] - Test accuracy - 0.7426088176064443
[2023-05-10 17:35:04,033][__main__][INFO] - Iteration 0, epoch 170, train accuracy 0.75, loss 0.2577
[2023-05-10 17:35:06,877][__main__][INFO] - Test accuracy - 0.7426524021864211
[2023-05-10 17:35:06,899][__main__][INFO] - Iteration 0, epoch 171, train accuracy 0.76, loss 0.2544
[2023-05-10 17:35:09,765][__main__][INFO] - Test accuracy - 0.7425917721518988
[2023-05-10 17:35:09,786][__main__][INFO] - Iteration 0, epoch 172, train accuracy 0.74, loss 0.2637
[2023-05-10 17:35:12,608][__main__][INFO] - Test accuracy - 0.7427735903337169
[2023-05-10 17:35:12,634][__main__][INFO] - Iteration 0, epoch 173, train accuracy 0.74, loss 0.2692
[2023-05-10 17:35:15,505][__main__][INFO] - Test accuracy - 0.7427906357882623
[2023-05-10 17:35:15,527][__main__][INFO] - Iteration 0, epoch 174, train accuracy 0.73, loss 0.2762
[2023-05-10 17:35:18,360][__main__][INFO] - Test accuracy - 0.742739499424626
[2023-05-10 17:35:18,383][__main__][INFO] - Iteration 0, epoch 175, train accuracy 0.75, loss 0.2582
[2023-05-10 17:35:21,265][__main__][INFO] - Test accuracy - 0.742711090333717
[2023-05-10 17:35:21,285][__main__][INFO] - Iteration 0, epoch 176, train accuracy 0.74, loss 0.2582
[2023-05-10 17:35:24,159][__main__][INFO] - Test accuracy - 0.7427735903337169
[2023-05-10 17:35:24,178][__main__][INFO] - Iteration 0, epoch 177, train accuracy 0.75, loss 0.2544
[2023-05-10 17:35:27,041][__main__][INFO] - Test accuracy - 0.7427963176064442
[2023-05-10 17:35:27,067][__main__][INFO] - Iteration 0, epoch 178, train accuracy 0.75, loss 0.2534
[2023-05-10 17:35:29,900][__main__][INFO] - Test accuracy - 0.7428815448791716
[2023-05-10 17:35:29,925][__main__][INFO] - Iteration 0, epoch 179, train accuracy 0.74, loss 0.2675
[2023-05-10 17:35:32,741][__main__][INFO] - Test accuracy - 0.7428247266973532
[2023-05-10 17:35:32,766][__main__][INFO] - Iteration 0, epoch 180, train accuracy 0.76, loss 0.2428
[2023-05-10 17:35:35,577][__main__][INFO] - Test accuracy - 0.7430406357882624
[2023-05-10 17:35:35,596][__main__][INFO] - Iteration 0, epoch 181, train accuracy 0.74, loss 0.2636
[2023-05-10 17:35:38,424][__main__][INFO] - Test accuracy - 0.742883486766398
[2023-05-10 17:35:38,443][__main__][INFO] - Iteration 0, epoch 182, train accuracy 0.75, loss 0.2521
[2023-05-10 17:35:41,217][__main__][INFO] - Test accuracy - 0.7429326812428078
[2023-05-10 17:35:41,245][__main__][INFO] - Iteration 0, epoch 183, train accuracy 0.73, loss 0.2744
[2023-05-10 17:35:44,054][__main__][INFO] - Test accuracy - 0.7429667721518988
[2023-05-10 17:35:44,080][__main__][INFO] - Iteration 0, epoch 184, train accuracy 0.76, loss 0.2482
[2023-05-10 17:35:46,919][__main__][INFO] - Test accuracy - 0.7429800057537399
[2023-05-10 17:35:46,938][__main__][INFO] - Iteration 0, epoch 185, train accuracy 0.71, loss 0.2817
[2023-05-10 17:35:49,815][__main__][INFO] - Test accuracy - 0.7429383630609897
[2023-05-10 17:35:49,838][__main__][INFO] - Iteration 0, epoch 186, train accuracy 0.73, loss 0.2707
[2023-05-10 17:35:52,658][__main__][INFO] - Test accuracy - 0.743017908515535
[2023-05-10 17:35:52,676][__main__][INFO] - Iteration 0, epoch 187, train accuracy 0.73, loss 0.2683
[2023-05-10 17:35:55,498][__main__][INFO] - Test accuracy - 0.7430349539700807
[2023-05-10 17:35:55,521][__main__][INFO] - Iteration 0, epoch 188, train accuracy 0.74, loss 0.2568
[2023-05-10 17:35:58,389][__main__][INFO] - Test accuracy - 0.7432508630609896
[2023-05-10 17:35:58,408][__main__][INFO] - Iteration 0, epoch 189, train accuracy 0.73, loss 0.2687
[2023-05-10 17:36:01,316][__main__][INFO] - Test accuracy - 0.7430576812428078
[2023-05-10 17:36:01,342][__main__][INFO] - Iteration 0, epoch 190, train accuracy 0.73, loss 0.2661
[2023-05-10 17:36:04,184][__main__][INFO] - Test accuracy - 0.7432451812428078
[2023-05-10 17:36:04,213][__main__][INFO] - Iteration 0, epoch 191, train accuracy 0.73, loss 0.2683
[2023-05-10 17:36:07,070][__main__][INFO] - Test accuracy - 0.7432508630609895
[2023-05-10 17:36:07,094][__main__][INFO] - Iteration 0, epoch 192, train accuracy 0.76, loss 0.2510
[2023-05-10 17:36:09,922][__main__][INFO] - Test accuracy - 0.7430065448791715
[2023-05-10 17:36:09,941][__main__][INFO] - Iteration 0, epoch 193, train accuracy 0.73, loss 0.2701
[2023-05-10 17:36:12,800][__main__][INFO] - Test accuracy - 0.7433076812428078
[2023-05-10 17:36:12,821][__main__][INFO] - Iteration 0, epoch 194, train accuracy 0.73, loss 0.2735
[2023-05-10 17:36:15,656][__main__][INFO] - Test accuracy - 0.7430463176064442
[2023-05-10 17:36:15,680][__main__][INFO] - Iteration 0, epoch 195, train accuracy 0.75, loss 0.2575
[2023-05-10 17:36:18,538][__main__][INFO] - Test accuracy - 0.7432167721518987
[2023-05-10 17:36:18,557][__main__][INFO] - Iteration 0, epoch 196, train accuracy 0.75, loss 0.2561
[2023-05-10 17:36:21,435][__main__][INFO] - Test accuracy - 0.743239499424626
[2023-05-10 17:36:21,457][__main__][INFO] - Iteration 0, epoch 197, train accuracy 0.75, loss 0.2492
[2023-05-10 17:36:24,288][__main__][INFO] - Test accuracy - 0.7434213176064443
[2023-05-10 17:36:24,310][__main__][INFO] - Iteration 0, epoch 198, train accuracy 0.75, loss 0.2509
[2023-05-10 17:36:27,154][__main__][INFO] - Test accuracy - 0.7431883630609897
[2023-05-10 17:36:27,174][__main__][INFO] - Iteration 0, epoch 199, train accuracy 0.74, loss 0.2670
[2023-05-10 17:36:30,001][__main__][INFO] - Test accuracy - 0.7432622266973532
[2023-05-10 17:36:30,029][__main__][INFO] - Iteration 0, epoch 200, train accuracy 0.77, loss 0.2308
[2023-05-10 17:36:32,871][__main__][INFO] - Test accuracy - 0.7432792721518989
[2023-05-10 17:36:32,892][__main__][INFO] - Iteration 0, epoch 201, train accuracy 0.73, loss 0.2688
[2023-05-10 17:36:35,770][__main__][INFO] - Test accuracy - 0.7432167721518987
[2023-05-10 17:36:35,789][__main__][INFO] - Iteration 0, epoch 202, train accuracy 0.75, loss 0.2504
[2023-05-10 17:36:38,612][__main__][INFO] - Test accuracy - 0.7433644994246261
[2023-05-10 17:36:38,638][__main__][INFO] - Iteration 0, epoch 203, train accuracy 0.76, loss 0.2424
[2023-05-10 17:36:41,435][__main__][INFO] - Test accuracy - 0.743517908515535
[2023-05-10 17:36:41,456][__main__][INFO] - Iteration 0, epoch 204, train accuracy 0.75, loss 0.2537
[2023-05-10 17:36:44,284][__main__][INFO] - Test accuracy - 0.7436088176064444
[2023-05-10 17:36:44,309][__main__][INFO] - Iteration 0, epoch 205, train accuracy 0.76, loss 0.2376
[2023-05-10 17:36:47,141][__main__][INFO] - Test accuracy - 0.7435292721518987
[2023-05-10 17:36:47,166][__main__][INFO] - Iteration 0, epoch 206, train accuracy 0.75, loss 0.2568
[2023-05-10 17:36:50,020][__main__][INFO] - Test accuracy - 0.7434497266973533
[2023-05-10 17:36:50,040][__main__][INFO] - Iteration 0, epoch 207, train accuracy 0.73, loss 0.2694
[2023-05-10 17:36:52,870][__main__][INFO] - Test accuracy - 0.7433247266973534
[2023-05-10 17:36:52,890][__main__][INFO] - Iteration 0, epoch 208, train accuracy 0.75, loss 0.2572
[2023-05-10 17:36:55,726][__main__][INFO] - Test accuracy - 0.7436315448791714
[2023-05-10 17:36:55,748][__main__][INFO] - Iteration 0, epoch 209, train accuracy 0.76, loss 0.2444
[2023-05-10 17:36:58,609][__main__][INFO] - Test accuracy - 0.7433758630609897
[2023-05-10 17:36:58,627][__main__][INFO] - Iteration 0, epoch 210, train accuracy 0.76, loss 0.2460
[2023-05-10 17:37:01,458][__main__][INFO] - Test accuracy - 0.7434781357882624
[2023-05-10 17:37:01,477][__main__][INFO] - Iteration 0, epoch 211, train accuracy 0.75, loss 0.2497
[2023-05-10 17:37:04,308][__main__][INFO] - Test accuracy - 0.7435406357882623
[2023-05-10 17:37:04,328][__main__][INFO] - Iteration 0, epoch 212, train accuracy 0.75, loss 0.2441
[2023-05-10 17:37:07,175][__main__][INFO] - Test accuracy - 0.7437356875719218
[2023-05-10 17:37:07,195][__main__][INFO] - Iteration 0, epoch 213, train accuracy 0.74, loss 0.2644
[2023-05-10 17:37:10,049][__main__][INFO] - Test accuracy - 0.7434326812428079
[2023-05-10 17:37:10,067][__main__][INFO] - Iteration 0, epoch 214, train accuracy 0.75, loss 0.2564
[2023-05-10 17:37:12,904][__main__][INFO] - Test accuracy - 0.7437622266973534
[2023-05-10 17:37:12,929][__main__][INFO] - Iteration 0, epoch 215, train accuracy 0.74, loss 0.2700
[2023-05-10 17:37:15,773][__main__][INFO] - Test accuracy - 0.7437015247410819
[2023-05-10 17:37:15,792][__main__][INFO] - Iteration 0, epoch 216, train accuracy 0.75, loss 0.2589
[2023-05-10 17:37:18,633][__main__][INFO] - Test accuracy - 0.7437394994246259
[2023-05-10 17:37:18,653][__main__][INFO] - Iteration 0, epoch 217, train accuracy 0.75, loss 0.2567
[2023-05-10 17:37:21,492][__main__][INFO] - Test accuracy - 0.7438265966628308
[2023-05-10 17:37:21,517][__main__][INFO] - Iteration 0, epoch 218, train accuracy 0.72, loss 0.2835
[2023-05-10 17:37:24,345][__main__][INFO] - Test accuracy - 0.7435633630609896
[2023-05-10 17:37:24,369][__main__][INFO] - Iteration 0, epoch 219, train accuracy 0.77, loss 0.2337
[2023-05-10 17:37:27,217][__main__][INFO] - Test accuracy - 0.7438190448791715
[2023-05-10 17:37:27,238][__main__][INFO] - Iteration 0, epoch 220, train accuracy 0.73, loss 0.2695
[2023-05-10 17:37:30,089][__main__][INFO] - Test accuracy - 0.743705408515535
[2023-05-10 17:37:30,113][__main__][INFO] - Iteration 0, epoch 221, train accuracy 0.74, loss 0.2597
[2023-05-10 17:37:32,951][__main__][INFO] - Test accuracy - 0.7436485903337168
[2023-05-10 17:37:32,969][__main__][INFO] - Iteration 0, epoch 222, train accuracy 0.76, loss 0.2396
[2023-05-10 17:37:35,819][__main__][INFO] - Test accuracy - 0.7436713176064443
[2023-05-10 17:37:35,844][__main__][INFO] - Iteration 0, epoch 223, train accuracy 0.75, loss 0.2512
[2023-05-10 17:37:38,672][__main__][INFO] - Test accuracy - 0.7437622266973531
[2023-05-10 17:37:38,695][__main__][INFO] - Iteration 0, epoch 224, train accuracy 0.75, loss 0.2512
[2023-05-10 17:37:41,530][__main__][INFO] - Test accuracy - 0.7439970512082854
[2023-05-10 17:37:41,549][__main__][INFO] - Iteration 0, epoch 225, train accuracy 0.74, loss 0.2645
[2023-05-10 17:37:44,387][__main__][INFO] - Test accuracy - 0.7439610903337169
[2023-05-10 17:37:44,413][__main__][INFO] - Iteration 0, epoch 226, train accuracy 0.72, loss 0.2738
[2023-05-10 17:37:47,248][__main__][INFO] - Test accuracy - 0.7438701812428078
[2023-05-10 17:37:47,271][__main__][INFO] - Iteration 0, epoch 227, train accuracy 0.73, loss 0.2820
[2023-05-10 17:37:50,105][__main__][INFO] - Test accuracy - 0.7439724539700805
[2023-05-10 17:37:50,131][__main__][INFO] - Iteration 0, epoch 228, train accuracy 0.75, loss 0.2554
[2023-05-10 17:37:52,981][__main__][INFO] - Test accuracy - 0.7438929085155351
[2023-05-10 17:37:53,000][__main__][INFO] - Iteration 0, epoch 229, train accuracy 0.75, loss 0.2555
[2023-05-10 17:37:55,814][__main__][INFO] - Test accuracy - 0.7438701812428076
[2023-05-10 17:37:55,835][__main__][INFO] - Iteration 0, epoch 230, train accuracy 0.76, loss 0.2447
[2023-05-10 17:37:58,688][__main__][INFO] - Test accuracy - 0.7439610903337169
[2023-05-10 17:37:58,708][__main__][INFO] - Iteration 0, epoch 231, train accuracy 0.78, loss 0.2175
[2023-05-10 17:38:01,548][__main__][INFO] - Test accuracy - 0.7440974539700806
[2023-05-10 17:38:01,572][__main__][INFO] - Iteration 0, epoch 232, train accuracy 0.73, loss 0.2651
[2023-05-10 17:38:04,414][__main__][INFO] - Test accuracy - 0.7440747266973534
[2023-05-10 17:38:04,439][__main__][INFO] - Iteration 0, epoch 233, train accuracy 0.77, loss 0.2325
[2023-05-10 17:38:07,269][__main__][INFO] - Test accuracy - 0.7440008630609896
[2023-05-10 17:38:07,301][__main__][INFO] - Iteration 0, epoch 234, train accuracy 0.74, loss 0.2661
[2023-05-10 17:38:10,149][__main__][INFO] - Test accuracy - 0.7441088176064441
[2023-05-10 17:38:10,168][__main__][INFO] - Iteration 0, epoch 235, train accuracy 0.73, loss 0.2717
[2023-05-10 17:38:13,015][__main__][INFO] - Test accuracy - 0.7440822784810126
[2023-05-10 17:38:13,040][__main__][INFO] - Iteration 0, epoch 236, train accuracy 0.75, loss 0.2625
[2023-05-10 17:38:15,873][__main__][INFO] - Test accuracy - 0.7442356875719217
[2023-05-10 17:38:15,892][__main__][INFO] - Iteration 0, epoch 237, train accuracy 0.77, loss 0.2344
[2023-05-10 17:38:18,743][__main__][INFO] - Test accuracy - 0.7442205120828539
[2023-05-10 17:38:18,766][__main__][INFO] - Iteration 0, epoch 238, train accuracy 0.73, loss 0.2657
[2023-05-10 17:38:21,582][__main__][INFO] - Test accuracy - 0.7440463176064444
[2023-05-10 17:38:21,600][__main__][INFO] - Iteration 0, epoch 239, train accuracy 0.75, loss 0.2541
[2023-05-10 17:38:24,447][__main__][INFO] - Test accuracy - 0.7441258630609897
[2023-05-10 17:38:24,466][__main__][INFO] - Iteration 0, epoch 240, train accuracy 0.74, loss 0.2618
[2023-05-10 17:38:27,313][__main__][INFO] - Test accuracy - 0.7443076812428079
[2023-05-10 17:38:27,338][__main__][INFO] - Iteration 0, epoch 241, train accuracy 0.75, loss 0.2529
[2023-05-10 17:38:30,183][__main__][INFO] - Test accuracy - 0.7442394994246261
[2023-05-10 17:38:30,203][__main__][INFO] - Iteration 0, epoch 242, train accuracy 0.77, loss 0.2362
[2023-05-10 17:38:33,074][__main__][INFO] - Test accuracy - 0.7443190448791716
[2023-05-10 17:38:33,093][__main__][INFO] - Iteration 0, epoch 243, train accuracy 0.74, loss 0.2537
[2023-05-10 17:38:35,939][__main__][INFO] - Test accuracy - 0.7443076812428079
[2023-05-10 17:38:35,959][__main__][INFO] - Iteration 0, epoch 244, train accuracy 0.78, loss 0.2285
[2023-05-10 17:38:38,816][__main__][INFO] - Test accuracy - 0.744336090333717
[2023-05-10 17:38:38,840][__main__][INFO] - Iteration 0, epoch 245, train accuracy 0.74, loss 0.2578
[2023-05-10 17:38:41,685][__main__][INFO] - Test accuracy - 0.7443133630609896
[2023-05-10 17:38:41,713][__main__][INFO] - Iteration 0, epoch 246, train accuracy 0.76, loss 0.2501
[2023-05-10 17:38:44,562][__main__][INFO] - Test accuracy - 0.7442792721518987
[2023-05-10 17:38:44,587][__main__][INFO] - Iteration 0, epoch 247, train accuracy 0.77, loss 0.2416
[2023-05-10 17:38:47,484][__main__][INFO] - Test accuracy - 0.7443985903337169
[2023-05-10 17:38:47,507][__main__][INFO] - Iteration 0, epoch 248, train accuracy 0.77, loss 0.2399
[2023-05-10 17:38:50,356][__main__][INFO] - Test accuracy - 0.7444781357882623
[2023-05-10 17:38:50,385][__main__][INFO] - Iteration 0, epoch 249, train accuracy 0.76, loss 0.2470
[2023-05-10 17:38:53,199][__main__][INFO] - Test accuracy - 0.7444838176064441
[2023-05-10 17:38:53,224][__main__][INFO] - Iteration 0, epoch 250, train accuracy 0.75, loss 0.2594
[2023-05-10 17:38:56,057][__main__][INFO] - Test accuracy - 0.7445008630609897
[2023-05-10 17:38:56,080][__main__][INFO] - Iteration 0, epoch 251, train accuracy 0.76, loss 0.2455
[2023-05-10 17:38:58,929][__main__][INFO] - Test accuracy - 0.7445917721518988
[2023-05-10 17:38:58,948][__main__][INFO] - Iteration 0, epoch 252, train accuracy 0.75, loss 0.2479
[2023-05-10 17:39:01,818][__main__][INFO] - Test accuracy - 0.7444913693901035
[2023-05-10 17:39:01,843][__main__][INFO] - Iteration 0, epoch 253, train accuracy 0.75, loss 0.2524
[2023-05-10 17:39:04,710][__main__][INFO] - Test accuracy - 0.7445538693901035
[2023-05-10 17:39:04,729][__main__][INFO] - Iteration 0, epoch 254, train accuracy 0.77, loss 0.2400
[2023-05-10 17:39:07,569][__main__][INFO] - Test accuracy - 0.7444667721518986
[2023-05-10 17:39:07,594][__main__][INFO] - Iteration 0, epoch 255, train accuracy 0.76, loss 0.2469
[2023-05-10 17:39:10,417][__main__][INFO] - Test accuracy - 0.7446769994246261
[2023-05-10 17:39:10,443][__main__][INFO] - Iteration 0, epoch 256, train accuracy 0.74, loss 0.2582
[2023-05-10 17:39:13,278][__main__][INFO] - Test accuracy - 0.744455408515535
[2023-05-10 17:39:13,303][__main__][INFO] - Iteration 0, epoch 257, train accuracy 0.78, loss 0.2265
[2023-05-10 17:39:16,185][__main__][INFO] - Test accuracy - 0.7445292721518988
[2023-05-10 17:39:16,209][__main__][INFO] - Iteration 0, epoch 258, train accuracy 0.75, loss 0.2466
[2023-05-10 17:39:19,066][__main__][INFO] - Test accuracy - 0.744661823935558
[2023-05-10 17:39:19,098][__main__][INFO] - Iteration 0, epoch 259, train accuracy 0.72, loss 0.2810
[2023-05-10 17:39:21,942][__main__][INFO] - Test accuracy - 0.7446826812428078
[2023-05-10 17:39:21,964][__main__][INFO] - Iteration 0, epoch 260, train accuracy 0.76, loss 0.2450
[2023-05-10 17:39:24,804][__main__][INFO] - Test accuracy - 0.744523590333717
[2023-05-10 17:39:24,832][__main__][INFO] - Iteration 0, epoch 261, train accuracy 0.73, loss 0.2691
[2023-05-10 17:39:27,662][__main__][INFO] - Test accuracy - 0.7446390966628308
[2023-05-10 17:39:27,686][__main__][INFO] - Iteration 0, epoch 262, train accuracy 0.74, loss 0.2730
[2023-05-10 17:39:30,543][__main__][INFO] - Test accuracy - 0.7445974539700806
[2023-05-10 17:39:30,564][__main__][INFO] - Iteration 0, epoch 263, train accuracy 0.74, loss 0.2620
[2023-05-10 17:39:33,438][__main__][INFO] - Test accuracy - 0.7446258630609897
[2023-05-10 17:39:33,462][__main__][INFO] - Iteration 0, epoch 264, train accuracy 0.75, loss 0.2576
[2023-05-10 17:39:36,297][__main__][INFO] - Test accuracy - 0.7446883630609897
[2023-05-10 17:39:36,322][__main__][INFO] - Iteration 0, epoch 265, train accuracy 0.73, loss 0.2705
[2023-05-10 17:39:39,159][__main__][INFO] - Test accuracy - 0.744633414844649
[2023-05-10 17:39:39,183][__main__][INFO] - Iteration 0, epoch 266, train accuracy 0.76, loss 0.2414
[2023-05-10 17:39:42,015][__main__][INFO] - Test accuracy - 0.7447716484464902
[2023-05-10 17:39:42,041][__main__][INFO] - Iteration 0, epoch 267, train accuracy 0.75, loss 0.2503
[2023-05-10 17:39:44,917][__main__][INFO] - Test accuracy - 0.7447640966628309
[2023-05-10 17:39:44,941][__main__][INFO] - Iteration 0, epoch 268, train accuracy 0.75, loss 0.2541
[2023-05-10 17:39:47,789][__main__][INFO] - Test accuracy - 0.7447508630609896
[2023-05-10 17:39:47,812][__main__][INFO] - Iteration 0, epoch 269, train accuracy 0.74, loss 0.2704
[2023-05-10 17:39:50,667][__main__][INFO] - Test accuracy - 0.7447906357882623
[2023-05-10 17:39:50,692][__main__][INFO] - Iteration 0, epoch 270, train accuracy 0.74, loss 0.2683
[2023-05-10 17:39:53,536][__main__][INFO] - Test accuracy - 0.7448474539700805
[2023-05-10 17:39:53,557][__main__][INFO] - Iteration 0, epoch 271, train accuracy 0.77, loss 0.2303
[2023-05-10 17:39:56,411][__main__][INFO] - Test accuracy - 0.7450481875719217
[2023-05-10 17:39:56,436][__main__][INFO] - Iteration 0, epoch 272, train accuracy 0.74, loss 0.2626
[2023-05-10 17:39:59,329][__main__][INFO] - Test accuracy - 0.7448947784810126
[2023-05-10 17:39:59,355][__main__][INFO] - Iteration 0, epoch 273, train accuracy 0.74, loss 0.2726
[2023-05-10 17:40:02,211][__main__][INFO] - Test accuracy - 0.744908012082854
[2023-05-10 17:40:02,236][__main__][INFO] - Iteration 0, epoch 274, train accuracy 0.74, loss 0.2627
[2023-05-10 17:40:05,075][__main__][INFO] - Test accuracy - 0.744898590333717
[2023-05-10 17:40:05,094][__main__][INFO] - Iteration 0, epoch 275, train accuracy 0.76, loss 0.2441
[2023-05-10 17:40:07,965][__main__][INFO] - Test accuracy - 0.7449913693901036
[2023-05-10 17:40:07,985][__main__][INFO] - Iteration 0, epoch 276, train accuracy 0.76, loss 0.2445
[2023-05-10 17:40:10,847][__main__][INFO] - Test accuracy - 0.7451883630609896
[2023-05-10 17:40:10,866][__main__][INFO] - Iteration 0, epoch 277, train accuracy 0.73, loss 0.2715
[2023-05-10 17:40:13,692][__main__][INFO] - Test accuracy - 0.7451334148446489
[2023-05-10 17:40:13,715][__main__][INFO] - Iteration 0, epoch 278, train accuracy 0.76, loss 0.2458
[2023-05-10 17:40:16,564][__main__][INFO] - Test accuracy - 0.7450765966628308
[2023-05-10 17:40:16,585][__main__][INFO] - Iteration 0, epoch 279, train accuracy 0.76, loss 0.2507
[2023-05-10 17:40:19,409][__main__][INFO] - Test accuracy - 0.7451883630609896
[2023-05-10 17:40:19,429][__main__][INFO] - Iteration 0, epoch 280, train accuracy 0.76, loss 0.2538
[2023-05-10 17:40:22,274][__main__][INFO] - Test accuracy - 0.7451883630609896
[2023-05-10 17:40:22,299][__main__][INFO] - Iteration 0, epoch 281, train accuracy 0.74, loss 0.2602
[2023-05-10 17:40:25,163][__main__][INFO] - Test accuracy - 0.7451656357882623
[2023-05-10 17:40:25,182][__main__][INFO] - Iteration 0, epoch 282, train accuracy 0.76, loss 0.2454
[2023-05-10 17:40:28,051][__main__][INFO] - Test accuracy - 0.7451485903337169
[2023-05-10 17:40:28,070][__main__][INFO] - Iteration 0, epoch 283, train accuracy 0.75, loss 0.2539
[2023-05-10 17:40:30,934][__main__][INFO] - Test accuracy - 0.7453701812428078
[2023-05-10 17:40:30,957][__main__][INFO] - Iteration 0, epoch 284, train accuracy 0.76, loss 0.2481
[2023-05-10 17:40:33,791][__main__][INFO] - Test accuracy - 0.7454667721518987
[2023-05-10 17:40:33,811][__main__][INFO] - Iteration 0, epoch 285, train accuracy 0.77, loss 0.2327
[2023-05-10 17:40:36,645][__main__][INFO] - Test accuracy - 0.745273590333717
[2023-05-10 17:40:36,668][__main__][INFO] - Iteration 0, epoch 286, train accuracy 0.75, loss 0.2563
[2023-05-10 17:40:39,507][__main__][INFO] - Test accuracy - 0.7453190448791716
[2023-05-10 17:40:39,532][__main__][INFO] - Iteration 0, epoch 287, train accuracy 0.77, loss 0.2344
[2023-05-10 17:40:42,360][__main__][INFO] - Test accuracy - 0.7452981875719218
[2023-05-10 17:40:42,383][__main__][INFO] - Iteration 0, epoch 288, train accuracy 0.76, loss 0.2510
[2023-05-10 17:40:45,228][__main__][INFO] - Test accuracy - 0.7452716484464902
[2023-05-10 17:40:45,247][__main__][INFO] - Iteration 0, epoch 289, train accuracy 0.75, loss 0.2479
[2023-05-10 17:40:48,106][__main__][INFO] - Test accuracy - 0.7453890966628308
[2023-05-10 17:40:48,132][__main__][INFO] - Iteration 0, epoch 290, train accuracy 0.76, loss 0.2472
[2023-05-10 17:40:50,966][__main__][INFO] - Test accuracy - 0.7454099539700806
[2023-05-10 17:40:50,989][__main__][INFO] - Iteration 0, epoch 291, train accuracy 0.75, loss 0.2560
[2023-05-10 17:40:53,851][__main__][INFO] - Test accuracy - 0.7453247266973532
[2023-05-10 17:40:53,871][__main__][INFO] - Iteration 0, epoch 292, train accuracy 0.75, loss 0.2496
[2023-05-10 17:40:56,713][__main__][INFO] - Test accuracy - 0.7453000575373993
[2023-05-10 17:40:56,737][__main__][INFO] - Iteration 0, epoch 293, train accuracy 0.75, loss 0.2485
[2023-05-10 17:40:59,621][__main__][INFO] - Test accuracy - 0.7453190448791716
[2023-05-10 17:40:59,640][__main__][INFO] - Iteration 0, epoch 294, train accuracy 0.75, loss 0.2502
[2023-05-10 17:41:02,501][__main__][INFO] - Test accuracy - 0.7453796029919448
[2023-05-10 17:41:02,526][__main__][INFO] - Iteration 0, epoch 295, train accuracy 0.75, loss 0.2540
[2023-05-10 17:41:05,365][__main__][INFO] - Test accuracy - 0.7453947784810127
[2023-05-10 17:41:05,388][__main__][INFO] - Iteration 0, epoch 296, train accuracy 0.74, loss 0.2684
[2023-05-10 17:41:08,229][__main__][INFO] - Test accuracy - 0.7454382911392404
[2023-05-10 17:41:08,252][__main__][INFO] - Iteration 0, epoch 297, train accuracy 0.77, loss 0.2368
[2023-05-10 17:41:11,103][__main__][INFO] - Test accuracy - 0.7456277330264672
[2023-05-10 17:41:11,122][__main__][INFO] - Iteration 0, epoch 298, train accuracy 0.76, loss 0.2461
[2023-05-10 17:41:13,984][__main__][INFO] - Test accuracy - 0.7456713176064443
[2023-05-10 17:41:14,003][__main__][INFO] - Iteration 0, epoch 299, train accuracy 0.76, loss 0.2379
[2023-05-10 17:41:16,903][__main__][INFO] - Test accuracy - 0.7456542721518988
[2023-05-10 17:41:16,921][__main__][INFO] - Iteration 0, epoch 300, train accuracy 0.77, loss 0.2350
[2023-05-10 17:41:19,813][__main__][INFO] - Test accuracy - 0.7455557393555811
[2023-05-10 17:41:19,832][__main__][INFO] - Iteration 0, epoch 301, train accuracy 0.74, loss 0.2599
[2023-05-10 17:41:22,694][__main__][INFO] - Test accuracy - 0.7456750575373993
[2023-05-10 17:41:22,712][__main__][INFO] - Iteration 0, epoch 302, train accuracy 0.77, loss 0.2424
[2023-05-10 17:41:25,532][__main__][INFO] - Test accuracy - 0.7455974539700805
[2023-05-10 17:41:25,554][__main__][INFO] - Iteration 0, epoch 303, train accuracy 0.75, loss 0.2544
[2023-05-10 17:41:28,441][__main__][INFO] - Test accuracy - 0.7457224539700804
[2023-05-10 17:41:28,461][__main__][INFO] - Iteration 0, epoch 304, train accuracy 0.76, loss 0.2455
[2023-05-10 17:41:31,306][__main__][INFO] - Test accuracy - 0.7455235184119676
[2023-05-10 17:41:31,329][__main__][INFO] - Iteration 0, epoch 305, train accuracy 0.76, loss 0.2434
[2023-05-10 17:41:34,193][__main__][INFO] - Test accuracy - 0.7457318757192174
[2023-05-10 17:41:34,214][__main__][INFO] - Iteration 0, epoch 306, train accuracy 0.76, loss 0.2472
[2023-05-10 17:41:37,063][__main__][INFO] - Test accuracy - 0.7458038693901036
[2023-05-10 17:41:37,088][__main__][INFO] - Iteration 0, epoch 307, train accuracy 0.76, loss 0.2447
[2023-05-10 17:41:39,944][__main__][INFO] - Test accuracy - 0.7456315448791716
[2023-05-10 17:41:39,963][__main__][INFO] - Iteration 0, epoch 308, train accuracy 0.77, loss 0.2311
[2023-05-10 17:41:42,816][__main__][INFO] - Test accuracy - 0.7456617520138089
[2023-05-10 17:41:42,840][__main__][INFO] - Iteration 0, epoch 309, train accuracy 0.75, loss 0.2598
[2023-05-10 17:41:45,687][__main__][INFO] - Test accuracy - 0.7457622266973533
[2023-05-10 17:41:45,709][__main__][INFO] - Iteration 0, epoch 310, train accuracy 0.74, loss 0.2643
[2023-05-10 17:41:48,565][__main__][INFO] - Test accuracy - 0.7457054085155351
[2023-05-10 17:41:48,584][__main__][INFO] - Iteration 0, epoch 311, train accuracy 0.74, loss 0.2524
[2023-05-10 17:41:51,437][__main__][INFO] - Test accuracy - 0.7458265966628308
[2023-05-10 17:41:51,456][__main__][INFO] - Iteration 0, epoch 312, train accuracy 0.74, loss 0.2583
[2023-05-10 17:41:54,295][__main__][INFO] - Test accuracy - 0.7457735184119678
[2023-05-10 17:41:54,320][__main__][INFO] - Iteration 0, epoch 313, train accuracy 0.74, loss 0.2574
[2023-05-10 17:41:57,184][__main__][INFO] - Test accuracy - 0.7457981875719217
[2023-05-10 17:41:57,205][__main__][INFO] - Iteration 0, epoch 314, train accuracy 0.72, loss 0.2757
[2023-05-10 17:42:00,054][__main__][INFO] - Test accuracy - 0.7458057393555811
[2023-05-10 17:42:00,072][__main__][INFO] - Iteration 0, epoch 315, train accuracy 0.72, loss 0.2739
[2023-05-10 17:42:02,932][__main__][INFO] - Test accuracy - 0.7460084148446491
[2023-05-10 17:42:02,958][__main__][INFO] - Iteration 0, epoch 316, train accuracy 0.75, loss 0.2578
[2023-05-10 17:42:05,785][__main__][INFO] - Test accuracy - 0.7460311421173763
[2023-05-10 17:42:05,808][__main__][INFO] - Iteration 0, epoch 317, train accuracy 0.76, loss 0.2428
[2023-05-10 17:42:08,652][__main__][INFO] - Test accuracy - 0.7459629602991943
[2023-05-10 17:42:08,678][__main__][INFO] - Iteration 0, epoch 318, train accuracy 0.75, loss 0.2552
[2023-05-10 17:42:11,530][__main__][INFO] - Test accuracy - 0.7459856875719217
[2023-05-10 17:42:11,549][__main__][INFO] - Iteration 0, epoch 319, train accuracy 0.73, loss 0.2699
[2023-05-10 17:42:14,386][__main__][INFO] - Test accuracy - 0.7459913693901036
[2023-05-10 17:42:14,409][__main__][INFO] - Iteration 0, epoch 320, train accuracy 0.75, loss 0.2511
[2023-05-10 17:42:17,265][__main__][INFO] - Test accuracy - 0.7456448504027618
[2023-05-10 17:42:17,292][__main__][INFO] - Iteration 0, epoch 321, train accuracy 0.75, loss 0.2519
[2023-05-10 17:42:20,116][__main__][INFO] - Test accuracy - 0.745974323935558
[2023-05-10 17:42:20,141][__main__][INFO] - Iteration 0, epoch 322, train accuracy 0.74, loss 0.2646
[2023-05-10 17:42:22,939][__main__][INFO] - Test accuracy - 0.7460330120828538
[2023-05-10 17:42:22,958][__main__][INFO] - Iteration 0, epoch 323, train accuracy 0.76, loss 0.2474
[2023-05-10 17:42:25,834][__main__][INFO] - Test accuracy - 0.7461011939010356
[2023-05-10 17:42:25,858][__main__][INFO] - Iteration 0, epoch 324, train accuracy 0.76, loss 0.2470
[2023-05-10 17:42:28,717][__main__][INFO] - Test accuracy - 0.7461163693901035
[2023-05-10 17:42:28,745][__main__][INFO] - Iteration 0, epoch 325, train accuracy 0.74, loss 0.2607
[2023-05-10 17:42:31,606][__main__][INFO] - Test accuracy - 0.7461125575373994
[2023-05-10 17:42:31,627][__main__][INFO] - Iteration 0, epoch 326, train accuracy 0.74, loss 0.2665
[2023-05-10 17:42:34,452][__main__][INFO] - Test accuracy - 0.7460878883774452
[2023-05-10 17:42:34,473][__main__][INFO] - Iteration 0, epoch 327, train accuracy 0.76, loss 0.2438
[2023-05-10 17:42:37,357][__main__][INFO] - Test accuracy - 0.746142836593786
[2023-05-10 17:42:37,376][__main__][INFO] - Iteration 0, epoch 328, train accuracy 0.77, loss 0.2394
[2023-05-10 17:42:40,255][__main__][INFO] - Test accuracy - 0.7461523302646721
[2023-05-10 17:42:40,281][__main__][INFO] - Iteration 0, epoch 329, train accuracy 0.76, loss 0.2418
[2023-05-10 17:42:43,148][__main__][INFO] - Test accuracy - 0.7461694476409666
[2023-05-10 17:42:43,173][__main__][INFO] - Iteration 0, epoch 330, train accuracy 0.75, loss 0.2589
[2023-05-10 17:42:46,030][__main__][INFO] - Test accuracy - 0.7461996547756041
[2023-05-10 17:42:46,051][__main__][INFO] - Iteration 0, epoch 331, train accuracy 0.72, loss 0.2804
[2023-05-10 17:42:48,915][__main__][INFO] - Test accuracy - 0.7461617520138091
[2023-05-10 17:42:48,935][__main__][INFO] - Iteration 0, epoch 332, train accuracy 0.76, loss 0.2437
[2023-05-10 17:42:51,765][__main__][INFO] - Test accuracy - 0.7461428365937859
[2023-05-10 17:42:51,785][__main__][INFO] - Iteration 0, epoch 333, train accuracy 0.73, loss 0.2747
[2023-05-10 17:42:54,636][__main__][INFO] - Test accuracy - 0.7461788693901035
[2023-05-10 17:42:54,658][__main__][INFO] - Iteration 0, epoch 334, train accuracy 0.75, loss 0.2571
[2023-05-10 17:42:57,514][__main__][INFO] - Test accuracy - 0.7462186421173762
[2023-05-10 17:42:57,536][__main__][INFO] - Iteration 0, epoch 335, train accuracy 0.76, loss 0.2510
[2023-05-10 17:43:00,393][__main__][INFO] - Test accuracy - 0.7463246547756041
[2023-05-10 17:43:00,417][__main__][INFO] - Iteration 0, epoch 336, train accuracy 0.74, loss 0.2684
[2023-05-10 17:43:03,239][__main__][INFO] - Test accuracy - 0.7462886939010357
[2023-05-10 17:43:03,265][__main__][INFO] - Iteration 0, epoch 337, train accuracy 0.77, loss 0.2356
[2023-05-10 17:43:06,126][__main__][INFO] - Test accuracy - 0.7460671749136939
[2023-05-10 17:43:06,145][__main__][INFO] - Iteration 0, epoch 338, train accuracy 0.74, loss 0.2597
[2023-05-10 17:43:08,974][__main__][INFO] - Test accuracy - 0.746379602991945
[2023-05-10 17:43:08,996][__main__][INFO] - Iteration 0, epoch 339, train accuracy 0.74, loss 0.2668
[2023-05-10 17:43:11,835][__main__][INFO] - Test accuracy - 0.7463985184119679
[2023-05-10 17:43:11,854][__main__][INFO] - Iteration 0, epoch 340, train accuracy 0.75, loss 0.2567
[2023-05-10 17:43:14,716][__main__][INFO] - Test accuracy - 0.7464951093210587
[2023-05-10 17:43:14,736][__main__][INFO] - Iteration 0, epoch 341, train accuracy 0.73, loss 0.2691
[2023-05-10 17:43:17,583][__main__][INFO] - Test accuracy - 0.7463114930955121
[2023-05-10 17:43:17,607][__main__][INFO] - Iteration 0, epoch 342, train accuracy 0.73, loss 0.2671
[2023-05-10 17:43:20,459][__main__][INFO] - Test accuracy - 0.7465651611047179
[2023-05-10 17:43:20,486][__main__][INFO] - Iteration 0, epoch 343, train accuracy 0.74, loss 0.2578
[2023-05-10 17:43:23,331][__main__][INFO] - Test accuracy - 0.7465746547756041
[2023-05-10 17:43:23,352][__main__][INFO] - Iteration 0, epoch 344, train accuracy 0.71, loss 0.2918
[2023-05-10 17:43:26,214][__main__][INFO] - Test accuracy - 0.7464024021864212
[2023-05-10 17:43:26,242][__main__][INFO] - Iteration 0, epoch 345, train accuracy 0.77, loss 0.2348
[2023-05-10 17:43:29,086][__main__][INFO] - Test accuracy - 0.7466314729574223
[2023-05-10 17:43:29,106][__main__][INFO] - Iteration 0, epoch 346, train accuracy 0.75, loss 0.2466
[2023-05-10 17:43:31,943][__main__][INFO] - Test accuracy - 0.7465632911392407
[2023-05-10 17:43:31,962][__main__][INFO] - Iteration 0, epoch 347, train accuracy 0.76, loss 0.2446
[2023-05-10 17:43:34,814][__main__][INFO] - Test accuracy - 0.746676927502877
[2023-05-10 17:43:34,837][__main__][INFO] - Iteration 0, epoch 348, train accuracy 0.73, loss 0.2647
[2023-05-10 17:43:37,673][__main__][INFO] - Test accuracy - 0.7465594792865363
[2023-05-10 17:43:37,692][__main__][INFO] - Iteration 0, epoch 349, train accuracy 0.76, loss 0.2450
[2023-05-10 17:43:40,525][__main__][INFO] - Test accuracy - 0.7466655638665132
[2023-05-10 17:43:40,553][__main__][INFO] - Iteration 0, epoch 350, train accuracy 0.76, loss 0.2476
[2023-05-10 17:43:43,403][__main__][INFO] - Test accuracy - 0.746705336593786
[2023-05-10 17:43:43,423][__main__][INFO] - Iteration 0, epoch 351, train accuracy 0.73, loss 0.2673
[2023-05-10 17:43:46,280][__main__][INFO] - Test accuracy - 0.7465993239355581
[2023-05-10 17:43:46,303][__main__][INFO] - Iteration 0, epoch 352, train accuracy 0.76, loss 0.2485
[2023-05-10 17:43:49,170][__main__][INFO] - Test accuracy - 0.7465538693901036
[2023-05-10 17:43:49,190][__main__][INFO] - Iteration 0, epoch 353, train accuracy 0.74, loss 0.2696
[2023-05-10 17:43:52,021][__main__][INFO] - Test accuracy - 0.7467223820483313
[2023-05-10 17:43:52,042][__main__][INFO] - Iteration 0, epoch 354, train accuracy 0.76, loss 0.2513
[2023-05-10 17:43:54,938][__main__][INFO] - Test accuracy - 0.7465349539700804
[2023-05-10 17:43:54,957][__main__][INFO] - Iteration 0, epoch 355, train accuracy 0.75, loss 0.2528
[2023-05-10 17:43:57,835][__main__][INFO] - Test accuracy - 0.7467830120828538
[2023-05-10 17:43:57,860][__main__][INFO] - Iteration 0, epoch 356, train accuracy 0.75, loss 0.2505
[2023-05-10 17:44:00,737][__main__][INFO] - Test accuracy - 0.7467394275028769
[2023-05-10 17:44:00,757][__main__][INFO] - Iteration 0, epoch 357, train accuracy 0.77, loss 0.2366
[2023-05-10 17:44:03,598][__main__][INFO] - Test accuracy - 0.7465955840046029
[2023-05-10 17:44:03,617][__main__][INFO] - Iteration 0, epoch 358, train accuracy 0.73, loss 0.2664
[2023-05-10 17:44:06,447][__main__][INFO] - Test accuracy - 0.7469042002301495
[2023-05-10 17:44:06,469][__main__][INFO] - Iteration 0, epoch 359, train accuracy 0.74, loss 0.2590
[2023-05-10 17:44:09,300][__main__][INFO] - Test accuracy - 0.7469193757192175
[2023-05-10 17:44:09,319][__main__][INFO] - Iteration 0, epoch 360, train accuracy 0.75, loss 0.2581
[2023-05-10 17:44:12,172][__main__][INFO] - Test accuracy - 0.7466410385500576
[2023-05-10 17:44:12,197][__main__][INFO] - Iteration 0, epoch 361, train accuracy 0.75, loss 0.2482
[2023-05-10 17:44:15,025][__main__][INFO] - Test accuracy - 0.7469534666283084
[2023-05-10 17:44:15,043][__main__][INFO] - Iteration 0, epoch 362, train accuracy 0.73, loss 0.2653
[2023-05-10 17:44:17,879][__main__][INFO] - Test accuracy - 0.7468493239355581
[2023-05-10 17:44:17,907][__main__][INFO] - Iteration 0, epoch 363, train accuracy 0.74, loss 0.2653
[2023-05-10 17:44:20,761][__main__][INFO] - Test accuracy - 0.7469686421173762
[2023-05-10 17:44:20,780][__main__][INFO] - Iteration 0, epoch 364, train accuracy 0.73, loss 0.2662
[2023-05-10 17:44:23,636][__main__][INFO] - Test accuracy - 0.7469705120828539
[2023-05-10 17:44:23,655][__main__][INFO] - Iteration 0, epoch 365, train accuracy 0.74, loss 0.2631
[2023-05-10 17:44:26,476][__main__][INFO] - Test accuracy - 0.7468966484464901
[2023-05-10 17:44:26,496][__main__][INFO] - Iteration 0, epoch 366, train accuracy 0.76, loss 0.2363
[2023-05-10 17:44:29,322][__main__][INFO] - Test accuracy - 0.7470576093210588
[2023-05-10 17:44:29,343][__main__][INFO] - Iteration 0, epoch 367, train accuracy 0.75, loss 0.2509
[2023-05-10 17:44:32,163][__main__][INFO] - Test accuracy - 0.7469932393555809
[2023-05-10 17:44:32,185][__main__][INFO] - Iteration 0, epoch 368, train accuracy 0.77, loss 0.2307
[2023-05-10 17:44:34,993][__main__][INFO] - Test accuracy - 0.7470046029919447
[2023-05-10 17:44:35,014][__main__][INFO] - Iteration 0, epoch 369, train accuracy 0.74, loss 0.2645
[2023-05-10 17:44:37,854][__main__][INFO] - Test accuracy - 0.7467035385500577
[2023-05-10 17:44:37,874][__main__][INFO] - Iteration 0, epoch 370, train accuracy 0.74, loss 0.2615
[2023-05-10 17:44:40,756][__main__][INFO] - Test accuracy - 0.7469326812428079
[2023-05-10 17:44:40,777][__main__][INFO] - Iteration 0, epoch 371, train accuracy 0.76, loss 0.2443
[2023-05-10 17:44:43,599][__main__][INFO] - Test accuracy - 0.74710500575374
[2023-05-10 17:44:43,622][__main__][INFO] - Iteration 0, epoch 372, train accuracy 0.75, loss 0.2570
[2023-05-10 17:44:46,427][__main__][INFO] - Test accuracy - 0.7470652330264671
[2023-05-10 17:44:46,452][__main__][INFO] - Iteration 0, epoch 373, train accuracy 0.77, loss 0.2315
[2023-05-10 17:44:49,281][__main__][INFO] - Test accuracy - 0.7471125575373992
[2023-05-10 17:44:49,301][__main__][INFO] - Iteration 0, epoch 374, train accuracy 0.78, loss 0.2259
[2023-05-10 17:44:52,143][__main__][INFO] - Test accuracy - 0.7472300057537399
[2023-05-10 17:44:52,164][__main__][INFO] - Iteration 0, epoch 375, train accuracy 0.74, loss 0.2648
[2023-05-10 17:44:55,093][__main__][INFO] - Test accuracy - 0.7471182393555811
[2023-05-10 17:44:55,119][__main__][INFO] - Iteration 0, epoch 376, train accuracy 0.77, loss 0.2358
[2023-05-10 17:44:57,884][__main__][INFO] - Test accuracy - 0.7468796749136939
[2023-05-10 17:44:57,902][__main__][INFO] - Iteration 0, epoch 377, train accuracy 0.73, loss 0.2702
[2023-05-10 17:45:00,633][__main__][INFO] - Test accuracy - 0.7471921029919447
[2023-05-10 17:45:00,653][__main__][INFO] - Iteration 0, epoch 378, train accuracy 0.75, loss 0.2569
[2023-05-10 17:45:03,663][__main__][INFO] - Test accuracy - 0.7471277330264671
[2023-05-10 17:45:03,693][__main__][INFO] - Iteration 0, epoch 379, train accuracy 0.74, loss 0.2628
[2023-05-10 17:45:06,486][__main__][INFO] - Test accuracy - 0.7472868239355581
[2023-05-10 17:45:06,512][__main__][INFO] - Iteration 0, epoch 380, train accuracy 0.76, loss 0.2435
[2023-05-10 17:45:09,433][__main__][INFO] - Test accuracy - 0.7473777330264672
[2023-05-10 17:45:09,453][__main__][INFO] - Iteration 0, epoch 381, train accuracy 0.75, loss 0.2566
[2023-05-10 17:45:12,268][__main__][INFO] - Test accuracy - 0.7473322784810127
[2023-05-10 17:45:12,293][__main__][INFO] - Iteration 0, epoch 382, train accuracy 0.73, loss 0.2689
[2023-05-10 17:45:15,173][__main__][INFO] - Test accuracy - 0.74729250575374
[2023-05-10 17:45:15,191][__main__][INFO] - Iteration 0, epoch 383, train accuracy 0.76, loss 0.2451
[2023-05-10 17:45:18,137][__main__][INFO] - Test accuracy - 0.7474629602991946
[2023-05-10 17:45:18,164][__main__][INFO] - Iteration 0, epoch 384, train accuracy 0.73, loss 0.2771
[2023-05-10 17:45:21,065][__main__][INFO] - Test accuracy - 0.7472602848101265
[2023-05-10 17:45:21,087][__main__][INFO] - Iteration 0, epoch 385, train accuracy 0.74, loss 0.2599
[2023-05-10 17:45:24,040][__main__][INFO] - Test accuracy - 0.747383414844649
[2023-05-10 17:45:24,062][__main__][INFO] - Iteration 0, epoch 386, train accuracy 0.75, loss 0.2526
[2023-05-10 17:45:26,976][__main__][INFO] - Test accuracy - 0.747445914844649
[2023-05-10 17:45:26,995][__main__][INFO] - Iteration 0, epoch 387, train accuracy 0.72, loss 0.2816
[2023-05-10 17:45:29,940][__main__][INFO] - Test accuracy - 0.7473625575373993
[2023-05-10 17:45:29,961][__main__][INFO] - Iteration 0, epoch 388, train accuracy 0.74, loss 0.2563
[2023-05-10 17:45:32,817][__main__][INFO] - Test accuracy - 0.7475481875719218
[2023-05-10 17:45:32,835][__main__][INFO] - Iteration 0, epoch 389, train accuracy 0.74, loss 0.2629
[2023-05-10 17:45:35,610][__main__][INFO] - Test accuracy - 0.7474004602991946
[2023-05-10 17:45:35,632][__main__][INFO] - Iteration 0, epoch 390, train accuracy 0.77, loss 0.2415
[2023-05-10 17:45:38,470][__main__][INFO] - Test accuracy - 0.7475197784810127
[2023-05-10 17:45:38,502][__main__][INFO] - Iteration 0, epoch 391, train accuracy 0.76, loss 0.2520
[2023-05-10 17:45:41,338][__main__][INFO] - Test accuracy - 0.7475652330264673
[2023-05-10 17:45:41,359][__main__][INFO] - Iteration 0, epoch 392, train accuracy 0.77, loss 0.2372
[2023-05-10 17:45:44,268][__main__][INFO] - Test accuracy - 0.747474252013809
[2023-05-10 17:45:44,288][__main__][INFO] - Iteration 0, epoch 393, train accuracy 0.75, loss 0.2486
[2023-05-10 17:45:47,105][__main__][INFO] - Test accuracy - 0.7474856875719218
[2023-05-10 17:45:47,131][__main__][INFO] - Iteration 0, epoch 394, train accuracy 0.75, loss 0.2585
[2023-05-10 17:45:50,000][__main__][INFO] - Test accuracy - 0.7474421029919448
[2023-05-10 17:45:50,018][__main__][INFO] - Iteration 0, epoch 395, train accuracy 0.75, loss 0.2490
[2023-05-10 17:45:52,913][__main__][INFO] - Test accuracy - 0.7472829401611047
[2023-05-10 17:45:52,937][__main__][INFO] - Iteration 0, epoch 396, train accuracy 0.75, loss 0.2599
[2023-05-10 17:45:55,792][__main__][INFO] - Test accuracy - 0.7475955120828538
[2023-05-10 17:45:55,817][__main__][INFO] - Iteration 0, epoch 397, train accuracy 0.75, loss 0.2454
[2023-05-10 17:45:58,683][__main__][INFO] - Test accuracy - 0.7477697784810128
[2023-05-10 17:45:58,709][__main__][INFO] - Iteration 0, epoch 398, train accuracy 0.74, loss 0.2548
[2023-05-10 17:46:01,604][__main__][INFO] - Test accuracy - 0.7477129602991944
[2023-05-10 17:46:01,628][__main__][INFO] - Iteration 0, epoch 399, train accuracy 0.75, loss 0.2486
[2023-05-10 17:46:04,478][__main__][INFO] - Test accuracy - 0.7477792721518988
[2023-05-10 17:46:04,499][__main__][INFO] - Iteration 0, epoch 400, train accuracy 0.75, loss 0.2527
[2023-05-10 17:46:07,350][__main__][INFO] - Test accuracy - 0.7478076812428078
[2023-05-10 17:46:07,369][__main__][INFO] - Iteration 0, epoch 401, train accuracy 0.75, loss 0.2530
[2023-05-10 17:46:10,229][__main__][INFO] - Test accuracy - 0.7476902330264672
[2023-05-10 17:46:10,252][__main__][INFO] - Iteration 0, epoch 402, train accuracy 0.75, loss 0.2562
[2023-05-10 17:46:13,071][__main__][INFO] - Test accuracy - 0.747758414844649
[2023-05-10 17:46:13,092][__main__][INFO] - Iteration 0, epoch 403, train accuracy 0.76, loss 0.2465
[2023-05-10 17:46:15,983][__main__][INFO] - Test accuracy - 0.7474705120828539
[2023-05-10 17:46:16,007][__main__][INFO] - Iteration 0, epoch 404, train accuracy 0.74, loss 0.2643
[2023-05-10 17:46:19,063][__main__][INFO] - Test accuracy - 0.7477338176064442
[2023-05-10 17:46:19,084][__main__][INFO] - Iteration 0, epoch 405, train accuracy 0.76, loss 0.2452
[2023-05-10 17:46:21,913][__main__][INFO] - Test accuracy - 0.7478227848101265
[2023-05-10 17:46:21,933][__main__][INFO] - Iteration 0, epoch 406, train accuracy 0.73, loss 0.2721
[2023-05-10 17:46:25,056][__main__][INFO] - Test accuracy - 0.7477981875719218
[2023-05-10 17:46:25,081][__main__][INFO] - Iteration 0, epoch 407, train accuracy 0.77, loss 0.2382
[2023-05-10 17:46:28,283][__main__][INFO] - Test accuracy - 0.747801999424626
[2023-05-10 17:46:28,309][__main__][INFO] - Iteration 0, epoch 408, train accuracy 0.75, loss 0.2565
[2023-05-10 17:46:31,531][__main__][INFO] - Test accuracy - 0.7480463176064442
[2023-05-10 17:46:31,551][__main__][INFO] - Iteration 0, epoch 409, train accuracy 0.73, loss 0.2724
[2023-05-10 17:46:34,743][__main__][INFO] - Test accuracy - 0.7479610903337168
[2023-05-10 17:46:34,770][__main__][INFO] - Iteration 0, epoch 410, train accuracy 0.75, loss 0.2534
[2023-05-10 17:46:37,928][__main__][INFO] - Test accuracy - 0.7480690448791715
[2023-05-10 17:46:37,958][__main__][INFO] - Iteration 0, epoch 411, train accuracy 0.77, loss 0.2363
[2023-05-10 17:46:41,087][__main__][INFO] - Test accuracy - 0.7478227848101267
[2023-05-10 17:46:41,107][__main__][INFO] - Iteration 0, epoch 412, train accuracy 0.76, loss 0.2487
[2023-05-10 17:46:44,111][__main__][INFO] - Test accuracy - 0.7479193757192175
[2023-05-10 17:46:44,139][__main__][INFO] - Iteration 0, epoch 413, train accuracy 0.77, loss 0.2440
[2023-05-10 17:46:47,169][__main__][INFO] - Test accuracy - 0.7481429085155351
[2023-05-10 17:46:47,192][__main__][INFO] - Iteration 0, epoch 414, train accuracy 0.76, loss 0.2448
[2023-05-10 17:46:50,169][__main__][INFO] - Test accuracy - 0.7480463176064442
[2023-05-10 17:46:50,188][__main__][INFO] - Iteration 0, epoch 415, train accuracy 0.74, loss 0.2619
[2023-05-10 17:46:53,215][__main__][INFO] - Test accuracy - 0.7482281357882624
[2023-05-10 17:46:53,239][__main__][INFO] - Iteration 0, epoch 416, train accuracy 0.74, loss 0.2662
[2023-05-10 17:46:56,218][__main__][INFO] - Test accuracy - 0.7481826812428077
[2023-05-10 17:46:56,239][__main__][INFO] - Iteration 0, epoch 417, train accuracy 0.75, loss 0.2558
[2023-05-10 17:46:59,228][__main__][INFO] - Test accuracy - 0.7482054085155352
[2023-05-10 17:46:59,246][__main__][INFO] - Iteration 0, epoch 418, train accuracy 0.73, loss 0.2707
[2023-05-10 17:47:02,316][__main__][INFO] - Test accuracy - 0.7481826812428078
[2023-05-10 17:47:02,342][__main__][INFO] - Iteration 0, epoch 419, train accuracy 0.76, loss 0.2448
[2023-05-10 17:47:05,369][__main__][INFO] - Test accuracy - 0.7483417721518987
[2023-05-10 17:47:05,394][__main__][INFO] - Iteration 0, epoch 420, train accuracy 0.77, loss 0.2292
[2023-05-10 17:47:08,400][__main__][INFO] - Test accuracy - 0.7479649021864212
[2023-05-10 17:47:08,422][__main__][INFO] - Iteration 0, epoch 421, train accuracy 0.75, loss 0.2611
[2023-05-10 17:47:11,467][__main__][INFO] - Test accuracy - 0.748239499424626
[2023-05-10 17:47:11,490][__main__][INFO] - Iteration 0, epoch 422, train accuracy 0.75, loss 0.2526
[2023-05-10 17:47:14,536][__main__][INFO] - Test accuracy - 0.748307681242808
[2023-05-10 17:47:14,559][__main__][INFO] - Iteration 0, epoch 423, train accuracy 0.77, loss 0.2320
[2023-05-10 17:47:17,628][__main__][INFO] - Test accuracy - 0.7483360903337168
[2023-05-10 17:47:17,657][__main__][INFO] - Iteration 0, epoch 424, train accuracy 0.75, loss 0.2542
[2023-05-10 17:47:20,695][__main__][INFO] - Test accuracy - 0.7483247266973533
[2023-05-10 17:47:20,719][__main__][INFO] - Iteration 0, epoch 425, train accuracy 0.74, loss 0.2710
[2023-05-10 17:47:23,600][__main__][INFO] - Test accuracy - 0.7483019994246259
[2023-05-10 17:47:23,621][__main__][INFO] - Iteration 0, epoch 426, train accuracy 0.77, loss 0.2410
[2023-05-10 17:47:26,443][__main__][INFO] - Test accuracy - 0.7484099539700805
[2023-05-10 17:47:26,462][__main__][INFO] - Iteration 0, epoch 427, train accuracy 0.74, loss 0.2623
[2023-05-10 17:47:29,294][__main__][INFO] - Test accuracy - 0.7484042721518986
[2023-05-10 17:47:29,313][__main__][INFO] - Iteration 0, epoch 428, train accuracy 0.75, loss 0.2521
[2023-05-10 17:47:32,167][__main__][INFO] - Test accuracy - 0.7485122266973534
[2023-05-10 17:47:32,191][__main__][INFO] - Iteration 0, epoch 429, train accuracy 0.75, loss 0.2508
[2023-05-10 17:47:35,060][__main__][INFO] - Test accuracy - 0.7484042721518986
[2023-05-10 17:47:35,081][__main__][INFO] - Iteration 0, epoch 430, train accuracy 0.77, loss 0.2463
[2023-05-10 17:47:37,944][__main__][INFO] - Test accuracy - 0.7485179085155351
[2023-05-10 17:47:37,968][__main__][INFO] - Iteration 0, epoch 431, train accuracy 0.76, loss 0.2481
[2023-05-10 17:47:40,804][__main__][INFO] - Test accuracy - 0.7485406357882624
[2023-05-10 17:47:40,828][__main__][INFO] - Iteration 0, epoch 432, train accuracy 0.74, loss 0.2618
[2023-05-10 17:47:43,661][__main__][INFO] - Test accuracy - 0.748551999424626
[2023-05-10 17:47:43,688][__main__][INFO] - Iteration 0, epoch 433, train accuracy 0.74, loss 0.2638
[2023-05-10 17:47:46,533][__main__][INFO] - Test accuracy - 0.7485065448791715
[2023-05-10 17:47:46,559][__main__][INFO] - Iteration 0, epoch 434, train accuracy 0.74, loss 0.2546
[2023-05-10 17:47:49,403][__main__][INFO] - Test accuracy - 0.7483985903337168
[2023-05-10 17:47:49,428][__main__][INFO] - Iteration 0, epoch 435, train accuracy 0.74, loss 0.2622
[2023-05-10 17:47:52,244][__main__][INFO] - Test accuracy - 0.7486997266973532
[2023-05-10 17:47:52,270][__main__][INFO] - Iteration 0, epoch 436, train accuracy 0.76, loss 0.2463
[2023-05-10 17:47:55,110][__main__][INFO] - Test accuracy - 0.7480539413118528
[2023-05-10 17:47:55,135][__main__][INFO] - Iteration 0, epoch 437, train accuracy 0.73, loss 0.2700
[2023-05-10 17:47:57,963][__main__][INFO] - Test accuracy - 0.7484667721518988
[2023-05-10 17:47:57,987][__main__][INFO] - Iteration 0, epoch 438, train accuracy 0.75, loss 0.2564
[2023-05-10 17:48:00,815][__main__][INFO] - Test accuracy - 0.7484894994246261
[2023-05-10 17:48:00,836][__main__][INFO] - Iteration 0, epoch 439, train accuracy 0.73, loss 0.2730
[2023-05-10 17:48:03,644][__main__][INFO] - Test accuracy - 0.7487565448791713
[2023-05-10 17:48:03,663][__main__][INFO] - Iteration 0, epoch 440, train accuracy 0.78, loss 0.2340
[2023-05-10 17:48:06,529][__main__][INFO] - Test accuracy - 0.7483588176064441
[2023-05-10 17:48:06,554][__main__][INFO] - Iteration 0, epoch 441, train accuracy 0.74, loss 0.2658
[2023-05-10 17:48:09,413][__main__][INFO] - Test accuracy - 0.7486088176064442
[2023-05-10 17:48:09,435][__main__][INFO] - Iteration 0, epoch 442, train accuracy 0.77, loss 0.2384
[2023-05-10 17:48:12,288][__main__][INFO] - Test accuracy - 0.7488322784810127
[2023-05-10 17:48:12,308][__main__][INFO] - Iteration 0, epoch 443, train accuracy 0.75, loss 0.2554
[2023-05-10 17:48:15,124][__main__][INFO] - Test accuracy - 0.7487811421173763
[2023-05-10 17:48:15,148][__main__][INFO] - Iteration 0, epoch 444, train accuracy 0.73, loss 0.2686
[2023-05-10 17:48:17,951][__main__][INFO] - Test accuracy - 0.748637154775604
[2023-05-10 17:48:17,971][__main__][INFO] - Iteration 0, epoch 445, train accuracy 0.77, loss 0.2310
[2023-05-10 17:48:20,802][__main__][INFO] - Test accuracy - 0.7487754602991944
[2023-05-10 17:48:20,828][__main__][INFO] - Iteration 0, epoch 446, train accuracy 0.75, loss 0.2546
[2023-05-10 17:48:23,643][__main__][INFO] - Test accuracy - 0.7485690448791715
[2023-05-10 17:48:23,666][__main__][INFO] - Iteration 0, epoch 447, train accuracy 0.74, loss 0.2617
[2023-05-10 17:48:26,500][__main__][INFO] - Test accuracy - 0.7488038693901036
[2023-05-10 17:48:26,524][__main__][INFO] - Iteration 0, epoch 448, train accuracy 0.74, loss 0.2640
[2023-05-10 17:48:29,348][__main__][INFO] - Test accuracy - 0.7487848820483314
[2023-05-10 17:48:29,371][__main__][INFO] - Iteration 0, epoch 449, train accuracy 0.79, loss 0.2168
[2023-05-10 17:48:32,214][__main__][INFO] - Test accuracy - 0.7484894994246261
[2023-05-10 17:48:32,238][__main__][INFO] - Iteration 0, epoch 450, train accuracy 0.73, loss 0.2742
[2023-05-10 17:48:35,065][__main__][INFO] - Test accuracy - 0.7490879602991946
[2023-05-10 17:48:35,085][__main__][INFO] - Iteration 0, epoch 451, train accuracy 0.74, loss 0.2597
[2023-05-10 17:48:37,935][__main__][INFO] - Test accuracy - 0.749051927502877
[2023-05-10 17:48:37,959][__main__][INFO] - Iteration 0, epoch 452, train accuracy 0.77, loss 0.2393
[2023-05-10 17:48:40,804][__main__][INFO] - Test accuracy - 0.7487868239355581
[2023-05-10 17:48:40,828][__main__][INFO] - Iteration 0, epoch 453, train accuracy 0.75, loss 0.2561
[2023-05-10 17:48:43,681][__main__][INFO] - Test accuracy - 0.748764096662831
[2023-05-10 17:48:43,706][__main__][INFO] - Iteration 0, epoch 454, train accuracy 0.76, loss 0.2499
[2023-05-10 17:48:46,529][__main__][INFO] - Test accuracy - 0.7489515966628307
[2023-05-10 17:48:46,556][__main__][INFO] - Iteration 0, epoch 455, train accuracy 0.72, loss 0.2850
[2023-05-10 17:48:49,382][__main__][INFO] - Test accuracy - 0.7489402330264672
[2023-05-10 17:48:49,401][__main__][INFO] - Iteration 0, epoch 456, train accuracy 0.75, loss 0.2547
[2023-05-10 17:48:52,230][__main__][INFO] - Test accuracy - 0.7488379602991945
[2023-05-10 17:48:52,251][__main__][INFO] - Iteration 0, epoch 457, train accuracy 0.77, loss 0.2386
[2023-05-10 17:48:55,094][__main__][INFO] - Test accuracy - 0.7489118239355581
[2023-05-10 17:48:55,114][__main__][INFO] - Iteration 0, epoch 458, train accuracy 0.75, loss 0.2551
[2023-05-10 17:48:57,981][__main__][INFO] - Test accuracy - 0.7492792002301495
[2023-05-10 17:48:58,003][__main__][INFO] - Iteration 0, epoch 459, train accuracy 0.72, loss 0.2647
[2023-05-10 17:49:00,820][__main__][INFO] - Test accuracy - 0.749061421173763
[2023-05-10 17:49:00,844][__main__][INFO] - Iteration 0, epoch 460, train accuracy 0.74, loss 0.2664
[2023-05-10 17:49:03,683][__main__][INFO] - Test accuracy - 0.7488493239355581
[2023-05-10 17:49:03,704][__main__][INFO] - Iteration 0, epoch 461, train accuracy 0.75, loss 0.2521
[2023-05-10 17:49:06,541][__main__][INFO] - Test accuracy - 0.7489800057537398
[2023-05-10 17:49:06,559][__main__][INFO] - Iteration 0, epoch 462, train accuracy 0.74, loss 0.2689
[2023-05-10 17:49:09,381][__main__][INFO] - Test accuracy - 0.7494610184119679
[2023-05-10 17:49:09,401][__main__][INFO] - Iteration 0, epoch 463, train accuracy 0.74, loss 0.2650
[2023-05-10 17:49:12,227][__main__][INFO] - Test accuracy - 0.7494080120828539
[2023-05-10 17:49:12,250][__main__][INFO] - Iteration 0, epoch 464, train accuracy 0.77, loss 0.2330
[2023-05-10 17:49:15,094][__main__][INFO] - Test accuracy - 0.7496428365937859
[2023-05-10 17:49:15,115][__main__][INFO] - Iteration 0, epoch 465, train accuracy 0.78, loss 0.2295
[2023-05-10 17:49:17,946][__main__][INFO] - Test accuracy - 0.7491106875719218
[2023-05-10 17:49:17,969][__main__][INFO] - Iteration 0, epoch 466, train accuracy 0.77, loss 0.2315
[2023-05-10 17:49:20,806][__main__][INFO] - Test accuracy - 0.7494136939010357
[2023-05-10 17:49:20,827][__main__][INFO] - Iteration 0, epoch 467, train accuracy 0.75, loss 0.2494
[2023-05-10 17:49:23,647][__main__][INFO] - Test accuracy - 0.7489667721518988
[2023-05-10 17:49:23,667][__main__][INFO] - Iteration 0, epoch 468, train accuracy 0.73, loss 0.2691
[2023-05-10 17:49:26,513][__main__][INFO] - Test accuracy - 0.7496503883774452
[2023-05-10 17:49:26,541][__main__][INFO] - Iteration 0, epoch 469, train accuracy 0.74, loss 0.2633
[2023-05-10 17:49:29,380][__main__][INFO] - Test accuracy - 0.7490917721518987
[2023-05-10 17:49:29,400][__main__][INFO] - Iteration 0, epoch 470, train accuracy 0.77, loss 0.2283
[2023-05-10 17:49:32,229][__main__][INFO] - Test accuracy - 0.7495632911392405
[2023-05-10 17:49:32,250][__main__][INFO] - Iteration 0, epoch 471, train accuracy 0.76, loss 0.2484
[2023-05-10 17:49:35,102][__main__][INFO] - Test accuracy - 0.749680739355581
[2023-05-10 17:49:35,121][__main__][INFO] - Iteration 0, epoch 472, train accuracy 0.76, loss 0.2491
[2023-05-10 17:49:37,952][__main__][INFO] - Test accuracy - 0.7496352848101266
[2023-05-10 17:49:37,976][__main__][INFO] - Iteration 0, epoch 473, train accuracy 0.75, loss 0.2538
[2023-05-10 17:49:40,778][__main__][INFO] - Test accuracy - 0.7496447065592634
[2023-05-10 17:49:40,802][__main__][INFO] - Iteration 0, epoch 474, train accuracy 0.74, loss 0.2562
[2023-05-10 17:49:43,745][__main__][INFO] - Test accuracy - 0.7497830120828539
[2023-05-10 17:49:43,770][__main__][INFO] - Iteration 0, epoch 475, train accuracy 0.74, loss 0.2633
[2023-05-10 17:49:46,558][__main__][INFO] - Test accuracy - 0.7497185701956272
[2023-05-10 17:49:46,579][__main__][INFO] - Iteration 0, epoch 476, train accuracy 0.74, loss 0.2662
[2023-05-10 17:49:49,409][__main__][INFO] - Test accuracy - 0.7498644275028767
[2023-05-10 17:49:49,428][__main__][INFO] - Iteration 0, epoch 477, train accuracy 0.76, loss 0.2453
[2023-05-10 17:49:52,281][__main__][INFO] - Test accuracy - 0.7496902330264672
[2023-05-10 17:49:52,300][__main__][INFO] - Iteration 0, epoch 478, train accuracy 0.73, loss 0.2715
[2023-05-10 17:49:55,136][__main__][INFO] - Test accuracy - 0.749902330264672
[2023-05-10 17:49:55,155][__main__][INFO] - Iteration 0, epoch 479, train accuracy 0.78, loss 0.2216
[2023-05-10 17:49:57,958][__main__][INFO] - Test accuracy - 0.7500556674338319
[2023-05-10 17:49:57,977][__main__][INFO] - Iteration 0, epoch 480, train accuracy 0.77, loss 0.2420
[2023-05-10 17:50:00,787][__main__][INFO] - Test accuracy - 0.7501674338319908
[2023-05-10 17:50:00,809][__main__][INFO] - Iteration 0, epoch 481, train accuracy 0.76, loss 0.2427
[2023-05-10 17:50:03,673][__main__][INFO] - Test accuracy - 0.7503435701956271
[2023-05-10 17:50:03,695][__main__][INFO] - Iteration 0, epoch 482, train accuracy 0.75, loss 0.2577
[2023-05-10 17:50:06,519][__main__][INFO] - Test accuracy - 0.7500765966628308
[2023-05-10 17:50:06,547][__main__][INFO] - Iteration 0, epoch 483, train accuracy 0.74, loss 0.2581
[2023-05-10 17:50:09,359][__main__][INFO] - Test accuracy - 0.7504382911392405
[2023-05-10 17:50:09,384][__main__][INFO] - Iteration 0, epoch 484, train accuracy 0.74, loss 0.2678
[2023-05-10 17:50:12,200][__main__][INFO] - Test accuracy - 0.750483745684695
[2023-05-10 17:50:12,218][__main__][INFO] - Iteration 0, epoch 485, train accuracy 0.75, loss 0.2590
[2023-05-10 17:50:15,062][__main__][INFO] - Test accuracy - 0.7506769275028767
[2023-05-10 17:50:15,087][__main__][INFO] - Iteration 0, epoch 486, train accuracy 0.77, loss 0.2341
[2023-05-10 17:50:17,972][__main__][INFO] - Test accuracy - 0.7504780638665132
[2023-05-10 17:50:17,994][__main__][INFO] - Iteration 0, epoch 487, train accuracy 0.73, loss 0.2811
[2023-05-10 17:50:20,840][__main__][INFO] - Test accuracy - 0.7509912974683545
[2023-05-10 17:50:20,859][__main__][INFO] - Iteration 0, epoch 488, train accuracy 0.76, loss 0.2384
[2023-05-10 17:50:23,705][__main__][INFO] - Test accuracy - 0.7508606156501727
[2023-05-10 17:50:23,730][__main__][INFO] - Iteration 0, epoch 489, train accuracy 0.77, loss 0.2370
[2023-05-10 17:50:26,557][__main__][INFO] - Test accuracy - 0.7511920310701956
[2023-05-10 17:50:26,576][__main__][INFO] - Iteration 0, epoch 490, train accuracy 0.75, loss 0.2599
[2023-05-10 17:50:29,394][__main__][INFO] - Test accuracy - 0.7510424338319908
[2023-05-10 17:50:29,414][__main__][INFO] - Iteration 0, epoch 491, train accuracy 0.76, loss 0.2449
[2023-05-10 17:50:32,269][__main__][INFO] - Test accuracy - 0.7511598820483314
[2023-05-10 17:50:32,290][__main__][INFO] - Iteration 0, epoch 492, train accuracy 0.76, loss 0.2466
[2023-05-10 17:50:35,109][__main__][INFO] - Test accuracy - 0.751305667433832
[2023-05-10 17:50:35,130][__main__][INFO] - Iteration 0, epoch 493, train accuracy 0.76, loss 0.2455
[2023-05-10 17:50:37,970][__main__][INFO] - Test accuracy - 0.7512223820483314
[2023-05-10 17:50:37,994][__main__][INFO] - Iteration 0, epoch 494, train accuracy 0.76, loss 0.2473
[2023-05-10 17:50:40,837][__main__][INFO] - Test accuracy - 0.7515386219792866
[2023-05-10 17:50:40,857][__main__][INFO] - Iteration 0, epoch 495, train accuracy 0.74, loss 0.2628
[2023-05-10 17:50:43,673][__main__][INFO] - Test accuracy - 0.7515443037974682
[2023-05-10 17:50:43,692][__main__][INFO] - Iteration 0, epoch 496, train accuracy 0.76, loss 0.2396
[2023-05-10 17:50:46,541][__main__][INFO] - Test accuracy - 0.7515405638665132
[2023-05-10 17:50:46,565][__main__][INFO] - Iteration 0, epoch 497, train accuracy 0.74, loss 0.2523
[2023-05-10 17:50:49,397][__main__][INFO] - Test accuracy - 0.7517451093210586
[2023-05-10 17:50:49,422][__main__][INFO] - Iteration 0, epoch 498, train accuracy 0.73, loss 0.2644
[2023-05-10 17:50:52,233][__main__][INFO] - Test accuracy - 0.7518113492520139
[2023-05-10 17:50:52,253][__main__][INFO] - Iteration 0, epoch 499, train accuracy 0.77, loss 0.2412
[2023-05-10 17:50:55,103][__main__][INFO] - Test accuracy - 0.7517735184119677
[2023-05-10 17:50:55,106][__main__][INFO] - Total time 1438.6504 seconds
