[2023-05-04 10:32:41,637][__main__][INFO] - Net(
  (fc1): Linear(in_features=17, out_features=34, bias=True)
  (fc2): Linear(in_features=34, out_features=34, bias=True)
  (fc3): Linear(in_features=34, out_features=34, bias=True)
  (fc4): Linear(in_features=34, out_features=17, bias=True)
  (fc5): Linear(in_features=17, out_features=1, bias=True)
  (act1): ReLU()
  (act2): Tanh()
)
[2023-05-04 10:32:42,455][__main__][INFO] - Iteration 0, epoch 0, train accuracy 0.49, loss 0.6948
[2023-05-04 10:32:44,623][__main__][INFO] - Test accuracy - 0.08714694266950655
[2023-05-04 10:32:44,638][__main__][INFO] - Iteration 0, epoch 1, train accuracy 0.54, loss 0.6914
[2023-05-04 10:32:46,833][__main__][INFO] - Test accuracy - 0.08714694266950655
[2023-05-04 10:32:46,849][__main__][INFO] - Iteration 0, epoch 2, train accuracy 0.48, loss 0.6942
[2023-05-04 10:32:49,000][__main__][INFO] - Test accuracy - 0.08714694266950655
[2023-05-04 10:32:49,015][__main__][INFO] - Iteration 0, epoch 3, train accuracy 0.50, loss 0.6934
[2023-05-04 10:32:51,340][__main__][INFO] - Test accuracy - 0.08714694266950655
[2023-05-04 10:32:51,361][__main__][INFO] - Iteration 0, epoch 4, train accuracy 0.49, loss 0.6934
[2023-05-04 10:32:53,711][__main__][INFO] - Test accuracy - 0.08714694266950655
[2023-05-04 10:32:53,732][__main__][INFO] - Iteration 0, epoch 5, train accuracy 0.49, loss 0.6933
[2023-05-04 10:32:56,110][__main__][INFO] - Test accuracy - 0.08714694266950655
[2023-05-04 10:32:56,128][__main__][INFO] - Iteration 0, epoch 6, train accuracy 0.53, loss 0.6929
