[2023-05-23 18:33:40,695][__main__][INFO] - Net(
  (fc1): Linear(in_features=17, out_features=136, bias=True)
  (fc2): Linear(in_features=136, out_features=136, bias=True)
  (fc3): Linear(in_features=136, out_features=136, bias=True)
  (fc4): Linear(in_features=136, out_features=136, bias=True)
  (fc5): Linear(in_features=136, out_features=136, bias=True)
  (fc6): Linear(in_features=136, out_features=136, bias=True)
  (fc7): Linear(in_features=136, out_features=136, bias=True)
  (fc8): Linear(in_features=136, out_features=1, bias=True)
  (dropout): Dropout(p=0.025, inplace=False)
  (act1): ReLU()
)
[2023-05-23 18:33:41,602][__main__][INFO] - Iteration 0, epoch 0, train accuracy 0.50, loss 0.5001
[2023-05-23 18:33:44,473][__main__][INFO] - Test accuracy - 0.6132286545172547
[2023-05-23 18:33:44,565][__main__][INFO] - Iteration 0, epoch 1, train accuracy 0.63, loss 0.4899
[2023-05-23 18:33:47,571][__main__][INFO] - Test accuracy - 0.7044480849597173
[2023-05-23 18:33:47,637][__main__][INFO] - Iteration 0, epoch 2, train accuracy 0.71, loss 0.2937
[2023-05-23 18:33:50,586][__main__][INFO] - Test accuracy - 0.7242462086941536
[2023-05-23 18:33:50,690][__main__][INFO] - Iteration 0, epoch 3, train accuracy 0.71, loss 0.2865
[2023-05-23 18:33:53,696][__main__][INFO] - Test accuracy - 0.7326432553530654
[2023-05-23 18:33:53,763][__main__][INFO] - Iteration 0, epoch 4, train accuracy 0.73, loss 0.2743
[2023-05-23 18:33:56,763][__main__][INFO] - Test accuracy - 0.7369669251647926
[2023-05-23 18:33:56,861][__main__][INFO] - Iteration 0, epoch 5, train accuracy 0.73, loss 0.2683
[2023-05-23 18:34:00,081][__main__][INFO] - Test accuracy - 0.7408071539356339
[2023-05-23 18:34:00,180][__main__][INFO] - Iteration 0, epoch 6, train accuracy 0.75, loss 0.2525
[2023-05-23 18:34:03,118][__main__][INFO] - Test accuracy - 0.7422467450777648
[2023-05-23 18:34:03,182][__main__][INFO] - Iteration 0, epoch 7, train accuracy 0.74, loss 0.2614
[2023-05-23 18:34:06,192][__main__][INFO] - Test accuracy - 0.7428595493516005
[2023-05-23 18:34:06,254][__main__][INFO] - Iteration 0, epoch 8, train accuracy 0.74, loss 0.2577
[2023-05-23 18:34:09,533][__main__][INFO] - Test accuracy - 0.7506862823661195
[2023-05-23 18:34:09,593][__main__][INFO] - Iteration 0, epoch 9, train accuracy 0.75, loss 0.2463
[2023-05-23 18:34:12,605][__main__][INFO] - Test accuracy - 0.7516881263194176
[2023-05-23 18:34:12,719][__main__][INFO] - Iteration 0, epoch 10, train accuracy 0.76, loss 0.2451
[2023-05-23 18:34:15,881][__main__][INFO] - Test accuracy - 0.7560829886691656
[2023-05-23 18:34:15,948][__main__][INFO] - Iteration 0, epoch 11, train accuracy 0.77, loss 0.2345
[2023-05-23 18:34:19,000][__main__][INFO] - Test accuracy - 0.7561328012580242
[2023-05-23 18:34:19,103][__main__][INFO] - Iteration 0, epoch 12, train accuracy 0.75, loss 0.2474
[2023-05-23 18:34:22,153][__main__][INFO] - Test accuracy - 0.760252498815217
[2023-05-23 18:34:22,222][__main__][INFO] - Iteration 0, epoch 13, train accuracy 0.75, loss 0.2466
[2023-05-23 18:34:25,201][__main__][INFO] - Test accuracy - 0.7598262483305329
[2023-05-23 18:34:25,291][__main__][INFO] - Iteration 0, epoch 14, train accuracy 0.76, loss 0.2382
[2023-05-23 18:34:28,273][__main__][INFO] - Test accuracy - 0.7633733380724655
[2023-05-23 18:34:28,346][__main__][INFO] - Iteration 0, epoch 15, train accuracy 0.76, loss 0.2385
[2023-05-23 18:34:31,507][__main__][INFO] - Test accuracy - 0.763253640515273
[2023-05-23 18:34:31,598][__main__][INFO] - Iteration 0, epoch 16, train accuracy 0.76, loss 0.2417
[2023-05-23 18:34:34,610][__main__][INFO] - Test accuracy - 0.7643608655378915
[2023-05-23 18:34:34,678][__main__][INFO] - Iteration 0, epoch 17, train accuracy 0.77, loss 0.2309
[2023-05-23 18:34:37,490][__main__][INFO] - Test accuracy - 0.7649582633234242
[2023-05-23 18:34:37,554][__main__][INFO] - Iteration 0, epoch 18, train accuracy 0.77, loss 0.2356
[2023-05-23 18:34:40,409][__main__][INFO] - Test accuracy - 0.7647946814010599
[2023-05-23 18:34:40,470][__main__][INFO] - Iteration 0, epoch 19, train accuracy 0.78, loss 0.2252
[2023-05-23 18:34:43,349][__main__][INFO] - Test accuracy - 0.7638833613372971
[2023-05-23 18:34:43,429][__main__][INFO] - Iteration 0, epoch 20, train accuracy 0.77, loss 0.2302
[2023-05-23 18:34:46,324][__main__][INFO] - Test accuracy - 0.7640467795441817
[2023-05-23 18:34:46,393][__main__][INFO] - Iteration 0, epoch 21, train accuracy 0.77, loss 0.2304
[2023-05-23 18:34:49,405][__main__][INFO] - Test accuracy - 0.7671661905992848
[2023-05-23 18:34:49,476][__main__][INFO] - Iteration 0, epoch 22, train accuracy 0.77, loss 0.2321
[2023-05-23 18:34:52,323][__main__][INFO] - Test accuracy - 0.766218913446211
[2023-05-23 18:34:52,425][__main__][INFO] - Iteration 0, epoch 23, train accuracy 0.76, loss 0.2367
[2023-05-23 18:34:55,336][__main__][INFO] - Test accuracy - 0.7669660807375813
[2023-05-23 18:34:55,404][__main__][INFO] - Iteration 0, epoch 24, train accuracy 0.77, loss 0.2299
[2023-05-23 18:34:58,335][__main__][INFO] - Test accuracy - 0.7670416849769507
[2023-05-23 18:34:58,437][__main__][INFO] - Iteration 0, epoch 25, train accuracy 0.77, loss 0.2272
[2023-05-23 18:35:01,316][__main__][INFO] - Test accuracy - 0.7650068588169402
[2023-05-23 18:35:01,384][__main__][INFO] - Iteration 0, epoch 26, train accuracy 0.77, loss 0.2283
[2023-05-23 18:35:04,225][__main__][INFO] - Test accuracy - 0.7658348778596354
[2023-05-23 18:35:04,324][__main__][INFO] - Iteration 0, epoch 27, train accuracy 0.77, loss 0.2267
[2023-05-23 18:35:07,088][__main__][INFO] - Test accuracy - 0.7559261686269441
[2023-05-23 18:35:07,155][__main__][INFO] - Iteration 0, epoch 28, train accuracy 0.76, loss 0.2438
[2023-05-23 18:35:10,032][__main__][INFO] - Test accuracy - 0.7675620180087028
[2023-05-23 18:35:10,147][__main__][INFO] - Iteration 0, epoch 29, train accuracy 0.78, loss 0.2215
[2023-05-23 18:35:12,891][__main__][INFO] - Test accuracy - 0.7674317586489166
[2023-05-23 18:35:12,985][__main__][INFO] - Iteration 0, epoch 30, train accuracy 0.77, loss 0.2305
[2023-05-23 18:35:15,833][__main__][INFO] - Test accuracy - 0.7680504028262463
[2023-05-23 18:35:15,900][__main__][INFO] - Iteration 0, epoch 31, train accuracy 0.77, loss 0.2349
[2023-05-23 18:35:18,591][__main__][INFO] - Test accuracy - 0.7687229761750894
[2023-05-23 18:35:18,642][__main__][INFO] - Iteration 0, epoch 32, train accuracy 0.76, loss 0.2358
[2023-05-23 18:35:21,396][__main__][INFO] - Test accuracy - 0.7673377859635518
[2023-05-23 18:35:21,455][__main__][INFO] - Iteration 0, epoch 33, train accuracy 0.78, loss 0.2246
[2023-05-23 18:35:24,342][__main__][INFO] - Test accuracy - 0.7690227564516824
[2023-05-23 18:35:24,408][__main__][INFO] - Iteration 0, epoch 34, train accuracy 0.77, loss 0.2271
[2023-05-23 18:35:27,235][__main__][INFO] - Test accuracy - 0.7687417280599715
[2023-05-23 18:35:27,300][__main__][INFO] - Iteration 0, epoch 35, train accuracy 0.78, loss 0.2226
[2023-05-23 18:35:30,149][__main__][INFO] - Test accuracy - 0.7706415751152471
[2023-05-23 18:35:30,253][__main__][INFO] - Iteration 0, epoch 36, train accuracy 0.77, loss 0.2282
[2023-05-23 18:35:33,094][__main__][INFO] - Test accuracy - 0.7670729330920685
[2023-05-23 18:35:33,159][__main__][INFO] - Iteration 0, epoch 37, train accuracy 0.77, loss 0.2337
[2023-05-23 18:35:36,049][__main__][INFO] - Test accuracy - 0.7696090215845934
[2023-05-23 18:35:36,150][__main__][INFO] - Iteration 0, epoch 38, train accuracy 0.77, loss 0.2306
[2023-05-23 18:35:39,101][__main__][INFO] - Test accuracy - 0.7692471091292921
[2023-05-23 18:35:39,178][__main__][INFO] - Iteration 0, epoch 39, train accuracy 0.78, loss 0.2212
[2023-05-23 18:35:41,991][__main__][INFO] - Test accuracy - 0.7698562319589849
[2023-05-23 18:35:42,096][__main__][INFO] - Iteration 0, epoch 40, train accuracy 0.77, loss 0.2267
[2023-05-23 18:35:44,956][__main__][INFO] - Test accuracy - 0.7699856124251432
[2023-05-23 18:35:45,024][__main__][INFO] - Iteration 0, epoch 41, train accuracy 0.77, loss 0.2290
[2023-05-23 18:35:47,944][__main__][INFO] - Test accuracy - 0.7709412778424023
[2023-05-23 18:35:48,010][__main__][INFO] - Iteration 0, epoch 42, train accuracy 0.77, loss 0.2326
[2023-05-23 18:35:50,795][__main__][INFO] - Test accuracy - 0.7719727564516823
[2023-05-23 18:35:50,852][__main__][INFO] - Iteration 0, epoch 43, train accuracy 0.77, loss 0.2261
[2023-05-23 18:35:53,663][__main__][INFO] - Test accuracy - 0.7723959997415019
[2023-05-23 18:35:53,723][__main__][INFO] - Iteration 0, epoch 44, train accuracy 0.77, loss 0.2313
[2023-05-23 18:35:56,577][__main__][INFO] - Test accuracy - 0.7724188919047004
[2023-05-23 18:35:56,652][__main__][INFO] - Iteration 0, epoch 45, train accuracy 0.77, loss 0.2275
[2023-05-23 18:35:59,517][__main__][INFO] - Test accuracy - 0.7719469992675887
[2023-05-23 18:35:59,585][__main__][INFO] - Iteration 0, epoch 46, train accuracy 0.78, loss 0.2207
[2023-05-23 18:36:02,486][__main__][INFO] - Test accuracy - 0.7728267524018784
[2023-05-23 18:36:02,579][__main__][INFO] - Iteration 0, epoch 47, train accuracy 0.78, loss 0.2219
[2023-05-23 18:36:05,493][__main__][INFO] - Test accuracy - 0.7725668389987507
[2023-05-23 18:36:05,570][__main__][INFO] - Iteration 0, epoch 48, train accuracy 0.78, loss 0.2189
[2023-05-23 18:36:08,495][__main__][INFO] - Test accuracy - 0.773554827452501
[2023-05-23 18:36:08,593][__main__][INFO] - Iteration 0, epoch 49, train accuracy 0.77, loss 0.2297
[2023-05-23 18:36:11,500][__main__][INFO] - Test accuracy - 0.7725774438843651
[2023-05-23 18:36:11,584][__main__][INFO] - Iteration 0, epoch 50, train accuracy 0.77, loss 0.2261
[2023-05-23 18:36:14,676][__main__][INFO] - Test accuracy - 0.7733237775192796
[2023-05-23 18:36:14,765][__main__][INFO] - Iteration 0, epoch 51, train accuracy 0.78, loss 0.2215
[2023-05-23 18:36:17,442][__main__][INFO] - Test accuracy - 0.774256979449399
[2023-05-23 18:36:17,498][__main__][INFO] - Iteration 0, epoch 52, train accuracy 0.78, loss 0.2235
[2023-05-23 18:36:20,284][__main__][INFO] - Test accuracy - 0.775539423118349
[2023-05-23 18:36:20,381][__main__][INFO] - Iteration 0, epoch 53, train accuracy 0.78, loss 0.2210
[2023-05-23 18:36:23,346][__main__][INFO] - Test accuracy - 0.7735022144672785
[2023-05-23 18:36:23,402][__main__][INFO] - Iteration 0, epoch 54, train accuracy 0.77, loss 0.2298
[2023-05-23 18:36:26,332][__main__][INFO] - Test accuracy - 0.7738112942139501
[2023-05-23 18:36:26,413][__main__][INFO] - Iteration 0, epoch 55, train accuracy 0.77, loss 0.2335
[2023-05-23 18:36:29,372][__main__][INFO] - Test accuracy - 0.7747443302744388
[2023-05-23 18:36:29,441][__main__][INFO] - Iteration 0, epoch 56, train accuracy 0.78, loss 0.2169
[2023-05-23 18:36:32,669][__main__][INFO] - Test accuracy - 0.774868221963724
[2023-05-23 18:36:32,741][__main__][INFO] - Iteration 0, epoch 57, train accuracy 0.78, loss 0.2185
[2023-05-23 18:36:35,898][__main__][INFO] - Test accuracy - 0.7745168389987506
[2023-05-23 18:36:35,959][__main__][INFO] - Iteration 0, epoch 58, train accuracy 0.77, loss 0.2283
[2023-05-23 18:36:38,731][__main__][INFO] - Test accuracy - 0.7767910258067297
[2023-05-23 18:36:38,798][__main__][INFO] - Iteration 0, epoch 59, train accuracy 0.78, loss 0.2229
[2023-05-23 18:36:41,668][__main__][INFO] - Test accuracy - 0.7752356684330706
[2023-05-23 18:36:41,764][__main__][INFO] - Iteration 0, epoch 60, train accuracy 0.78, loss 0.2233
[2023-05-23 18:36:44,658][__main__][INFO] - Test accuracy - 0.7771527077678688
[2023-05-23 18:36:44,734][__main__][INFO] - Iteration 0, epoch 61, train accuracy 0.77, loss 0.2261
[2023-05-23 18:36:47,644][__main__][INFO] - Test accuracy - 0.7737153332471673
[2023-05-23 18:36:47,739][__main__][INFO] - Iteration 0, epoch 62, train accuracy 0.78, loss 0.2241
[2023-05-23 18:36:50,554][__main__][INFO] - Test accuracy - 0.7737323294989444
[2023-05-23 18:36:50,619][__main__][INFO] - Iteration 0, epoch 63, train accuracy 0.78, loss 0.2225
[2023-05-23 18:36:53,403][__main__][INFO] - Test accuracy - 0.7765891926241867
[2023-05-23 18:36:53,493][__main__][INFO] - Iteration 0, epoch 64, train accuracy 0.78, loss 0.2183
[2023-05-23 18:36:56,278][__main__][INFO] - Test accuracy - 0.7778344276420662
[2023-05-23 18:36:56,336][__main__][INFO] - Iteration 0, epoch 65, train accuracy 0.79, loss 0.2138
[2023-05-23 18:36:59,154][__main__][INFO] - Test accuracy - 0.7772821550127095
[2023-05-23 18:36:59,228][__main__][INFO] - Iteration 0, epoch 66, train accuracy 0.78, loss 0.2218
[2023-05-23 18:37:02,071][__main__][INFO] - Test accuracy - 0.7772035974322519
[2023-05-23 18:37:02,129][__main__][INFO] - Iteration 0, epoch 67, train accuracy 0.78, loss 0.2216
[2023-05-23 18:37:04,934][__main__][INFO] - Test accuracy - 0.7774410042652191
[2023-05-23 18:37:05,000][__main__][INFO] - Iteration 0, epoch 68, train accuracy 0.78, loss 0.2213
[2023-05-23 18:37:07,829][__main__][INFO] - Test accuracy - 0.7732936840291241
[2023-05-23 18:37:07,897][__main__][INFO] - Iteration 0, epoch 69, train accuracy 0.77, loss 0.2271
[2023-05-23 18:37:10,813][__main__][INFO] - Test accuracy - 0.7782399831976218
[2023-05-23 18:37:10,873][__main__][INFO] - Iteration 0, epoch 70, train accuracy 0.78, loss 0.2222
[2023-05-23 18:37:13,767][__main__][INFO] - Test accuracy - 0.7765615031666021
[2023-05-23 18:37:13,854][__main__][INFO] - Iteration 0, epoch 71, train accuracy 0.78, loss 0.2225
[2023-05-23 18:37:16,628][__main__][INFO] - Test accuracy - 0.7786862392830984
[2023-05-23 18:37:16,690][__main__][INFO] - Iteration 0, epoch 72, train accuracy 0.78, loss 0.2184
[2023-05-23 18:37:19,629][__main__][INFO] - Test accuracy - 0.777021679376158
[2023-05-23 18:37:19,717][__main__][INFO] - Iteration 0, epoch 73, train accuracy 0.78, loss 0.2216
[2023-05-23 18:37:23,193][__main__][INFO] - Test accuracy - 0.7772225151867649
[2023-05-23 18:37:23,271][__main__][INFO] - Iteration 0, epoch 74, train accuracy 0.78, loss 0.2225
[2023-05-23 18:37:26,608][__main__][INFO] - Test accuracy - 0.7783437594244109
[2023-05-23 18:37:26,712][__main__][INFO] - Iteration 0, epoch 75, train accuracy 0.79, loss 0.2145
[2023-05-23 18:37:29,820][__main__][INFO] - Test accuracy - 0.7787463400973677
[2023-05-23 18:37:29,879][__main__][INFO] - Iteration 0, epoch 76, train accuracy 0.78, loss 0.2198
[2023-05-23 18:37:32,782][__main__][INFO] - Test accuracy - 0.7791362392830985
[2023-05-23 18:37:32,882][__main__][INFO] - Iteration 0, epoch 77, train accuracy 0.78, loss 0.2215
[2023-05-23 18:37:35,850][__main__][INFO] - Test accuracy - 0.7809521261470853
[2023-05-23 18:37:35,924][__main__][INFO] - Iteration 0, epoch 78, train accuracy 0.78, loss 0.2205
[2023-05-23 18:37:38,946][__main__][INFO] - Test accuracy - 0.7809340765154453
[2023-05-23 18:37:39,035][__main__][INFO] - Iteration 0, epoch 79, train accuracy 0.78, loss 0.2190
[2023-05-23 18:37:42,222][__main__][INFO] - Test accuracy - 0.7811989638533454
[2023-05-23 18:37:42,292][__main__][INFO] - Iteration 0, epoch 80, train accuracy 0.78, loss 0.2164
[2023-05-23 18:37:45,394][__main__][INFO] - Test accuracy - 0.7775672676748093
[2023-05-23 18:37:45,450][__main__][INFO] - Iteration 0, epoch 81, train accuracy 0.77, loss 0.2253
[2023-05-23 18:37:48,583][__main__][INFO] - Test accuracy - 0.7807555297057429
[2023-05-23 18:37:48,644][__main__][INFO] - Iteration 0, epoch 82, train accuracy 0.78, loss 0.2222
[2023-05-23 18:37:51,514][__main__][INFO] - Test accuracy - 0.781647712291586
[2023-05-23 18:37:51,581][__main__][INFO] - Iteration 0, epoch 83, train accuracy 0.79, loss 0.2133
[2023-05-23 18:37:54,278][__main__][INFO] - Test accuracy - 0.7820855693421224
[2023-05-23 18:37:54,363][__main__][INFO] - Iteration 0, epoch 84, train accuracy 0.79, loss 0.2150
[2023-05-23 18:37:57,181][__main__][INFO] - Test accuracy - 0.7809804424626255
[2023-05-23 18:37:57,244][__main__][INFO] - Iteration 0, epoch 85, train accuracy 0.79, loss 0.2129
[2023-05-23 18:38:00,136][__main__][INFO] - Test accuracy - 0.7812751174012322
[2023-05-23 18:38:00,232][__main__][INFO] - Iteration 0, epoch 86, train accuracy 0.78, loss 0.2154
[2023-05-23 18:38:03,088][__main__][INFO] - Test accuracy - 0.7815439360647969
[2023-05-23 18:38:03,157][__main__][INFO] - Iteration 0, epoch 87, train accuracy 0.78, loss 0.2208
[2023-05-23 18:38:05,954][__main__][INFO] - Test accuracy - 0.7824887639481279
[2023-05-23 18:38:06,042][__main__][INFO] - Iteration 0, epoch 88, train accuracy 0.78, loss 0.2181
[2023-05-23 18:38:08,768][__main__][INFO] - Test accuracy - 0.782193067941924
[2023-05-23 18:38:08,826][__main__][INFO] - Iteration 0, epoch 89, train accuracy 0.79, loss 0.2102
[2023-05-23 18:38:11,616][__main__][INFO] - Test accuracy - 0.7824684416871311
[2023-05-23 18:38:11,717][__main__][INFO] - Iteration 0, epoch 90, train accuracy 0.79, loss 0.2142
[2023-05-23 18:38:14,614][__main__][INFO] - Test accuracy - 0.7816469884968335
[2023-05-23 18:38:14,690][__main__][INFO] - Iteration 0, epoch 91, train accuracy 0.78, loss 0.2180
[2023-05-23 18:38:17,471][__main__][INFO] - Test accuracy - 0.783647361164965
[2023-05-23 18:38:17,536][__main__][INFO] - Iteration 0, epoch 92, train accuracy 0.79, loss 0.2129
[2023-05-23 18:38:20,428][__main__][INFO] - Test accuracy - 0.7836937271121452
[2023-05-23 18:38:20,493][__main__][INFO] - Iteration 0, epoch 93, train accuracy 0.80, loss 0.2056
[2023-05-23 18:38:23,233][__main__][INFO] - Test accuracy - 0.7840650488992289
[2023-05-23 18:38:23,291][__main__][INFO] - Iteration 0, epoch 94, train accuracy 0.79, loss 0.2144
[2023-05-23 18:38:26,108][__main__][INFO] - Test accuracy - 0.7850395329800526
[2023-05-23 18:38:26,202][__main__][INFO] - Iteration 0, epoch 95, train accuracy 0.78, loss 0.2208
[2023-05-23 18:38:29,028][__main__][INFO] - Test accuracy - 0.7844104260910776
[2023-05-23 18:38:29,105][__main__][INFO] - Iteration 0, epoch 96, train accuracy 0.79, loss 0.2063
[2023-05-23 18:38:31,926][__main__][INFO] - Test accuracy - 0.7854177825169101
[2023-05-23 18:38:32,021][__main__][INFO] - Iteration 0, epoch 97, train accuracy 0.78, loss 0.2180
[2023-05-23 18:38:34,938][__main__][INFO] - Test accuracy - 0.785658252552669
[2023-05-23 18:38:35,004][__main__][INFO] - Iteration 0, epoch 98, train accuracy 0.79, loss 0.2118
[2023-05-23 18:38:37,807][__main__][INFO] - Test accuracy - 0.7849081103786998
[2023-05-23 18:38:37,905][__main__][INFO] - Iteration 0, epoch 99, train accuracy 0.79, loss 0.2127
[2023-05-23 18:38:40,728][__main__][INFO] - Test accuracy - 0.786784548274525
[2023-05-23 18:38:40,793][__main__][INFO] - Iteration 0, epoch 100, train accuracy 0.79, loss 0.2078
[2023-05-23 18:38:43,592][__main__][INFO] - Test accuracy - 0.785055398302529
[2023-05-23 18:38:43,680][__main__][INFO] - Iteration 0, epoch 101, train accuracy 0.79, loss 0.2124
[2023-05-23 18:38:46,459][__main__][INFO] - Test accuracy - 0.7857600534229462
[2023-05-23 18:38:46,517][__main__][INFO] - Iteration 0, epoch 102, train accuracy 0.79, loss 0.2123
[2023-05-23 18:38:49,359][__main__][INFO] - Test accuracy - 0.7852575395286717
[2023-05-23 18:38:49,425][__main__][INFO] - Iteration 0, epoch 103, train accuracy 0.79, loss 0.2114
[2023-05-23 18:38:52,142][__main__][INFO] - Test accuracy - 0.7866815733919262
[2023-05-23 18:38:52,201][__main__][INFO] - Iteration 0, epoch 104, train accuracy 0.79, loss 0.2088
[2023-05-23 18:38:54,922][__main__][INFO] - Test accuracy - 0.7862247102666838
[2023-05-23 18:38:54,982][__main__][INFO] - Iteration 0, epoch 105, train accuracy 0.79, loss 0.2130
[2023-05-23 18:38:57,774][__main__][INFO] - Test accuracy - 0.7871350975830425
[2023-05-23 18:38:57,836][__main__][INFO] - Iteration 0, epoch 106, train accuracy 0.79, loss 0.2091
[2023-05-23 18:39:00,739][__main__][INFO] - Test accuracy - 0.7848375683942957
[2023-05-23 18:39:00,792][__main__][INFO] - Iteration 0, epoch 107, train accuracy 0.79, loss 0.2152
[2023-05-23 18:39:03,430][__main__][INFO] - Test accuracy - 0.7882288720865106
[2023-05-23 18:39:03,519][__main__][INFO] - Iteration 0, epoch 108, train accuracy 0.79, loss 0.2110
[2023-05-23 18:39:06,283][__main__][INFO] - Test accuracy - 0.7871256882512602
[2023-05-23 18:39:06,352][__main__][INFO] - Iteration 0, epoch 109, train accuracy 0.79, loss 0.2119
[2023-05-23 18:39:09,272][__main__][INFO] - Test accuracy - 0.7886010943087328
[2023-05-23 18:39:09,367][__main__][INFO] - Iteration 0, epoch 110, train accuracy 0.80, loss 0.2043
[2023-05-23 18:39:12,258][__main__][INFO] - Test accuracy - 0.7889349984920941
[2023-05-23 18:39:12,330][__main__][INFO] - Iteration 0, epoch 111, train accuracy 0.79, loss 0.2102
[2023-05-23 18:39:15,283][__main__][INFO] - Test accuracy - 0.7878603830080566
[2023-05-23 18:39:15,378][__main__][INFO] - Iteration 0, epoch 112, train accuracy 0.79, loss 0.2100
[2023-05-23 18:39:18,165][__main__][INFO] - Test accuracy - 0.787166948860454
[2023-05-23 18:39:18,234][__main__][INFO] - Iteration 0, epoch 113, train accuracy 0.79, loss 0.2131
[2023-05-23 18:39:21,044][__main__][INFO] - Test accuracy - 0.7879222179139201
[2023-05-23 18:39:21,136][__main__][INFO] - Iteration 0, epoch 114, train accuracy 0.79, loss 0.2089
[2023-05-23 18:39:23,886][__main__][INFO] - Test accuracy - 0.7900521369178407
[2023-05-23 18:39:23,945][__main__][INFO] - Iteration 0, epoch 115, train accuracy 0.79, loss 0.2088
[2023-05-23 18:39:26,720][__main__][INFO] - Test accuracy - 0.7881987441299383
[2023-05-23 18:39:26,778][__main__][INFO] - Iteration 0, epoch 116, train accuracy 0.79, loss 0.2109
[2023-05-23 18:39:29,655][__main__][INFO] - Test accuracy - 0.7908566606350438
[2023-05-23 18:39:29,726][__main__][INFO] - Iteration 0, epoch 117, train accuracy 0.80, loss 0.2023
[2023-05-23 18:39:32,533][__main__][INFO] - Test accuracy - 0.7902384020507518
[2023-05-23 18:39:32,592][__main__][INFO] - Iteration 0, epoch 118, train accuracy 0.80, loss 0.2019
[2023-05-23 18:39:35,367][__main__][INFO] - Test accuracy - 0.7913364805480161
[2023-05-23 18:39:35,449][__main__][INFO] - Iteration 0, epoch 119, train accuracy 0.80, loss 0.2047
[2023-05-23 18:39:38,219][__main__][INFO] - Test accuracy - 0.790376028607126
[2023-05-23 18:39:38,283][__main__][INFO] - Iteration 0, epoch 120, train accuracy 0.79, loss 0.2136
[2023-05-23 18:39:41,279][__main__][INFO] - Test accuracy - 0.7910917948386541
[2023-05-23 18:39:41,374][__main__][INFO] - Iteration 0, epoch 121, train accuracy 0.79, loss 0.2079
[2023-05-23 18:39:44,175][__main__][INFO] - Test accuracy - 0.7916633363491449
[2023-05-23 18:39:44,240][__main__][INFO] - Iteration 0, epoch 122, train accuracy 0.80, loss 0.2050
[2023-05-23 18:39:47,104][__main__][INFO] - Test accuracy - 0.792023656886821
[2023-05-23 18:39:47,206][__main__][INFO] - Iteration 0, epoch 123, train accuracy 0.79, loss 0.2083
[2023-05-23 18:39:50,092][__main__][INFO] - Test accuracy - 0.79085131403214
[2023-05-23 18:39:50,159][__main__][INFO] - Iteration 0, epoch 124, train accuracy 0.79, loss 0.2146
[2023-05-23 18:39:52,978][__main__][INFO] - Test accuracy - 0.7930460988324501
[2023-05-23 18:39:53,073][__main__][INFO] - Iteration 0, epoch 125, train accuracy 0.80, loss 0.1992
[2023-05-23 18:39:55,853][__main__][INFO] - Test accuracy - 0.7925545861875835
[2023-05-23 18:39:55,917][__main__][INFO] - Iteration 0, epoch 126, train accuracy 0.80, loss 0.2029
[2023-05-23 18:39:58,737][__main__][INFO] - Test accuracy - 0.7896824738270648
[2023-05-23 18:39:58,801][__main__][INFO] - Iteration 0, epoch 127, train accuracy 0.79, loss 0.2073
[2023-05-23 18:40:01,654][__main__][INFO] - Test accuracy - 0.7919955279824221
[2023-05-23 18:40:01,719][__main__][INFO] - Iteration 0, epoch 128, train accuracy 0.79, loss 0.2073
[2023-05-23 18:40:04,520][__main__][INFO] - Test accuracy - 0.7930501938735943
[2023-05-23 18:40:04,585][__main__][INFO] - Iteration 0, epoch 129, train accuracy 0.80, loss 0.2040
[2023-05-23 18:40:07,331][__main__][INFO] - Test accuracy - 0.7930583301021068
[2023-05-23 18:40:07,385][__main__][INFO] - Iteration 0, epoch 130, train accuracy 0.80, loss 0.1975
[2023-05-23 18:40:10,190][__main__][INFO] - Test accuracy - 0.7927407845418121
[2023-05-23 18:40:10,262][__main__][INFO] - Iteration 0, epoch 131, train accuracy 0.80, loss 0.2032
[2023-05-23 18:40:13,141][__main__][INFO] - Test accuracy - 0.7933435073887382
[2023-05-23 18:40:13,232][__main__][INFO] - Iteration 0, epoch 132, train accuracy 0.80, loss 0.2044
[2023-05-23 18:40:16,285][__main__][INFO] - Test accuracy - 0.7925522575502995
[2023-05-23 18:40:16,351][__main__][INFO] - Iteration 0, epoch 133, train accuracy 0.79, loss 0.2123
[2023-05-23 18:40:19,240][__main__][INFO] - Test accuracy - 0.7919587803196761
[2023-05-23 18:40:19,338][__main__][INFO] - Iteration 0, epoch 134, train accuracy 0.79, loss 0.2061
[2023-05-23 18:40:22,275][__main__][INFO] - Test accuracy - 0.7936059906940673
[2023-05-23 18:40:22,343][__main__][INFO] - Iteration 0, epoch 135, train accuracy 0.79, loss 0.2056
[2023-05-23 18:40:25,014][__main__][INFO] - Test accuracy - 0.7932877321097755
[2023-05-23 18:40:25,102][__main__][INFO] - Iteration 0, epoch 136, train accuracy 0.79, loss 0.2108
[2023-05-23 18:40:27,872][__main__][INFO] - Test accuracy - 0.7948258304252295
[2023-05-23 18:40:27,933][__main__][INFO] - Iteration 0, epoch 137, train accuracy 0.79, loss 0.2086
[2023-05-23 18:40:30,665][__main__][INFO] - Test accuracy - 0.7949356684330706
[2023-05-23 18:40:30,779][__main__][INFO] - Iteration 0, epoch 138, train accuracy 0.80, loss 0.2000
[2023-05-23 18:40:33,590][__main__][INFO] - Test accuracy - 0.7899967364611606
[2023-05-23 18:40:33,658][__main__][INFO] - Iteration 0, epoch 139, train accuracy 0.79, loss 0.2111
[2023-05-23 18:40:36,452][__main__][INFO] - Test accuracy - 0.7947160807375813
[2023-05-23 18:40:36,526][__main__][INFO] - Iteration 0, epoch 140, train accuracy 0.79, loss 0.2063
[2023-05-23 18:40:39,479][__main__][INFO] - Test accuracy - 0.7931056718797121
[2023-05-23 18:40:39,552][__main__][INFO] - Iteration 0, epoch 141, train accuracy 0.80, loss 0.2007
[2023-05-23 18:40:42,461][__main__][INFO] - Test accuracy - 0.7951804640041359
[2023-05-23 18:40:42,541][__main__][INFO] - Iteration 0, epoch 142, train accuracy 0.80, loss 0.2034
[2023-05-23 18:40:45,421][__main__][INFO] - Test accuracy - 0.7948459889707467
[2023-05-23 18:40:45,512][__main__][INFO] - Iteration 0, epoch 143, train accuracy 0.80, loss 0.1993
[2023-05-23 18:40:48,407][__main__][INFO] - Test accuracy - 0.7948595816638662
[2023-05-23 18:40:48,472][__main__][INFO] - Iteration 0, epoch 144, train accuracy 0.79, loss 0.2089
[2023-05-23 18:40:51,388][__main__][INFO] - Test accuracy - 0.7947535758907415
[2023-05-23 18:40:51,501][__main__][INFO] - Iteration 0, epoch 145, train accuracy 0.80, loss 0.1989
[2023-05-23 18:40:54,429][__main__][INFO] - Test accuracy - 0.7935484597819998
[2023-05-23 18:40:54,495][__main__][INFO] - Iteration 0, epoch 146, train accuracy 0.79, loss 0.2101
[2023-05-23 18:40:57,439][__main__][INFO] - Test accuracy - 0.7941413230795743
[2023-05-23 18:40:57,534][__main__][INFO] - Iteration 0, epoch 147, train accuracy 0.80, loss 0.2049
[2023-05-23 18:41:00,419][__main__][INFO] - Test accuracy - 0.7925386993235966
[2023-05-23 18:41:00,485][__main__][INFO] - Iteration 0, epoch 148, train accuracy 0.80, loss 0.2043
[2023-05-23 18:41:03,523][__main__][INFO] - Test accuracy - 0.7957152578518806
[2023-05-23 18:41:03,607][__main__][INFO] - Iteration 0, epoch 149, train accuracy 0.80, loss 0.1962
[2023-05-23 18:41:06,702][__main__][INFO] - Test accuracy - 0.7945680237818276
[2023-05-23 18:41:06,767][__main__][INFO] - Iteration 0, epoch 150, train accuracy 0.80, loss 0.2035
[2023-05-23 18:41:09,775][__main__][INFO] - Test accuracy - 0.794978574813666
[2023-05-23 18:41:10,086][__main__][INFO] - Iteration 0, epoch 151, train accuracy 0.80, loss 0.2025
[2023-05-23 18:41:13,458][__main__][INFO] - Test accuracy - 0.7965349769505837
[2023-05-23 18:41:13,530][__main__][INFO] - Iteration 0, epoch 152, train accuracy 0.80, loss 0.2001
[2023-05-23 18:41:16,699][__main__][INFO] - Test accuracy - 0.7963402029210287
[2023-05-23 18:41:16,768][__main__][INFO] - Iteration 0, epoch 153, train accuracy 0.80, loss 0.2002
[2023-05-23 18:41:19,645][__main__][INFO] - Test accuracy - 0.7977414544827883
[2023-05-23 18:41:19,703][__main__][INFO] - Iteration 0, epoch 154, train accuracy 0.80, loss 0.2020
[2023-05-23 18:41:22,708][__main__][INFO] - Test accuracy - 0.7983001831028391
[2023-05-23 18:41:22,762][__main__][INFO] - Iteration 0, epoch 155, train accuracy 0.80, loss 0.1992
[2023-05-23 18:41:25,801][__main__][INFO] - Test accuracy - 0.7981338567920383
[2023-05-23 18:41:25,889][__main__][INFO] - Iteration 0, epoch 156, train accuracy 0.80, loss 0.2032
[2023-05-23 18:41:28,858][__main__][INFO] - Test accuracy - 0.7960945952350179
[2023-05-23 18:41:28,917][__main__][INFO] - Iteration 0, epoch 157, train accuracy 0.79, loss 0.2075
[2023-05-23 18:41:31,924][__main__][INFO] - Test accuracy - 0.798731956830813
[2023-05-23 18:41:32,055][__main__][INFO] - Iteration 0, epoch 158, train accuracy 0.79, loss 0.2061
[2023-05-23 18:41:34,909][__main__][INFO] - Test accuracy - 0.7986958575675326
[2023-05-23 18:41:34,967][__main__][INFO] - Iteration 0, epoch 159, train accuracy 0.80, loss 0.1974
[2023-05-23 18:41:37,995][__main__][INFO] - Test accuracy - 0.7988919154711129
[2023-05-23 18:41:38,084][__main__][INFO] - Iteration 0, epoch 160, train accuracy 0.80, loss 0.1980
[2023-05-23 18:41:40,942][__main__][INFO] - Test accuracy - 0.8002339666537418
[2023-05-23 18:41:40,999][__main__][INFO] - Iteration 0, epoch 161, train accuracy 0.80, loss 0.2009
[2023-05-23 18:41:44,308][__main__][INFO] - Test accuracy - 0.8007660591960708
[2023-05-23 18:41:44,407][__main__][INFO] - Iteration 0, epoch 162, train accuracy 0.79, loss 0.2065
[2023-05-23 18:41:47,442][__main__][INFO] - Test accuracy - 0.8001220972814613
[2023-05-23 18:41:47,514][__main__][INFO] - Iteration 0, epoch 163, train accuracy 0.80, loss 0.2011
[2023-05-23 18:41:50,845][__main__][INFO] - Test accuracy - 0.7984107018224118
[2023-05-23 18:41:50,924][__main__][INFO] - Iteration 0, epoch 164, train accuracy 0.79, loss 0.2074
[2023-05-23 18:41:53,993][__main__][INFO] - Test accuracy - 0.7999989315410797
[2023-05-23 18:41:54,075][__main__][INFO] - Iteration 0, epoch 165, train accuracy 0.81, loss 0.1957
[2023-05-23 18:41:56,962][__main__][INFO] - Test accuracy - 0.801504827452501
[2023-05-23 18:41:57,029][__main__][INFO] - Iteration 0, epoch 166, train accuracy 0.80, loss 0.1978
[2023-05-23 18:42:00,119][__main__][INFO] - Test accuracy - 0.8012798716125975
[2023-05-23 18:42:00,203][__main__][INFO] - Iteration 0, epoch 167, train accuracy 0.80, loss 0.2005
[2023-05-23 18:42:03,089][__main__][INFO] - Test accuracy - 0.8017388738098316
[2023-05-23 18:42:03,150][__main__][INFO] - Iteration 0, epoch 168, train accuracy 0.80, loss 0.1992
[2023-05-23 18:42:06,069][__main__][INFO] - Test accuracy - 0.8019483606910517
[2023-05-23 18:42:06,172][__main__][INFO] - Iteration 0, epoch 169, train accuracy 0.81, loss 0.1952
[2023-05-23 18:42:09,035][__main__][INFO] - Test accuracy - 0.8015559476110465
[2023-05-23 18:42:09,093][__main__][INFO] - Iteration 0, epoch 170, train accuracy 0.81, loss 0.1955
[2023-05-23 18:42:11,991][__main__][INFO] - Test accuracy - 0.802983977424497
[2023-05-23 18:42:12,092][__main__][INFO] - Iteration 0, epoch 171, train accuracy 0.81, loss 0.1937
[2023-05-23 18:42:15,025][__main__][INFO] - Test accuracy - 0.8032025655938996
[2023-05-23 18:42:15,097][__main__][INFO] - Iteration 0, epoch 172, train accuracy 0.81, loss 0.1946
[2023-05-23 18:42:18,058][__main__][INFO] - Test accuracy - 0.8014822433329024
[2023-05-23 18:42:18,168][__main__][INFO] - Iteration 0, epoch 173, train accuracy 0.80, loss 0.2002
[2023-05-23 18:42:21,130][__main__][INFO] - Test accuracy - 0.8041043664641765
[2023-05-23 18:42:21,188][__main__][INFO] - Iteration 0, epoch 174, train accuracy 0.80, loss 0.1985
[2023-05-23 18:42:24,122][__main__][INFO] - Test accuracy - 0.8040217030718195
[2023-05-23 18:42:24,178][__main__][INFO] - Iteration 0, epoch 175, train accuracy 0.80, loss 0.2049
[2023-05-23 18:42:27,007][__main__][INFO] - Test accuracy - 0.8019932230407997
[2023-05-23 18:42:27,069][__main__][INFO] - Iteration 0, epoch 176, train accuracy 0.79, loss 0.2067
[2023-05-23 18:42:30,078][__main__][INFO] - Test accuracy - 0.8000436624876136
[2023-05-23 18:42:30,148][__main__][INFO] - Iteration 0, epoch 177, train accuracy 0.79, loss 0.2073
[2023-05-23 18:42:33,133][__main__][INFO] - Test accuracy - 0.8044460105122572
[2023-05-23 18:42:33,192][__main__][INFO] - Iteration 0, epoch 178, train accuracy 0.81, loss 0.1939
[2023-05-23 18:42:36,140][__main__][INFO] - Test accuracy - 0.8053974602559131
[2023-05-23 18:42:36,204][__main__][INFO] - Iteration 0, epoch 179, train accuracy 0.81, loss 0.1927
[2023-05-23 18:42:39,133][__main__][INFO] - Test accuracy - 0.8056605036405152
[2023-05-23 18:42:39,221][__main__][INFO] - Iteration 0, epoch 180, train accuracy 0.80, loss 0.1996
[2023-05-23 18:42:42,264][__main__][INFO] - Test accuracy - 0.8048038947050967
[2023-05-23 18:42:42,353][__main__][INFO] - Iteration 0, epoch 181, train accuracy 0.81, loss 0.1922
[2023-05-23 18:42:45,506][__main__][INFO] - Test accuracy - 0.8070433867562794
[2023-05-23 18:42:45,610][__main__][INFO] - Iteration 0, epoch 182, train accuracy 0.81, loss 0.1952
[2023-05-23 18:42:48,353][__main__][INFO] - Test accuracy - 0.8022346042824523
[2023-05-23 18:42:48,406][__main__][INFO] - Iteration 0, epoch 183, train accuracy 0.81, loss 0.1928
[2023-05-23 18:42:51,311][__main__][INFO] - Test accuracy - 0.8070319137477919
[2023-05-23 18:42:51,413][__main__][INFO] - Iteration 0, epoch 184, train accuracy 0.81, loss 0.1915
[2023-05-23 18:42:54,717][__main__][INFO] - Test accuracy - 0.8075936280211968
[2023-05-23 18:42:54,777][__main__][INFO] - Iteration 0, epoch 185, train accuracy 0.80, loss 0.1963
[2023-05-23 18:42:57,771][__main__][INFO] - Test accuracy - 0.8031631726336651
[2023-05-23 18:42:57,867][__main__][INFO] - Iteration 0, epoch 186, train accuracy 0.80, loss 0.1995
[2023-05-23 18:43:00,730][__main__][INFO] - Test accuracy - 0.8041807505062255
[2023-05-23 18:43:00,783][__main__][INFO] - Iteration 0, epoch 187, train accuracy 0.81, loss 0.1944
[2023-05-23 18:43:03,701][__main__][INFO] - Test accuracy - 0.8080138964284176
[2023-05-23 18:43:03,773][__main__][INFO] - Iteration 0, epoch 188, train accuracy 0.81, loss 0.1909
[2023-05-23 18:43:06,922][__main__][INFO] - Test accuracy - 0.8098314743009779
[2023-05-23 18:43:07,012][__main__][INFO] - Iteration 0, epoch 189, train accuracy 0.81, loss 0.1921
[2023-05-23 18:43:09,877][__main__][INFO] - Test accuracy - 0.8071333850329585
[2023-05-23 18:43:09,943][__main__][INFO] - Iteration 0, epoch 190, train accuracy 0.81, loss 0.1945
[2023-05-23 18:43:12,980][__main__][INFO] - Test accuracy - 0.8100487010469174
[2023-05-23 18:43:13,050][__main__][INFO] - Iteration 0, epoch 191, train accuracy 0.80, loss 0.1962
[2023-05-23 18:43:15,997][__main__][INFO] - Test accuracy - 0.8079118866054888
[2023-05-23 18:43:16,079][__main__][INFO] - Iteration 0, epoch 192, train accuracy 0.80, loss 0.2009
[2023-05-23 18:43:19,299][__main__][INFO] - Test accuracy - 0.8092374585325923
[2023-05-23 18:43:19,406][__main__][INFO] - Iteration 0, epoch 193, train accuracy 0.81, loss 0.1902
[2023-05-23 18:43:22,516][__main__][INFO] - Test accuracy - 0.8096451768558012
[2023-05-23 18:43:22,590][__main__][INFO] - Iteration 0, epoch 194, train accuracy 0.82, loss 0.1843
[2023-05-23 18:43:25,803][__main__][INFO] - Test accuracy - 0.8087793438455905
[2023-05-23 18:43:25,907][__main__][INFO] - Iteration 0, epoch 195, train accuracy 0.81, loss 0.1922
[2023-05-23 18:43:28,933][__main__][INFO] - Test accuracy - 0.8047002261858602
[2023-05-23 18:43:28,994][__main__][INFO] - Iteration 0, epoch 196, train accuracy 0.80, loss 0.2014
[2023-05-23 18:43:32,054][__main__][INFO] - Test accuracy - 0.8043027314635302
[2023-05-23 18:43:32,157][__main__][INFO] - Iteration 0, epoch 197, train accuracy 0.81, loss 0.1912
[2023-05-23 18:43:35,359][__main__][INFO] - Test accuracy - 0.7943611821980958
[2023-05-23 18:43:35,427][__main__][INFO] - Iteration 0, epoch 198, train accuracy 0.79, loss 0.2152
[2023-05-23 18:43:38,537][__main__][INFO] - Test accuracy - 0.8102786523631037
[2023-05-23 18:43:38,600][__main__][INFO] - Iteration 0, epoch 199, train accuracy 0.81, loss 0.1928
[2023-05-23 18:43:41,586][__main__][INFO] - Test accuracy - 0.8115624143724957
[2023-05-23 18:43:41,662][__main__][INFO] - Iteration 0, epoch 200, train accuracy 0.81, loss 0.1914
[2023-05-23 18:43:44,992][__main__][INFO] - Test accuracy - 0.8086844944207487
[2023-05-23 18:43:45,057][__main__][INFO] - Iteration 0, epoch 201, train accuracy 0.81, loss 0.1882
[2023-05-23 18:43:48,049][__main__][INFO] - Test accuracy - 0.811998240058593
[2023-05-23 18:43:48,111][__main__][INFO] - Iteration 0, epoch 202, train accuracy 0.81, loss 0.1886
[2023-05-23 18:43:51,050][__main__][INFO] - Test accuracy - 0.8116449679031494
[2023-05-23 18:43:51,125][__main__][INFO] - Iteration 0, epoch 203, train accuracy 0.81, loss 0.1875
[2023-05-23 18:43:54,260][__main__][INFO] - Test accuracy - 0.8136442764206625
[2023-05-23 18:43:54,364][__main__][INFO] - Iteration 0, epoch 204, train accuracy 0.81, loss 0.1888
[2023-05-23 18:43:57,553][__main__][INFO] - Test accuracy - 0.8128637757959587
[2023-05-23 18:43:57,620][__main__][INFO] - Iteration 0, epoch 205, train accuracy 0.81, loss 0.1875
[2023-05-23 18:44:00,744][__main__][INFO] - Test accuracy - 0.8114775774417303
[2023-05-23 18:44:00,845][__main__][INFO] - Iteration 0, epoch 206, train accuracy 0.81, loss 0.1864
[2023-05-23 18:44:03,955][__main__][INFO] - Test accuracy - 0.8060105488776873
[2023-05-23 18:44:04,028][__main__][INFO] - Iteration 0, epoch 207, train accuracy 0.81, loss 0.1946
[2023-05-23 18:44:07,092][__main__][INFO] - Test accuracy - 0.8118775882124855
[2023-05-23 18:44:07,186][__main__][INFO] - Iteration 0, epoch 208, train accuracy 0.81, loss 0.1917
[2023-05-23 18:44:10,193][__main__][INFO] - Test accuracy - 0.8072269850501916
[2023-05-23 18:44:10,257][__main__][INFO] - Iteration 0, epoch 209, train accuracy 0.80, loss 0.1952
[2023-05-23 18:44:13,178][__main__][INFO] - Test accuracy - 0.804350568695877
[2023-05-23 18:44:13,283][__main__][INFO] - Iteration 0, epoch 210, train accuracy 0.80, loss 0.2000
[2023-05-23 18:44:16,324][__main__][INFO] - Test accuracy - 0.803452720692775
[2023-05-23 18:44:16,384][__main__][INFO] - Iteration 0, epoch 211, train accuracy 0.80, loss 0.1968
[2023-05-23 18:44:19,411][__main__][INFO] - Test accuracy - 0.8136638748869072
[2023-05-23 18:44:19,469][__main__][INFO] - Iteration 0, epoch 212, train accuracy 0.80, loss 0.1964
[2023-05-23 18:44:22,465][__main__][INFO] - Test accuracy - 0.8149516436172504
[2023-05-23 18:44:22,537][__main__][INFO] - Iteration 0, epoch 213, train accuracy 0.81, loss 0.1911
[2023-05-23 18:44:25,588][__main__][INFO] - Test accuracy - 0.8123473073111885
[2023-05-23 18:44:25,655][__main__][INFO] - Iteration 0, epoch 214, train accuracy 0.81, loss 0.1907
[2023-05-23 18:44:28,787][__main__][INFO] - Test accuracy - 0.8141094502606523
[2023-05-23 18:44:28,861][__main__][INFO] - Iteration 0, epoch 215, train accuracy 0.82, loss 0.1812
[2023-05-23 18:44:31,908][__main__][INFO] - Test accuracy - 0.8138519064236784
[2023-05-23 18:44:31,976][__main__][INFO] - Iteration 0, epoch 216, train accuracy 0.81, loss 0.1915
[2023-05-23 18:44:35,022][__main__][INFO] - Test accuracy - 0.8140002606522769
[2023-05-23 18:44:35,139][__main__][INFO] - Iteration 0, epoch 217, train accuracy 0.81, loss 0.1865
[2023-05-23 18:44:38,017][__main__][INFO] - Test accuracy - 0.8156191008573521
[2023-05-23 18:44:38,072][__main__][INFO] - Iteration 0, epoch 218, train accuracy 0.81, loss 0.1877
[2023-05-23 18:44:41,097][__main__][INFO] - Test accuracy - 0.8161373702123993
[2023-05-23 18:44:41,202][__main__][INFO] - Iteration 0, epoch 219, train accuracy 0.81, loss 0.1942
[2023-05-23 18:44:44,231][__main__][INFO] - Test accuracy - 0.8147937271121451
[2023-05-23 18:44:44,306][__main__][INFO] - Iteration 0, epoch 220, train accuracy 0.81, loss 0.1910
[2023-05-23 18:44:47,257][__main__][INFO] - Test accuracy - 0.8157710331308432
[2023-05-23 18:44:47,356][__main__][INFO] - Iteration 0, epoch 221, train accuracy 0.82, loss 0.1834
[2023-05-23 18:44:50,429][__main__][INFO] - Test accuracy - 0.8144487118176726
[2023-05-23 18:44:50,490][__main__][INFO] - Iteration 0, epoch 222, train accuracy 0.81, loss 0.1890
[2023-05-23 18:44:53,515][__main__][INFO] - Test accuracy - 0.8154303110594114
[2023-05-23 18:44:53,618][__main__][INFO] - Iteration 0, epoch 223, train accuracy 0.81, loss 0.1901
[2023-05-23 18:44:56,697][__main__][INFO] - Test accuracy - 0.8107689371418724
[2023-05-23 18:44:56,771][__main__][INFO] - Iteration 0, epoch 224, train accuracy 0.80, loss 0.1971
[2023-05-23 18:44:59,828][__main__][INFO] - Test accuracy - 0.8092144134246694
[2023-05-23 18:44:59,896][__main__][INFO] - Iteration 0, epoch 225, train accuracy 0.81, loss 0.1893
[2023-05-23 18:45:02,966][__main__][INFO] - Test accuracy - 0.8138473073111886
[2023-05-23 18:45:03,020][__main__][INFO] - Iteration 0, epoch 226, train accuracy 0.81, loss 0.1904
[2023-05-23 18:45:05,977][__main__][INFO] - Test accuracy - 0.8163402244625393
[2023-05-23 18:45:06,034][__main__][INFO] - Iteration 0, epoch 227, train accuracy 0.81, loss 0.1932
[2023-05-23 18:45:09,079][__main__][INFO] - Test accuracy - 0.8161556955753738
[2023-05-23 18:45:09,198][__main__][INFO] - Iteration 0, epoch 228, train accuracy 0.81, loss 0.1907
[2023-05-23 18:45:12,278][__main__][INFO] - Test accuracy - 0.8139971522123131
[2023-05-23 18:45:12,340][__main__][INFO] - Iteration 0, epoch 229, train accuracy 0.81, loss 0.1936
[2023-05-23 18:45:15,368][__main__][INFO] - Test accuracy - 0.8161102408340873
[2023-05-23 18:45:15,575][__main__][INFO] - Iteration 0, epoch 230, train accuracy 0.82, loss 0.1842
[2023-05-23 18:45:18,777][__main__][INFO] - Test accuracy - 0.8150210008185774
[2023-05-23 18:45:18,852][__main__][INFO] - Iteration 0, epoch 231, train accuracy 0.81, loss 0.1891
[2023-05-23 18:45:21,800][__main__][INFO] - Test accuracy - 0.8152688488216794
[2023-05-23 18:45:21,882][__main__][INFO] - Iteration 0, epoch 232, train accuracy 0.83, loss 0.1752
[2023-05-23 18:45:24,638][__main__][INFO] - Test accuracy - 0.8160677394338891
[2023-05-23 18:45:24,697][__main__][INFO] - Iteration 0, epoch 233, train accuracy 0.82, loss 0.1809
[2023-05-23 18:45:27,995][__main__][INFO] - Test accuracy - 0.8159231528154754
[2023-05-23 18:45:28,118][__main__][INFO] - Iteration 0, epoch 234, train accuracy 0.81, loss 0.1875
[2023-05-23 18:45:31,642][__main__][INFO] - Test accuracy - 0.8175145555986386
[2023-05-23 18:45:31,717][__main__][INFO] - Iteration 0, epoch 235, train accuracy 0.81, loss 0.1868
[2023-05-23 18:45:34,628][__main__][INFO] - Test accuracy - 0.817329542027487
[2023-05-23 18:45:34,692][__main__][INFO] - Iteration 0, epoch 236, train accuracy 0.82, loss 0.1842
[2023-05-23 18:45:37,915][__main__][INFO] - Test accuracy - 0.8185511826289259
[2023-05-23 18:45:37,978][__main__][INFO] - Iteration 0, epoch 237, train accuracy 0.82, loss 0.1836
[2023-05-23 18:45:40,949][__main__][INFO] - Test accuracy - 0.817095527982422
[2023-05-23 18:45:41,019][__main__][INFO] - Iteration 0, epoch 238, train accuracy 0.82, loss 0.1820
[2023-05-23 18:45:43,974][__main__][INFO] - Test accuracy - 0.8178949571323941
[2023-05-23 18:45:44,039][__main__][INFO] - Iteration 0, epoch 239, train accuracy 0.81, loss 0.1954
[2023-05-23 18:45:46,913][__main__][INFO] - Test accuracy - 0.8191050471759079
[2023-05-23 18:45:46,977][__main__][INFO] - Iteration 0, epoch 240, train accuracy 0.81, loss 0.1885
[2023-05-23 18:45:49,809][__main__][INFO] - Test accuracy - 0.8114623605187197
[2023-05-23 18:45:49,920][__main__][INFO] - Iteration 0, epoch 241, train accuracy 0.81, loss 0.1928
[2023-05-23 18:45:52,720][__main__][INFO] - Test accuracy - 0.8172528844082545
[2023-05-23 18:45:52,794][__main__][INFO] - Iteration 0, epoch 242, train accuracy 0.82, loss 0.1853
[2023-05-23 18:45:55,696][__main__][INFO] - Test accuracy - 0.8190755568480461
[2023-05-23 18:45:55,793][__main__][INFO] - Iteration 0, epoch 243, train accuracy 0.82, loss 0.1830
[2023-05-23 18:45:58,731][__main__][INFO] - Test accuracy - 0.8166331329972859
[2023-05-23 18:45:58,807][__main__][INFO] - Iteration 0, epoch 244, train accuracy 0.82, loss 0.1836
[2023-05-23 18:46:01,702][__main__][INFO] - Test accuracy - 0.8168718667872992
[2023-05-23 18:46:01,799][__main__][INFO] - Iteration 0, epoch 245, train accuracy 0.82, loss 0.1851
[2023-05-23 18:46:04,654][__main__][INFO] - Test accuracy - 0.8163776765326785
[2023-05-23 18:46:04,722][__main__][INFO] - Iteration 0, epoch 246, train accuracy 0.81, loss 0.1862
[2023-05-23 18:46:07,605][__main__][INFO] - Test accuracy - 0.8191694627547285
[2023-05-23 18:46:07,707][__main__][INFO] - Iteration 0, epoch 247, train accuracy 0.81, loss 0.1869
[2023-05-23 18:46:10,598][__main__][INFO] - Test accuracy - 0.8190964284175606
[2023-05-23 18:46:10,665][__main__][INFO] - Iteration 0, epoch 248, train accuracy 0.81, loss 0.1870
[2023-05-23 18:46:13,630][__main__][INFO] - Test accuracy - 0.8182376674852441
[2023-05-23 18:46:13,697][__main__][INFO] - Iteration 0, epoch 249, train accuracy 0.82, loss 0.1805
[2023-05-23 18:46:16,432][__main__][INFO] - Test accuracy - 0.817390872862005
[2023-05-23 18:46:16,506][__main__][INFO] - Iteration 0, epoch 250, train accuracy 0.83, loss 0.1745
[2023-05-23 18:46:19,284][__main__][INFO] - Test accuracy - 0.8179898948774289
[2023-05-23 18:46:19,344][__main__][INFO] - Iteration 0, epoch 251, train accuracy 0.81, loss 0.1920
[2023-05-23 18:46:22,311][__main__][INFO] - Test accuracy - 0.8181728232303649
[2023-05-23 18:46:22,408][__main__][INFO] - Iteration 0, epoch 252, train accuracy 0.82, loss 0.1796
[2023-05-23 18:46:25,186][__main__][INFO] - Test accuracy - 0.8196089224936453
[2023-05-23 18:46:25,259][__main__][INFO] - Iteration 0, epoch 253, train accuracy 0.82, loss 0.1819
[2023-05-23 18:46:28,053][__main__][INFO] - Test accuracy - 0.8193162466072121
[2023-05-23 18:46:28,149][__main__][INFO] - Iteration 0, epoch 254, train accuracy 0.82, loss 0.1826
[2023-05-23 18:46:31,044][__main__][INFO] - Test accuracy - 0.8114233509973721
[2023-05-23 18:46:31,117][__main__][INFO] - Iteration 0, epoch 255, train accuracy 0.81, loss 0.1921
[2023-05-23 18:46:33,916][__main__][INFO] - Test accuracy - 0.821638369738486
[2023-05-23 18:46:34,006][__main__][INFO] - Iteration 0, epoch 256, train accuracy 0.81, loss 0.1863
[2023-05-23 18:46:36,744][__main__][INFO] - Test accuracy - 0.8194800805652492
[2023-05-23 18:46:36,809][__main__][INFO] - Iteration 0, epoch 257, train accuracy 0.81, loss 0.1868
[2023-05-23 18:46:39,589][__main__][INFO] - Test accuracy - 0.8145922902933953
[2023-05-23 18:46:39,684][__main__][INFO] - Iteration 0, epoch 258, train accuracy 0.82, loss 0.1836
[2023-05-23 18:46:42,513][__main__][INFO] - Test accuracy - 0.8185821227004437
[2023-05-23 18:46:42,590][__main__][INFO] - Iteration 0, epoch 259, train accuracy 0.82, loss 0.1830
[2023-05-23 18:46:45,469][__main__][INFO] - Test accuracy - 0.8186170479514023
[2023-05-23 18:46:45,536][__main__][INFO] - Iteration 0, epoch 260, train accuracy 0.82, loss 0.1834
[2023-05-23 18:46:48,432][__main__][INFO] - Test accuracy - 0.8193448257291802
[2023-05-23 18:46:48,497][__main__][INFO] - Iteration 0, epoch 261, train accuracy 0.82, loss 0.1801
[2023-05-23 18:46:51,292][__main__][INFO] - Test accuracy - 0.8189922019732023
[2023-05-23 18:46:51,365][__main__][INFO] - Iteration 0, epoch 262, train accuracy 0.82, loss 0.1825
[2023-05-23 18:46:54,267][__main__][INFO] - Test accuracy - 0.8194593188574382
[2023-05-23 18:46:54,335][__main__][INFO] - Iteration 0, epoch 263, train accuracy 0.81, loss 0.1881
[2023-05-23 18:46:57,221][__main__][INFO] - Test accuracy - 0.817509482572918
[2023-05-23 18:46:57,293][__main__][INFO] - Iteration 0, epoch 264, train accuracy 0.82, loss 0.1811
[2023-05-23 18:47:00,243][__main__][INFO] - Test accuracy - 0.8194397203911938
[2023-05-23 18:47:00,341][__main__][INFO] - Iteration 0, epoch 265, train accuracy 0.82, loss 0.1827
[2023-05-23 18:47:03,158][__main__][INFO] - Test accuracy - 0.8214137757959589
[2023-05-23 18:47:03,228][__main__][INFO] - Iteration 0, epoch 266, train accuracy 0.82, loss 0.1802
[2023-05-23 18:47:06,047][__main__][INFO] - Test accuracy - 0.8191774891215372
[2023-05-23 18:47:06,145][__main__][INFO] - Iteration 0, epoch 267, train accuracy 0.82, loss 0.1792
[2023-05-23 18:47:08,908][__main__][INFO] - Test accuracy - 0.8185135129895308
[2023-05-23 18:47:08,974][__main__][INFO] - Iteration 0, epoch 268, train accuracy 0.82, loss 0.1784
[2023-05-23 18:47:11,840][__main__][INFO] - Test accuracy - 0.8200822217913919
[2023-05-23 18:47:11,945][__main__][INFO] - Iteration 0, epoch 269, train accuracy 0.82, loss 0.1816
[2023-05-23 18:47:14,748][__main__][INFO] - Test accuracy - 0.8220460880616949
[2023-05-23 18:47:14,808][__main__][INFO] - Iteration 0, epoch 270, train accuracy 0.81, loss 0.1866
[2023-05-23 18:47:17,674][__main__][INFO] - Test accuracy - 0.8211750183102838
[2023-05-23 18:47:17,779][__main__][INFO] - Iteration 0, epoch 271, train accuracy 0.83, loss 0.1738
[2023-05-23 18:47:20,632][__main__][INFO] - Test accuracy - 0.8214792124423765
[2023-05-23 18:47:20,703][__main__][INFO] - Iteration 0, epoch 272, train accuracy 0.82, loss 0.1849
[2023-05-23 18:47:23,511][__main__][INFO] - Test accuracy - 0.8195229330920684
[2023-05-23 18:47:23,580][__main__][INFO] - Iteration 0, epoch 273, train accuracy 0.82, loss 0.1845
[2023-05-23 18:47:26,432][__main__][INFO] - Test accuracy - 0.8236982292878376
[2023-05-23 18:47:26,502][__main__][INFO] - Iteration 0, epoch 274, train accuracy 0.82, loss 0.1828
[2023-05-23 18:47:29,369][__main__][INFO] - Test accuracy - 0.8241186506397828
[2023-05-23 18:47:29,440][__main__][INFO] - Iteration 0, epoch 275, train accuracy 0.82, loss 0.1786
[2023-05-23 18:47:32,243][__main__][INFO] - Test accuracy - 0.8225312222653052
[2023-05-23 18:47:32,326][__main__][INFO] - Iteration 0, epoch 276, train accuracy 0.82, loss 0.1786
[2023-05-23 18:47:35,311][__main__][INFO] - Test accuracy - 0.8227964284175607
[2023-05-23 18:47:35,380][__main__][INFO] - Iteration 0, epoch 277, train accuracy 0.82, loss 0.1805
[2023-05-23 18:47:38,207][__main__][INFO] - Test accuracy - 0.8227983499202964
[2023-05-23 18:47:38,300][__main__][INFO] - Iteration 0, epoch 278, train accuracy 0.82, loss 0.1764
[2023-05-23 18:47:41,129][__main__][INFO] - Test accuracy - 0.821034944638318
[2023-05-23 18:47:41,186][__main__][INFO] - Iteration 0, epoch 279, train accuracy 0.82, loss 0.1803
[2023-05-23 18:47:43,993][__main__][INFO] - Test accuracy - 0.8212685623195898
[2023-05-23 18:47:44,103][__main__][INFO] - Iteration 0, epoch 280, train accuracy 0.81, loss 0.1867
[2023-05-23 18:47:47,004][__main__][INFO] - Test accuracy - 0.816200788419284
[2023-05-23 18:47:47,091][__main__][INFO] - Iteration 0, epoch 281, train accuracy 0.82, loss 0.1801
[2023-05-23 18:47:49,904][__main__][INFO] - Test accuracy - 0.8221691116281072
[2023-05-23 18:47:50,005][__main__][INFO] - Iteration 0, epoch 282, train accuracy 0.82, loss 0.1814
[2023-05-23 18:47:52,862][__main__][INFO] - Test accuracy - 0.8197680474774892
[2023-05-23 18:47:52,928][__main__][INFO] - Iteration 0, epoch 283, train accuracy 0.82, loss 0.1811
[2023-05-23 18:47:55,825][__main__][INFO] - Test accuracy - 0.8225288290034898
[2023-05-23 18:47:55,895][__main__][INFO] - Iteration 0, epoch 284, train accuracy 0.82, loss 0.1788
[2023-05-23 18:47:58,832][__main__][INFO] - Test accuracy - 0.8211538839343414
[2023-05-23 18:47:58,899][__main__][INFO] - Iteration 0, epoch 285, train accuracy 0.82, loss 0.1780
[2023-05-23 18:48:01,738][__main__][INFO] - Test accuracy - 0.82159451768558
[2023-05-23 18:48:01,788][__main__][INFO] - Iteration 0, epoch 286, train accuracy 0.82, loss 0.1798
[2023-05-23 18:48:04,520][__main__][INFO] - Test accuracy - 0.8223388199560553
[2023-05-23 18:48:04,572][__main__][INFO] - Iteration 0, epoch 287, train accuracy 0.82, loss 0.1840
[2023-05-23 18:48:07,476][__main__][INFO] - Test accuracy - 0.8238908728620051
[2023-05-23 18:48:07,549][__main__][INFO] - Iteration 0, epoch 288, train accuracy 0.81, loss 0.1858
[2023-05-23 18:48:10,398][__main__][INFO] - Test accuracy - 0.8191474064021369
[2023-05-23 18:48:10,492][__main__][INFO] - Iteration 0, epoch 289, train accuracy 0.82, loss 0.1846
[2023-05-23 18:48:13,413][__main__][INFO] - Test accuracy - 0.8229391710826763
[2023-05-23 18:48:13,482][__main__][INFO] - Iteration 0, epoch 290, train accuracy 0.82, loss 0.1823
[2023-05-23 18:48:16,348][__main__][INFO] - Test accuracy - 0.8153428503726682
[2023-05-23 18:48:16,467][__main__][INFO] - Iteration 0, epoch 291, train accuracy 0.81, loss 0.1932
[2023-05-23 18:48:19,227][__main__][INFO] - Test accuracy - 0.8222482292878377
[2023-05-23 18:48:19,290][__main__][INFO] - Iteration 0, epoch 292, train accuracy 0.82, loss 0.1760
[2023-05-23 18:48:22,081][__main__][INFO] - Test accuracy - 0.820289468355521
[2023-05-23 18:48:22,183][__main__][INFO] - Iteration 0, epoch 293, train accuracy 0.82, loss 0.1779
[2023-05-23 18:48:25,001][__main__][INFO] - Test accuracy - 0.8234727025979063
[2023-05-23 18:48:25,070][__main__][INFO] - Iteration 0, epoch 294, train accuracy 0.82, loss 0.1766
[2023-05-23 18:48:27,959][__main__][INFO] - Test accuracy - 0.822254344922666
[2023-05-23 18:48:28,059][__main__][INFO] - Iteration 0, epoch 295, train accuracy 0.83, loss 0.1717
[2023-05-23 18:48:30,850][__main__][INFO] - Test accuracy - 0.8199487678256
[2023-05-23 18:48:30,910][__main__][INFO] - Iteration 0, epoch 296, train accuracy 0.82, loss 0.1771
[2023-05-23 18:48:33,630][__main__][INFO] - Test accuracy - 0.8195180237818276
[2023-05-23 18:48:33,686][__main__][INFO] - Iteration 0, epoch 297, train accuracy 0.80, loss 0.1953
[2023-05-23 18:48:36,333][__main__][INFO] - Test accuracy - 0.8252181896514583
[2023-05-23 18:48:36,388][__main__][INFO] - Iteration 0, epoch 298, train accuracy 0.82, loss 0.1765
[2023-05-23 18:48:39,111][__main__][INFO] - Test accuracy - 0.8258590108138383
[2023-05-23 18:48:39,175][__main__][INFO] - Iteration 0, epoch 299, train accuracy 0.82, loss 0.1824
[2023-05-23 18:48:42,002][__main__][INFO] - Test accuracy - 0.824235295764939
[2023-05-23 18:48:42,061][__main__][INFO] - Iteration 0, epoch 300, train accuracy 0.82, loss 0.1761
[2023-05-23 18:48:44,964][__main__][INFO] - Test accuracy - 0.8216468010856922
[2023-05-23 18:48:45,030][__main__][INFO] - Iteration 0, epoch 301, train accuracy 0.82, loss 0.1815
[2023-05-23 18:48:47,875][__main__][INFO] - Test accuracy - 0.8231797725216492
[2023-05-23 18:48:47,970][__main__][INFO] - Iteration 0, epoch 302, train accuracy 0.81, loss 0.1881
[2023-05-23 18:48:50,720][__main__][INFO] - Test accuracy - 0.8228003597432252
[2023-05-23 18:48:50,795][__main__][INFO] - Iteration 0, epoch 303, train accuracy 0.83, loss 0.1757
[2023-05-23 18:48:53,528][__main__][INFO] - Test accuracy - 0.8252392701736245
[2023-05-23 18:48:53,623][__main__][INFO] - Iteration 0, epoch 304, train accuracy 0.82, loss 0.1762
[2023-05-23 18:48:56,446][__main__][INFO] - Test accuracy - 0.824087579165051
[2023-05-23 18:48:56,526][__main__][INFO] - Iteration 0, epoch 305, train accuracy 0.82, loss 0.1805
[2023-05-23 18:48:59,298][__main__][INFO] - Test accuracy - 0.822215059669984
[2023-05-23 18:48:59,412][__main__][INFO] - Iteration 0, epoch 306, train accuracy 0.81, loss 0.1859
[2023-05-23 18:49:02,295][__main__][INFO] - Test accuracy - 0.8244456593856361
[2023-05-23 18:49:02,362][__main__][INFO] - Iteration 0, epoch 307, train accuracy 0.82, loss 0.1757
[2023-05-23 18:49:05,153][__main__][INFO] - Test accuracy - 0.8179942117961311
[2023-05-23 18:49:05,219][__main__][INFO] - Iteration 0, epoch 308, train accuracy 0.82, loss 0.1818
[2023-05-23 18:49:08,137][__main__][INFO] - Test accuracy - 0.8206942333376417
[2023-05-23 18:49:08,205][__main__][INFO] - Iteration 0, epoch 309, train accuracy 0.82, loss 0.1830
[2023-05-23 18:49:11,068][__main__][INFO] - Test accuracy - 0.8234108116841152
[2023-05-23 18:49:11,142][__main__][INFO] - Iteration 0, epoch 310, train accuracy 0.82, loss 0.1782
[2023-05-23 18:49:14,158][__main__][INFO] - Test accuracy - 0.8220303993796044
[2023-05-23 18:49:14,228][__main__][INFO] - Iteration 0, epoch 311, train accuracy 0.82, loss 0.1778
[2023-05-23 18:49:17,079][__main__][INFO] - Test accuracy - 0.8257182887424066
[2023-05-23 18:49:17,156][__main__][INFO] - Iteration 0, epoch 312, train accuracy 0.83, loss 0.1701
[2023-05-23 18:49:20,109][__main__][INFO] - Test accuracy - 0.8255953965792081
[2023-05-23 18:49:20,204][__main__][INFO] - Iteration 0, epoch 313, train accuracy 0.83, loss 0.1757
[2023-05-23 18:49:23,046][__main__][INFO] - Test accuracy - 0.8214779285683512
[2023-05-23 18:49:23,121][__main__][INFO] - Iteration 0, epoch 314, train accuracy 0.82, loss 0.1793
[2023-05-23 18:49:25,961][__main__][INFO] - Test accuracy - 0.824040564818405
[2023-05-23 18:49:26,074][__main__][INFO] - Iteration 0, epoch 315, train accuracy 0.82, loss 0.1811
[2023-05-23 18:49:28,873][__main__][INFO] - Test accuracy - 0.8221434427642067
[2023-05-23 18:49:28,938][__main__][INFO] - Iteration 0, epoch 316, train accuracy 0.83, loss 0.1720
[2023-05-23 18:49:31,895][__main__][INFO] - Test accuracy - 0.825012776269872
[2023-05-23 18:49:31,990][__main__][INFO] - Iteration 0, epoch 317, train accuracy 0.82, loss 0.1858
[2023-05-23 18:49:34,842][__main__][INFO] - Test accuracy - 0.8201641721597519
[2023-05-23 18:49:34,919][__main__][INFO] - Iteration 0, epoch 318, train accuracy 0.81, loss 0.1867
[2023-05-23 18:49:37,732][__main__][INFO] - Test accuracy - 0.8237137542544484
[2023-05-23 18:49:37,827][__main__][INFO] - Iteration 0, epoch 319, train accuracy 0.82, loss 0.1836
[2023-05-23 18:49:40,588][__main__][INFO] - Test accuracy - 0.8251214510361466
[2023-05-23 18:49:40,645][__main__][INFO] - Iteration 0, epoch 320, train accuracy 0.83, loss 0.1727
[2023-05-23 18:49:43,484][__main__][INFO] - Test accuracy - 0.8247894015768384
[2023-05-23 18:49:43,563][__main__][INFO] - Iteration 0, epoch 321, train accuracy 0.82, loss 0.1794
[2023-05-23 18:49:46,418][__main__][INFO] - Test accuracy - 0.8238772801688854
[2023-05-23 18:49:46,488][__main__][INFO] - Iteration 0, epoch 322, train accuracy 0.82, loss 0.1848
[2023-05-23 18:49:49,332][__main__][INFO] - Test accuracy - 0.825836657188402
[2023-05-23 18:49:49,404][__main__][INFO] - Iteration 0, epoch 323, train accuracy 0.83, loss 0.1733
[2023-05-23 18:49:52,396][__main__][INFO] - Test accuracy - 0.8257159062513464
[2023-05-23 18:49:52,449][__main__][INFO] - Iteration 0, epoch 324, train accuracy 0.83, loss 0.1749
[2023-05-23 18:49:55,241][__main__][INFO] - Test accuracy - 0.8262281590625135
[2023-05-23 18:49:55,306][__main__][INFO] - Iteration 0, epoch 325, train accuracy 0.83, loss 0.1725
[2023-05-23 18:49:58,206][__main__][INFO] - Test accuracy - 0.8214993279048728
[2023-05-23 18:49:58,304][__main__][INFO] - Iteration 0, epoch 326, train accuracy 0.82, loss 0.1750
[2023-05-23 18:50:01,263][__main__][INFO] - Test accuracy - 0.8259107233639223
[2023-05-23 18:50:01,327][__main__][INFO] - Iteration 0, epoch 327, train accuracy 0.83, loss 0.1743
[2023-05-23 18:50:04,240][__main__][INFO] - Test accuracy - 0.8270574081254578
[2023-05-23 18:50:04,348][__main__][INFO] - Iteration 0, epoch 328, train accuracy 0.83, loss 0.1734
[2023-05-23 18:50:07,246][__main__][INFO] - Test accuracy - 0.8243287191417862
[2023-05-23 18:50:07,311][__main__][INFO] - Iteration 0, epoch 329, train accuracy 0.83, loss 0.1742
[2023-05-23 18:50:10,185][__main__][INFO] - Test accuracy - 0.8230990090905175
[2023-05-23 18:50:10,286][__main__][INFO] - Iteration 0, epoch 330, train accuracy 0.82, loss 0.1779
[2023-05-23 18:50:13,152][__main__][INFO] - Test accuracy - 0.8271349554090732
[2023-05-23 18:50:13,218][__main__][INFO] - Iteration 0, epoch 331, train accuracy 0.82, loss 0.1762
[2023-05-23 18:50:16,015][__main__][INFO] - Test accuracy - 0.8260497221145147
[2023-05-23 18:50:16,075][__main__][INFO] - Iteration 0, epoch 332, train accuracy 0.83, loss 0.1710
[2023-05-23 18:50:18,856][__main__][INFO] - Test accuracy - 0.8244711322217914
[2023-05-23 18:50:18,914][__main__][INFO] - Iteration 0, epoch 333, train accuracy 0.82, loss 0.1760
[2023-05-23 18:50:21,728][__main__][INFO] - Test accuracy - 0.8258016328464952
[2023-05-23 18:50:21,799][__main__][INFO] - Iteration 0, epoch 334, train accuracy 0.83, loss 0.1707
[2023-05-23 18:50:24,501][__main__][INFO] - Test accuracy - 0.8259535651199862
[2023-05-23 18:50:24,564][__main__][INFO] - Iteration 0, epoch 335, train accuracy 0.82, loss 0.1772
[2023-05-23 18:50:27,357][__main__][INFO] - Test accuracy - 0.8237463853345397
[2023-05-23 18:50:27,416][__main__][INFO] - Iteration 0, epoch 336, train accuracy 0.83, loss 0.1731
[2023-05-23 18:50:30,244][__main__][INFO] - Test accuracy - 0.8255293998535177
[2023-05-23 18:50:30,354][__main__][INFO] - Iteration 0, epoch 337, train accuracy 0.82, loss 0.1817
[2023-05-23 18:50:33,163][__main__][INFO] - Test accuracy - 0.8242023243289819
[2023-05-23 18:50:33,230][__main__][INFO] - Iteration 0, epoch 338, train accuracy 0.83, loss 0.1749
[2023-05-23 18:50:36,069][__main__][INFO] - Test accuracy - 0.8254648076343113
[2023-05-23 18:50:36,162][__main__][INFO] - Iteration 0, epoch 339, train accuracy 0.83, loss 0.1749
[2023-05-23 18:50:39,090][__main__][INFO] - Test accuracy - 0.8278330446770927
[2023-05-23 18:50:39,171][__main__][INFO] - Iteration 0, epoch 340, train accuracy 0.82, loss 0.1818
[2023-05-23 18:50:42,020][__main__][INFO] - Test accuracy - 0.8259951660850459
[2023-05-23 18:50:42,119][__main__][INFO] - Iteration 0, epoch 341, train accuracy 0.83, loss 0.1754
[2023-05-23 18:50:45,063][__main__][INFO] - Test accuracy - 0.8271042458317176
[2023-05-23 18:50:45,129][__main__][INFO] - Iteration 0, epoch 342, train accuracy 0.82, loss 0.1767
[2023-05-23 18:50:47,962][__main__][INFO] - Test accuracy - 0.8266872495799406
[2023-05-23 18:50:48,054][__main__][INFO] - Iteration 0, epoch 343, train accuracy 0.83, loss 0.1764
[2023-05-23 18:50:50,854][__main__][INFO] - Test accuracy - 0.8281270281332127
[2023-05-23 18:50:50,924][__main__][INFO] - Iteration 0, epoch 344, train accuracy 0.83, loss 0.1732
[2023-05-23 18:50:53,866][__main__][INFO] - Test accuracy - 0.826552852095989
[2023-05-23 18:50:53,932][__main__][INFO] - Iteration 0, epoch 345, train accuracy 0.83, loss 0.1736
[2023-05-23 18:50:56,826][__main__][INFO] - Test accuracy - 0.8257202102451424
[2023-05-23 18:50:56,902][__main__][INFO] - Iteration 0, epoch 346, train accuracy 0.82, loss 0.1761
[2023-05-23 18:50:59,724][__main__][INFO] - Test accuracy - 0.8264828249536856
[2023-05-23 18:50:59,791][__main__][INFO] - Iteration 0, epoch 347, train accuracy 0.82, loss 0.1772
[2023-05-23 18:51:02,600][__main__][INFO] - Test accuracy - 0.8261173107578303
[2023-05-23 18:51:02,673][__main__][INFO] - Iteration 0, epoch 348, train accuracy 0.82, loss 0.1779
[2023-05-23 18:51:05,462][__main__][INFO] - Test accuracy - 0.8267246456421523
[2023-05-23 18:51:05,535][__main__][INFO] - Iteration 0, epoch 349, train accuracy 0.82, loss 0.1768
[2023-05-23 18:51:08,476][__main__][INFO] - Test accuracy - 0.8257546852785317
[2023-05-23 18:51:08,576][__main__][INFO] - Iteration 0, epoch 350, train accuracy 0.83, loss 0.1728
[2023-05-23 18:51:11,458][__main__][INFO] - Test accuracy - 0.8231605596484426
[2023-05-23 18:51:11,524][__main__][INFO] - Iteration 0, epoch 351, train accuracy 0.82, loss 0.1750
[2023-05-23 18:51:14,287][__main__][INFO] - Test accuracy - 0.8267329132738788
[2023-05-23 18:51:14,375][__main__][INFO] - Iteration 0, epoch 352, train accuracy 0.83, loss 0.1733
[2023-05-23 18:51:17,188][__main__][INFO] - Test accuracy - 0.8216831114557753
[2023-05-23 18:51:17,263][__main__][INFO] - Iteration 0, epoch 353, train accuracy 0.82, loss 0.1786
[2023-05-23 18:51:20,022][__main__][INFO] - Test accuracy - 0.8246064861488088
[2023-05-23 18:51:20,127][__main__][INFO] - Iteration 0, epoch 354, train accuracy 0.83, loss 0.1685
[2023-05-23 18:51:22,975][__main__][INFO] - Test accuracy - 0.8271389298177588
[2023-05-23 18:51:23,041][__main__][INFO] - Iteration 0, epoch 355, train accuracy 0.83, loss 0.1693
[2023-05-23 18:51:25,932][__main__][INFO] - Test accuracy - 0.8273735147128518
[2023-05-23 18:51:26,033][__main__][INFO] - Iteration 0, epoch 356, train accuracy 0.83, loss 0.1668
[2023-05-23 18:51:28,692][__main__][INFO] - Test accuracy - 0.827360230063332
[2023-05-23 18:51:28,751][__main__][INFO] - Iteration 0, epoch 357, train accuracy 0.83, loss 0.1711
[2023-05-23 18:51:31,570][__main__][INFO] - Test accuracy - 0.8266181896514584
[2023-05-23 18:51:31,628][__main__][INFO] - Iteration 0, epoch 358, train accuracy 0.83, loss 0.1716
[2023-05-23 18:51:34,494][__main__][INFO] - Test accuracy - 0.8266772478566197
[2023-05-23 18:51:34,561][__main__][INFO] - Iteration 0, epoch 359, train accuracy 0.83, loss 0.1761
[2023-05-23 18:51:37,368][__main__][INFO] - Test accuracy - 0.8297315733919264
[2023-05-23 18:51:37,441][__main__][INFO] - Iteration 0, epoch 360, train accuracy 0.83, loss 0.1713
[2023-05-23 18:51:40,230][__main__][INFO] - Test accuracy - 0.8275234263926587
[2023-05-23 18:51:40,330][__main__][INFO] - Iteration 0, epoch 361, train accuracy 0.82, loss 0.1848
[2023-05-23 18:51:43,327][__main__][INFO] - Test accuracy - 0.8258232519064238
[2023-05-23 18:51:43,401][__main__][INFO] - Iteration 0, epoch 362, train accuracy 0.83, loss 0.1728
[2023-05-23 18:51:46,191][__main__][INFO] - Test accuracy - 0.8238716599887984
[2023-05-23 18:51:46,283][__main__][INFO] - Iteration 0, epoch 363, train accuracy 0.82, loss 0.1819
[2023-05-23 18:51:49,059][__main__][INFO] - Test accuracy - 0.8263318814355263
[2023-05-23 18:51:49,129][__main__][INFO] - Iteration 0, epoch 364, train accuracy 0.83, loss 0.1756
[2023-05-23 18:51:52,056][__main__][INFO] - Test accuracy - 0.8259987893671104
[2023-05-23 18:51:52,152][__main__][INFO] - Iteration 0, epoch 365, train accuracy 0.82, loss 0.1787
[2023-05-23 18:51:54,998][__main__][INFO] - Test accuracy - 0.8279025332816337
[2023-05-23 18:51:55,063][__main__][INFO] - Iteration 0, epoch 366, train accuracy 0.83, loss 0.1735
[2023-05-23 18:51:57,928][__main__][INFO] - Test accuracy - 0.8252858989272327
[2023-05-23 18:51:58,023][__main__][INFO] - Iteration 0, epoch 367, train accuracy 0.83, loss 0.1732
[2023-05-23 18:52:00,669][__main__][INFO] - Test accuracy - 0.8294886002326484
[2023-05-23 18:52:00,724][__main__][INFO] - Iteration 0, epoch 368, train accuracy 0.83, loss 0.1731
[2023-05-23 18:52:03,557][__main__][INFO] - Test accuracy - 0.8221002283400112
[2023-05-23 18:52:03,620][__main__][INFO] - Iteration 0, epoch 369, train accuracy 0.82, loss 0.1799
[2023-05-23 18:52:06,428][__main__][INFO] - Test accuracy - 0.828046538279264
[2023-05-23 18:52:06,486][__main__][INFO] - Iteration 0, epoch 370, train accuracy 0.83, loss 0.1729
[2023-05-23 18:52:09,249][__main__][INFO] - Test accuracy - 0.8261339127999655
[2023-05-23 18:52:09,315][__main__][INFO] - Iteration 0, epoch 371, train accuracy 0.82, loss 0.1758
[2023-05-23 18:52:12,272][__main__][INFO] - Test accuracy - 0.8284823531946058
[2023-05-23 18:52:12,340][__main__][INFO] - Iteration 0, epoch 372, train accuracy 0.82, loss 0.1753
[2023-05-23 18:52:15,271][__main__][INFO] - Test accuracy - 0.8244214402653914
[2023-05-23 18:52:15,346][__main__][INFO] - Iteration 0, epoch 373, train accuracy 0.83, loss 0.1732
[2023-05-23 18:52:18,044][__main__][INFO] - Test accuracy - 0.8238196286243592
[2023-05-23 18:52:18,134][__main__][INFO] - Iteration 0, epoch 374, train accuracy 0.82, loss 0.1816
[2023-05-23 18:52:20,893][__main__][INFO] - Test accuracy - 0.828174184653828
[2023-05-23 18:52:20,951][__main__][INFO] - Iteration 0, epoch 375, train accuracy 0.83, loss 0.1704
[2023-05-23 18:52:23,835][__main__][INFO] - Test accuracy - 0.8291496014820559
[2023-05-23 18:52:23,943][__main__][INFO] - Iteration 0, epoch 376, train accuracy 0.83, loss 0.1734
[2023-05-23 18:52:26,825][__main__][INFO] - Test accuracy - 0.8255818922062814
[2023-05-23 18:52:26,889][__main__][INFO] - Iteration 0, epoch 377, train accuracy 0.83, loss 0.1743
[2023-05-23 18:52:29,795][__main__][INFO] - Test accuracy - 0.8261890396794623
[2023-05-23 18:52:29,889][__main__][INFO] - Iteration 0, epoch 378, train accuracy 0.83, loss 0.1689
[2023-05-23 18:52:32,698][__main__][INFO] - Test accuracy - 0.82955605747275
[2023-05-23 18:52:32,771][__main__][INFO] - Iteration 0, epoch 379, train accuracy 0.83, loss 0.1682
[2023-05-23 18:52:35,532][__main__][INFO] - Test accuracy - 0.8287073198052648
[2023-05-23 18:52:35,629][__main__][INFO] - Iteration 0, epoch 380, train accuracy 0.83, loss 0.1736
[2023-05-23 18:52:38,423][__main__][INFO] - Test accuracy - 0.8237489638533454
[2023-05-23 18:52:38,510][__main__][INFO] - Iteration 0, epoch 381, train accuracy 0.81, loss 0.1858
[2023-05-23 18:52:41,336][__main__][INFO] - Test accuracy - 0.8284737344362587
[2023-05-23 18:52:41,401][__main__][INFO] - Iteration 0, epoch 382, train accuracy 0.83, loss 0.1709
[2023-05-23 18:52:44,197][__main__][INFO] - Test accuracy - 0.8266444638318038
[2023-05-23 18:52:44,258][__main__][INFO] - Iteration 0, epoch 383, train accuracy 0.82, loss 0.1800
[2023-05-23 18:52:47,084][__main__][INFO] - Test accuracy - 0.8278211429925466
[2023-05-23 18:52:47,149][__main__][INFO] - Iteration 0, epoch 384, train accuracy 0.82, loss 0.1773
[2023-05-23 18:52:49,832][__main__][INFO] - Test accuracy - 0.8276215608978501
[2023-05-23 18:52:49,919][__main__][INFO] - Iteration 0, epoch 385, train accuracy 0.83, loss 0.1726
[2023-05-23 18:52:52,836][__main__][INFO] - Test accuracy - 0.8292259962948603
[2023-05-23 18:52:52,915][__main__][INFO] - Iteration 0, epoch 386, train accuracy 0.83, loss 0.1685
[2023-05-23 18:52:55,694][__main__][INFO] - Test accuracy - 0.8287569579078885
[2023-05-23 18:52:55,790][__main__][INFO] - Iteration 0, epoch 387, train accuracy 0.84, loss 0.1644
[2023-05-23 18:52:58,647][__main__][INFO] - Test accuracy - 0.8303319029770367
[2023-05-23 18:52:58,720][__main__][INFO] - Iteration 0, epoch 388, train accuracy 0.83, loss 0.1748
[2023-05-23 18:53:01,519][__main__][INFO] - Test accuracy - 0.8291741071043901
[2023-05-23 18:53:01,617][__main__][INFO] - Iteration 0, epoch 389, train accuracy 0.82, loss 0.1786
[2023-05-23 18:53:04,504][__main__][INFO] - Test accuracy - 0.8276759079746672
[2023-05-23 18:53:04,570][__main__][INFO] - Iteration 0, epoch 390, train accuracy 0.84, loss 0.1643
[2023-05-23 18:53:07,451][__main__][INFO] - Test accuracy - 0.8290394015768385
[2023-05-23 18:53:07,555][__main__][INFO] - Iteration 0, epoch 391, train accuracy 0.83, loss 0.1682
[2023-05-23 18:53:10,366][__main__][INFO] - Test accuracy - 0.8236569148248676
[2023-05-23 18:53:10,432][__main__][INFO] - Iteration 0, epoch 392, train accuracy 0.83, loss 0.1719
[2023-05-23 18:53:13,238][__main__][INFO] - Test accuracy - 0.8200194972211451
[2023-05-23 18:53:13,312][__main__][INFO] - Iteration 0, epoch 393, train accuracy 0.82, loss 0.1857
[2023-05-23 18:53:16,137][__main__][INFO] - Test accuracy - 0.8271070569988368
[2023-05-23 18:53:16,200][__main__][INFO] - Iteration 0, epoch 394, train accuracy 0.83, loss 0.1705
[2023-05-23 18:53:19,031][__main__][INFO] - Test accuracy - 0.8302961871526431
[2023-05-23 18:53:19,098][__main__][INFO] - Iteration 0, epoch 395, train accuracy 0.83, loss 0.1697
[2023-05-23 18:53:21,984][__main__][INFO] - Test accuracy - 0.8270039485588729
[2023-05-23 18:53:22,063][__main__][INFO] - Iteration 0, epoch 396, train accuracy 0.82, loss 0.1779
[2023-05-23 18:53:24,936][__main__][INFO] - Test accuracy - 0.8249271056826504
[2023-05-23 18:53:25,004][__main__][INFO] - Iteration 0, epoch 397, train accuracy 0.82, loss 0.1799
[2023-05-23 18:53:27,859][__main__][INFO] - Test accuracy - 0.8269415320322261
[2023-05-23 18:53:27,964][__main__][INFO] - Iteration 0, epoch 398, train accuracy 0.83, loss 0.1690
[2023-05-23 18:53:30,851][__main__][INFO] - Test accuracy - 0.8261493386756279
[2023-05-23 18:53:30,921][__main__][INFO] - Iteration 0, epoch 399, train accuracy 0.83, loss 0.1725
[2023-05-23 18:53:33,677][__main__][INFO] - Test accuracy - 0.8220039614837793
[2023-05-23 18:53:33,778][__main__][INFO] - Iteration 0, epoch 400, train accuracy 0.83, loss 0.1744
[2023-05-23 18:53:36,579][__main__][INFO] - Test accuracy - 0.8258211106802809
[2023-05-23 18:53:36,645][__main__][INFO] - Iteration 0, epoch 401, train accuracy 0.84, loss 0.1639
[2023-05-23 18:53:39,469][__main__][INFO] - Test accuracy - 0.8238154000258499
[2023-05-23 18:53:39,566][__main__][INFO] - Iteration 0, epoch 402, train accuracy 0.82, loss 0.1792
[2023-05-23 18:53:42,335][__main__][INFO] - Test accuracy - 0.8249426414200164
[2023-05-23 18:53:42,404][__main__][INFO] - Iteration 0, epoch 403, train accuracy 0.82, loss 0.1763
[2023-05-23 18:53:45,303][__main__][INFO] - Test accuracy - 0.8285014238938435
[2023-05-23 18:53:45,401][__main__][INFO] - Iteration 0, epoch 404, train accuracy 0.83, loss 0.1712
[2023-05-23 18:53:48,324][__main__][INFO] - Test accuracy - 0.8286579897462409
[2023-05-23 18:53:48,388][__main__][INFO] - Iteration 0, epoch 405, train accuracy 0.82, loss 0.1752
[2023-05-23 18:53:51,292][__main__][INFO] - Test accuracy - 0.828331694024385
[2023-05-23 18:53:51,363][__main__][INFO] - Iteration 0, epoch 406, train accuracy 0.83, loss 0.1687
[2023-05-23 18:53:54,031][__main__][INFO] - Test accuracy - 0.8281766770065917
[2023-05-23 18:53:54,084][__main__][INFO] - Iteration 0, epoch 407, train accuracy 0.83, loss 0.1726
[2023-05-23 18:53:56,922][__main__][INFO] - Test accuracy - 0.8304786308215932
[2023-05-23 18:53:56,982][__main__][INFO] - Iteration 0, epoch 408, train accuracy 0.82, loss 0.1792
[2023-05-23 18:53:59,777][__main__][INFO] - Test accuracy - 0.8232263043384602
[2023-05-23 18:53:59,860][__main__][INFO] - Iteration 0, epoch 409, train accuracy 0.83, loss 0.1743
[2023-05-23 18:54:02,728][__main__][INFO] - Test accuracy - 0.8225109990952566
[2023-05-23 18:54:02,793][__main__][INFO] - Iteration 0, epoch 410, train accuracy 0.83, loss 0.1737
[2023-05-23 18:54:05,636][__main__][INFO] - Test accuracy - 0.8278334173452242
[2023-05-23 18:54:05,736][__main__][INFO] - Iteration 0, epoch 411, train accuracy 0.83, loss 0.1709
[2023-05-23 18:54:08,556][__main__][INFO] - Test accuracy - 0.8292279285683513
[2023-05-23 18:54:08,626][__main__][INFO] - Iteration 0, epoch 412, train accuracy 0.82, loss 0.1777
[2023-05-23 18:54:11,549][__main__][INFO] - Test accuracy - 0.8287696501658697
[2023-05-23 18:54:11,653][__main__][INFO] - Iteration 0, epoch 413, train accuracy 0.83, loss 0.1729
[2023-05-23 18:54:14,541][__main__][INFO] - Test accuracy - 0.8266141937012623
[2023-05-23 18:54:14,611][__main__][INFO] - Iteration 0, epoch 414, train accuracy 0.83, loss 0.1737
[2023-05-23 18:54:17,479][__main__][INFO] - Test accuracy - 0.8279738550687173
[2023-05-23 18:54:17,576][__main__][INFO] - Iteration 0, epoch 415, train accuracy 0.83, loss 0.1664
[2023-05-23 18:54:20,512][__main__][INFO] - Test accuracy - 0.8269885786911378
[2023-05-23 18:54:20,581][__main__][INFO] - Iteration 0, epoch 416, train accuracy 0.83, loss 0.1749
[2023-05-23 18:54:23,471][__main__][INFO] - Test accuracy - 0.8307534552582827
[2023-05-23 18:54:23,539][__main__][INFO] - Iteration 0, epoch 417, train accuracy 0.83, loss 0.1698
[2023-05-23 18:54:26,412][__main__][INFO] - Test accuracy - 0.8275325061393305
[2023-05-23 18:54:26,489][__main__][INFO] - Iteration 0, epoch 418, train accuracy 0.83, loss 0.1720
[2023-05-23 18:54:29,368][__main__][INFO] - Test accuracy - 0.8271243375985524
[2023-05-23 18:54:29,429][__main__][INFO] - Iteration 0, epoch 419, train accuracy 0.82, loss 0.1753
[2023-05-23 18:54:32,262][__main__][INFO] - Test accuracy - 0.8304859764766706
[2023-05-23 18:54:32,326][__main__][INFO] - Iteration 0, epoch 420, train accuracy 0.83, loss 0.1698
[2023-05-23 18:54:35,050][__main__][INFO] - Test accuracy - 0.8280862069708328
[2023-05-23 18:54:35,104][__main__][INFO] - Iteration 0, epoch 421, train accuracy 0.83, loss 0.1669
[2023-05-23 18:54:37,938][__main__][INFO] - Test accuracy - 0.8256001400198181
[2023-05-23 18:54:38,024][__main__][INFO] - Iteration 0, epoch 422, train accuracy 0.83, loss 0.1686
[2023-05-23 18:54:40,873][__main__][INFO] - Test accuracy - 0.8290160268838052
[2023-05-23 18:54:40,940][__main__][INFO] - Iteration 0, epoch 423, train accuracy 0.83, loss 0.1688
[2023-05-23 18:54:43,698][__main__][INFO] - Test accuracy - 0.8292639955193659
[2023-05-23 18:54:43,794][__main__][INFO] - Iteration 0, epoch 424, train accuracy 0.83, loss 0.1688
[2023-05-23 18:54:46,615][__main__][INFO] - Test accuracy - 0.8275730752660376
[2023-05-23 18:54:46,690][__main__][INFO] - Iteration 0, epoch 425, train accuracy 0.83, loss 0.1728
[2023-05-23 18:54:49,478][__main__][INFO] - Test accuracy - 0.8301448257291801
[2023-05-23 18:54:49,575][__main__][INFO] - Iteration 0, epoch 426, train accuracy 0.83, loss 0.1688
[2023-05-23 18:54:52,431][__main__][INFO] - Test accuracy - 0.8271704299685494
[2023-05-23 18:54:52,495][__main__][INFO] - Iteration 0, epoch 427, train accuracy 0.82, loss 0.1766
[2023-05-23 18:54:55,263][__main__][INFO] - Test accuracy - 0.8221091874542243
[2023-05-23 18:54:55,368][__main__][INFO] - Iteration 0, epoch 428, train accuracy 0.82, loss 0.1781
[2023-05-23 18:54:58,105][__main__][INFO] - Test accuracy - 0.8269815841626814
[2023-05-23 18:54:58,164][__main__][INFO] - Iteration 0, epoch 429, train accuracy 0.83, loss 0.1698
[2023-05-23 18:55:01,017][__main__][INFO] - Test accuracy - 0.8300237452070139
[2023-05-23 18:55:01,098][__main__][INFO] - Iteration 0, epoch 430, train accuracy 0.83, loss 0.1690
[2023-05-23 18:55:03,880][__main__][INFO] - Test accuracy - 0.8264437486536554
[2023-05-23 18:55:03,937][__main__][INFO] - Iteration 0, epoch 431, train accuracy 0.83, loss 0.1740
[2023-05-23 18:55:06,661][__main__][INFO] - Test accuracy - 0.8288782689242169
[2023-05-23 18:55:06,743][__main__][INFO] - Iteration 0, epoch 432, train accuracy 0.84, loss 0.1634
[2023-05-23 18:55:09,664][__main__][INFO] - Test accuracy - 0.830974535780449
[2023-05-23 18:55:09,734][__main__][INFO] - Iteration 0, epoch 433, train accuracy 0.83, loss 0.1674
[2023-05-23 18:55:12,503][__main__][INFO] - Test accuracy - 0.8249237559777691
[2023-05-23 18:55:12,569][__main__][INFO] - Iteration 0, epoch 434, train accuracy 0.83, loss 0.1700
[2023-05-23 18:55:15,391][__main__][INFO] - Test accuracy - 0.8272783680151652
[2023-05-23 18:55:15,488][__main__][INFO] - Iteration 0, epoch 435, train accuracy 0.83, loss 0.1711
[2023-05-23 18:55:18,267][__main__][INFO] - Test accuracy - 0.8291158179311533
[2023-05-23 18:55:18,326][__main__][INFO] - Iteration 0, epoch 436, train accuracy 0.83, loss 0.1709
[2023-05-23 18:55:21,166][__main__][INFO] - Test accuracy - 0.8272406100555769
[2023-05-23 18:55:21,256][__main__][INFO] - Iteration 0, epoch 437, train accuracy 0.83, loss 0.1749
[2023-05-23 18:55:24,116][__main__][INFO] - Test accuracy - 0.8295692107190556
[2023-05-23 18:55:24,188][__main__][INFO] - Iteration 0, epoch 438, train accuracy 0.83, loss 0.1716
[2023-05-23 18:55:27,195][__main__][INFO] - Test accuracy - 0.8273680474774892
[2023-05-23 18:55:27,318][__main__][INFO] - Iteration 0, epoch 439, train accuracy 0.83, loss 0.1684
[2023-05-23 18:55:30,120][__main__][INFO] - Test accuracy - 0.8292716147516264
[2023-05-23 18:55:30,180][__main__][INFO] - Iteration 0, epoch 440, train accuracy 0.83, loss 0.1676
[2023-05-23 18:55:33,014][__main__][INFO] - Test accuracy - 0.8287373163586231
[2023-05-23 18:55:33,079][__main__][INFO] - Iteration 0, epoch 441, train accuracy 0.83, loss 0.1757
[2023-05-23 18:55:35,853][__main__][INFO] - Test accuracy - 0.8288130735427168
[2023-05-23 18:55:35,910][__main__][INFO] - Iteration 0, epoch 442, train accuracy 0.83, loss 0.1707
[2023-05-23 18:55:38,713][__main__][INFO] - Test accuracy - 0.8286915104907155
[2023-05-23 18:55:38,789][__main__][INFO] - Iteration 0, epoch 443, train accuracy 0.83, loss 0.1697
[2023-05-23 18:55:41,698][__main__][INFO] - Test accuracy - 0.8298479104734823
[2023-05-23 18:55:41,764][__main__][INFO] - Iteration 0, epoch 444, train accuracy 0.83, loss 0.1743
[2023-05-23 18:55:44,678][__main__][INFO] - Test accuracy - 0.8309084399638103
[2023-05-23 18:55:44,742][__main__][INFO] - Iteration 0, epoch 445, train accuracy 0.83, loss 0.1739
[2023-05-23 18:55:47,614][__main__][INFO] - Test accuracy - 0.826680201197708
[2023-05-23 18:55:47,718][__main__][INFO] - Iteration 0, epoch 446, train accuracy 0.83, loss 0.1718
[2023-05-23 18:55:50,513][__main__][INFO] - Test accuracy - 0.8279791585886004
[2023-05-23 18:55:50,579][__main__][INFO] - Iteration 0, epoch 447, train accuracy 0.83, loss 0.1701
[2023-05-23 18:55:53,457][__main__][INFO] - Test accuracy - 0.8290785877385721
[2023-05-23 18:55:53,558][__main__][INFO] - Iteration 0, epoch 448, train accuracy 0.83, loss 0.1750
[2023-05-23 18:55:56,421][__main__][INFO] - Test accuracy - 0.8262522252380338
[2023-05-23 18:55:56,486][__main__][INFO] - Iteration 0, epoch 449, train accuracy 0.83, loss 0.1721
[2023-05-23 18:55:59,296][__main__][INFO] - Test accuracy - 0.8294993709878936
[2023-05-23 18:55:59,393][__main__][INFO] - Iteration 0, epoch 450, train accuracy 0.83, loss 0.1706
[2023-05-23 18:56:02,263][__main__][INFO] - Test accuracy - 0.8301199797509802
[2023-05-23 18:56:02,335][__main__][INFO] - Iteration 0, epoch 451, train accuracy 0.83, loss 0.1689
[2023-05-23 18:56:05,058][__main__][INFO] - Test accuracy - 0.8304825621472578
[2023-05-23 18:56:05,147][__main__][INFO] - Iteration 0, epoch 452, train accuracy 0.83, loss 0.1671
[2023-05-23 18:56:07,935][__main__][INFO] - Test accuracy - 0.8293621731075783
[2023-05-23 18:56:08,001][__main__][INFO] - Iteration 0, epoch 453, train accuracy 0.83, loss 0.1669
[2023-05-23 18:56:10,752][__main__][INFO] - Test accuracy - 0.8246299599327904
[2023-05-23 18:56:10,824][__main__][INFO] - Iteration 0, epoch 454, train accuracy 0.83, loss 0.1733
[2023-05-23 18:56:13,825][__main__][INFO] - Test accuracy - 0.830133802938262
[2023-05-23 18:56:13,895][__main__][INFO] - Iteration 0, epoch 455, train accuracy 0.83, loss 0.1709
[2023-05-23 18:56:16,691][__main__][INFO] - Test accuracy - 0.8311367670501055
[2023-05-23 18:56:16,753][__main__][INFO] - Iteration 0, epoch 456, train accuracy 0.83, loss 0.1704
[2023-05-23 18:56:19,748][__main__][INFO] - Test accuracy - 0.8294624811511784
[2023-05-23 18:56:19,825][__main__][INFO] - Iteration 0, epoch 457, train accuracy 0.83, loss 0.1681
[2023-05-23 18:56:22,623][__main__][INFO] - Test accuracy - 0.8288374369910817
[2023-05-23 18:56:22,691][__main__][INFO] - Iteration 0, epoch 458, train accuracy 0.83, loss 0.1687
[2023-05-23 18:56:25,487][__main__][INFO] - Test accuracy - 0.8308667075955366
[2023-05-23 18:56:25,580][__main__][INFO] - Iteration 0, epoch 459, train accuracy 0.83, loss 0.1674
[2023-05-23 18:56:28,375][__main__][INFO] - Test accuracy - 0.8258123605187195
[2023-05-23 18:56:28,452][__main__][INFO] - Iteration 0, epoch 460, train accuracy 0.83, loss 0.1726
[2023-05-23 18:56:31,260][__main__][INFO] - Test accuracy - 0.8304658179311534
[2023-05-23 18:56:31,349][__main__][INFO] - Iteration 0, epoch 461, train accuracy 0.83, loss 0.1709
[2023-05-23 18:56:34,166][__main__][INFO] - Test accuracy - 0.83116207401663
[2023-05-23 18:56:34,232][__main__][INFO] - Iteration 0, epoch 462, train accuracy 0.82, loss 0.1767
[2023-05-23 18:56:37,142][__main__][INFO] - Test accuracy - 0.8279201003834388
[2023-05-23 18:56:37,236][__main__][INFO] - Iteration 0, epoch 463, train accuracy 0.83, loss 0.1740
[2023-05-23 18:56:40,064][__main__][INFO] - Test accuracy - 0.8299068265046745
[2023-05-23 18:56:40,134][__main__][INFO] - Iteration 0, epoch 464, train accuracy 0.83, loss 0.1681
[2023-05-23 18:56:42,922][__main__][INFO] - Test accuracy - 0.8282764572831847
[2023-05-23 18:56:42,993][__main__][INFO] - Iteration 0, epoch 465, train accuracy 0.83, loss 0.1722
[2023-05-23 18:56:45,855][__main__][INFO] - Test accuracy - 0.8288054543104563
[2023-05-23 18:56:45,921][__main__][INFO] - Iteration 0, epoch 466, train accuracy 0.83, loss 0.1722
[2023-05-23 18:56:48,745][__main__][INFO] - Test accuracy - 0.8298506333204085
[2023-05-23 18:56:48,825][__main__][INFO] - Iteration 0, epoch 467, train accuracy 0.84, loss 0.1658
[2023-05-23 18:56:51,635][__main__][INFO] - Test accuracy - 0.8296994916203524
[2023-05-23 18:56:51,693][__main__][INFO] - Iteration 0, epoch 468, train accuracy 0.83, loss 0.1678
[2023-05-23 18:56:54,528][__main__][INFO] - Test accuracy - 0.8299687820429967
[2023-05-23 18:56:54,597][__main__][INFO] - Iteration 0, epoch 469, train accuracy 0.83, loss 0.1735
[2023-05-23 18:56:57,454][__main__][INFO] - Test accuracy - 0.8321291801301107
[2023-05-23 18:56:57,555][__main__][INFO] - Iteration 0, epoch 470, train accuracy 0.84, loss 0.1627
[2023-05-23 18:57:00,516][__main__][INFO] - Test accuracy - 0.8285477682995132
[2023-05-23 18:57:00,583][__main__][INFO] - Iteration 0, epoch 471, train accuracy 0.83, loss 0.1676
[2023-05-23 18:57:03,412][__main__][INFO] - Test accuracy - 0.8295026323725819
[2023-05-23 18:57:03,506][__main__][INFO] - Iteration 0, epoch 472, train accuracy 0.84, loss 0.1651
[2023-05-23 18:57:06,372][__main__][INFO] - Test accuracy - 0.8295662358364568
[2023-05-23 18:57:06,438][__main__][INFO] - Iteration 0, epoch 473, train accuracy 0.83, loss 0.1678
[2023-05-23 18:57:09,289][__main__][INFO] - Test accuracy - 0.8302534444875274
[2023-05-23 18:57:09,384][__main__][INFO] - Iteration 0, epoch 474, train accuracy 0.83, loss 0.1733
[2023-05-23 18:57:12,257][__main__][INFO] - Test accuracy - 0.8289391926241867
[2023-05-23 18:57:12,323][__main__][INFO] - Iteration 0, epoch 475, train accuracy 0.83, loss 0.1686
[2023-05-23 18:57:15,292][__main__][INFO] - Test accuracy - 0.8324106910516565
[2023-05-23 18:57:15,404][__main__][INFO] - Iteration 0, epoch 476, train accuracy 0.83, loss 0.1700
[2023-05-23 18:57:18,242][__main__][INFO] - Test accuracy - 0.8315369975442679
[2023-05-23 18:57:18,311][__main__][INFO] - Iteration 0, epoch 477, train accuracy 0.84, loss 0.1650
[2023-05-23 18:57:21,181][__main__][INFO] - Test accuracy - 0.8245246241006421
[2023-05-23 18:57:21,248][__main__][INFO] - Iteration 0, epoch 478, train accuracy 0.83, loss 0.1705
[2023-05-23 18:57:24,061][__main__][INFO] - Test accuracy - 0.8325957369350738
[2023-05-23 18:57:24,127][__main__][INFO] - Iteration 0, epoch 479, train accuracy 0.83, loss 0.1664
[2023-05-23 18:57:26,869][__main__][INFO] - Test accuracy - 0.8309198698892766
[2023-05-23 18:57:26,928][__main__][INFO] - Iteration 0, epoch 480, train accuracy 0.83, loss 0.1659
[2023-05-23 18:57:29,750][__main__][INFO] - Test accuracy - 0.8311831329972859
[2023-05-23 18:57:29,817][__main__][INFO] - Iteration 0, epoch 481, train accuracy 0.83, loss 0.1729
[2023-05-23 18:57:32,775][__main__][INFO] - Test accuracy - 0.8288381069320582
[2023-05-23 18:57:32,840][__main__][INFO] - Iteration 0, epoch 482, train accuracy 0.82, loss 0.1776
[2023-05-23 18:57:35,581][__main__][INFO] - Test accuracy - 0.8267904549567016
[2023-05-23 18:57:35,676][__main__][INFO] - Iteration 0, epoch 483, train accuracy 0.83, loss 0.1748
[2023-05-23 18:57:38,466][__main__][INFO] - Test accuracy - 0.8308089117228901
[2023-05-23 18:57:38,525][__main__][INFO] - Iteration 0, epoch 484, train accuracy 0.83, loss 0.1681
[2023-05-23 18:57:41,356][__main__][INFO] - Test accuracy - 0.8306756774805049
[2023-05-23 18:57:41,459][__main__][INFO] - Iteration 0, epoch 485, train accuracy 0.84, loss 0.1640
[2023-05-23 18:57:44,244][__main__][INFO] - Test accuracy - 0.8313172784455646
[2023-05-23 18:57:44,309][__main__][INFO] - Iteration 0, epoch 486, train accuracy 0.84, loss 0.1595
[2023-05-23 18:57:47,098][__main__][INFO] - Test accuracy - 0.825255223816294
[2023-05-23 18:57:47,199][__main__][INFO] - Iteration 0, epoch 487, train accuracy 0.83, loss 0.1692
[2023-05-23 18:57:50,127][__main__][INFO] - Test accuracy - 0.8307880401533756
[2023-05-23 18:57:50,216][__main__][INFO] - Iteration 0, epoch 488, train accuracy 0.84, loss 0.1655
[2023-05-23 18:57:53,075][__main__][INFO] - Test accuracy - 0.8291179376157856
[2023-05-23 18:57:53,204][__main__][INFO] - Iteration 0, epoch 489, train accuracy 0.84, loss 0.1602
[2023-05-23 18:57:56,164][__main__][INFO] - Test accuracy - 0.8319295204859763
[2023-05-23 18:57:56,229][__main__][INFO] - Iteration 0, epoch 490, train accuracy 0.83, loss 0.1669
[2023-05-23 18:57:59,107][__main__][INFO] - Test accuracy - 0.8300314635302227
[2023-05-23 18:57:59,177][__main__][INFO] - Iteration 0, epoch 491, train accuracy 0.83, loss 0.1703
[2023-05-23 18:58:02,014][__main__][INFO] - Test accuracy - 0.8293455172116668
[2023-05-23 18:58:02,081][__main__][INFO] - Iteration 0, epoch 492, train accuracy 0.84, loss 0.1662
[2023-05-23 18:58:04,843][__main__][INFO] - Test accuracy - 0.832254125199259
[2023-05-23 18:58:04,911][__main__][INFO] - Iteration 0, epoch 493, train accuracy 0.84, loss 0.1628
[2023-05-23 18:58:07,707][__main__][INFO] - Test accuracy - 0.831807989746241
[2023-05-23 18:58:07,802][__main__][INFO] - Iteration 0, epoch 494, train accuracy 0.84, loss 0.1639
[2023-05-23 18:58:10,678][__main__][INFO] - Test accuracy - 0.831057989746241
[2023-05-23 18:58:10,742][__main__][INFO] - Iteration 0, epoch 495, train accuracy 0.83, loss 0.1718
[2023-05-23 18:58:13,648][__main__][INFO] - Test accuracy - 0.8320923333764163
[2023-05-23 18:58:13,750][__main__][INFO] - Iteration 0, epoch 496, train accuracy 0.83, loss 0.1679
[2023-05-23 18:58:16,604][__main__][INFO] - Test accuracy - 0.8304936732583689
[2023-05-23 18:58:16,668][__main__][INFO] - Iteration 0, epoch 497, train accuracy 0.84, loss 0.1613
[2023-05-23 18:58:19,577][__main__][INFO] - Test accuracy - 0.829248548102193
[2023-05-23 18:58:19,674][__main__][INFO] - Iteration 0, epoch 498, train accuracy 0.83, loss 0.1689
[2023-05-23 18:58:22,498][__main__][INFO] - Test accuracy - 0.823924141570807
[2023-05-23 18:58:22,565][__main__][INFO] - Iteration 0, epoch 499, train accuracy 0.82, loss 0.1765
[2023-05-23 18:58:25,370][__main__][INFO] - Test accuracy - 0.8306610206367671
[2023-05-23 18:58:25,380][__main__][INFO] - Total time 1484.6849 seconds
