[2023-05-10 18:08:47,453][__main__][INFO] - Net(
  (fc1): Linear(in_features=17, out_features=68, bias=True)
  (fc2): Linear(in_features=68, out_features=68, bias=True)
  (fc3): Linear(in_features=68, out_features=68, bias=True)
  (fc4): Linear(in_features=68, out_features=68, bias=True)
  (fc5): Linear(in_features=68, out_features=68, bias=True)
  (fc6): Linear(in_features=68, out_features=1, bias=True)
  (act1): ReLU()
)
[2023-05-10 18:08:48,293][__main__][INFO] - Iteration 0, epoch 0, train accuracy 0.52, loss 0.4992
[2023-05-10 18:08:50,998][__main__][INFO] - Test accuracy - 0.5950349539700805
[2023-05-10 18:08:51,023][__main__][INFO] - Iteration 0, epoch 1, train accuracy 0.60, loss 0.4795
[2023-05-10 18:08:53,780][__main__][INFO] - Test accuracy - 0.6966600258918297
[2023-05-10 18:08:53,800][__main__][INFO] - Iteration 0, epoch 2, train accuracy 0.71, loss 0.3069
[2023-05-10 18:08:56,756][__main__][INFO] - Test accuracy - 0.7085596231300346
[2023-05-10 18:08:56,781][__main__][INFO] - Iteration 0, epoch 3, train accuracy 0.72, loss 0.2893
[2023-05-10 18:08:59,801][__main__][INFO] - Test accuracy - 0.7175578250863061
[2023-05-10 18:08:59,823][__main__][INFO] - Iteration 0, epoch 4, train accuracy 0.70, loss 0.3060
[2023-05-10 18:09:02,903][__main__][INFO] - Test accuracy - 0.7272338895281933
[2023-05-10 18:09:02,929][__main__][INFO] - Iteration 0, epoch 5, train accuracy 0.74, loss 0.2706
[2023-05-10 18:09:06,078][__main__][INFO] - Test accuracy - 0.7323076812428078
[2023-05-10 18:09:06,106][__main__][INFO] - Iteration 0, epoch 6, train accuracy 0.75, loss 0.2571
[2023-05-10 18:09:09,333][__main__][INFO] - Test accuracy - 0.7358134349827388
[2023-05-10 18:09:09,357][__main__][INFO] - Iteration 0, epoch 7, train accuracy 0.74, loss 0.2582
[2023-05-10 18:09:12,479][__main__][INFO] - Test accuracy - 0.7377149021864213
[2023-05-10 18:09:12,500][__main__][INFO] - Iteration 0, epoch 8, train accuracy 0.74, loss 0.2634
[2023-05-10 18:09:15,600][__main__][INFO] - Test accuracy - 0.7390974539700804
[2023-05-10 18:09:15,630][__main__][INFO] - Iteration 0, epoch 9, train accuracy 0.75, loss 0.2588
[2023-05-10 18:09:18,670][__main__][INFO] - Test accuracy - 0.7399990650172614
[2023-05-10 18:09:18,698][__main__][INFO] - Iteration 0, epoch 10, train accuracy 0.74, loss 0.2692
[2023-05-10 18:09:21,836][__main__][INFO] - Test accuracy - 0.7415463895281934
