[2023-05-16 12:28:49,017][__main__][INFO] - Net(
  (fc1): Linear(in_features=17, out_features=102, bias=True)
  (fc2): Linear(in_features=102, out_features=102, bias=True)
  (fc3): Linear(in_features=102, out_features=102, bias=True)
  (fc4): Linear(in_features=102, out_features=102, bias=True)
  (fc5): Linear(in_features=102, out_features=102, bias=True)
  (fc6): Linear(in_features=102, out_features=102, bias=True)
  (fc7): Linear(in_features=102, out_features=102, bias=True)
  (fc8): Linear(in_features=102, out_features=1, bias=True)
  (act1): ReLU()
)
[2023-05-16 12:28:49,915][__main__][INFO] - Iteration 0, epoch 0, train accuracy 0.51, loss 0.4998
[2023-05-16 12:28:52,694][__main__][INFO] - Test accuracy - 0.5134500000000001
[2023-05-16 12:28:52,792][__main__][INFO] - Iteration 0, epoch 1, train accuracy 0.50, loss 0.5000
[2023-05-16 12:28:55,802][__main__][INFO] - Test accuracy - 0.5134500000000001
[2023-05-16 12:28:55,862][__main__][INFO] - Iteration 0, epoch 2, train accuracy 0.50, loss 0.4975
[2023-05-16 12:28:59,045][__main__][INFO] - Test accuracy - 0.6994522015423722
[2023-05-16 12:28:59,148][__main__][INFO] - Iteration 0, epoch 3, train accuracy 0.70, loss 0.3025
[2023-05-16 12:29:01,936][__main__][INFO] - Test accuracy - 0.722954211365301
[2023-05-16 12:29:01,993][__main__][INFO] - Iteration 0, epoch 4, train accuracy 0.73, loss 0.2692
[2023-05-16 12:29:04,942][__main__][INFO] - Test accuracy - 0.7328297165137219
[2023-05-16 12:29:05,046][__main__][INFO] - Iteration 0, epoch 5, train accuracy 0.74, loss 0.2598
[2023-05-16 12:29:08,093][__main__][INFO] - Test accuracy - 0.7376260609193918
[2023-05-16 12:29:08,155][__main__][INFO] - Iteration 0, epoch 6, train accuracy 0.74, loss 0.2613
[2023-05-16 12:29:11,229][__main__][INFO] - Test accuracy - 0.7392293007625695
[2023-05-16 12:29:11,301][__main__][INFO] - Iteration 0, epoch 7, train accuracy 0.74, loss 0.2611
