[2023-05-25 19:45:48,613][__main__][INFO] - Net(
  (fc1): Linear(in_features=17, out_features=136, bias=True)
  (fc2): Linear(in_features=136, out_features=136, bias=True)
  (fc3): Linear(in_features=136, out_features=136, bias=True)
  (fc4): Linear(in_features=136, out_features=136, bias=True)
  (fc5): Linear(in_features=136, out_features=136, bias=True)
  (fc6): Linear(in_features=136, out_features=136, bias=True)
  (fc7): Linear(in_features=136, out_features=136, bias=True)
  (fc8): Linear(in_features=136, out_features=1, bias=True)
  (dropout): Dropout(p=0.025, inplace=False)
  (batchnorm): BatchNorm1d(136, eps=1e-05, momentum=0.1, affine=True, track_running_stats=True)
  (act1): ReLU()
)
[2023-05-25 19:45:49,487][__main__][INFO] - Iteration 0, epoch 0, train accuracy 0.51, loss 0.6928
[2023-05-25 19:45:52,182][__main__][INFO] - Test accuracy - 0.5771294407823877
[2023-05-25 19:45:52,267][__main__][INFO] - Iteration 0, epoch 1, train accuracy 0.72, loss 0.5465
[2023-05-25 19:45:54,857][__main__][INFO] - Test accuracy - 0.7369910236525785
[2023-05-25 19:45:54,923][__main__][INFO] - Iteration 0, epoch 2, train accuracy 0.74, loss 0.5228
[2023-05-25 19:45:57,752][__main__][INFO] - Test accuracy - 0.7556109646288397
[2023-05-25 19:45:57,843][__main__][INFO] - Iteration 0, epoch 3, train accuracy 0.75, loss 0.5151
[2023-05-25 19:46:00,718][__main__][INFO] - Test accuracy - 0.7591399508853561
[2023-05-25 19:46:00,788][__main__][INFO] - Iteration 0, epoch 4, train accuracy 0.76, loss 0.4985
[2023-05-25 19:46:03,589][__main__][INFO] - Test accuracy - 0.7629734156219035
[2023-05-25 19:46:03,694][__main__][INFO] - Iteration 0, epoch 5, train accuracy 0.76, loss 0.4958
[2023-05-25 19:46:06,823][__main__][INFO] - Test accuracy - 0.7648278617896687
[2023-05-25 19:46:06,895][__main__][INFO] - Iteration 0, epoch 6, train accuracy 0.77, loss 0.4847
[2023-05-25 19:46:09,758][__main__][INFO] - Test accuracy - 0.7675600641937013
[2023-05-25 19:46:09,818][__main__][INFO] - Iteration 0, epoch 7, train accuracy 0.77, loss 0.4847
[2023-05-25 19:46:12,623][__main__][INFO] - Test accuracy - 0.7664968118564474
[2023-05-25 19:46:12,704][__main__][INFO] - Iteration 0, epoch 8, train accuracy 0.77, loss 0.4788
[2023-05-25 19:46:15,557][__main__][INFO] - Test accuracy - 0.7649552216621429
[2023-05-25 19:46:15,635][__main__][INFO] - Iteration 0, epoch 9, train accuracy 0.77, loss 0.4771
[2023-05-25 19:46:18,482][__main__][INFO] - Test accuracy - 0.7695247102666838
[2023-05-25 19:46:18,597][__main__][INFO] - Iteration 0, epoch 10, train accuracy 0.78, loss 0.4708
[2023-05-25 19:46:21,824][__main__][INFO] - Test accuracy - 0.7665478889319719
[2023-05-25 19:46:21,886][__main__][INFO] - Iteration 0, epoch 11, train accuracy 0.78, loss 0.4719
[2023-05-25 19:46:24,952][__main__][INFO] - Test accuracy - 0.7731128969023309
[2023-05-25 19:46:25,061][__main__][INFO] - Iteration 0, epoch 12, train accuracy 0.78, loss 0.4719
[2023-05-25 19:46:27,946][__main__][INFO] - Test accuracy - 0.7727885549954763
[2023-05-25 19:46:28,009][__main__][INFO] - Iteration 0, epoch 13, train accuracy 0.79, loss 0.4572
[2023-05-25 19:46:30,898][__main__][INFO] - Test accuracy - 0.767704213519452
[2023-05-25 19:46:30,991][__main__][INFO] - Iteration 0, epoch 14, train accuracy 0.77, loss 0.4786
[2023-05-25 19:46:33,868][__main__][INFO] - Test accuracy - 0.7689682995131619
[2023-05-25 19:46:33,939][__main__][INFO] - Iteration 0, epoch 15, train accuracy 0.78, loss 0.4704
[2023-05-25 19:46:36,764][__main__][INFO] - Test accuracy - 0.7742165632674163
[2023-05-25 19:46:36,855][__main__][INFO] - Iteration 0, epoch 16, train accuracy 0.78, loss 0.4751
[2023-05-25 19:46:39,828][__main__][INFO] - Test accuracy - 0.7700024341906855
[2023-05-25 19:46:39,897][__main__][INFO] - Iteration 0, epoch 17, train accuracy 0.78, loss 0.4648
[2023-05-25 19:46:42,654][__main__][INFO] - Test accuracy - 0.774769583387187
[2023-05-25 19:46:42,717][__main__][INFO] - Iteration 0, epoch 18, train accuracy 0.77, loss 0.4694
[2023-05-25 19:46:45,694][__main__][INFO] - Test accuracy - 0.7776344276420663
[2023-05-25 19:46:45,782][__main__][INFO] - Iteration 0, epoch 19, train accuracy 0.78, loss 0.4611
[2023-05-25 19:46:48,590][__main__][INFO] - Test accuracy - 0.7761357890655292
[2023-05-25 19:46:48,658][__main__][INFO] - Iteration 0, epoch 20, train accuracy 0.78, loss 0.4615
[2023-05-25 19:46:51,569][__main__][INFO] - Test accuracy - 0.7788185407780794
[2023-05-25 19:46:51,637][__main__][INFO] - Iteration 0, epoch 21, train accuracy 0.78, loss 0.4598
[2023-05-25 19:46:54,509][__main__][INFO] - Test accuracy - 0.7783559799233122
[2023-05-25 19:46:54,577][__main__][INFO] - Iteration 0, epoch 22, train accuracy 0.78, loss 0.4633
[2023-05-25 19:46:57,464][__main__][INFO] - Test accuracy - 0.7713981388134936
[2023-05-25 19:46:57,578][__main__][INFO] - Iteration 0, epoch 23, train accuracy 0.79, loss 0.4478
[2023-05-25 19:47:00,417][__main__][INFO] - Test accuracy - 0.7818291241221834
[2023-05-25 19:47:00,477][__main__][INFO] - Iteration 0, epoch 24, train accuracy 0.79, loss 0.4565
[2023-05-25 19:47:03,387][__main__][INFO] - Test accuracy - 0.7830273232519064
[2023-05-25 19:47:03,477][__main__][INFO] - Iteration 0, epoch 25, train accuracy 0.80, loss 0.4361
[2023-05-25 19:47:06,372][__main__][INFO] - Test accuracy - 0.78347585196674
[2023-05-25 19:47:06,459][__main__][INFO] - Iteration 0, epoch 26, train accuracy 0.80, loss 0.4357
[2023-05-25 19:47:09,379][__main__][INFO] - Test accuracy - 0.7830990737150488
[2023-05-25 19:47:09,475][__main__][INFO] - Iteration 0, epoch 27, train accuracy 0.79, loss 0.4415
[2023-05-25 19:47:12,423][__main__][INFO] - Test accuracy - 0.7828056718797122
[2023-05-25 19:47:12,503][__main__][INFO] - Iteration 0, epoch 28, train accuracy 0.79, loss 0.4441
[2023-05-25 19:47:15,771][__main__][INFO] - Test accuracy - 0.7837186484856318
[2023-05-25 19:47:15,872][__main__][INFO] - Iteration 0, epoch 29, train accuracy 0.79, loss 0.4421
[2023-05-25 19:47:19,284][__main__][INFO] - Test accuracy - 0.787934020507518
[2023-05-25 19:47:19,361][__main__][INFO] - Iteration 0, epoch 30, train accuracy 0.80, loss 0.4325
[2023-05-25 19:47:23,173][__main__][INFO] - Test accuracy - 0.7859979880229202
[2023-05-25 19:47:23,248][__main__][INFO] - Iteration 0, epoch 31, train accuracy 0.80, loss 0.4262
[2023-05-25 19:47:26,478][__main__][INFO] - Test accuracy - 0.7902964391883158
[2023-05-25 19:47:26,554][__main__][INFO] - Iteration 0, epoch 32, train accuracy 0.81, loss 0.4155
[2023-05-25 19:47:29,624][__main__][INFO] - Test accuracy - 0.7911023997242688
[2023-05-25 19:47:29,681][__main__][INFO] - Iteration 0, epoch 33, train accuracy 0.80, loss 0.4216
[2023-05-25 19:47:32,765][__main__][INFO] - Test accuracy - 0.7890738550687174
[2023-05-25 19:47:32,824][__main__][INFO] - Iteration 0, epoch 34, train accuracy 0.80, loss 0.4253
[2023-05-25 19:47:35,915][__main__][INFO] - Test accuracy - 0.7918929257679549
[2023-05-25 19:47:35,994][__main__][INFO] - Iteration 0, epoch 35, train accuracy 0.81, loss 0.4123
[2023-05-25 19:47:39,109][__main__][INFO] - Test accuracy - 0.7937907630003016
[2023-05-25 19:47:39,199][__main__][INFO] - Iteration 0, epoch 36, train accuracy 0.80, loss 0.4197
[2023-05-25 19:47:42,407][__main__][INFO] - Test accuracy - 0.7837431325664554
[2023-05-25 19:47:42,464][__main__][INFO] - Iteration 0, epoch 37, train accuracy 0.80, loss 0.4221
[2023-05-25 19:47:45,444][__main__][INFO] - Test accuracy - 0.7937206259962948
[2023-05-25 19:47:45,565][__main__][INFO] - Iteration 0, epoch 38, train accuracy 0.81, loss 0.4099
[2023-05-25 19:47:48,585][__main__][INFO] - Test accuracy - 0.78625921976649
[2023-05-25 19:47:48,656][__main__][INFO] - Iteration 0, epoch 39, train accuracy 0.81, loss 0.4194
[2023-05-25 19:47:51,578][__main__][INFO] - Test accuracy - 0.7938703847313773
[2023-05-25 19:47:51,674][__main__][INFO] - Iteration 0, epoch 40, train accuracy 0.81, loss 0.4063
[2023-05-25 19:47:54,629][__main__][INFO] - Test accuracy - 0.7868975270345957
[2023-05-25 19:47:54,707][__main__][INFO] - Iteration 0, epoch 41, train accuracy 0.81, loss 0.4098
[2023-05-25 19:47:57,681][__main__][INFO] - Test accuracy - 0.7909669036232821
[2023-05-25 19:47:57,910][__main__][INFO] - Iteration 0, epoch 42, train accuracy 0.82, loss 0.3942
[2023-05-25 19:48:00,855][__main__][INFO] - Test accuracy - 0.7984338998750593
[2023-05-25 19:48:00,908][__main__][INFO] - Iteration 0, epoch 43, train accuracy 0.82, loss 0.3931
[2023-05-25 19:48:03,865][__main__][INFO] - Test accuracy - 0.7961116108741545
[2023-05-25 19:48:03,930][__main__][INFO] - Iteration 0, epoch 44, train accuracy 0.82, loss 0.3949
[2023-05-25 19:48:06,785][__main__][INFO] - Test accuracy - 0.7934186721812934
[2023-05-25 19:48:06,863][__main__][INFO] - Iteration 0, epoch 45, train accuracy 0.81, loss 0.4028
[2023-05-25 19:48:09,727][__main__][INFO] - Test accuracy - 0.7890717332299341
[2023-05-25 19:48:09,802][__main__][INFO] - Iteration 0, epoch 46, train accuracy 0.83, loss 0.3854
[2023-05-25 19:48:12,750][__main__][INFO] - Test accuracy - 0.7989839343414761
[2023-05-25 19:48:12,852][__main__][INFO] - Iteration 0, epoch 47, train accuracy 0.82, loss 0.3881
[2023-05-25 19:48:15,609][__main__][INFO] - Test accuracy - 0.8016566821765543
[2023-05-25 19:48:15,678][__main__][INFO] - Iteration 0, epoch 48, train accuracy 0.82, loss 0.3919
[2023-05-25 19:48:18,394][__main__][INFO] - Test accuracy - 0.8045539485588729
[2023-05-25 19:48:18,478][__main__][INFO] - Iteration 0, epoch 49, train accuracy 0.82, loss 0.3840
[2023-05-25 19:48:21,298][__main__][INFO] - Test accuracy - 0.803157901426048
[2023-05-25 19:48:21,370][__main__][INFO] - Iteration 0, epoch 50, train accuracy 0.83, loss 0.3817
[2023-05-25 19:48:24,299][__main__][INFO] - Test accuracy - 0.7974565055361682
[2023-05-25 19:48:24,399][__main__][INFO] - Iteration 0, epoch 51, train accuracy 0.82, loss 0.3829
[2023-05-25 19:48:27,240][__main__][INFO] - Test accuracy - 0.8009204278143982
[2023-05-25 19:48:27,308][__main__][INFO] - Iteration 0, epoch 52, train accuracy 0.82, loss 0.3771
[2023-05-25 19:48:30,143][__main__][INFO] - Test accuracy - 0.8018464607298265
[2023-05-25 19:48:30,235][__main__][INFO] - Iteration 0, epoch 53, train accuracy 0.83, loss 0.3790
[2023-05-25 19:48:33,077][__main__][INFO] - Test accuracy - 0.7917980289517902
[2023-05-25 19:48:33,148][__main__][INFO] - Iteration 0, epoch 54, train accuracy 0.81, loss 0.3938
[2023-05-25 19:48:35,930][__main__][INFO] - Test accuracy - 0.8025719443367367
[2023-05-25 19:48:35,995][__main__][INFO] - Iteration 0, epoch 55, train accuracy 0.82, loss 0.3907
[2023-05-25 19:48:38,905][__main__][INFO] - Test accuracy - 0.7983884796001897
[2023-05-25 19:48:38,967][__main__][INFO] - Iteration 0, epoch 56, train accuracy 0.83, loss 0.3672
[2023-05-25 19:48:41,720][__main__][INFO] - Test accuracy - 0.8057977898410237
[2023-05-25 19:48:41,779][__main__][INFO] - Iteration 0, epoch 57, train accuracy 0.83, loss 0.3774
[2023-05-25 19:48:44,695][__main__][INFO] - Test accuracy - 0.8061074727499892
[2023-05-25 19:48:44,764][__main__][INFO] - Iteration 0, epoch 58, train accuracy 0.83, loss 0.3670
[2023-05-25 19:48:47,626][__main__][INFO] - Test accuracy - 0.798887271121451
[2023-05-25 19:48:47,686][__main__][INFO] - Iteration 0, epoch 59, train accuracy 0.84, loss 0.3584
[2023-05-25 19:48:50,458][__main__][INFO] - Test accuracy - 0.8041592197664901
[2023-05-25 19:48:50,560][__main__][INFO] - Iteration 0, epoch 60, train accuracy 0.83, loss 0.3594
[2023-05-25 19:48:53,439][__main__][INFO] - Test accuracy - 0.7956101202016286
[2023-05-25 19:48:53,518][__main__][INFO] - Iteration 0, epoch 61, train accuracy 0.83, loss 0.3648
[2023-05-25 19:48:56,358][__main__][INFO] - Test accuracy - 0.8055172547499031
[2023-05-25 19:48:56,446][__main__][INFO] - Iteration 0, epoch 62, train accuracy 0.84, loss 0.3568
[2023-05-25 19:48:59,291][__main__][INFO] - Test accuracy - 0.8008900715178148
[2023-05-25 19:48:59,351][__main__][INFO] - Iteration 0, epoch 63, train accuracy 0.84, loss 0.3532
[2023-05-25 19:49:02,148][__main__][INFO] - Test accuracy - 0.8045157511524708
[2023-05-25 19:49:02,238][__main__][INFO] - Iteration 0, epoch 64, train accuracy 0.84, loss 0.3558
[2023-05-25 19:49:05,084][__main__][INFO] - Test accuracy - 0.7924057472749989
[2023-05-25 19:49:05,154][__main__][INFO] - Iteration 0, epoch 65, train accuracy 0.84, loss 0.3594
[2023-05-25 19:49:08,063][__main__][INFO] - Test accuracy - 0.8079122161905993
[2023-05-25 19:49:08,141][__main__][INFO] - Iteration 0, epoch 66, train accuracy 0.84, loss 0.3505
[2023-05-25 19:49:11,160][__main__][INFO] - Test accuracy - 0.8047344061005558
[2023-05-25 19:49:11,225][__main__][INFO] - Iteration 0, epoch 67, train accuracy 0.84, loss 0.3621
[2023-05-25 19:49:14,154][__main__][INFO] - Test accuracy - 0.7972200120632459
[2023-05-25 19:49:14,207][__main__][INFO] - Iteration 0, epoch 68, train accuracy 0.84, loss 0.3503
[2023-05-25 19:49:17,011][__main__][INFO] - Test accuracy - 0.8074740187841971
[2023-05-25 19:49:17,073][__main__][INFO] - Iteration 0, epoch 69, train accuracy 0.84, loss 0.3445
[2023-05-25 19:49:20,167][__main__][INFO] - Test accuracy - 0.805116683899875
[2023-05-25 19:49:20,227][__main__][INFO] - Iteration 0, epoch 70, train accuracy 0.84, loss 0.3441
[2023-05-25 19:49:23,200][__main__][INFO] - Test accuracy - 0.8037838244797725
[2023-05-25 19:49:23,295][__main__][INFO] - Iteration 0, epoch 71, train accuracy 0.85, loss 0.3346
[2023-05-25 19:49:26,320][__main__][INFO] - Test accuracy - 0.8046323855068718
[2023-05-25 19:49:26,380][__main__][INFO] - Iteration 0, epoch 72, train accuracy 0.85, loss 0.3417
[2023-05-25 19:49:29,379][__main__][INFO] - Test accuracy - 0.810224667183663
[2023-05-25 19:49:29,481][__main__][INFO] - Iteration 0, epoch 73, train accuracy 0.84, loss 0.3439
[2023-05-25 19:49:32,339][__main__][INFO] - Test accuracy - 0.8111440997802767
[2023-05-25 19:49:32,406][__main__][INFO] - Iteration 0, epoch 74, train accuracy 0.84, loss 0.3460
[2023-05-25 19:49:35,374][__main__][INFO] - Test accuracy - 0.8043593167032872
[2023-05-25 19:49:35,467][__main__][INFO] - Iteration 0, epoch 75, train accuracy 0.84, loss 0.3380
[2023-05-25 19:49:38,265][__main__][INFO] - Test accuracy - 0.796129147817845
[2023-05-25 19:49:38,337][__main__][INFO] - Iteration 0, epoch 76, train accuracy 0.84, loss 0.3463
[2023-05-25 19:49:41,288][__main__][INFO] - Test accuracy - 0.8028655658954806
[2023-05-25 19:49:41,385][__main__][INFO] - Iteration 0, epoch 77, train accuracy 0.84, loss 0.3432
[2023-05-25 19:49:44,253][__main__][INFO] - Test accuracy - 0.8106281482917582
[2023-05-25 19:49:44,330][__main__][INFO] - Iteration 0, epoch 78, train accuracy 0.85, loss 0.3416
[2023-05-25 19:49:47,217][__main__][INFO] - Test accuracy - 0.813605880832364
[2023-05-25 19:49:47,280][__main__][INFO] - Iteration 0, epoch 79, train accuracy 0.85, loss 0.3329
[2023-05-25 19:49:50,286][__main__][INFO] - Test accuracy - 0.8123124574555167
[2023-05-25 19:49:50,358][__main__][INFO] - Iteration 0, epoch 80, train accuracy 0.84, loss 0.3446
[2023-05-25 19:49:53,177][__main__][INFO] - Test accuracy - 0.8089221963724096
[2023-05-25 19:49:53,240][__main__][INFO] - Iteration 0, epoch 81, train accuracy 0.85, loss 0.3281
[2023-05-25 19:49:56,075][__main__][INFO] - Test accuracy - 0.8068004696049287
[2023-05-25 19:49:56,145][__main__][INFO] - Iteration 0, epoch 82, train accuracy 0.84, loss 0.3437
[2023-05-25 19:49:58,992][__main__][INFO] - Test accuracy - 0.8097306169488606
[2023-05-25 19:49:59,074][__main__][INFO] - Iteration 0, epoch 83, train accuracy 0.85, loss 0.3311
[2023-05-25 19:50:01,982][__main__][INFO] - Test accuracy - 0.8128623045107922
[2023-05-25 19:50:02,078][__main__][INFO] - Iteration 0, epoch 84, train accuracy 0.85, loss 0.3375
[2023-05-25 19:50:04,824][__main__][INFO] - Test accuracy - 0.81144166343544
[2023-05-25 19:50:04,885][__main__][INFO] - Iteration 0, epoch 85, train accuracy 0.84, loss 0.3369
[2023-05-25 19:50:07,820][__main__][INFO] - Test accuracy - 0.7943393584938175
[2023-05-25 19:50:07,931][__main__][INFO] - Iteration 0, epoch 86, train accuracy 0.84, loss 0.3439
[2023-05-25 19:50:10,766][__main__][INFO] - Test accuracy - 0.8088595364266944
[2023-05-25 19:50:10,829][__main__][INFO] - Iteration 0, epoch 87, train accuracy 0.85, loss 0.3332
[2023-05-25 19:50:13,570][__main__][INFO] - Test accuracy - 0.8030523329455863
[2023-05-25 19:50:13,659][__main__][INFO] - Iteration 0, epoch 88, train accuracy 0.85, loss 0.3349
[2023-05-25 19:50:16,562][__main__][INFO] - Test accuracy - 0.8104840765154452
[2023-05-25 19:50:16,627][__main__][INFO] - Iteration 0, epoch 89, train accuracy 0.85, loss 0.3320
[2023-05-25 19:50:19,584][__main__][INFO] - Test accuracy - 0.8098919370126233
[2023-05-25 19:50:19,679][__main__][INFO] - Iteration 0, epoch 90, train accuracy 0.85, loss 0.3247
[2023-05-25 19:50:22,663][__main__][INFO] - Test accuracy - 0.8122270389039679
[2023-05-25 19:50:22,725][__main__][INFO] - Iteration 0, epoch 91, train accuracy 0.85, loss 0.3313
[2023-05-25 19:50:25,712][__main__][INFO] - Test accuracy - 0.8123118866054888
[2023-05-25 19:50:25,775][__main__][INFO] - Iteration 0, epoch 92, train accuracy 0.85, loss 0.3350
[2023-05-25 19:50:28,832][__main__][INFO] - Test accuracy - 0.8071958015596055
[2023-05-25 19:50:28,904][__main__][INFO] - Iteration 0, epoch 93, train accuracy 0.85, loss 0.3305
[2023-05-25 19:50:31,915][__main__][INFO] - Test accuracy - 0.8088453405712809
[2023-05-25 19:50:31,999][__main__][INFO] - Iteration 0, epoch 94, train accuracy 0.85, loss 0.3299
[2023-05-25 19:50:34,896][__main__][INFO] - Test accuracy - 0.808213301882728
[2023-05-25 19:50:34,980][__main__][INFO] - Iteration 0, epoch 95, train accuracy 0.85, loss 0.3305
[2023-05-25 19:50:37,895][__main__][INFO] - Test accuracy - 0.8082345698160355
[2023-05-25 19:50:37,990][__main__][INFO] - Iteration 0, epoch 96, train accuracy 0.85, loss 0.3217
[2023-05-25 19:50:40,881][__main__][INFO] - Test accuracy - 0.8101714165697298
[2023-05-25 19:50:40,987][__main__][INFO] - Iteration 0, epoch 97, train accuracy 0.85, loss 0.3206
[2023-05-25 19:50:43,940][__main__][INFO] - Test accuracy - 0.8049491512644866
[2023-05-25 19:50:44,014][__main__][INFO] - Iteration 0, epoch 98, train accuracy 0.85, loss 0.3292
[2023-05-25 19:50:46,930][__main__][INFO] - Test accuracy - 0.8086947029425704
[2023-05-25 19:50:47,037][__main__][INFO] - Iteration 0, epoch 99, train accuracy 0.85, loss 0.3200
[2023-05-25 19:50:50,116][__main__][INFO] - Test accuracy - 0.8120478781612167
[2023-05-25 19:50:50,187][__main__][INFO] - Iteration 0, epoch 100, train accuracy 0.85, loss 0.3226
[2023-05-25 19:50:53,083][__main__][INFO] - Test accuracy - 0.8144656197492568
[2023-05-25 19:50:53,172][__main__][INFO] - Iteration 0, epoch 101, train accuracy 0.85, loss 0.3289
[2023-05-25 19:50:55,917][__main__][INFO] - Test accuracy - 0.8093338675627935
[2023-05-25 19:50:55,973][__main__][INFO] - Iteration 0, epoch 102, train accuracy 0.85, loss 0.3261
[2023-05-25 19:50:58,824][__main__][INFO] - Test accuracy - 0.8041206927749774
[2023-05-25 19:50:58,887][__main__][INFO] - Iteration 0, epoch 103, train accuracy 0.85, loss 0.3255
[2023-05-25 19:51:01,850][__main__][INFO] - Test accuracy - 0.8130719658782474
[2023-05-25 19:51:01,921][__main__][INFO] - Iteration 0, epoch 104, train accuracy 0.86, loss 0.3132
[2023-05-25 19:51:04,875][__main__][INFO] - Test accuracy - 0.806843330748352
[2023-05-25 19:51:04,951][__main__][INFO] - Iteration 0, epoch 105, train accuracy 0.85, loss 0.3202
[2023-05-25 19:51:08,024][__main__][INFO] - Test accuracy - 0.8071879087501616
[2023-05-25 19:51:08,087][__main__][INFO] - Iteration 0, epoch 106, train accuracy 0.86, loss 0.3160
[2023-05-25 19:51:11,255][__main__][INFO] - Test accuracy - 0.8149945069148248
[2023-05-25 19:51:11,329][__main__][INFO] - Iteration 0, epoch 107, train accuracy 0.86, loss 0.3086
[2023-05-25 19:51:14,451][__main__][INFO] - Test accuracy - 0.806175369436905
[2023-05-25 19:51:14,566][__main__][INFO] - Iteration 0, epoch 108, train accuracy 0.86, loss 0.3154
[2023-05-25 19:51:17,624][__main__][INFO] - Test accuracy - 0.8145500409288701
[2023-05-25 19:51:17,686][__main__][INFO] - Iteration 0, epoch 109, train accuracy 0.85, loss 0.3303
[2023-05-25 19:51:20,607][__main__][INFO] - Test accuracy - 0.8102338352505278
[2023-05-25 19:51:20,704][__main__][INFO] - Iteration 0, epoch 110, train accuracy 0.86, loss 0.3108
[2023-05-25 19:51:23,748][__main__][INFO] - Test accuracy - 0.8115713282495369
[2023-05-25 19:51:23,802][__main__][INFO] - Iteration 0, epoch 111, train accuracy 0.86, loss 0.3079
[2023-05-25 19:51:26,907][__main__][INFO] - Test accuracy - 0.8114996014820559
[2023-05-25 19:51:26,995][__main__][INFO] - Iteration 0, epoch 112, train accuracy 0.86, loss 0.3070
[2023-05-25 19:51:29,735][__main__][INFO] - Test accuracy - 0.8132854487096635
[2023-05-25 19:51:29,792][__main__][INFO] - Iteration 0, epoch 113, train accuracy 0.85, loss 0.3168
[2023-05-25 19:51:32,650][__main__][INFO] - Test accuracy - 0.8104766533109301
[2023-05-25 19:51:32,744][__main__][INFO] - Iteration 0, epoch 114, train accuracy 0.86, loss 0.3194
[2023-05-25 19:51:35,658][__main__][INFO] - Test accuracy - 0.8049892680194737
[2023-05-25 19:51:35,728][__main__][INFO] - Iteration 0, epoch 115, train accuracy 0.86, loss 0.3106
[2023-05-25 19:51:38,615][__main__][INFO] - Test accuracy - 0.8136561328680367
[2023-05-25 19:51:38,690][__main__][INFO] - Iteration 0, epoch 116, train accuracy 0.87, loss 0.2964
[2023-05-25 19:51:41,518][__main__][INFO] - Test accuracy - 0.8121371612597476
[2023-05-25 19:51:41,587][__main__][INFO] - Iteration 0, epoch 117, train accuracy 0.86, loss 0.3045
[2023-05-25 19:51:44,545][__main__][INFO] - Test accuracy - 0.8151166300460989
[2023-05-25 19:51:44,604][__main__][INFO] - Iteration 0, epoch 118, train accuracy 0.87, loss 0.3032
[2023-05-25 19:51:47,694][__main__][INFO] - Test accuracy - 0.8116239864719313
[2023-05-25 19:51:47,786][__main__][INFO] - Iteration 0, epoch 119, train accuracy 0.86, loss 0.3208
[2023-05-25 19:51:50,690][__main__][INFO] - Test accuracy - 0.8095794644780492
[2023-05-25 19:51:50,752][__main__][INFO] - Iteration 0, epoch 120, train accuracy 0.86, loss 0.3173
[2023-05-25 19:51:53,627][__main__][INFO] - Test accuracy - 0.8038118219809572
[2023-05-25 19:51:53,718][__main__][INFO] - Iteration 0, epoch 121, train accuracy 0.85, loss 0.3171
[2023-05-25 19:51:56,570][__main__][INFO] - Test accuracy - 0.7990884472879238
[2023-05-25 19:51:56,629][__main__][INFO] - Iteration 0, epoch 122, train accuracy 0.86, loss 0.3067
[2023-05-25 19:51:59,557][__main__][INFO] - Test accuracy - 0.8002950971522124
[2023-05-25 19:51:59,645][__main__][INFO] - Iteration 0, epoch 123, train accuracy 0.86, loss 0.3062
[2023-05-25 19:52:02,500][__main__][INFO] - Test accuracy - 0.8150460212830123
[2023-05-25 19:52:02,564][__main__][INFO] - Iteration 0, epoch 124, train accuracy 0.86, loss 0.3048
[2023-05-25 19:52:05,466][__main__][INFO] - Test accuracy - 0.8136906315970875
[2023-05-25 19:52:05,555][__main__][INFO] - Iteration 0, epoch 125, train accuracy 0.87, loss 0.3000
[2023-05-25 19:52:08,408][__main__][INFO] - Test accuracy - 0.8083091422170523
[2023-05-25 19:52:08,469][__main__][INFO] - Iteration 0, epoch 126, train accuracy 0.87, loss 0.2949
[2023-05-25 19:52:11,352][__main__][INFO] - Test accuracy - 0.8110001163241566
[2023-05-25 19:52:11,424][__main__][INFO] - Iteration 0, epoch 127, train accuracy 0.87, loss 0.2996
[2023-05-25 19:52:14,277][__main__][INFO] - Test accuracy - 0.815043858515359
[2023-05-25 19:52:14,330][__main__][INFO] - Iteration 0, epoch 128, train accuracy 0.86, loss 0.3141
[2023-05-25 19:52:17,381][__main__][INFO] - Test accuracy - 0.8061143337210805
[2023-05-25 19:52:17,452][__main__][INFO] - Iteration 0, epoch 129, train accuracy 0.86, loss 0.3073
[2023-05-25 19:52:20,478][__main__][INFO] - Test accuracy - 0.8037101611304984
[2023-05-25 19:52:20,541][__main__][INFO] - Iteration 0, epoch 130, train accuracy 0.87, loss 0.2907
[2023-05-25 19:52:23,632][__main__][INFO] - Test accuracy - 0.8112128753608201
[2023-05-25 19:52:23,699][__main__][INFO] - Iteration 0, epoch 131, train accuracy 0.86, loss 0.3086
[2023-05-25 19:52:26,622][__main__][INFO] - Test accuracy - 0.8086259510576882
[2023-05-25 19:52:26,710][__main__][INFO] - Iteration 0, epoch 132, train accuracy 0.86, loss 0.3016
[2023-05-25 19:52:29,600][__main__][INFO] - Test accuracy - 0.805485776140623
[2023-05-25 19:52:29,679][__main__][INFO] - Iteration 0, epoch 133, train accuracy 0.87, loss 0.2959
[2023-05-25 19:52:32,790][__main__][INFO] - Test accuracy - 0.8144377321097757
[2023-05-25 19:52:32,907][__main__][INFO] - Iteration 0, epoch 134, train accuracy 0.86, loss 0.3008
[2023-05-25 19:52:35,895][__main__][INFO] - Test accuracy - 0.8157839989660075
[2023-05-25 19:52:35,958][__main__][INFO] - Iteration 0, epoch 135, train accuracy 0.88, loss 0.2855
[2023-05-25 19:52:38,985][__main__][INFO] - Test accuracy - 0.7991298156046702
[2023-05-25 19:52:39,078][__main__][INFO] - Iteration 0, epoch 136, train accuracy 0.87, loss 0.3030
[2023-05-25 19:52:41,916][__main__][INFO] - Test accuracy - 0.8081136551635002
[2023-05-25 19:52:41,989][__main__][INFO] - Iteration 0, epoch 137, train accuracy 0.85, loss 0.3144
[2023-05-25 19:52:45,017][__main__][INFO] - Test accuracy - 0.8116590538968593
[2023-05-25 19:52:45,116][__main__][INFO] - Iteration 0, epoch 138, train accuracy 0.86, loss 0.3020
[2023-05-25 19:52:48,018][__main__][INFO] - Test accuracy - 0.8163812545775709
[2023-05-25 19:52:48,089][__main__][INFO] - Iteration 0, epoch 139, train accuracy 0.87, loss 0.2900
[2023-05-25 19:52:51,199][__main__][INFO] - Test accuracy - 0.8157408620912497
[2023-05-25 19:52:51,269][__main__][INFO] - Iteration 0, epoch 140, train accuracy 0.87, loss 0.2990
[2023-05-25 19:52:54,305][__main__][INFO] - Test accuracy - 0.8051614019215028
[2023-05-25 19:52:54,378][__main__][INFO] - Iteration 0, epoch 141, train accuracy 0.86, loss 0.3150
[2023-05-25 19:52:57,400][__main__][INFO] - Test accuracy - 0.8115047951402352
[2023-05-25 19:52:57,479][__main__][INFO] - Iteration 0, epoch 142, train accuracy 0.86, loss 0.3061
[2023-05-25 19:53:00,549][__main__][INFO] - Test accuracy - 0.8142400930593253
[2023-05-25 19:53:00,643][__main__][INFO] - Iteration 0, epoch 143, train accuracy 0.87, loss 0.2919
[2023-05-25 19:53:03,595][__main__][INFO] - Test accuracy - 0.8102692753435872
[2023-05-25 19:53:03,657][__main__][INFO] - Iteration 0, epoch 144, train accuracy 0.86, loss 0.3059
[2023-05-25 19:53:06,505][__main__][INFO] - Test accuracy - 0.8109304532333806
[2023-05-25 19:53:06,601][__main__][INFO] - Iteration 0, epoch 145, train accuracy 0.86, loss 0.2999
[2023-05-25 19:53:09,580][__main__][INFO] - Test accuracy - 0.8147603937788119
[2023-05-25 19:53:09,653][__main__][INFO] - Iteration 0, epoch 146, train accuracy 0.86, loss 0.3007
[2023-05-25 19:53:12,690][__main__][INFO] - Test accuracy - 0.800087049243893
[2023-05-25 19:53:12,804][__main__][INFO] - Iteration 0, epoch 147, train accuracy 0.87, loss 0.2962
[2023-05-25 19:53:15,631][__main__][INFO] - Test accuracy - 0.8175803649131876
[2023-05-25 19:53:15,693][__main__][INFO] - Iteration 0, epoch 148, train accuracy 0.87, loss 0.2875
[2023-05-25 19:53:18,927][__main__][INFO] - Test accuracy - 0.8175283227779933
[2023-05-25 19:53:19,031][__main__][INFO] - Iteration 0, epoch 149, train accuracy 0.87, loss 0.2920
[2023-05-25 19:53:21,945][__main__][INFO] - Test accuracy - 0.8155303433716772
[2023-05-25 19:53:22,015][__main__][INFO] - Iteration 0, epoch 150, train accuracy 0.87, loss 0.2905
[2023-05-25 19:53:24,860][__main__][INFO] - Test accuracy - 0.8123598444702942
[2023-05-25 19:53:24,929][__main__][INFO] - Iteration 0, epoch 151, train accuracy 0.87, loss 0.3001
[2023-05-25 19:53:27,884][__main__][INFO] - Test accuracy - 0.8093646654603421
[2023-05-25 19:53:27,948][__main__][INFO] - Iteration 0, epoch 152, train accuracy 0.87, loss 0.2882
[2023-05-25 19:53:31,086][__main__][INFO] - Test accuracy - 0.818158691999483
[2023-05-25 19:53:31,145][__main__][INFO] - Iteration 0, epoch 153, train accuracy 0.87, loss 0.2898
[2023-05-25 19:53:34,124][__main__][INFO] - Test accuracy - 0.8137894446598595
[2023-05-25 19:53:34,183][__main__][INFO] - Iteration 0, epoch 154, train accuracy 0.87, loss 0.2892
[2023-05-25 19:53:37,089][__main__][INFO] - Test accuracy - 0.8113265649907371
[2023-05-25 19:53:37,162][__main__][INFO] - Iteration 0, epoch 155, train accuracy 0.87, loss 0.2911
[2023-05-25 19:53:39,809][__main__][INFO] - Test accuracy - 0.8125059131446298
[2023-05-25 19:53:39,902][__main__][INFO] - Iteration 0, epoch 156, train accuracy 0.87, loss 0.2832
[2023-05-25 19:53:42,672][__main__][INFO] - Test accuracy - 0.8021488302959804
[2023-05-25 19:53:42,738][__main__][INFO] - Iteration 0, epoch 157, train accuracy 0.87, loss 0.2882
[2023-05-25 19:53:45,565][__main__][INFO] - Test accuracy - 0.8052348433932187
[2023-05-25 19:53:45,656][__main__][INFO] - Iteration 0, epoch 158, train accuracy 0.87, loss 0.2854
[2023-05-25 19:53:48,574][__main__][INFO] - Test accuracy - 0.8112774891215371
[2023-05-25 19:53:48,649][__main__][INFO] - Iteration 0, epoch 159, train accuracy 0.87, loss 0.2874
[2023-05-25 19:53:51,464][__main__][INFO] - Test accuracy - 0.8036076709318858
[2023-05-25 19:53:51,562][__main__][INFO] - Iteration 0, epoch 160, train accuracy 0.87, loss 0.2848
[2023-05-25 19:53:54,436][__main__][INFO] - Test accuracy - 0.8137913877041059
[2023-05-25 19:53:54,513][__main__][INFO] - Iteration 0, epoch 161, train accuracy 0.87, loss 0.2806
[2023-05-25 19:53:57,415][__main__][INFO] - Test accuracy - 0.812783977424497
[2023-05-25 19:53:57,539][__main__][INFO] - Iteration 0, epoch 162, train accuracy 0.87, loss 0.2924
[2023-05-25 19:54:00,339][__main__][INFO] - Test accuracy - 0.8159284110981863
[2023-05-25 19:54:00,398][__main__][INFO] - Iteration 0, epoch 163, train accuracy 0.88, loss 0.2808
[2023-05-25 19:54:03,187][__main__][INFO] - Test accuracy - 0.8178828572659516
[2023-05-25 19:54:03,261][__main__][INFO] - Iteration 0, epoch 164, train accuracy 0.88, loss 0.2786
[2023-05-25 19:54:06,093][__main__][INFO] - Test accuracy - 0.8131651803024429
[2023-05-25 19:54:06,153][__main__][INFO] - Iteration 0, epoch 165, train accuracy 0.87, loss 0.2801
[2023-05-25 19:54:08,889][__main__][INFO] - Test accuracy - 0.81249864503899
[2023-05-25 19:54:08,963][__main__][INFO] - Iteration 0, epoch 166, train accuracy 0.88, loss 0.2780
[2023-05-25 19:54:11,835][__main__][INFO] - Test accuracy - 0.8124075610701823
[2023-05-25 19:54:11,913][__main__][INFO] - Iteration 0, epoch 167, train accuracy 0.87, loss 0.2947
[2023-05-25 19:54:14,795][__main__][INFO] - Test accuracy - 0.8014207573995089
[2023-05-25 19:54:14,863][__main__][INFO] - Iteration 0, epoch 168, train accuracy 0.86, loss 0.2954
[2023-05-25 19:54:17,760][__main__][INFO] - Test accuracy - 0.8163105359527811
[2023-05-25 19:54:17,861][__main__][INFO] - Iteration 0, epoch 169, train accuracy 0.87, loss 0.2885
[2023-05-25 19:54:20,751][__main__][INFO] - Test accuracy - 0.8006436150962906
[2023-05-25 19:54:20,819][__main__][INFO] - Iteration 0, epoch 170, train accuracy 0.86, loss 0.3069
[2023-05-25 19:54:23,592][__main__][INFO] - Test accuracy - 0.8111748976778251
[2023-05-25 19:54:23,687][__main__][INFO] - Iteration 0, epoch 171, train accuracy 0.87, loss 0.2905
[2023-05-25 19:54:26,421][__main__][INFO] - Test accuracy - 0.810084285468097
[2023-05-25 19:54:26,491][__main__][INFO] - Iteration 0, epoch 172, train accuracy 0.87, loss 0.2944
[2023-05-25 19:54:29,335][__main__][INFO] - Test accuracy - 0.8138561005557708
[2023-05-25 19:54:29,437][__main__][INFO] - Iteration 0, epoch 173, train accuracy 0.88, loss 0.2782
[2023-05-25 19:54:32,334][__main__][INFO] - Test accuracy - 0.8140174098487786
[2023-05-25 19:54:32,403][__main__][INFO] - Iteration 0, epoch 174, train accuracy 0.88, loss 0.2710
[2023-05-25 19:54:35,309][__main__][INFO] - Test accuracy - 0.8154080005169964
[2023-05-25 19:54:35,381][__main__][INFO] - Iteration 0, epoch 175, train accuracy 0.87, loss 0.2819
[2023-05-25 19:54:38,185][__main__][INFO] - Test accuracy - 0.8112135991555728
[2023-05-25 19:54:38,256][__main__][INFO] - Iteration 0, epoch 176, train accuracy 0.87, loss 0.2819
[2023-05-25 19:54:41,113][__main__][INFO] - Test accuracy - 0.8134550687174184
[2023-05-25 19:54:41,173][__main__][INFO] - Iteration 0, epoch 177, train accuracy 0.87, loss 0.2812
[2023-05-25 19:54:44,091][__main__][INFO] - Test accuracy - 0.8170365688682091
[2023-05-25 19:54:44,166][__main__][INFO] - Iteration 0, epoch 178, train accuracy 0.86, loss 0.2960
[2023-05-25 19:54:46,958][__main__][INFO] - Test accuracy - 0.8117179031493689
[2023-05-25 19:54:47,016][__main__][INFO] - Iteration 0, epoch 179, train accuracy 0.88, loss 0.2717
[2023-05-25 19:54:49,765][__main__][INFO] - Test accuracy - 0.8093623475938133
[2023-05-25 19:54:49,870][__main__][INFO] - Iteration 0, epoch 180, train accuracy 0.88, loss 0.2711
[2023-05-25 19:54:52,742][__main__][INFO] - Test accuracy - 0.809139948731205
[2023-05-25 19:54:52,808][__main__][INFO] - Iteration 0, epoch 181, train accuracy 0.88, loss 0.2849
[2023-05-25 19:54:55,628][__main__][INFO] - Test accuracy - 0.811443111024945
[2023-05-25 19:54:55,720][__main__][INFO] - Iteration 0, epoch 182, train accuracy 0.88, loss 0.2776
[2023-05-25 19:54:58,497][__main__][INFO] - Test accuracy - 0.8106519839731162
[2023-05-25 19:54:58,557][__main__][INFO] - Iteration 0, epoch 183, train accuracy 0.87, loss 0.2842
[2023-05-25 19:55:01,364][__main__][INFO] - Test accuracy - 0.8077263237258197
[2023-05-25 19:55:01,460][__main__][INFO] - Iteration 0, epoch 184, train accuracy 0.87, loss 0.2842
[2023-05-25 19:55:04,355][__main__][INFO] - Test accuracy - 0.8046388738098316
[2023-05-25 19:55:04,423][__main__][INFO] - Iteration 0, epoch 185, train accuracy 0.88, loss 0.2798
[2023-05-25 19:55:07,295][__main__][INFO] - Test accuracy - 0.8124365904097195
[2023-05-25 19:55:07,388][__main__][INFO] - Iteration 0, epoch 186, train accuracy 0.88, loss 0.2781
[2023-05-25 19:55:10,390][__main__][INFO] - Test accuracy - 0.8125744797725216
[2023-05-25 19:55:10,459][__main__][INFO] - Iteration 0, epoch 187, train accuracy 0.87, loss 0.2774
[2023-05-25 19:55:13,322][__main__][INFO] - Test accuracy - 0.8136265671448881
[2023-05-25 19:55:13,391][__main__][INFO] - Iteration 0, epoch 188, train accuracy 0.87, loss 0.2889
[2023-05-25 19:55:16,254][__main__][INFO] - Test accuracy - 0.8128597669208566
[2023-05-25 19:55:16,327][__main__][INFO] - Iteration 0, epoch 189, train accuracy 0.87, loss 0.2751
[2023-05-25 19:55:19,125][__main__][INFO] - Test accuracy - 0.814528223687045
[2023-05-25 19:55:19,189][__main__][INFO] - Iteration 0, epoch 190, train accuracy 0.88, loss 0.2753
[2023-05-25 19:55:22,071][__main__][INFO] - Test accuracy - 0.7943440760846151
[2023-05-25 19:55:22,137][__main__][INFO] - Iteration 0, epoch 191, train accuracy 0.88, loss 0.2733
[2023-05-25 19:55:25,126][__main__][INFO] - Test accuracy - 0.8081607233639222
[2023-05-25 19:55:25,186][__main__][INFO] - Iteration 0, epoch 192, train accuracy 0.88, loss 0.2813
[2023-05-25 19:55:28,061][__main__][INFO] - Test accuracy - 0.8120977230623412
[2023-05-25 19:55:28,153][__main__][INFO] - Iteration 0, epoch 193, train accuracy 0.88, loss 0.2744
[2023-05-25 19:55:31,059][__main__][INFO] - Test accuracy - 0.8128426608073759
[2023-05-25 19:55:31,126][__main__][INFO] - Iteration 0, epoch 194, train accuracy 0.88, loss 0.2697
[2023-05-25 19:55:34,017][__main__][INFO] - Test accuracy - 0.7954512795657231
[2023-05-25 19:55:34,114][__main__][INFO] - Iteration 0, epoch 195, train accuracy 0.87, loss 0.2836
[2023-05-25 19:55:37,099][__main__][INFO] - Test accuracy - 0.813237622248072
[2023-05-25 19:55:37,168][__main__][INFO] - Iteration 0, epoch 196, train accuracy 0.88, loss 0.2675
[2023-05-25 19:55:40,076][__main__][INFO] - Test accuracy - 0.8126583947266383
[2023-05-25 19:55:40,163][__main__][INFO] - Iteration 0, epoch 197, train accuracy 0.87, loss 0.2783
[2023-05-25 19:55:43,089][__main__][INFO] - Test accuracy - 0.8108642367842834
[2023-05-25 19:55:43,147][__main__][INFO] - Iteration 0, epoch 198, train accuracy 0.88, loss 0.2782
[2023-05-25 19:55:46,205][__main__][INFO] - Test accuracy - 0.8032506203955021
[2023-05-25 19:55:46,265][__main__][INFO] - Iteration 0, epoch 199, train accuracy 0.88, loss 0.2771
[2023-05-25 19:55:49,186][__main__][INFO] - Test accuracy - 0.814282659084055
[2023-05-25 19:55:49,242][__main__][INFO] - Iteration 0, epoch 200, train accuracy 0.88, loss 0.2702
[2023-05-25 19:55:52,283][__main__][INFO] - Test accuracy - 0.8120160807375814
[2023-05-25 19:55:52,355][__main__][INFO] - Iteration 0, epoch 201, train accuracy 0.88, loss 0.2718
[2023-05-25 19:55:55,372][__main__][INFO] - Test accuracy - 0.8162160591960708
[2023-05-25 19:55:55,452][__main__][INFO] - Iteration 0, epoch 202, train accuracy 0.88, loss 0.2692
[2023-05-25 19:55:58,428][__main__][INFO] - Test accuracy - 0.8117348778596356
[2023-05-25 19:55:58,497][__main__][INFO] - Iteration 0, epoch 203, train accuracy 0.87, loss 0.2814
[2023-05-25 19:56:01,504][__main__][INFO] - Test accuracy - 0.8066242040411873
[2023-05-25 19:56:01,592][__main__][INFO] - Iteration 0, epoch 204, train accuracy 0.87, loss 0.2866
[2023-05-25 19:56:04,724][__main__][INFO] - Test accuracy - 0.8065245120847874
[2023-05-25 19:56:04,790][__main__][INFO] - Iteration 0, epoch 205, train accuracy 0.88, loss 0.2796
[2023-05-25 19:56:07,818][__main__][INFO] - Test accuracy - 0.8075001507905735
[2023-05-25 19:56:07,937][__main__][INFO] - Iteration 0, epoch 206, train accuracy 0.87, loss 0.2867
[2023-05-25 19:56:10,921][__main__][INFO] - Test accuracy - 0.8109428697600276
[2023-05-25 19:56:10,980][__main__][INFO] - Iteration 0, epoch 207, train accuracy 0.88, loss 0.2692
[2023-05-25 19:56:14,069][__main__][INFO] - Test accuracy - 0.8031300891818534
[2023-05-25 19:56:14,165][__main__][INFO] - Iteration 0, epoch 208, train accuracy 0.87, loss 0.2787
[2023-05-25 19:56:17,394][__main__][INFO] - Test accuracy - 0.8020180776356037
[2023-05-25 19:56:17,459][__main__][INFO] - Iteration 0, epoch 209, train accuracy 0.88, loss 0.2755
[2023-05-25 19:56:20,626][__main__][INFO] - Test accuracy - 0.8138927383568135
[2023-05-25 19:56:20,729][__main__][INFO] - Iteration 0, epoch 210, train accuracy 0.88, loss 0.2694
[2023-05-25 19:56:23,792][__main__][INFO] - Test accuracy - 0.8092795635689974
[2023-05-25 19:56:23,864][__main__][INFO] - Iteration 0, epoch 211, train accuracy 0.88, loss 0.2678
[2023-05-25 19:56:26,963][__main__][INFO] - Test accuracy - 0.8086099090948259
[2023-05-25 19:56:27,033][__main__][INFO] - Iteration 0, epoch 212, train accuracy 0.87, loss 0.2877
[2023-05-25 19:56:30,154][__main__][INFO] - Test accuracy - 0.814477652837017
[2023-05-25 19:56:30,222][__main__][INFO] - Iteration 0, epoch 213, train accuracy 0.88, loss 0.2752
[2023-05-25 19:56:33,142][__main__][INFO] - Test accuracy - 0.8113083193313515
[2023-05-25 19:56:33,199][__main__][INFO] - Iteration 0, epoch 214, train accuracy 0.88, loss 0.2717
[2023-05-25 19:56:36,197][__main__][INFO] - Test accuracy - 0.8146175627935032
[2023-05-25 19:56:36,257][__main__][INFO] - Iteration 0, epoch 215, train accuracy 0.88, loss 0.2710
[2023-05-25 19:56:39,091][__main__][INFO] - Test accuracy - 0.8046123928309852
[2023-05-25 19:56:39,158][__main__][INFO] - Iteration 0, epoch 216, train accuracy 0.87, loss 0.2834
[2023-05-25 19:56:41,942][__main__][INFO] - Test accuracy - 0.8085427598983241
[2023-05-25 19:56:42,034][__main__][INFO] - Iteration 0, epoch 217, train accuracy 0.88, loss 0.2668
[2023-05-25 19:56:44,894][__main__][INFO] - Test accuracy - 0.8152711860755677
[2023-05-25 19:56:44,976][__main__][INFO] - Iteration 0, epoch 218, train accuracy 0.89, loss 0.2576
[2023-05-25 19:56:47,933][__main__][INFO] - Test accuracy - 0.8159820559217612
[2023-05-25 19:56:48,050][__main__][INFO] - Iteration 0, epoch 219, train accuracy 0.88, loss 0.2669
[2023-05-25 19:56:50,883][__main__][INFO] - Test accuracy - 0.8063425509456724
[2023-05-25 19:56:50,948][__main__][INFO] - Iteration 0, epoch 220, train accuracy 0.88, loss 0.2683
[2023-05-25 19:56:54,000][__main__][INFO] - Test accuracy - 0.8064919800956444
[2023-05-25 19:56:54,109][__main__][INFO] - Iteration 0, epoch 221, train accuracy 0.88, loss 0.2687
[2023-05-25 19:56:56,904][__main__][INFO] - Test accuracy - 0.8147783443195036
[2023-05-25 19:56:56,960][__main__][INFO] - Iteration 0, epoch 222, train accuracy 0.88, loss 0.2638
[2023-05-25 19:56:59,729][__main__][INFO] - Test accuracy - 0.8098201865494808
[2023-05-25 19:56:59,819][__main__][INFO] - Iteration 0, epoch 223, train accuracy 0.88, loss 0.2732
[2023-05-25 19:57:02,729][__main__][INFO] - Test accuracy - 0.811485558571367
[2023-05-25 19:57:02,799][__main__][INFO] - Iteration 0, epoch 224, train accuracy 0.88, loss 0.2687
[2023-05-25 19:57:05,786][__main__][INFO] - Test accuracy - 0.8105936711042179
[2023-05-25 19:57:05,861][__main__][INFO] - Iteration 0, epoch 225, train accuracy 0.88, loss 0.2606
[2023-05-25 19:57:08,876][__main__][INFO] - Test accuracy - 0.8082871181767266
[2023-05-25 19:57:08,943][__main__][INFO] - Iteration 0, epoch 226, train accuracy 0.89, loss 0.2645
[2023-05-25 19:57:12,123][__main__][INFO] - Test accuracy - 0.8080859420102537
[2023-05-25 19:57:12,191][__main__][INFO] - Iteration 0, epoch 227, train accuracy 0.89, loss 0.2594
[2023-05-25 19:57:15,068][__main__][INFO] - Test accuracy - 0.8137398733359184
[2023-05-25 19:57:15,161][__main__][INFO] - Iteration 0, epoch 228, train accuracy 0.88, loss 0.2715
[2023-05-25 19:57:18,183][__main__][INFO] - Test accuracy - 0.8099210869846194
[2023-05-25 19:57:18,244][__main__][INFO] - Iteration 0, epoch 229, train accuracy 0.88, loss 0.2620
[2023-05-25 19:57:21,373][__main__][INFO] - Test accuracy - 0.8068209555814054
[2023-05-25 19:57:21,464][__main__][INFO] - Iteration 0, epoch 230, train accuracy 0.88, loss 0.2661
[2023-05-25 19:57:24,430][__main__][INFO] - Test accuracy - 0.7981093920985739
[2023-05-25 19:57:24,491][__main__][INFO] - Iteration 0, epoch 231, train accuracy 0.88, loss 0.2677
[2023-05-25 19:57:27,429][__main__][INFO] - Test accuracy - 0.8146543104562493
[2023-05-25 19:57:27,518][__main__][INFO] - Iteration 0, epoch 232, train accuracy 0.88, loss 0.2615
[2023-05-25 19:57:30,590][__main__][INFO] - Test accuracy - 0.8175029942699582
[2023-05-25 19:57:30,653][__main__][INFO] - Iteration 0, epoch 233, train accuracy 0.88, loss 0.2668
[2023-05-25 19:57:33,593][__main__][INFO] - Test accuracy - 0.8118854379389083
[2023-05-25 19:57:33,687][__main__][INFO] - Iteration 0, epoch 234, train accuracy 0.88, loss 0.2703
[2023-05-25 19:57:36,643][__main__][INFO] - Test accuracy - 0.8067273878764378
[2023-05-25 19:57:36,703][__main__][INFO] - Iteration 0, epoch 235, train accuracy 0.88, loss 0.2661
[2023-05-25 19:57:39,721][__main__][INFO] - Test accuracy - 0.8099964715005816
[2023-05-25 19:57:39,793][__main__][INFO] - Iteration 0, epoch 236, train accuracy 0.89, loss 0.2567
[2023-05-25 19:57:42,709][__main__][INFO] - Test accuracy - 0.8098446706303045
[2023-05-25 19:57:42,771][__main__][INFO] - Iteration 0, epoch 237, train accuracy 0.89, loss 0.2558
[2023-05-25 19:57:45,826][__main__][INFO] - Test accuracy - 0.8072032118392143
[2023-05-25 19:57:45,901][__main__][INFO] - Iteration 0, epoch 238, train accuracy 0.89, loss 0.2644
[2023-05-25 19:57:48,747][__main__][INFO] - Test accuracy - 0.8041195618456767
[2023-05-25 19:57:48,817][__main__][INFO] - Iteration 0, epoch 239, train accuracy 0.88, loss 0.2603
[2023-05-25 19:57:51,855][__main__][INFO] - Test accuracy - 0.8086997651975357
[2023-05-25 19:57:51,921][__main__][INFO] - Iteration 0, epoch 240, train accuracy 0.88, loss 0.2703
[2023-05-25 19:57:55,038][__main__][INFO] - Test accuracy - 0.807586392227823
[2023-05-25 19:57:55,142][__main__][INFO] - Iteration 0, epoch 241, train accuracy 0.89, loss 0.2568
[2023-05-25 19:57:58,036][__main__][INFO] - Test accuracy - 0.8126007970358882
[2023-05-25 19:57:58,101][__main__][INFO] - Iteration 0, epoch 242, train accuracy 0.88, loss 0.2608
[2023-05-25 19:58:01,239][__main__][INFO] - Test accuracy - 0.8147436280211967
[2023-05-25 19:58:01,345][__main__][INFO] - Iteration 0, epoch 243, train accuracy 0.88, loss 0.2676
[2023-05-25 19:58:04,381][__main__][INFO] - Test accuracy - 0.8045685063116627
[2023-05-25 19:58:04,449][__main__][INFO] - Iteration 0, epoch 244, train accuracy 0.88, loss 0.2670
[2023-05-25 19:58:07,301][__main__][INFO] - Test accuracy - 0.8141739972426868
[2023-05-25 19:58:07,398][__main__][INFO] - Iteration 0, epoch 245, train accuracy 0.89, loss 0.2604
[2023-05-25 19:58:10,229][__main__][INFO] - Test accuracy - 0.8086891366162594
[2023-05-25 19:58:10,306][__main__][INFO] - Iteration 0, epoch 246, train accuracy 0.88, loss 0.2629
[2023-05-25 19:58:13,250][__main__][INFO] - Test accuracy - 0.8157081426909656
[2023-05-25 19:58:13,402][__main__][INFO] - Iteration 0, epoch 247, train accuracy 0.89, loss 0.2569
[2023-05-25 19:58:16,357][__main__][INFO] - Test accuracy - 0.8084149498082804
[2023-05-25 19:58:16,418][__main__][INFO] - Iteration 0, epoch 248, train accuracy 0.89, loss 0.2571
[2023-05-25 19:58:19,436][__main__][INFO] - Test accuracy - 0.8111427598983241
[2023-05-25 19:58:19,510][__main__][INFO] - Iteration 0, epoch 249, train accuracy 0.88, loss 0.2643
[2023-05-25 19:58:22,639][__main__][INFO] - Test accuracy - 0.8085223600878892
[2023-05-25 19:58:22,699][__main__][INFO] - Iteration 0, epoch 250, train accuracy 0.88, loss 0.2592
[2023-05-25 19:58:25,472][__main__][INFO] - Test accuracy - 0.809400258498126
[2023-05-25 19:58:25,532][__main__][INFO] - Iteration 0, epoch 251, train accuracy 0.89, loss 0.2587
[2023-05-25 19:58:28,395][__main__][INFO] - Test accuracy - 0.8085982055921761
[2023-05-25 19:58:28,498][__main__][INFO] - Iteration 0, epoch 252, train accuracy 0.89, loss 0.2618
[2023-05-25 19:58:31,448][__main__][INFO] - Test accuracy - 0.8122135108353798
[2023-05-25 19:58:31,522][__main__][INFO] - Iteration 0, epoch 253, train accuracy 0.88, loss 0.2657
[2023-05-25 19:58:34,473][__main__][INFO] - Test accuracy - 0.8140879626039378
[2023-05-25 19:58:34,571][__main__][INFO] - Iteration 0, epoch 254, train accuracy 0.89, loss 0.2601
[2023-05-25 19:58:37,413][__main__][INFO] - Test accuracy - 0.8109985351772866
[2023-05-25 19:58:37,479][__main__][INFO] - Iteration 0, epoch 255, train accuracy 0.88, loss 0.2644
[2023-05-25 19:58:40,302][__main__][INFO] - Test accuracy - 0.8096704385851536
[2023-05-25 19:58:40,395][__main__][INFO] - Iteration 0, epoch 256, train accuracy 0.89, loss 0.2579
[2023-05-25 19:58:43,243][__main__][INFO] - Test accuracy - 0.8143829563568997
[2023-05-25 19:58:43,317][__main__][INFO] - Iteration 0, epoch 257, train accuracy 0.88, loss 0.2672
[2023-05-25 19:58:46,166][__main__][INFO] - Test accuracy - 0.8155738981517383
[2023-05-25 19:58:46,278][__main__][INFO] - Iteration 0, epoch 258, train accuracy 0.89, loss 0.2615
[2023-05-25 19:58:48,983][__main__][INFO] - Test accuracy - 0.8093961526862263
[2023-05-25 19:58:49,037][__main__][INFO] - Iteration 0, epoch 259, train accuracy 0.88, loss 0.2530
[2023-05-25 19:58:51,915][__main__][INFO] - Test accuracy - 0.8089899379604498
[2023-05-25 19:58:51,988][__main__][INFO] - Iteration 0, epoch 260, train accuracy 0.88, loss 0.2563
[2023-05-25 19:58:54,959][__main__][INFO] - Test accuracy - 0.8085940006893283
[2023-05-25 19:58:55,025][__main__][INFO] - Iteration 0, epoch 261, train accuracy 0.89, loss 0.2602
[2023-05-25 19:58:57,773][__main__][INFO] - Test accuracy - 0.8066066929473094
[2023-05-25 19:58:57,829][__main__][INFO] - Iteration 0, epoch 262, train accuracy 0.88, loss 0.2646
[2023-05-25 19:59:00,701][__main__][INFO] - Test accuracy - 0.812683669380897
[2023-05-25 19:59:00,780][__main__][INFO] - Iteration 0, epoch 263, train accuracy 0.89, loss 0.2500
[2023-05-25 19:59:03,573][__main__][INFO] - Test accuracy - 0.8057474925681789
[2023-05-25 19:59:03,642][__main__][INFO] - Iteration 0, epoch 264, train accuracy 0.88, loss 0.2602
[2023-05-25 19:59:06,335][__main__][INFO] - Test accuracy - 0.8097041898237904
[2023-05-25 19:59:06,421][__main__][INFO] - Iteration 0, epoch 265, train accuracy 0.90, loss 0.2463
[2023-05-25 19:59:09,199][__main__][INFO] - Test accuracy - 0.8089160031881435
[2023-05-25 19:59:09,260][__main__][INFO] - Iteration 0, epoch 266, train accuracy 0.88, loss 0.2582
[2023-05-25 19:59:12,203][__main__][INFO] - Test accuracy - 0.7980531256731722
[2023-05-25 19:59:12,302][__main__][INFO] - Iteration 0, epoch 267, train accuracy 0.89, loss 0.2552
[2023-05-25 19:59:15,161][__main__][INFO] - Test accuracy - 0.8057860949549782
[2023-05-25 19:59:15,230][__main__][INFO] - Iteration 0, epoch 268, train accuracy 0.89, loss 0.2480
[2023-05-25 19:59:18,016][__main__][INFO] - Test accuracy - 0.8113117982852958
[2023-05-25 19:59:18,105][__main__][INFO] - Iteration 0, epoch 269, train accuracy 0.89, loss 0.2529
[2023-05-25 19:59:20,931][__main__][INFO] - Test accuracy - 0.8156071431648786
[2023-05-25 19:59:20,991][__main__][INFO] - Iteration 0, epoch 270, train accuracy 0.89, loss 0.2533
[2023-05-25 19:59:23,866][__main__][INFO] - Test accuracy - 0.8014044526302185
[2023-05-25 19:59:23,985][__main__][INFO] - Iteration 0, epoch 271, train accuracy 0.89, loss 0.2594
[2023-05-25 19:59:26,797][__main__][INFO] - Test accuracy - 0.8140619533841712
[2023-05-25 19:59:26,867][__main__][INFO] - Iteration 0, epoch 272, train accuracy 0.89, loss 0.2638
[2023-05-25 19:59:29,778][__main__][INFO] - Test accuracy - 0.8110384451337728
[2023-05-25 19:59:29,848][__main__][INFO] - Iteration 0, epoch 273, train accuracy 0.89, loss 0.2481
[2023-05-25 19:59:32,845][__main__][INFO] - Test accuracy - 0.8100757528757916
[2023-05-25 19:59:32,932][__main__][INFO] - Iteration 0, epoch 274, train accuracy 0.89, loss 0.2451
[2023-05-25 19:59:35,881][__main__][INFO] - Test accuracy - 0.8083843070096075
[2023-05-25 19:59:35,947][__main__][INFO] - Iteration 0, epoch 275, train accuracy 0.88, loss 0.2575
[2023-05-25 19:59:38,961][__main__][INFO] - Test accuracy - 0.8071266963939512
[2023-05-25 19:59:39,061][__main__][INFO] - Iteration 0, epoch 276, train accuracy 0.88, loss 0.2722
[2023-05-25 19:59:41,826][__main__][INFO] - Test accuracy - 0.8106291564344493
[2023-05-25 19:59:41,889][__main__][INFO] - Iteration 0, epoch 277, train accuracy 0.89, loss 0.2615
[2023-05-25 19:59:44,692][__main__][INFO] - Test accuracy - 0.7882484490112447
[2023-05-25 19:59:44,780][__main__][INFO] - Iteration 0, epoch 278, train accuracy 0.87, loss 0.2783
[2023-05-25 19:59:47,563][__main__][INFO] - Test accuracy - 0.8065043427685148
[2023-05-25 19:59:47,623][__main__][INFO] - Iteration 0, epoch 279, train accuracy 0.90, loss 0.2460
[2023-05-25 19:59:50,511][__main__][INFO] - Test accuracy - 0.805965456033777
[2023-05-25 19:59:50,607][__main__][INFO] - Iteration 0, epoch 280, train accuracy 0.89, loss 0.2570
[2023-05-25 19:59:53,508][__main__][INFO] - Test accuracy - 0.8045256860971092
[2023-05-25 19:59:53,574][__main__][INFO] - Iteration 0, epoch 281, train accuracy 0.89, loss 0.2537
[2023-05-25 19:59:56,473][__main__][INFO] - Test accuracy - 0.8102004566800224
[2023-05-25 19:59:56,570][__main__][INFO] - Iteration 0, epoch 282, train accuracy 0.89, loss 0.2453
[2023-05-25 19:59:59,396][__main__][INFO] - Test accuracy - 0.8139435181594933
[2023-05-25 19:59:59,455][__main__][INFO] - Iteration 0, epoch 283, train accuracy 0.88, loss 0.2649
[2023-05-25 20:00:02,341][__main__][INFO] - Test accuracy - 0.8044213411744431
[2023-05-25 20:00:02,403][__main__][INFO] - Iteration 0, epoch 284, train accuracy 0.89, loss 0.2557
[2023-05-25 20:00:05,207][__main__][INFO] - Test accuracy - 0.8139404657274567
[2023-05-25 20:00:05,279][__main__][INFO] - Iteration 0, epoch 285, train accuracy 0.88, loss 0.2672
[2023-05-25 20:00:08,152][__main__][INFO] - Test accuracy - 0.7948167592951619
[2023-05-25 20:00:08,218][__main__][INFO] - Iteration 0, epoch 286, train accuracy 0.88, loss 0.2630
[2023-05-25 20:00:10,955][__main__][INFO] - Test accuracy - 0.8090686054026109
[2023-05-25 20:00:11,007][__main__][INFO] - Iteration 0, epoch 287, train accuracy 0.89, loss 0.2476
[2023-05-25 20:00:13,755][__main__][INFO] - Test accuracy - 0.8075278833311792
[2023-05-25 20:00:13,818][__main__][INFO] - Iteration 0, epoch 288, train accuracy 0.89, loss 0.2559
[2023-05-25 20:00:16,685][__main__][INFO] - Test accuracy - 0.8150249299900909
[2023-05-25 20:00:16,789][__main__][INFO] - Iteration 0, epoch 289, train accuracy 0.89, loss 0.2562
[2023-05-25 20:00:19,665][__main__][INFO] - Test accuracy - 0.8073957024686571
[2023-05-25 20:00:19,748][__main__][INFO] - Iteration 0, epoch 290, train accuracy 0.89, loss 0.2522
[2023-05-25 20:00:22,590][__main__][INFO] - Test accuracy - 0.8124103830080566
[2023-05-25 20:00:22,695][__main__][INFO] - Iteration 0, epoch 291, train accuracy 0.88, loss 0.2654
[2023-05-25 20:00:25,607][__main__][INFO] - Test accuracy - 0.7915591529878075
[2023-05-25 20:00:25,680][__main__][INFO] - Iteration 0, epoch 292, train accuracy 0.90, loss 0.2414
[2023-05-25 20:00:28,538][__main__][INFO] - Test accuracy - 0.8094909267157813
[2023-05-25 20:00:28,633][__main__][INFO] - Iteration 0, epoch 293, train accuracy 0.89, loss 0.2550
[2023-05-25 20:00:31,523][__main__][INFO] - Test accuracy - 0.8089310456249192
[2023-05-25 20:00:31,593][__main__][INFO] - Iteration 0, epoch 294, train accuracy 0.90, loss 0.2401
[2023-05-25 20:00:34,517][__main__][INFO] - Test accuracy - 0.7928511912455302
[2023-05-25 20:00:34,616][__main__][INFO] - Iteration 0, epoch 295, train accuracy 0.88, loss 0.2604
[2023-05-25 20:00:37,471][__main__][INFO] - Test accuracy - 0.8124791348929388
[2023-05-25 20:00:37,536][__main__][INFO] - Iteration 0, epoch 296, train accuracy 0.89, loss 0.2480
[2023-05-25 20:00:40,386][__main__][INFO] - Test accuracy - 0.8072560553185988
[2023-05-25 20:00:40,452][__main__][INFO] - Iteration 0, epoch 297, train accuracy 0.89, loss 0.2540
[2023-05-25 20:00:43,235][__main__][INFO] - Test accuracy - 0.803723874456077
[2023-05-25 20:00:43,296][__main__][INFO] - Iteration 0, epoch 298, train accuracy 0.89, loss 0.2610
[2023-05-25 20:00:46,089][__main__][INFO] - Test accuracy - 0.8086320106845892
[2023-05-25 20:00:46,151][__main__][INFO] - Iteration 0, epoch 299, train accuracy 0.89, loss 0.2542
[2023-05-25 20:00:49,114][__main__][INFO] - Test accuracy - 0.8165940890095214
[2023-05-25 20:00:49,186][__main__][INFO] - Iteration 0, epoch 300, train accuracy 0.90, loss 0.2427
[2023-05-25 20:00:52,059][__main__][INFO] - Test accuracy - 0.8023411119727715
[2023-05-25 20:00:52,117][__main__][INFO] - Iteration 0, epoch 301, train accuracy 0.89, loss 0.2489
[2023-05-25 20:00:54,954][__main__][INFO] - Test accuracy - 0.8071546831243808
[2023-05-25 20:00:55,073][__main__][INFO] - Iteration 0, epoch 302, train accuracy 0.89, loss 0.2532
[2023-05-25 20:00:57,816][__main__][INFO] - Test accuracy - 0.8059709103442334
[2023-05-25 20:00:57,882][__main__][INFO] - Iteration 0, epoch 303, train accuracy 0.89, loss 0.2545
[2023-05-25 20:01:00,706][__main__][INFO] - Test accuracy - 0.8058769290422645
[2023-05-25 20:01:00,796][__main__][INFO] - Iteration 0, epoch 304, train accuracy 0.88, loss 0.2675
[2023-05-25 20:01:03,572][__main__][INFO] - Test accuracy - 0.8074372388091853
[2023-05-25 20:01:03,631][__main__][INFO] - Iteration 0, epoch 305, train accuracy 0.88, loss 0.2728
[2023-05-25 20:01:06,492][__main__][INFO] - Test accuracy - 0.8063081965447417
[2023-05-25 20:01:06,590][__main__][INFO] - Iteration 0, epoch 306, train accuracy 0.89, loss 0.2512
[2023-05-25 20:01:09,495][__main__][INFO] - Test accuracy - 0.7973404011029254
[2023-05-25 20:01:09,563][__main__][INFO] - Iteration 0, epoch 307, train accuracy 0.89, loss 0.2633
[2023-05-25 20:01:12,517][__main__][INFO] - Test accuracy - 0.8017156865279393
[2023-05-25 20:01:12,584][__main__][INFO] - Iteration 0, epoch 308, train accuracy 0.89, loss 0.2505
[2023-05-25 20:01:15,357][__main__][INFO] - Test accuracy - 0.8111030912067554
[2023-05-25 20:01:15,410][__main__][INFO] - Iteration 0, epoch 309, train accuracy 0.88, loss 0.2554
[2023-05-25 20:01:18,220][__main__][INFO] - Test accuracy - 0.8097412455301365
[2023-05-25 20:01:18,285][__main__][INFO] - Iteration 0, epoch 310, train accuracy 0.89, loss 0.2541
[2023-05-25 20:01:21,249][__main__][INFO] - Test accuracy - 0.8105773340226617
[2023-05-25 20:01:21,328][__main__][INFO] - Iteration 0, epoch 311, train accuracy 0.90, loss 0.2425
[2023-05-25 20:01:24,187][__main__][INFO] - Test accuracy - 0.8055433759855241
[2023-05-25 20:01:24,250][__main__][INFO] - Iteration 0, epoch 312, train accuracy 0.89, loss 0.2551
[2023-05-25 20:01:27,005][__main__][INFO] - Test accuracy - 0.8063094718021628
[2023-05-25 20:01:27,098][__main__][INFO] - Iteration 0, epoch 313, train accuracy 0.89, loss 0.2598
[2023-05-25 20:01:29,951][__main__][INFO] - Test accuracy - 0.7963078777303864
[2023-05-25 20:01:30,018][__main__][INFO] - Iteration 0, epoch 314, train accuracy 0.89, loss 0.2438
[2023-05-25 20:01:32,886][__main__][INFO] - Test accuracy - 0.7978914221705226
[2023-05-25 20:01:32,981][__main__][INFO] - Iteration 0, epoch 315, train accuracy 0.89, loss 0.2521
[2023-05-25 20:01:35,803][__main__][INFO] - Test accuracy - 0.8039460772909397
[2023-05-25 20:01:35,869][__main__][INFO] - Iteration 0, epoch 316, train accuracy 0.89, loss 0.2528
[2023-05-25 20:01:38,681][__main__][INFO] - Test accuracy - 0.8117741609581663
[2023-05-25 20:01:38,772][__main__][INFO] - Iteration 0, epoch 317, train accuracy 0.89, loss 0.2449
[2023-05-25 20:01:41,516][__main__][INFO] - Test accuracy - 0.8096619189177545
[2023-05-25 20:01:41,575][__main__][INFO] - Iteration 0, epoch 318, train accuracy 0.90, loss 0.2395
[2023-05-25 20:01:44,356][__main__][INFO] - Test accuracy - 0.8056663004609883
[2023-05-25 20:01:44,449][__main__][INFO] - Iteration 0, epoch 319, train accuracy 0.89, loss 0.2481
[2023-05-25 20:01:47,310][__main__][INFO] - Test accuracy - 0.8107679914695618
[2023-05-25 20:01:47,368][__main__][INFO] - Iteration 0, epoch 320, train accuracy 0.88, loss 0.2646
[2023-05-25 20:01:50,181][__main__][INFO] - Test accuracy - 0.7869148593339366
[2023-05-25 20:01:50,241][__main__][INFO] - Iteration 0, epoch 321, train accuracy 0.89, loss 0.2483
[2023-05-25 20:01:53,108][__main__][INFO] - Test accuracy - 0.8089946167765284
[2023-05-25 20:01:53,174][__main__][INFO] - Iteration 0, epoch 322, train accuracy 0.89, loss 0.2505
[2023-05-25 20:01:56,008][__main__][INFO] - Test accuracy - 0.8136520055146267
[2023-05-25 20:01:56,081][__main__][INFO] - Iteration 0, epoch 323, train accuracy 0.89, loss 0.2443
[2023-05-25 20:01:59,071][__main__][INFO] - Test accuracy - 0.8008983693076559
[2023-05-25 20:01:59,138][__main__][INFO] - Iteration 0, epoch 324, train accuracy 0.89, loss 0.2554
[2023-05-25 20:02:02,086][__main__][INFO] - Test accuracy - 0.808355704191978
[2023-05-25 20:02:02,153][__main__][INFO] - Iteration 0, epoch 325, train accuracy 0.90, loss 0.2440
[2023-05-25 20:02:04,995][__main__][INFO] - Test accuracy - 0.7982971177458964
[2023-05-25 20:02:05,090][__main__][INFO] - Iteration 0, epoch 326, train accuracy 0.89, loss 0.2398
[2023-05-25 20:02:07,919][__main__][INFO] - Test accuracy - 0.8098900155098876
[2023-05-25 20:02:07,981][__main__][INFO] - Iteration 0, epoch 327, train accuracy 0.89, loss 0.2471
[2023-05-25 20:02:10,845][__main__][INFO] - Test accuracy - 0.8085340549739348
[2023-05-25 20:02:10,956][__main__][INFO] - Iteration 0, epoch 328, train accuracy 0.88, loss 0.2627
[2023-05-25 20:02:13,921][__main__][INFO] - Test accuracy - 0.8026645879109043
[2023-05-25 20:02:13,997][__main__][INFO] - Iteration 0, epoch 329, train accuracy 0.89, loss 0.2552
[2023-05-25 20:02:16,860][__main__][INFO] - Test accuracy - 0.8047548489940115
[2023-05-25 20:02:16,951][__main__][INFO] - Iteration 0, epoch 330, train accuracy 0.88, loss 0.2691
[2023-05-25 20:02:19,741][__main__][INFO] - Test accuracy - 0.8091126211709965
[2023-05-25 20:02:19,803][__main__][INFO] - Iteration 0, epoch 331, train accuracy 0.89, loss 0.2535
[2023-05-25 20:02:22,631][__main__][INFO] - Test accuracy - 0.8065470746628755
[2023-05-25 20:02:22,692][__main__][INFO] - Iteration 0, epoch 332, train accuracy 0.89, loss 0.2428
[2023-05-25 20:02:25,545][__main__][INFO] - Test accuracy - 0.8020454288914739
[2023-05-25 20:02:25,609][__main__][INFO] - Iteration 0, epoch 333, train accuracy 0.89, loss 0.2447
[2023-05-25 20:02:28,424][__main__][INFO] - Test accuracy - 0.8117208134074363
[2023-05-25 20:02:28,492][__main__][INFO] - Iteration 0, epoch 334, train accuracy 0.88, loss 0.2578
[2023-05-25 20:02:31,334][__main__][INFO] - Test accuracy - 0.8070882254103657
[2023-05-25 20:02:31,410][__main__][INFO] - Iteration 0, epoch 335, train accuracy 0.89, loss 0.2469
[2023-05-25 20:02:34,200][__main__][INFO] - Test accuracy - 0.8103398065572358
[2023-05-25 20:02:34,263][__main__][INFO] - Iteration 0, epoch 336, train accuracy 0.89, loss 0.2485
[2023-05-25 20:02:37,201][__main__][INFO] - Test accuracy - 0.8090854487096635
[2023-05-25 20:02:37,301][__main__][INFO] - Iteration 0, epoch 337, train accuracy 0.89, loss 0.2419
[2023-05-25 20:02:40,119][__main__][INFO] - Test accuracy - 0.8008391473870149
[2023-05-25 20:02:40,185][__main__][INFO] - Iteration 0, epoch 338, train accuracy 0.89, loss 0.2392
[2023-05-25 20:02:43,170][__main__][INFO] - Test accuracy - 0.80730860367929
[2023-05-25 20:02:43,265][__main__][INFO] - Iteration 0, epoch 339, train accuracy 0.90, loss 0.2447
[2023-05-25 20:02:46,066][__main__][INFO] - Test accuracy - 0.8023069794493991
[2023-05-25 20:02:46,132][__main__][INFO] - Iteration 0, epoch 340, train accuracy 0.89, loss 0.2423
[2023-05-25 20:02:49,042][__main__][INFO] - Test accuracy - 0.7875771896945413
[2023-05-25 20:02:49,135][__main__][INFO] - Iteration 0, epoch 341, train accuracy 0.90, loss 0.2369
[2023-05-25 20:02:51,955][__main__][INFO] - Test accuracy - 0.8019816595579682
[2023-05-25 20:02:52,014][__main__][INFO] - Iteration 0, epoch 342, train accuracy 0.89, loss 0.2464
[2023-05-25 20:02:54,822][__main__][INFO] - Test accuracy - 0.8122999633794321
[2023-05-25 20:02:54,929][__main__][INFO] - Iteration 0, epoch 343, train accuracy 0.90, loss 0.2313
[2023-05-25 20:02:57,774][__main__][INFO] - Test accuracy - 0.8057575718409374
[2023-05-25 20:02:57,835][__main__][INFO] - Iteration 0, epoch 344, train accuracy 0.89, loss 0.2454
[2023-05-25 20:03:00,661][__main__][INFO] - Test accuracy - 0.7869228857007453
[2023-05-25 20:03:00,739][__main__][INFO] - Iteration 0, epoch 345, train accuracy 0.89, loss 0.2431
[2023-05-25 20:03:03,546][__main__][INFO] - Test accuracy - 0.806017035026496
[2023-05-25 20:03:03,627][__main__][INFO] - Iteration 0, epoch 346, train accuracy 0.90, loss 0.2374
[2023-05-25 20:03:06,331][__main__][INFO] - Test accuracy - 0.7941798909999569
[2023-05-25 20:03:06,385][__main__][INFO] - Iteration 0, epoch 347, train accuracy 0.90, loss 0.2444
[2023-05-25 20:03:09,237][__main__][INFO] - Test accuracy - 0.8041534207918659
[2023-05-25 20:03:09,300][__main__][INFO] - Iteration 0, epoch 348, train accuracy 0.90, loss 0.2399
[2023-05-25 20:03:12,313][__main__][INFO] - Test accuracy - 0.8001564409116367
[2023-05-25 20:03:12,399][__main__][INFO] - Iteration 0, epoch 349, train accuracy 0.90, loss 0.2430
[2023-05-25 20:03:15,096][__main__][INFO] - Test accuracy - 0.8128935397010039
[2023-05-25 20:03:15,180][__main__][INFO] - Iteration 0, epoch 350, train accuracy 0.89, loss 0.2479
[2023-05-25 20:03:17,933][__main__][INFO] - Test accuracy - 0.8032732949894447
[2023-05-25 20:03:17,995][__main__][INFO] - Iteration 0, epoch 351, train accuracy 0.89, loss 0.2564
[2023-05-25 20:03:20,896][__main__][INFO] - Test accuracy - 0.8047876330188273
[2023-05-25 20:03:20,994][__main__][INFO] - Iteration 0, epoch 352, train accuracy 0.90, loss 0.2399
[2023-05-25 20:03:23,801][__main__][INFO] - Test accuracy - 0.7973501055534015
[2023-05-25 20:03:23,875][__main__][INFO] - Iteration 0, epoch 353, train accuracy 0.90, loss 0.2447
[2023-05-25 20:03:26,673][__main__][INFO] - Test accuracy - 0.8114258627374952
[2023-05-25 20:03:26,762][__main__][INFO] - Iteration 0, epoch 354, train accuracy 0.89, loss 0.2418
[2023-05-25 20:03:29,596][__main__][INFO] - Test accuracy - 0.805581340743613
[2023-05-25 20:03:29,664][__main__][INFO] - Iteration 0, epoch 355, train accuracy 0.89, loss 0.2461
[2023-05-25 20:03:32,585][__main__][INFO] - Test accuracy - 0.8113095148851837
[2023-05-25 20:03:32,684][__main__][INFO] - Iteration 0, epoch 356, train accuracy 0.90, loss 0.2344
[2023-05-25 20:03:35,484][__main__][INFO] - Test accuracy - 0.8078874908448579
[2023-05-25 20:03:35,542][__main__][INFO] - Iteration 0, epoch 357, train accuracy 0.90, loss 0.2361
[2023-05-25 20:03:38,514][__main__][INFO] - Test accuracy - 0.8039455258282711
[2023-05-25 20:03:38,584][__main__][INFO] - Iteration 0, epoch 358, train accuracy 0.90, loss 0.2365
[2023-05-25 20:03:41,346][__main__][INFO] - Test accuracy - 0.8047069449829822
[2023-05-25 20:03:41,409][__main__][INFO] - Iteration 0, epoch 359, train accuracy 0.90, loss 0.2372
[2023-05-25 20:03:44,265][__main__][INFO] - Test accuracy - 0.8089728663133858
[2023-05-25 20:03:44,330][__main__][INFO] - Iteration 0, epoch 360, train accuracy 0.89, loss 0.2432
[2023-05-25 20:03:47,213][__main__][INFO] - Test accuracy - 0.8069533453965793
[2023-05-25 20:03:47,302][__main__][INFO] - Iteration 0, epoch 361, train accuracy 0.89, loss 0.2448
[2023-05-25 20:03:50,110][__main__][INFO] - Test accuracy - 0.8099957800180949
[2023-05-25 20:03:50,177][__main__][INFO] - Iteration 0, epoch 362, train accuracy 0.90, loss 0.2295
[2023-05-25 20:03:52,981][__main__][INFO] - Test accuracy - 0.8030257959588126
[2023-05-25 20:03:53,074][__main__][INFO] - Iteration 0, epoch 363, train accuracy 0.89, loss 0.2450
[2023-05-25 20:03:55,901][__main__][INFO] - Test accuracy - 0.801888675627935
[2023-05-25 20:03:55,960][__main__][INFO] - Iteration 0, epoch 364, train accuracy 0.89, loss 0.2467
[2023-05-25 20:03:58,774][__main__][INFO] - Test accuracy - 0.8000891904700358
[2023-05-25 20:03:58,877][__main__][INFO] - Iteration 0, epoch 365, train accuracy 0.90, loss 0.2447
[2023-05-25 20:04:01,809][__main__][INFO] - Test accuracy - 0.807617343070096
[2023-05-25 20:04:01,877][__main__][INFO] - Iteration 0, epoch 366, train accuracy 0.90, loss 0.2322
[2023-05-25 20:04:04,792][__main__][INFO] - Test accuracy - 0.8066482723708588
[2023-05-25 20:04:04,883][__main__][INFO] - Iteration 0, epoch 367, train accuracy 0.90, loss 0.2333
[2023-05-25 20:04:07,721][__main__][INFO] - Test accuracy - 0.8096057601999052
[2023-05-25 20:04:07,784][__main__][INFO] - Iteration 0, epoch 368, train accuracy 0.90, loss 0.2333
[2023-05-25 20:04:10,632][__main__][INFO] - Test accuracy - 0.8112154323381155
[2023-05-25 20:04:10,718][__main__][INFO] - Iteration 0, epoch 369, train accuracy 0.90, loss 0.2355
[2023-05-25 20:04:13,671][__main__][INFO] - Test accuracy - 0.7872483025289733
[2023-05-25 20:04:13,744][__main__][INFO] - Iteration 0, epoch 370, train accuracy 0.89, loss 0.2496
[2023-05-25 20:04:16,533][__main__][INFO] - Test accuracy - 0.8046360841842229
[2023-05-25 20:04:16,587][__main__][INFO] - Iteration 0, epoch 371, train accuracy 0.89, loss 0.2398
[2023-05-25 20:04:19,514][__main__][INFO] - Test accuracy - 0.8017664964887338
[2023-05-25 20:04:19,573][__main__][INFO] - Iteration 0, epoch 372, train accuracy 0.89, loss 0.2412
[2023-05-25 20:04:22,520][__main__][INFO] - Test accuracy - 0.8046819568308129
[2023-05-25 20:04:22,592][__main__][INFO] - Iteration 0, epoch 373, train accuracy 0.89, loss 0.2411
[2023-05-25 20:04:25,351][__main__][INFO] - Test accuracy - 0.8122136767050105
[2023-05-25 20:04:25,439][__main__][INFO] - Iteration 0, epoch 374, train accuracy 0.90, loss 0.2324
[2023-05-25 20:04:28,157][__main__][INFO] - Test accuracy - 0.8100585045883417
[2023-05-25 20:04:28,216][__main__][INFO] - Iteration 0, epoch 375, train accuracy 0.90, loss 0.2337
[2023-05-25 20:04:31,138][__main__][INFO] - Test accuracy - 0.7810863125242341
[2023-05-25 20:04:31,237][__main__][INFO] - Iteration 0, epoch 376, train accuracy 0.89, loss 0.2491
[2023-05-25 20:04:34,063][__main__][INFO] - Test accuracy - 0.8013743031321356
[2023-05-25 20:04:34,124][__main__][INFO] - Iteration 0, epoch 377, train accuracy 0.89, loss 0.2404
[2023-05-25 20:04:36,984][__main__][INFO] - Test accuracy - 0.8092955818361983
[2023-05-25 20:04:37,075][__main__][INFO] - Iteration 0, epoch 378, train accuracy 0.89, loss 0.2491
[2023-05-25 20:04:39,895][__main__][INFO] - Test accuracy - 0.8075677157382277
[2023-05-25 20:04:39,956][__main__][INFO] - Iteration 0, epoch 379, train accuracy 0.90, loss 0.2411
[2023-05-25 20:04:42,919][__main__][INFO] - Test accuracy - 0.7892317047951402
[2023-05-25 20:04:43,026][__main__][INFO] - Iteration 0, epoch 380, train accuracy 0.89, loss 0.2478
[2023-05-25 20:04:45,827][__main__][INFO] - Test accuracy - 0.8101480957304728
[2023-05-25 20:04:45,909][__main__][INFO] - Iteration 0, epoch 381, train accuracy 0.90, loss 0.2320
[2023-05-25 20:04:48,652][__main__][INFO] - Test accuracy - 0.8115787945370729
[2023-05-25 20:04:48,713][__main__][INFO] - Iteration 0, epoch 382, train accuracy 0.90, loss 0.2408
[2023-05-25 20:04:51,589][__main__][INFO] - Test accuracy - 0.809911634569816
[2023-05-25 20:04:51,650][__main__][INFO] - Iteration 0, epoch 383, train accuracy 0.90, loss 0.2332
[2023-05-25 20:04:54,504][__main__][INFO] - Test accuracy - 0.8029343824048943
[2023-05-25 20:04:54,572][__main__][INFO] - Iteration 0, epoch 384, train accuracy 0.89, loss 0.2389
[2023-05-25 20:04:57,493][__main__][INFO] - Test accuracy - 0.7966183856792037
[2023-05-25 20:04:57,587][__main__][INFO] - Iteration 0, epoch 385, train accuracy 0.89, loss 0.2416
[2023-05-25 20:05:00,361][__main__][INFO] - Test accuracy - 0.791636566714058
[2023-05-25 20:05:00,413][__main__][INFO] - Iteration 0, epoch 386, train accuracy 0.90, loss 0.2373
[2023-05-25 20:05:03,241][__main__][INFO] - Test accuracy - 0.8066833958037137
[2023-05-25 20:05:03,330][__main__][INFO] - Iteration 0, epoch 387, train accuracy 0.89, loss 0.2478
[2023-05-25 20:05:06,191][__main__][INFO] - Test accuracy - 0.800386786437465
[2023-05-25 20:05:06,295][__main__][INFO] - Iteration 0, epoch 388, train accuracy 0.90, loss 0.2362
[2023-05-25 20:05:09,088][__main__][INFO] - Test accuracy - 0.7978830640644522
[2023-05-25 20:05:09,184][__main__][INFO] - Iteration 0, epoch 389, train accuracy 0.89, loss 0.2462
[2023-05-25 20:05:12,002][__main__][INFO] - Test accuracy - 0.8074478113825341
[2023-05-25 20:05:12,063][__main__][INFO] - Iteration 0, epoch 390, train accuracy 0.90, loss 0.2262
[2023-05-25 20:05:14,936][__main__][INFO] - Test accuracy - 0.8110776743785274
[2023-05-25 20:05:15,035][__main__][INFO] - Iteration 0, epoch 391, train accuracy 0.90, loss 0.2422
[2023-05-25 20:05:17,850][__main__][INFO] - Test accuracy - 0.8045956916979019
[2023-05-25 20:05:17,916][__main__][INFO] - Iteration 0, epoch 392, train accuracy 0.90, loss 0.2303
[2023-05-25 20:05:20,739][__main__][INFO] - Test accuracy - 0.8040532226099694
[2023-05-25 20:05:20,800][__main__][INFO] - Iteration 0, epoch 393, train accuracy 0.90, loss 0.2282
[2023-05-25 20:05:23,675][__main__][INFO] - Test accuracy - 0.8052889276636077
[2023-05-25 20:05:23,735][__main__][INFO] - Iteration 0, epoch 394, train accuracy 0.90, loss 0.2303
[2023-05-25 20:05:26,588][__main__][INFO] - Test accuracy - 0.8027096807548145
[2023-05-25 20:05:26,657][__main__][INFO] - Iteration 0, epoch 395, train accuracy 0.89, loss 0.2596
[2023-05-25 20:05:29,686][__main__][INFO] - Test accuracy - 0.8120871504889924
[2023-05-25 20:05:29,766][__main__][INFO] - Iteration 0, epoch 396, train accuracy 0.90, loss 0.2402
[2023-05-25 20:05:32,469][__main__][INFO] - Test accuracy - 0.8058157296109604
[2023-05-25 20:05:32,524][__main__][INFO] - Iteration 0, epoch 397, train accuracy 0.90, loss 0.2354
[2023-05-25 20:05:35,296][__main__][INFO] - Test accuracy - 0.7910081405368143
[2023-05-25 20:05:35,394][__main__][INFO] - Iteration 0, epoch 398, train accuracy 0.89, loss 0.2409
[2023-05-25 20:05:38,223][__main__][INFO] - Test accuracy - 0.8092246779544182
[2023-05-25 20:05:38,292][__main__][INFO] - Iteration 0, epoch 399, train accuracy 0.88, loss 0.2603
[2023-05-25 20:05:41,199][__main__][INFO] - Test accuracy - 0.8073023889535134
[2023-05-25 20:05:41,317][__main__][INFO] - Iteration 0, epoch 400, train accuracy 0.90, loss 0.2320
[2023-05-25 20:05:44,212][__main__][INFO] - Test accuracy - 0.8049202188617466
[2023-05-25 20:05:44,286][__main__][INFO] - Iteration 0, epoch 401, train accuracy 0.90, loss 0.2349
[2023-05-25 20:05:47,156][__main__][INFO] - Test accuracy - 0.7885404528025506
[2023-05-25 20:05:47,250][__main__][INFO] - Iteration 0, epoch 402, train accuracy 0.90, loss 0.2379
[2023-05-25 20:05:50,048][__main__][INFO] - Test accuracy - 0.8106826375425444
[2023-05-25 20:05:50,116][__main__][INFO] - Iteration 0, epoch 403, train accuracy 0.90, loss 0.2355
[2023-05-25 20:05:52,985][__main__][INFO] - Test accuracy - 0.7880981280427384
[2023-05-25 20:05:53,083][__main__][INFO] - Iteration 0, epoch 404, train accuracy 0.90, loss 0.2361
[2023-05-25 20:05:55,935][__main__][INFO] - Test accuracy - 0.8099746994959287
[2023-05-25 20:05:55,997][__main__][INFO] - Iteration 0, epoch 405, train accuracy 0.90, loss 0.2404
[2023-05-25 20:05:58,807][__main__][INFO] - Test accuracy - 0.808661985696437
[2023-05-25 20:05:58,874][__main__][INFO] - Iteration 0, epoch 406, train accuracy 0.89, loss 0.2420
[2023-05-25 20:06:01,734][__main__][INFO] - Test accuracy - 0.801917254749903
[2023-05-25 20:06:01,804][__main__][INFO] - Iteration 0, epoch 407, train accuracy 0.90, loss 0.2279
[2023-05-25 20:06:04,585][__main__][INFO] - Test accuracy - 0.8112680237818277
[2023-05-25 20:06:04,657][__main__][INFO] - Iteration 0, epoch 408, train accuracy 0.89, loss 0.2470
[2023-05-25 20:06:07,529][__main__][INFO] - Test accuracy - 0.8046380401533756
[2023-05-25 20:06:07,612][__main__][INFO] - Iteration 0, epoch 409, train accuracy 0.89, loss 0.2450
[2023-05-25 20:06:10,485][__main__][INFO] - Test accuracy - 0.8051078454181207
[2023-05-25 20:06:10,556][__main__][INFO] - Iteration 0, epoch 410, train accuracy 0.90, loss 0.2275
[2023-05-25 20:06:13,432][__main__][INFO] - Test accuracy - 0.8034289367110421
[2023-05-25 20:06:13,539][__main__][INFO] - Iteration 0, epoch 411, train accuracy 0.90, loss 0.2356
[2023-05-25 20:06:16,364][__main__][INFO] - Test accuracy - 0.8092958338718711
[2023-05-25 20:06:16,430][__main__][INFO] - Iteration 0, epoch 412, train accuracy 0.90, loss 0.2272
[2023-05-25 20:06:19,369][__main__][INFO] - Test accuracy - 0.8035797595967429
[2023-05-25 20:06:19,466][__main__][INFO] - Iteration 0, epoch 413, train accuracy 0.90, loss 0.2376
[2023-05-25 20:06:22,384][__main__][INFO] - Test accuracy - 0.802594384128215
[2023-05-25 20:06:22,451][__main__][INFO] - Iteration 0, epoch 414, train accuracy 0.91, loss 0.2245
[2023-05-25 20:06:25,445][__main__][INFO] - Test accuracy - 0.8057878742837448
[2023-05-25 20:06:25,542][__main__][INFO] - Iteration 0, epoch 415, train accuracy 0.90, loss 0.2319
[2023-05-25 20:06:28,452][__main__][INFO] - Test accuracy - 0.8091536297445178
[2023-05-25 20:06:28,518][__main__][INFO] - Iteration 0, epoch 416, train accuracy 0.90, loss 0.2335
[2023-05-25 20:06:31,384][__main__][INFO] - Test accuracy - 0.799873743052863
[2023-05-25 20:06:31,443][__main__][INFO] - Iteration 0, epoch 417, train accuracy 0.89, loss 0.2443
[2023-05-25 20:06:34,311][__main__][INFO] - Test accuracy - 0.801653377708845
[2023-05-25 20:06:34,396][__main__][INFO] - Iteration 0, epoch 418, train accuracy 0.90, loss 0.2293
[2023-05-25 20:06:37,245][__main__][INFO] - Test accuracy - 0.8052412563008918
[2023-05-25 20:06:37,305][__main__][INFO] - Iteration 0, epoch 419, train accuracy 0.90, loss 0.2369
[2023-05-25 20:06:40,100][__main__][INFO] - Test accuracy - 0.8052692322605661
[2023-05-25 20:06:40,165][__main__][INFO] - Iteration 0, epoch 420, train accuracy 0.89, loss 0.2402
[2023-05-25 20:06:43,048][__main__][INFO] - Test accuracy - 0.8056420684158373
[2023-05-25 20:06:43,111][__main__][INFO] - Iteration 0, epoch 421, train accuracy 0.90, loss 0.2329
[2023-05-25 20:06:45,983][__main__][INFO] - Test accuracy - 0.7871317457240101
[2023-05-25 20:06:46,083][__main__][INFO] - Iteration 0, epoch 422, train accuracy 0.89, loss 0.2490
[2023-05-25 20:06:48,986][__main__][INFO] - Test accuracy - 0.7967635431476455
[2023-05-25 20:06:49,051][__main__][INFO] - Iteration 0, epoch 423, train accuracy 0.90, loss 0.2345
[2023-05-25 20:06:51,966][__main__][INFO] - Test accuracy - 0.7970381801731938
[2023-05-25 20:06:52,079][__main__][INFO] - Iteration 0, epoch 424, train accuracy 0.90, loss 0.2312
[2023-05-25 20:06:54,886][__main__][INFO] - Test accuracy - 0.8094014454353541
[2023-05-25 20:06:54,955][__main__][INFO] - Iteration 0, epoch 425, train accuracy 0.90, loss 0.2300
[2023-05-25 20:06:57,756][__main__][INFO] - Test accuracy - 0.8083597238378355
[2023-05-25 20:06:57,865][__main__][INFO] - Iteration 0, epoch 426, train accuracy 0.90, loss 0.2381
[2023-05-25 20:07:00,705][__main__][INFO] - Test accuracy - 0.8002931110249452
[2023-05-25 20:07:00,765][__main__][INFO] - Iteration 0, epoch 427, train accuracy 0.91, loss 0.2201
[2023-05-25 20:07:03,555][__main__][INFO] - Test accuracy - 0.8106458575675326
[2023-05-25 20:07:03,646][__main__][INFO] - Iteration 0, epoch 428, train accuracy 0.90, loss 0.2307
[2023-05-25 20:07:06,420][__main__][INFO] - Test accuracy - 0.8010510813838265
[2023-05-25 20:07:06,484][__main__][INFO] - Iteration 0, epoch 429, train accuracy 0.90, loss 0.2411
[2023-05-25 20:07:09,317][__main__][INFO] - Test accuracy - 0.7900972276075998
[2023-05-25 20:07:09,392][__main__][INFO] - Iteration 0, epoch 430, train accuracy 0.90, loss 0.2391
[2023-05-25 20:07:12,278][__main__][INFO] - Test accuracy - 0.8039302098143122
[2023-05-25 20:07:12,345][__main__][INFO] - Iteration 0, epoch 431, train accuracy 0.90, loss 0.2345
[2023-05-25 20:07:15,141][__main__][INFO] - Test accuracy - 0.8010628839774245
[2023-05-25 20:07:15,223][__main__][INFO] - Iteration 0, epoch 432, train accuracy 0.90, loss 0.2446
[2023-05-25 20:07:18,132][__main__][INFO] - Test accuracy - 0.7940551656542157
[2023-05-25 20:07:18,213][__main__][INFO] - Iteration 0, epoch 433, train accuracy 0.90, loss 0.2364
[2023-05-25 20:07:21,052][__main__][INFO] - Test accuracy - 0.7968822648744129
[2023-05-25 20:07:21,127][__main__][INFO] - Iteration 0, epoch 434, train accuracy 0.90, loss 0.2304
[2023-05-25 20:07:23,936][__main__][INFO] - Test accuracy - 0.8040736116496489
[2023-05-25 20:07:24,036][__main__][INFO] - Iteration 0, epoch 435, train accuracy 0.90, loss 0.2252
[2023-05-25 20:07:26,859][__main__][INFO] - Test accuracy - 0.8044399379604499
[2023-05-25 20:07:26,929][__main__][INFO] - Iteration 0, epoch 436, train accuracy 0.90, loss 0.2303
[2023-05-25 20:07:29,780][__main__][INFO] - Test accuracy - 0.7983688789797942
[2023-05-25 20:07:29,874][__main__][INFO] - Iteration 0, epoch 437, train accuracy 0.90, loss 0.2331
[2023-05-25 20:07:33,060][__main__][INFO] - Test accuracy - 0.8027803541424325
[2023-05-25 20:07:33,140][__main__][INFO] - Iteration 0, epoch 438, train accuracy 0.90, loss 0.2315
[2023-05-25 20:07:35,942][__main__][INFO] - Test accuracy - 0.7938430442462625
[2023-05-25 20:07:36,038][__main__][INFO] - Iteration 0, epoch 439, train accuracy 0.90, loss 0.2351
[2023-05-25 20:07:38,884][__main__][INFO] - Test accuracy - 0.8060071323941234
[2023-05-25 20:07:38,958][__main__][INFO] - Iteration 0, epoch 440, train accuracy 0.90, loss 0.2346
[2023-05-25 20:07:41,785][__main__][INFO] - Test accuracy - 0.799247854465555
[2023-05-25 20:07:41,861][__main__][INFO] - Iteration 0, epoch 441, train accuracy 0.89, loss 0.2399
[2023-05-25 20:07:44,675][__main__][INFO] - Test accuracy - 0.8044351945198397
[2023-05-25 20:07:44,744][__main__][INFO] - Iteration 0, epoch 442, train accuracy 0.90, loss 0.2255
[2023-05-25 20:07:47,540][__main__][INFO] - Test accuracy - 0.8066830877601139
[2023-05-25 20:07:47,610][__main__][INFO] - Iteration 0, epoch 443, train accuracy 0.90, loss 0.2326
[2023-05-25 20:07:50,587][__main__][INFO] - Test accuracy - 0.8076208780319676
[2023-05-25 20:07:50,653][__main__][INFO] - Iteration 0, epoch 444, train accuracy 0.90, loss 0.2279
[2023-05-25 20:07:53,619][__main__][INFO] - Test accuracy - 0.7998994894662014
[2023-05-25 20:07:53,699][__main__][INFO] - Iteration 0, epoch 445, train accuracy 0.90, loss 0.2180
[2023-05-25 20:07:56,449][__main__][INFO] - Test accuracy - 0.8097979427857481
[2023-05-25 20:07:56,542][__main__][INFO] - Iteration 0, epoch 446, train accuracy 0.90, loss 0.2262
[2023-05-25 20:07:59,280][__main__][INFO] - Test accuracy - 0.8063051678083668
[2023-05-25 20:07:59,344][__main__][INFO] - Iteration 0, epoch 447, train accuracy 0.90, loss 0.2310
[2023-05-25 20:08:02,217][__main__][INFO] - Test accuracy - 0.7979688897505492
[2023-05-25 20:08:02,331][__main__][INFO] - Iteration 0, epoch 448, train accuracy 0.90, loss 0.2310
[2023-05-25 20:08:05,054][__main__][INFO] - Test accuracy - 0.8086401576838569
[2023-05-25 20:08:05,116][__main__][INFO] - Iteration 0, epoch 449, train accuracy 0.91, loss 0.2190
[2023-05-25 20:08:07,950][__main__][INFO] - Test accuracy - 0.8099924863211408
[2023-05-25 20:08:08,046][__main__][INFO] - Iteration 0, epoch 450, train accuracy 0.90, loss 0.2249
[2023-05-25 20:08:10,889][__main__][INFO] - Test accuracy - 0.8006279264142002
[2023-05-25 20:08:10,959][__main__][INFO] - Iteration 0, epoch 451, train accuracy 0.90, loss 0.2284
[2023-05-25 20:08:13,901][__main__][INFO] - Test accuracy - 0.808638324501314
[2023-05-25 20:08:14,017][__main__][INFO] - Iteration 0, epoch 452, train accuracy 0.90, loss 0.2403
[2023-05-25 20:08:16,842][__main__][INFO] - Test accuracy - 0.805511940459265
[2023-05-25 20:08:16,922][__main__][INFO] - Iteration 0, epoch 453, train accuracy 0.90, loss 0.2230
[2023-05-25 20:08:20,018][__main__][INFO] - Test accuracy - 0.8093839881952523
[2023-05-25 20:08:20,084][__main__][INFO] - Iteration 0, epoch 454, train accuracy 0.90, loss 0.2256
[2023-05-25 20:08:23,128][__main__][INFO] - Test accuracy - 0.7991637090172764
[2023-05-25 20:08:23,188][__main__][INFO] - Iteration 0, epoch 455, train accuracy 0.90, loss 0.2315
[2023-05-25 20:08:26,068][__main__][INFO] - Test accuracy - 0.7941510835379777
[2023-05-25 20:08:26,149][__main__][INFO] - Iteration 0, epoch 456, train accuracy 0.90, loss 0.2335
[2023-05-25 20:08:29,168][__main__][INFO] - Test accuracy - 0.8069866442634958
[2023-05-25 20:08:29,246][__main__][INFO] - Iteration 0, epoch 457, train accuracy 0.90, loss 0.2279
[2023-05-25 20:08:32,227][__main__][INFO] - Test accuracy - 0.8021875662401449
[2023-05-25 20:08:32,315][__main__][INFO] - Iteration 0, epoch 458, train accuracy 0.90, loss 0.2369
[2023-05-25 20:08:35,273][__main__][INFO] - Test accuracy - 0.8036170694929129
[2023-05-25 20:08:35,370][__main__][INFO] - Iteration 0, epoch 459, train accuracy 0.90, loss 0.2375
[2023-05-25 20:08:38,219][__main__][INFO] - Test accuracy - 0.8035997436560252
[2023-05-25 20:08:38,289][__main__][INFO] - Iteration 0, epoch 460, train accuracy 0.90, loss 0.2302
[2023-05-25 20:08:41,155][__main__][INFO] - Test accuracy - 0.8015157511524708
[2023-05-25 20:08:41,243][__main__][INFO] - Iteration 0, epoch 461, train accuracy 0.90, loss 0.2322
[2023-05-25 20:08:44,118][__main__][INFO] - Test accuracy - 0.8049064732239023
[2023-05-25 20:08:44,186][__main__][INFO] - Iteration 0, epoch 462, train accuracy 0.90, loss 0.2351
[2023-05-25 20:08:47,072][__main__][INFO] - Test accuracy - 0.8045454935160055
[2023-05-25 20:08:47,166][__main__][INFO] - Iteration 0, epoch 463, train accuracy 0.90, loss 0.2304
[2023-05-25 20:08:50,025][__main__][INFO] - Test accuracy - 0.8104837900133557
[2023-05-25 20:08:50,099][__main__][INFO] - Iteration 0, epoch 464, train accuracy 0.90, loss 0.2282
[2023-05-25 20:08:53,074][__main__][INFO] - Test accuracy - 0.7994997975098015
[2023-05-25 20:08:53,147][__main__][INFO] - Iteration 0, epoch 465, train accuracy 0.90, loss 0.2218
[2023-05-25 20:08:56,001][__main__][INFO] - Test accuracy - 0.8072668820817717
[2023-05-25 20:08:56,069][__main__][INFO] - Iteration 0, epoch 466, train accuracy 0.90, loss 0.2212
[2023-05-25 20:08:58,904][__main__][INFO] - Test accuracy - 0.8099907953125673
[2023-05-25 20:08:58,963][__main__][INFO] - Iteration 0, epoch 467, train accuracy 0.90, loss 0.2308
[2023-05-25 20:09:01,780][__main__][INFO] - Test accuracy - 0.7946912541467408
[2023-05-25 20:09:01,841][__main__][INFO] - Iteration 0, epoch 468, train accuracy 0.90, loss 0.2257
[2023-05-25 20:09:04,655][__main__][INFO] - Test accuracy - 0.7933517297832924
[2023-05-25 20:09:04,715][__main__][INFO] - Iteration 0, epoch 469, train accuracy 0.90, loss 0.2209
[2023-05-25 20:09:07,549][__main__][INFO] - Test accuracy - 0.7994702511740124
[2023-05-25 20:09:07,647][__main__][INFO] - Iteration 0, epoch 470, train accuracy 0.90, loss 0.2268
[2023-05-25 20:09:10,516][__main__][INFO] - Test accuracy - 0.8055507970358882
[2023-05-25 20:09:10,586][__main__][INFO] - Iteration 0, epoch 471, train accuracy 0.90, loss 0.2393
[2023-05-25 20:09:13,567][__main__][INFO] - Test accuracy - 0.8096489530825901
[2023-05-25 20:09:13,676][__main__][INFO] - Iteration 0, epoch 472, train accuracy 0.90, loss 0.2264
[2023-05-25 20:09:16,553][__main__][INFO] - Test accuracy - 0.798431342897764
[2023-05-25 20:09:16,612][__main__][INFO] - Iteration 0, epoch 473, train accuracy 0.90, loss 0.2251
[2023-05-25 20:09:19,496][__main__][INFO] - Test accuracy - 0.8021101611304986
[2023-05-25 20:09:19,590][__main__][INFO] - Iteration 0, epoch 474, train accuracy 0.90, loss 0.2258
[2023-05-25 20:09:22,418][__main__][INFO] - Test accuracy - 0.8044555943302745
[2023-05-25 20:09:22,484][__main__][INFO] - Iteration 0, epoch 475, train accuracy 0.91, loss 0.2213
[2023-05-25 20:09:25,285][__main__][INFO] - Test accuracy - 0.8089468333979578
[2023-05-25 20:09:25,380][__main__][INFO] - Iteration 0, epoch 476, train accuracy 0.91, loss 0.2183
[2023-05-25 20:09:28,113][__main__][INFO] - Test accuracy - 0.7927160355004093
[2023-05-25 20:09:28,174][__main__][INFO] - Iteration 0, epoch 477, train accuracy 0.90, loss 0.2271
[2023-05-25 20:09:30,967][__main__][INFO] - Test accuracy - 0.7970729847916936
[2023-05-25 20:09:31,035][__main__][INFO] - Iteration 0, epoch 478, train accuracy 0.90, loss 0.2338
[2023-05-25 20:09:33,998][__main__][INFO] - Test accuracy - 0.8072328012580243
[2023-05-25 20:09:34,069][__main__][INFO] - Iteration 0, epoch 479, train accuracy 0.90, loss 0.2322
[2023-05-25 20:09:36,897][__main__][INFO] - Test accuracy - 0.7998858752315712
[2023-05-25 20:09:36,969][__main__][INFO] - Iteration 0, epoch 480, train accuracy 0.90, loss 0.2308
[2023-05-25 20:09:39,905][__main__][INFO] - Test accuracy - 0.8055046615828702
[2023-05-25 20:09:39,974][__main__][INFO] - Iteration 0, epoch 481, train accuracy 0.90, loss 0.2283
[2023-05-25 20:09:42,805][__main__][INFO] - Test accuracy - 0.8053997651975356
[2023-05-25 20:09:42,878][__main__][INFO] - Iteration 0, epoch 482, train accuracy 0.91, loss 0.2242
[2023-05-25 20:09:45,554][__main__][INFO] - Test accuracy - 0.7994069449829823
[2023-05-25 20:09:45,635][__main__][INFO] - Iteration 0, epoch 483, train accuracy 0.90, loss 0.2233
[2023-05-25 20:09:48,489][__main__][INFO] - Test accuracy - 0.7985405088104778
[2023-05-25 20:09:48,550][__main__][INFO] - Iteration 0, epoch 484, train accuracy 0.90, loss 0.2348
[2023-05-25 20:09:51,431][__main__][INFO] - Test accuracy - 0.8034884451337727
[2023-05-25 20:09:51,529][__main__][INFO] - Iteration 0, epoch 485, train accuracy 0.91, loss 0.2192
[2023-05-25 20:09:54,316][__main__][INFO] - Test accuracy - 0.8007380832363966
[2023-05-25 20:09:54,385][__main__][INFO] - Iteration 0, epoch 486, train accuracy 0.91, loss 0.2197
[2023-05-25 20:09:57,204][__main__][INFO] - Test accuracy - 0.8030792662961527
[2023-05-25 20:09:57,300][__main__][INFO] - Iteration 0, epoch 487, train accuracy 0.89, loss 0.2434
[2023-05-25 20:09:59,981][__main__][INFO] - Test accuracy - 0.8027821205462926
[2023-05-25 20:10:00,045][__main__][INFO] - Iteration 0, epoch 488, train accuracy 0.90, loss 0.2357
[2023-05-25 20:10:02,732][__main__][INFO] - Test accuracy - 0.8039870621687993
[2023-05-25 20:10:02,837][__main__][INFO] - Iteration 0, epoch 489, train accuracy 0.90, loss 0.2307
[2023-05-25 20:10:05,719][__main__][INFO] - Test accuracy - 0.8013680668648485
[2023-05-25 20:10:05,800][__main__][INFO] - Iteration 0, epoch 490, train accuracy 0.90, loss 0.2342
[2023-05-25 20:10:08,490][__main__][INFO] - Test accuracy - 0.7788458424884753
[2023-05-25 20:10:08,543][__main__][INFO] - Iteration 0, epoch 491, train accuracy 0.91, loss 0.2237
[2023-05-25 20:10:11,336][__main__][INFO] - Test accuracy - 0.7944937034164837
[2023-05-25 20:10:11,400][__main__][INFO] - Iteration 0, epoch 492, train accuracy 0.90, loss 0.2282
[2023-05-25 20:10:14,191][__main__][INFO] - Test accuracy - 0.8044462840894404
[2023-05-25 20:10:14,270][__main__][INFO] - Iteration 0, epoch 493, train accuracy 0.91, loss 0.2223
[2023-05-25 20:10:17,129][__main__][INFO] - Test accuracy - 0.791929408470122
[2023-05-25 20:10:17,222][__main__][INFO] - Iteration 0, epoch 494, train accuracy 0.91, loss 0.2192
[2023-05-25 20:10:20,106][__main__][INFO] - Test accuracy - 0.7949370944810651
[2023-05-25 20:10:20,167][__main__][INFO] - Iteration 0, epoch 495, train accuracy 0.90, loss 0.2221
[2023-05-25 20:10:23,020][__main__][INFO] - Test accuracy - 0.8065761040024125
[2023-05-25 20:10:23,108][__main__][INFO] - Iteration 0, epoch 496, train accuracy 0.89, loss 0.2391
[2023-05-25 20:10:25,873][__main__][INFO] - Test accuracy - 0.8009284757227176
[2023-05-25 20:10:25,938][__main__][INFO] - Iteration 0, epoch 497, train accuracy 0.90, loss 0.2176
[2023-05-25 20:10:28,760][__main__][INFO] - Test accuracy - 0.8008089978889319
[2023-05-25 20:10:28,857][__main__][INFO] - Iteration 0, epoch 498, train accuracy 0.90, loss 0.2258
[2023-05-25 20:10:31,677][__main__][INFO] - Test accuracy - 0.8016148722588428
[2023-05-25 20:10:31,736][__main__][INFO] - Iteration 0, epoch 499, train accuracy 0.90, loss 0.2281
[2023-05-25 20:10:34,566][__main__][INFO] - Test accuracy - 0.7928668583861102
[2023-05-25 20:10:34,574][__main__][INFO] - Total time 1485.9598 seconds
