[2023-05-27 12:37:19,444][__main__][INFO] - Net(
  (fc1): Linear(in_features=3753, out_features=136, bias=True)
  (fc2): Linear(in_features=136, out_features=136, bias=True)
  (fc3): Linear(in_features=136, out_features=136, bias=True)
  (fc4): Linear(in_features=136, out_features=136, bias=True)
  (fc5): Linear(in_features=136, out_features=136, bias=True)
  (fc6): Linear(in_features=136, out_features=136, bias=True)
  (fc7): Linear(in_features=136, out_features=136, bias=True)
  (fc8): Linear(in_features=136, out_features=1, bias=True)
  (dropout): Dropout(p=0.01, inplace=False)
  (act1): ReLU()
)
[2023-05-27 12:37:20,535][__main__][INFO] - Iteration 0, epoch 0, train accuracy 0.50, loss 0.6932
[2023-05-27 12:37:32,580][__main__][INFO] - Test accuracy - 0.48655
[2023-05-27 12:37:32,871][__main__][INFO] - Iteration 0, epoch 1, train accuracy 0.50, loss 0.6931
[2023-05-27 12:37:44,554][__main__][INFO] - Test accuracy - 0.48655
[2023-05-27 12:37:44,816][__main__][INFO] - Iteration 0, epoch 2, train accuracy 0.50, loss 0.6932
[2023-05-27 12:37:56,469][__main__][INFO] - Test accuracy - 0.5134500000000001
[2023-05-27 12:37:56,755][__main__][INFO] - Iteration 0, epoch 3, train accuracy 0.50, loss 0.6931
[2023-05-27 12:38:08,387][__main__][INFO] - Test accuracy - 0.5134500000000001
[2023-05-27 12:38:08,649][__main__][INFO] - Iteration 0, epoch 4, train accuracy 0.51, loss 0.6931
[2023-05-27 12:38:20,230][__main__][INFO] - Test accuracy - 0.48655
[2023-05-27 12:38:20,518][__main__][INFO] - Iteration 0, epoch 5, train accuracy 0.50, loss 0.6931
[2023-05-27 12:38:32,124][__main__][INFO] - Test accuracy - 0.5134500000000001
[2023-05-27 12:38:32,393][__main__][INFO] - Iteration 0, epoch 6, train accuracy 0.50, loss 0.6932
[2023-05-27 12:38:44,003][__main__][INFO] - Test accuracy - 0.48655
[2023-05-27 12:38:44,258][__main__][INFO] - Iteration 0, epoch 7, train accuracy 0.51, loss 0.6931
[2023-05-27 12:38:55,688][__main__][INFO] - Test accuracy - 0.5134500000000001
[2023-05-27 12:38:55,920][__main__][INFO] - Iteration 0, epoch 8, train accuracy 0.50, loss 0.6931
[2023-05-27 12:39:07,578][__main__][INFO] - Test accuracy - 0.48655
[2023-05-27 12:39:07,843][__main__][INFO] - Iteration 0, epoch 9, train accuracy 0.50, loss 0.6931
[2023-05-27 12:39:19,461][__main__][INFO] - Test accuracy - 0.5134500000000001
[2023-05-27 12:39:19,737][__main__][INFO] - Iteration 0, epoch 10, train accuracy 0.50, loss 0.6932
[2023-05-27 12:39:31,125][__main__][INFO] - Test accuracy - 0.48655
[2023-05-27 12:39:31,396][__main__][INFO] - Iteration 0, epoch 11, train accuracy 0.49, loss 0.6932
[2023-05-27 12:39:43,042][__main__][INFO] - Test accuracy - 0.48655
[2023-05-27 12:39:43,310][__main__][INFO] - Iteration 0, epoch 12, train accuracy 0.50, loss 0.6932
[2023-05-27 12:39:54,867][__main__][INFO] - Test accuracy - 0.48655
[2023-05-27 12:39:55,121][__main__][INFO] - Iteration 0, epoch 13, train accuracy 0.49, loss 0.6932
[2023-05-27 12:40:06,722][__main__][INFO] - Test accuracy - 0.48655
[2023-05-27 12:40:07,003][__main__][INFO] - Iteration 0, epoch 14, train accuracy 0.50, loss 0.6932
[2023-05-27 12:40:18,516][__main__][INFO] - Test accuracy - 0.48655
[2023-05-27 12:40:18,786][__main__][INFO] - Iteration 0, epoch 15, train accuracy 0.50, loss 0.6932
[2023-05-27 12:40:30,432][__main__][INFO] - Test accuracy - 0.48655
[2023-05-27 12:40:30,720][__main__][INFO] - Iteration 0, epoch 16, train accuracy 0.50, loss 0.6932
[2023-05-27 12:40:42,365][__main__][INFO] - Test accuracy - 0.48655
[2023-05-27 12:40:42,632][__main__][INFO] - Iteration 0, epoch 17, train accuracy 0.50, loss 0.6932
[2023-05-27 12:40:54,247][__main__][INFO] - Test accuracy - 0.48655
[2023-05-27 12:40:54,517][__main__][INFO] - Iteration 0, epoch 18, train accuracy 0.50, loss 0.6931
[2023-05-27 12:41:06,273][__main__][INFO] - Test accuracy - 0.48655
[2023-05-27 12:41:06,543][__main__][INFO] - Iteration 0, epoch 19, train accuracy 0.50, loss 0.6932
[2023-05-27 12:41:18,046][__main__][INFO] - Test accuracy - 0.48655
[2023-05-27 12:41:18,303][__main__][INFO] - Iteration 0, epoch 20, train accuracy 0.50, loss 0.6931
[2023-05-27 12:41:29,685][__main__][INFO] - Test accuracy - 0.48655
[2023-05-27 12:41:29,961][__main__][INFO] - Iteration 0, epoch 21, train accuracy 0.50, loss 0.6932
[2023-05-27 12:41:41,771][__main__][INFO] - Test accuracy - 0.48655
[2023-05-27 12:41:42,028][__main__][INFO] - Iteration 0, epoch 22, train accuracy 0.51, loss 0.6931
[2023-05-27 12:41:53,676][__main__][INFO] - Test accuracy - 0.5134500000000001
[2023-05-27 12:41:53,990][__main__][INFO] - Iteration 0, epoch 23, train accuracy 0.49, loss 0.6932
[2023-05-27 12:42:05,696][__main__][INFO] - Test accuracy - 0.5134500000000001
[2023-05-27 12:42:05,938][__main__][INFO] - Iteration 0, epoch 24, train accuracy 0.50, loss 0.6931
[2023-05-27 12:42:17,438][__main__][INFO] - Test accuracy - 0.48655
[2023-05-27 12:42:17,671][__main__][INFO] - Iteration 0, epoch 25, train accuracy 0.49, loss 0.6932
[2023-05-27 12:42:29,269][__main__][INFO] - Test accuracy - 0.5134500000000001
[2023-05-27 12:42:29,529][__main__][INFO] - Iteration 0, epoch 26, train accuracy 0.50, loss 0.6931
[2023-05-27 12:42:41,164][__main__][INFO] - Test accuracy - 0.48655
[2023-05-27 12:42:41,451][__main__][INFO] - Iteration 0, epoch 27, train accuracy 0.50, loss 0.6932
[2023-05-27 12:42:53,087][__main__][INFO] - Test accuracy - 0.5134500000000001
[2023-05-27 12:42:53,349][__main__][INFO] - Iteration 0, epoch 28, train accuracy 0.51, loss 0.6931
[2023-05-27 12:43:04,995][__main__][INFO] - Test accuracy - 0.48655
[2023-05-27 12:43:05,270][__main__][INFO] - Iteration 0, epoch 29, train accuracy 0.50, loss 0.6931
[2023-05-27 12:43:16,968][__main__][INFO] - Test accuracy - 0.48655
[2023-05-27 12:43:17,229][__main__][INFO] - Iteration 0, epoch 30, train accuracy 0.49, loss 0.6932
[2023-05-27 12:43:28,744][__main__][INFO] - Test accuracy - 0.48655
[2023-05-27 12:43:28,983][__main__][INFO] - Iteration 0, epoch 31, train accuracy 0.51, loss 0.6931
[2023-05-27 12:43:39,923][__main__][INFO] - Test accuracy - 0.5134500000000001
[2023-05-27 12:43:40,127][__main__][INFO] - Iteration 0, epoch 32, train accuracy 0.50, loss 0.6931
[2023-05-27 12:43:51,569][__main__][INFO] - Test accuracy - 0.5134500000000001
[2023-05-27 12:43:51,822][__main__][INFO] - Iteration 0, epoch 33, train accuracy 0.49, loss 0.6932
[2023-05-27 12:44:03,358][__main__][INFO] - Test accuracy - 0.5134500000000001
[2023-05-27 12:44:03,618][__main__][INFO] - Iteration 0, epoch 34, train accuracy 0.50, loss 0.6932
[2023-05-27 12:44:15,218][__main__][INFO] - Test accuracy - 0.5134500000000001
[2023-05-27 12:44:15,481][__main__][INFO] - Iteration 0, epoch 35, train accuracy 0.50, loss 0.6931
[2023-05-27 12:44:27,162][__main__][INFO] - Test accuracy - 0.48655
[2023-05-27 12:44:27,442][__main__][INFO] - Iteration 0, epoch 36, train accuracy 0.50, loss 0.6932
[2023-05-27 12:44:39,138][__main__][INFO] - Test accuracy - 0.5134500000000001
[2023-05-27 12:44:39,421][__main__][INFO] - Iteration 0, epoch 37, train accuracy 0.49, loss 0.6932
[2023-05-27 12:44:52,012][__main__][INFO] - Test accuracy - 0.5134500000000001
[2023-05-27 12:44:52,311][__main__][INFO] - Iteration 0, epoch 38, train accuracy 0.50, loss 0.6931
[2023-05-27 12:45:04,568][__main__][INFO] - Test accuracy - 0.48655
[2023-05-27 12:45:04,816][__main__][INFO] - Iteration 0, epoch 39, train accuracy 0.51, loss 0.6931
[2023-05-27 12:45:17,048][__main__][INFO] - Test accuracy - 0.48655
[2023-05-27 12:45:17,345][__main__][INFO] - Iteration 0, epoch 40, train accuracy 0.50, loss 0.6931
[2023-05-27 12:45:29,384][__main__][INFO] - Test accuracy - 0.5134500000000001
[2023-05-27 12:45:29,632][__main__][INFO] - Iteration 0, epoch 41, train accuracy 0.50, loss 0.6931
[2023-05-27 12:45:41,728][__main__][INFO] - Test accuracy - 0.48655
[2023-05-27 12:45:41,991][__main__][INFO] - Iteration 0, epoch 42, train accuracy 0.50, loss 0.6931
[2023-05-27 12:45:54,101][__main__][INFO] - Test accuracy - 0.5134500000000001
[2023-05-27 12:45:54,384][__main__][INFO] - Iteration 0, epoch 43, train accuracy 0.49, loss 0.6932
[2023-05-27 12:46:06,475][__main__][INFO] - Test accuracy - 0.48655
[2023-05-27 12:46:06,740][__main__][INFO] - Iteration 0, epoch 44, train accuracy 0.50, loss 0.6931
[2023-05-27 12:46:18,688][__main__][INFO] - Test accuracy - 0.5134500000000001
[2023-05-27 12:46:18,984][__main__][INFO] - Iteration 0, epoch 45, train accuracy 0.50, loss 0.6931
[2023-05-27 12:46:30,944][__main__][INFO] - Test accuracy - 0.48655
[2023-05-27 12:46:31,199][__main__][INFO] - Iteration 0, epoch 46, train accuracy 0.50, loss 0.6931
[2023-05-27 12:46:43,140][__main__][INFO] - Test accuracy - 0.48655
[2023-05-27 12:46:43,476][__main__][INFO] - Iteration 0, epoch 47, train accuracy 0.49, loss 0.6932
[2023-05-27 12:46:55,384][__main__][INFO] - Test accuracy - 0.48655
[2023-05-27 12:46:55,662][__main__][INFO] - Iteration 0, epoch 48, train accuracy 0.50, loss 0.6932
[2023-05-27 12:47:07,678][__main__][INFO] - Test accuracy - 0.5134500000000001
[2023-05-27 12:47:07,975][__main__][INFO] - Iteration 0, epoch 49, train accuracy 0.49, loss 0.6931
[2023-05-27 12:47:19,944][__main__][INFO] - Test accuracy - 0.5134500000000001
[2023-05-27 12:47:20,220][__main__][INFO] - Iteration 0, epoch 50, train accuracy 0.50, loss 0.6931
[2023-05-27 12:47:32,271][__main__][INFO] - Test accuracy - 0.48655
[2023-05-27 12:47:32,572][__main__][INFO] - Iteration 0, epoch 51, train accuracy 0.50, loss 0.6932
[2023-05-27 12:47:44,457][__main__][INFO] - Test accuracy - 0.5134500000000001
[2023-05-27 12:47:44,724][__main__][INFO] - Iteration 0, epoch 52, train accuracy 0.50, loss 0.6931
[2023-05-27 12:47:56,753][__main__][INFO] - Test accuracy - 0.48655
[2023-05-27 12:47:57,044][__main__][INFO] - Iteration 0, epoch 53, train accuracy 0.50, loss 0.6931
[2023-05-27 12:48:09,036][__main__][INFO] - Test accuracy - 0.5134500000000001
[2023-05-27 12:48:09,304][__main__][INFO] - Iteration 0, epoch 54, train accuracy 0.49, loss 0.6932
[2023-05-27 12:48:21,249][__main__][INFO] - Test accuracy - 0.48655
[2023-05-27 12:48:21,512][__main__][INFO] - Iteration 0, epoch 55, train accuracy 0.50, loss 0.6932
[2023-05-27 12:48:33,482][__main__][INFO] - Test accuracy - 0.5134500000000001
[2023-05-27 12:48:33,746][__main__][INFO] - Iteration 0, epoch 56, train accuracy 0.50, loss 0.6931
[2023-05-27 12:48:45,694][__main__][INFO] - Test accuracy - 0.48655
[2023-05-27 12:48:45,973][__main__][INFO] - Iteration 0, epoch 57, train accuracy 0.50, loss 0.6931
[2023-05-27 12:48:58,163][__main__][INFO] - Test accuracy - 0.5134500000000001
[2023-05-27 12:48:58,435][__main__][INFO] - Iteration 0, epoch 58, train accuracy 0.50, loss 0.6932
[2023-05-27 12:49:10,501][__main__][INFO] - Test accuracy - 0.48655
[2023-05-27 12:49:10,760][__main__][INFO] - Iteration 0, epoch 59, train accuracy 0.50, loss 0.6931
[2023-05-27 12:49:22,562][__main__][INFO] - Test accuracy - 0.48655
[2023-05-27 12:49:22,834][__main__][INFO] - Iteration 0, epoch 60, train accuracy 0.49, loss 0.6932
[2023-05-27 12:49:34,867][__main__][INFO] - Test accuracy - 0.48655
[2023-05-27 12:49:35,127][__main__][INFO] - Iteration 0, epoch 61, train accuracy 0.50, loss 0.6931
[2023-05-27 12:49:47,121][__main__][INFO] - Test accuracy - 0.48655
[2023-05-27 12:49:47,429][__main__][INFO] - Iteration 0, epoch 62, train accuracy 0.50, loss 0.6931
[2023-05-27 12:49:59,594][__main__][INFO] - Test accuracy - 0.48655
[2023-05-27 12:49:59,846][__main__][INFO] - Iteration 0, epoch 63, train accuracy 0.50, loss 0.6931
[2023-05-27 12:50:11,852][__main__][INFO] - Test accuracy - 0.5134500000000001
[2023-05-27 12:50:12,150][__main__][INFO] - Iteration 0, epoch 64, train accuracy 0.50, loss 0.6932
[2023-05-27 12:50:24,229][__main__][INFO] - Test accuracy - 0.5134500000000001
[2023-05-27 12:50:24,506][__main__][INFO] - Iteration 0, epoch 65, train accuracy 0.51, loss 0.6931
[2023-05-27 12:50:36,344][__main__][INFO] - Test accuracy - 0.5134500000000001
[2023-05-27 12:50:36,613][__main__][INFO] - Iteration 0, epoch 66, train accuracy 0.49, loss 0.6932
[2023-05-27 12:50:48,660][__main__][INFO] - Test accuracy - 0.48655
[2023-05-27 12:50:48,910][__main__][INFO] - Iteration 0, epoch 67, train accuracy 0.50, loss 0.6931
[2023-05-27 12:51:01,070][__main__][INFO] - Test accuracy - 0.48655
[2023-05-27 12:51:01,332][__main__][INFO] - Iteration 0, epoch 68, train accuracy 0.50, loss 0.6931
[2023-05-27 12:51:13,522][__main__][INFO] - Test accuracy - 0.5134500000000001
[2023-05-27 12:51:13,779][__main__][INFO] - Iteration 0, epoch 69, train accuracy 0.51, loss 0.6931
[2023-05-27 12:51:25,615][__main__][INFO] - Test accuracy - 0.48655
[2023-05-27 12:51:25,874][__main__][INFO] - Iteration 0, epoch 70, train accuracy 0.50, loss 0.6931
[2023-05-27 12:51:37,941][__main__][INFO] - Test accuracy - 0.48655
[2023-05-27 12:51:38,246][__main__][INFO] - Iteration 0, epoch 71, train accuracy 0.50, loss 0.6931
[2023-05-27 12:51:50,240][__main__][INFO] - Test accuracy - 0.5134500000000001
[2023-05-27 12:51:50,508][__main__][INFO] - Iteration 0, epoch 72, train accuracy 0.51, loss 0.6931
[2023-05-27 12:52:02,653][__main__][INFO] - Test accuracy - 0.48655
[2023-05-27 12:52:02,927][__main__][INFO] - Iteration 0, epoch 73, train accuracy 0.50, loss 0.6931
[2023-05-27 12:52:15,037][__main__][INFO] - Test accuracy - 0.48655
[2023-05-27 12:52:15,309][__main__][INFO] - Iteration 0, epoch 74, train accuracy 0.50, loss 0.6932
[2023-05-27 12:52:27,500][__main__][INFO] - Test accuracy - 0.48655
[2023-05-27 12:52:27,772][__main__][INFO] - Iteration 0, epoch 75, train accuracy 0.51, loss 0.6931
[2023-05-27 12:52:39,866][__main__][INFO] - Test accuracy - 0.48655
[2023-05-27 12:52:40,135][__main__][INFO] - Iteration 0, epoch 76, train accuracy 0.50, loss 0.6931
[2023-05-27 12:52:52,158][__main__][INFO] - Test accuracy - 0.48655
[2023-05-27 12:52:52,467][__main__][INFO] - Iteration 0, epoch 77, train accuracy 0.50, loss 0.6931
[2023-05-27 12:53:04,604][__main__][INFO] - Test accuracy - 0.5134500000000001
[2023-05-27 12:53:04,872][__main__][INFO] - Iteration 0, epoch 78, train accuracy 0.50, loss 0.6931
[2023-05-27 12:53:16,938][__main__][INFO] - Test accuracy - 0.48655
[2023-05-27 12:53:17,222][__main__][INFO] - Iteration 0, epoch 79, train accuracy 0.51, loss 0.6931
[2023-05-27 12:53:29,265][__main__][INFO] - Test accuracy - 0.5134500000000001
[2023-05-27 12:53:29,532][__main__][INFO] - Iteration 0, epoch 80, train accuracy 0.50, loss 0.6931
[2023-05-27 12:53:41,615][__main__][INFO] - Test accuracy - 0.5134500000000001
[2023-05-27 12:53:41,873][__main__][INFO] - Iteration 0, epoch 81, train accuracy 0.50, loss 0.6931
[2023-05-27 12:53:53,984][__main__][INFO] - Test accuracy - 0.5134500000000001
[2023-05-27 12:53:54,264][__main__][INFO] - Iteration 0, epoch 82, train accuracy 0.50, loss 0.6931
[2023-05-27 12:54:06,409][__main__][INFO] - Test accuracy - 0.48655
[2023-05-27 12:54:06,707][__main__][INFO] - Iteration 0, epoch 83, train accuracy 0.50, loss 0.6931
[2023-05-27 12:54:18,247][__main__][INFO] - Test accuracy - 0.5134500000000001
[2023-05-27 12:54:18,555][__main__][INFO] - Iteration 0, epoch 84, train accuracy 0.50, loss 0.6931
[2023-05-27 12:54:30,854][__main__][INFO] - Test accuracy - 0.48655
[2023-05-27 12:54:31,119][__main__][INFO] - Iteration 0, epoch 85, train accuracy 0.50, loss 0.6931
[2023-05-27 12:54:43,268][__main__][INFO] - Test accuracy - 0.48655
[2023-05-27 12:54:43,564][__main__][INFO] - Iteration 0, epoch 86, train accuracy 0.50, loss 0.6931
[2023-05-27 12:54:55,526][__main__][INFO] - Test accuracy - 0.48655
[2023-05-27 12:54:55,768][__main__][INFO] - Iteration 0, epoch 87, train accuracy 0.51, loss 0.6931
[2023-05-27 12:55:07,996][__main__][INFO] - Test accuracy - 0.5134500000000001
[2023-05-27 12:55:08,299][__main__][INFO] - Iteration 0, epoch 88, train accuracy 0.50, loss 0.6932
[2023-05-27 12:55:20,369][__main__][INFO] - Test accuracy - 0.5134500000000001
[2023-05-27 12:55:20,654][__main__][INFO] - Iteration 0, epoch 89, train accuracy 0.49, loss 0.6932
[2023-05-27 12:55:32,682][__main__][INFO] - Test accuracy - 0.48655
[2023-05-27 12:55:32,977][__main__][INFO] - Iteration 0, epoch 90, train accuracy 0.50, loss 0.6931
[2023-05-27 12:55:45,117][__main__][INFO] - Test accuracy - 0.48655
[2023-05-27 12:55:45,388][__main__][INFO] - Iteration 0, epoch 91, train accuracy 0.50, loss 0.6931
[2023-05-27 12:55:57,256][__main__][INFO] - Test accuracy - 0.48655
[2023-05-27 12:55:57,530][__main__][INFO] - Iteration 0, epoch 92, train accuracy 0.50, loss 0.6931
[2023-05-27 12:56:09,752][__main__][INFO] - Test accuracy - 0.48655
[2023-05-27 12:56:10,029][__main__][INFO] - Iteration 0, epoch 93, train accuracy 0.50, loss 0.6931
[2023-05-27 12:56:22,112][__main__][INFO] - Test accuracy - 0.48655
[2023-05-27 12:56:22,382][__main__][INFO] - Iteration 0, epoch 94, train accuracy 0.50, loss 0.6931
[2023-05-27 12:56:34,444][__main__][INFO] - Test accuracy - 0.48655
[2023-05-27 12:56:34,731][__main__][INFO] - Iteration 0, epoch 95, train accuracy 0.50, loss 0.6931
[2023-05-27 12:56:46,756][__main__][INFO] - Test accuracy - 0.48655
[2023-05-27 12:56:47,024][__main__][INFO] - Iteration 0, epoch 96, train accuracy 0.49, loss 0.6932
[2023-05-27 12:56:58,912][__main__][INFO] - Test accuracy - 0.48655
[2023-05-27 12:56:59,204][__main__][INFO] - Iteration 0, epoch 97, train accuracy 0.49, loss 0.6932
[2023-05-27 12:57:11,366][__main__][INFO] - Test accuracy - 0.48655
[2023-05-27 12:57:11,624][__main__][INFO] - Iteration 0, epoch 98, train accuracy 0.50, loss 0.6932
[2023-05-27 12:57:23,599][__main__][INFO] - Test accuracy - 0.5134500000000001
[2023-05-27 12:57:23,893][__main__][INFO] - Iteration 0, epoch 99, train accuracy 0.49, loss 0.6931
[2023-05-27 12:57:35,811][__main__][INFO] - Test accuracy - 0.48655
[2023-05-27 12:57:36,072][__main__][INFO] - Iteration 0, epoch 100, train accuracy 0.50, loss 0.6931
[2023-05-27 12:57:48,303][__main__][INFO] - Test accuracy - 0.48655
[2023-05-27 12:57:48,615][__main__][INFO] - Iteration 0, epoch 101, train accuracy 0.50, loss 0.6931
[2023-05-27 12:58:00,715][__main__][INFO] - Test accuracy - 0.48655
[2023-05-27 12:58:00,984][__main__][INFO] - Iteration 0, epoch 102, train accuracy 0.50, loss 0.6931
[2023-05-27 12:58:13,033][__main__][INFO] - Test accuracy - 0.48655
[2023-05-27 12:58:13,295][__main__][INFO] - Iteration 0, epoch 103, train accuracy 0.50, loss 0.6931
[2023-05-27 12:58:25,410][__main__][INFO] - Test accuracy - 0.5134500000000001
[2023-05-27 12:58:25,670][__main__][INFO] - Iteration 0, epoch 104, train accuracy 0.50, loss 0.6931
[2023-05-27 12:58:37,696][__main__][INFO] - Test accuracy - 0.48655
[2023-05-27 12:58:37,959][__main__][INFO] - Iteration 0, epoch 105, train accuracy 0.50, loss 0.6931
[2023-05-27 12:58:50,057][__main__][INFO] - Test accuracy - 0.48655
[2023-05-27 12:58:50,332][__main__][INFO] - Iteration 0, epoch 106, train accuracy 0.50, loss 0.6932
[2023-05-27 12:59:02,188][__main__][INFO] - Test accuracy - 0.5134500000000001
[2023-05-27 12:59:02,466][__main__][INFO] - Iteration 0, epoch 107, train accuracy 0.50, loss 0.6932
[2023-05-27 12:59:14,460][__main__][INFO] - Test accuracy - 0.48655
[2023-05-27 12:59:14,746][__main__][INFO] - Iteration 0, epoch 108, train accuracy 0.50, loss 0.6931
[2023-05-27 12:59:26,697][__main__][INFO] - Test accuracy - 0.48655
[2023-05-27 12:59:26,998][__main__][INFO] - Iteration 0, epoch 109, train accuracy 0.50, loss 0.6931
[2023-05-27 12:59:38,827][__main__][INFO] - Test accuracy - 0.5134500000000001
[2023-05-27 12:59:39,117][__main__][INFO] - Iteration 0, epoch 110, train accuracy 0.50, loss 0.6931
[2023-05-27 12:59:51,144][__main__][INFO] - Test accuracy - 0.48655
[2023-05-27 12:59:51,418][__main__][INFO] - Iteration 0, epoch 111, train accuracy 0.51, loss 0.6931
[2023-05-27 13:00:03,193][__main__][INFO] - Test accuracy - 0.5134500000000001
[2023-05-27 13:00:03,452][__main__][INFO] - Iteration 0, epoch 112, train accuracy 0.50, loss 0.6931
[2023-05-27 13:00:15,333][__main__][INFO] - Test accuracy - 0.48655
[2023-05-27 13:00:15,610][__main__][INFO] - Iteration 0, epoch 113, train accuracy 0.51, loss 0.6931
[2023-05-27 13:00:27,655][__main__][INFO] - Test accuracy - 0.5134500000000001
[2023-05-27 13:00:27,931][__main__][INFO] - Iteration 0, epoch 114, train accuracy 0.50, loss 0.6931
[2023-05-27 13:00:40,028][__main__][INFO] - Test accuracy - 0.48655
[2023-05-27 13:00:40,301][__main__][INFO] - Iteration 0, epoch 115, train accuracy 0.50, loss 0.6931
[2023-05-27 13:00:52,419][__main__][INFO] - Test accuracy - 0.5134500000000001
[2023-05-27 13:00:52,673][__main__][INFO] - Iteration 0, epoch 116, train accuracy 0.50, loss 0.6931
[2023-05-27 13:01:04,695][__main__][INFO] - Test accuracy - 0.48655
[2023-05-27 13:01:04,967][__main__][INFO] - Iteration 0, epoch 117, train accuracy 0.49, loss 0.6932
[2023-05-27 13:01:17,051][__main__][INFO] - Test accuracy - 0.5134500000000001
[2023-05-27 13:01:17,315][__main__][INFO] - Iteration 0, epoch 118, train accuracy 0.50, loss 0.6931
[2023-05-27 13:01:29,441][__main__][INFO] - Test accuracy - 0.5134500000000001
[2023-05-27 13:01:29,716][__main__][INFO] - Iteration 0, epoch 119, train accuracy 0.49, loss 0.6932
[2023-05-27 13:01:41,782][__main__][INFO] - Test accuracy - 0.48655
[2023-05-27 13:01:42,043][__main__][INFO] - Iteration 0, epoch 120, train accuracy 0.50, loss 0.6931
[2023-05-27 13:01:54,171][__main__][INFO] - Test accuracy - 0.48655
[2023-05-27 13:01:54,484][__main__][INFO] - Iteration 0, epoch 121, train accuracy 0.51, loss 0.6931
[2023-05-27 13:02:06,528][__main__][INFO] - Test accuracy - 0.48655
[2023-05-27 13:02:06,790][__main__][INFO] - Iteration 0, epoch 122, train accuracy 0.50, loss 0.6931
[2023-05-27 13:02:18,882][__main__][INFO] - Test accuracy - 0.48655
[2023-05-27 13:02:19,184][__main__][INFO] - Iteration 0, epoch 123, train accuracy 0.50, loss 0.6931
[2023-05-27 13:02:31,209][__main__][INFO] - Test accuracy - 0.48655
[2023-05-27 13:02:31,483][__main__][INFO] - Iteration 0, epoch 124, train accuracy 0.50, loss 0.6931
[2023-05-27 13:02:43,550][__main__][INFO] - Test accuracy - 0.48655
[2023-05-27 13:02:43,831][__main__][INFO] - Iteration 0, epoch 125, train accuracy 0.50, loss 0.6931
[2023-05-27 13:02:55,840][__main__][INFO] - Test accuracy - 0.5134500000000001
[2023-05-27 13:02:56,109][__main__][INFO] - Iteration 0, epoch 126, train accuracy 0.50, loss 0.6931
[2023-05-27 13:03:08,115][__main__][INFO] - Test accuracy - 0.48655
[2023-05-27 13:03:08,387][__main__][INFO] - Iteration 0, epoch 127, train accuracy 0.50, loss 0.6931
[2023-05-27 13:03:20,441][__main__][INFO] - Test accuracy - 0.48655
[2023-05-27 13:03:20,697][__main__][INFO] - Iteration 0, epoch 128, train accuracy 0.50, loss 0.6931
[2023-05-27 13:03:32,871][__main__][INFO] - Test accuracy - 0.48655
[2023-05-27 13:03:33,156][__main__][INFO] - Iteration 0, epoch 129, train accuracy 0.50, loss 0.6931
[2023-05-27 13:03:45,267][__main__][INFO] - Test accuracy - 0.48655
[2023-05-27 13:03:45,534][__main__][INFO] - Iteration 0, epoch 130, train accuracy 0.49, loss 0.6932
[2023-05-27 13:03:57,701][__main__][INFO] - Test accuracy - 0.48655
[2023-05-27 13:03:58,004][__main__][INFO] - Iteration 0, epoch 131, train accuracy 0.49, loss 0.6931
[2023-05-27 13:04:10,114][__main__][INFO] - Test accuracy - 0.48655
[2023-05-27 13:04:10,413][__main__][INFO] - Iteration 0, epoch 132, train accuracy 0.50, loss 0.6932
[2023-05-27 13:04:22,397][__main__][INFO] - Test accuracy - 0.5134500000000001
[2023-05-27 13:04:22,662][__main__][INFO] - Iteration 0, epoch 133, train accuracy 0.49, loss 0.6932
[2023-05-27 13:04:34,741][__main__][INFO] - Test accuracy - 0.5134500000000001
[2023-05-27 13:04:35,035][__main__][INFO] - Iteration 0, epoch 134, train accuracy 0.50, loss 0.6931
[2023-05-27 13:04:47,097][__main__][INFO] - Test accuracy - 0.5134500000000001
[2023-05-27 13:04:47,373][__main__][INFO] - Iteration 0, epoch 135, train accuracy 0.50, loss 0.6931
[2023-05-27 13:04:59,231][__main__][INFO] - Test accuracy - 0.48655
[2023-05-27 13:04:59,530][__main__][INFO] - Iteration 0, epoch 136, train accuracy 0.50, loss 0.6931
[2023-05-27 13:05:11,496][__main__][INFO] - Test accuracy - 0.5134500000000001
[2023-05-27 13:05:11,754][__main__][INFO] - Iteration 0, epoch 137, train accuracy 0.50, loss 0.6931
[2023-05-27 13:05:23,665][__main__][INFO] - Test accuracy - 0.5134500000000001
[2023-05-27 13:05:23,967][__main__][INFO] - Iteration 0, epoch 138, train accuracy 0.50, loss 0.6931
[2023-05-27 13:05:36,006][__main__][INFO] - Test accuracy - 0.5134500000000001
[2023-05-27 13:05:36,270][__main__][INFO] - Iteration 0, epoch 139, train accuracy 0.50, loss 0.6931
[2023-05-27 13:05:48,342][__main__][INFO] - Test accuracy - 0.48655
[2023-05-27 13:05:48,603][__main__][INFO] - Iteration 0, epoch 140, train accuracy 0.50, loss 0.6932
[2023-05-27 13:06:00,621][__main__][INFO] - Test accuracy - 0.48655
[2023-05-27 13:06:00,870][__main__][INFO] - Iteration 0, epoch 141, train accuracy 0.50, loss 0.6931
[2023-05-27 13:06:12,870][__main__][INFO] - Test accuracy - 0.48655
[2023-05-27 13:06:13,152][__main__][INFO] - Iteration 0, epoch 142, train accuracy 0.50, loss 0.6931
[2023-05-27 13:06:25,050][__main__][INFO] - Test accuracy - 0.48655
[2023-05-27 13:06:25,344][__main__][INFO] - Iteration 0, epoch 143, train accuracy 0.50, loss 0.6932
[2023-05-27 13:06:37,369][__main__][INFO] - Test accuracy - 0.48655
[2023-05-27 13:06:37,633][__main__][INFO] - Iteration 0, epoch 144, train accuracy 0.50, loss 0.6931
[2023-05-27 13:06:49,554][__main__][INFO] - Test accuracy - 0.48655
[2023-05-27 13:06:49,831][__main__][INFO] - Iteration 0, epoch 145, train accuracy 0.49, loss 0.6932
[2023-05-27 13:07:01,864][__main__][INFO] - Test accuracy - 0.48655
[2023-05-27 13:07:02,117][__main__][INFO] - Iteration 0, epoch 146, train accuracy 0.50, loss 0.6931
[2023-05-27 13:07:14,069][__main__][INFO] - Test accuracy - 0.5134500000000001
[2023-05-27 13:07:14,369][__main__][INFO] - Iteration 0, epoch 147, train accuracy 0.50, loss 0.6931
[2023-05-27 13:07:26,311][__main__][INFO] - Test accuracy - 0.48655
[2023-05-27 13:07:26,578][__main__][INFO] - Iteration 0, epoch 148, train accuracy 0.51, loss 0.6931
[2023-05-27 13:07:38,487][__main__][INFO] - Test accuracy - 0.48655
[2023-05-27 13:07:38,761][__main__][INFO] - Iteration 0, epoch 149, train accuracy 0.50, loss 0.6931
[2023-05-27 13:07:50,833][__main__][INFO] - Test accuracy - 0.5134500000000001
[2023-05-27 13:07:51,100][__main__][INFO] - Iteration 0, epoch 150, train accuracy 0.49, loss 0.6931
[2023-05-27 13:08:03,203][__main__][INFO] - Test accuracy - 0.5134500000000001
[2023-05-27 13:08:03,468][__main__][INFO] - Iteration 0, epoch 151, train accuracy 0.50, loss 0.6931
[2023-05-27 13:08:15,553][__main__][INFO] - Test accuracy - 0.5134500000000001
[2023-05-27 13:08:15,805][__main__][INFO] - Iteration 0, epoch 152, train accuracy 0.50, loss 0.6931
[2023-05-27 13:08:27,928][__main__][INFO] - Test accuracy - 0.5134500000000001
[2023-05-27 13:08:28,201][__main__][INFO] - Iteration 0, epoch 153, train accuracy 0.51, loss 0.6931
[2023-05-27 13:08:40,301][__main__][INFO] - Test accuracy - 0.5134500000000001
[2023-05-27 13:08:40,556][__main__][INFO] - Iteration 0, epoch 154, train accuracy 0.50, loss 0.6931
[2023-05-27 13:08:52,467][__main__][INFO] - Test accuracy - 0.48655
[2023-05-27 13:08:52,722][__main__][INFO] - Iteration 0, epoch 155, train accuracy 0.50, loss 0.6931
[2023-05-27 13:09:04,793][__main__][INFO] - Test accuracy - 0.48655
[2023-05-27 13:09:05,098][__main__][INFO] - Iteration 0, epoch 156, train accuracy 0.50, loss 0.6931
[2023-05-27 13:09:17,912][__main__][INFO] - Test accuracy - 0.5134500000000001
[2023-05-27 13:09:18,187][__main__][INFO] - Iteration 0, epoch 157, train accuracy 0.51, loss 0.6931
[2023-05-27 13:09:31,119][__main__][INFO] - Test accuracy - 0.48655
[2023-05-27 13:09:31,421][__main__][INFO] - Iteration 0, epoch 158, train accuracy 0.50, loss 0.6931
[2023-05-27 13:09:44,053][__main__][INFO] - Test accuracy - 0.5134500000000001
[2023-05-27 13:09:44,335][__main__][INFO] - Iteration 0, epoch 159, train accuracy 0.50, loss 0.6931
[2023-05-27 13:09:56,829][__main__][INFO] - Test accuracy - 0.48655
[2023-05-27 13:09:57,121][__main__][INFO] - Iteration 0, epoch 160, train accuracy 0.50, loss 0.6931
[2023-05-27 13:10:09,582][__main__][INFO] - Test accuracy - 0.5134500000000001
[2023-05-27 13:10:09,853][__main__][INFO] - Iteration 0, epoch 161, train accuracy 0.51, loss 0.6931
[2023-05-27 13:10:22,374][__main__][INFO] - Test accuracy - 0.48655
[2023-05-27 13:10:22,663][__main__][INFO] - Iteration 0, epoch 162, train accuracy 0.50, loss 0.6931
[2023-05-27 13:10:35,275][__main__][INFO] - Test accuracy - 0.48655
[2023-05-27 13:10:35,531][__main__][INFO] - Iteration 0, epoch 163, train accuracy 0.50, loss 0.6931
[2023-05-27 13:10:48,148][__main__][INFO] - Test accuracy - 0.48655
[2023-05-27 13:10:48,440][__main__][INFO] - Iteration 0, epoch 164, train accuracy 0.49, loss 0.6931
[2023-05-27 13:11:01,129][__main__][INFO] - Test accuracy - 0.48655
[2023-05-27 13:11:01,398][__main__][INFO] - Iteration 0, epoch 165, train accuracy 0.50, loss 0.6931
[2023-05-27 13:11:14,004][__main__][INFO] - Test accuracy - 0.5134500000000001
[2023-05-27 13:11:14,269][__main__][INFO] - Iteration 0, epoch 166, train accuracy 0.50, loss 0.6931
[2023-05-27 13:11:26,828][__main__][INFO] - Test accuracy - 0.5134500000000001
[2023-05-27 13:11:27,097][__main__][INFO] - Iteration 0, epoch 167, train accuracy 0.50, loss 0.6932
[2023-05-27 13:11:39,652][__main__][INFO] - Test accuracy - 0.5134500000000001
[2023-05-27 13:11:39,929][__main__][INFO] - Iteration 0, epoch 168, train accuracy 0.49, loss 0.6932
[2023-05-27 13:11:52,456][__main__][INFO] - Test accuracy - 0.48655
[2023-05-27 13:11:52,765][__main__][INFO] - Iteration 0, epoch 169, train accuracy 0.50, loss 0.6931
[2023-05-27 13:12:05,206][__main__][INFO] - Test accuracy - 0.5134500000000001
[2023-05-27 13:12:05,464][__main__][INFO] - Iteration 0, epoch 170, train accuracy 0.50, loss 0.6931
[2023-05-27 13:12:18,102][__main__][INFO] - Test accuracy - 0.48655
[2023-05-27 13:12:18,412][__main__][INFO] - Iteration 0, epoch 171, train accuracy 0.51, loss 0.6931
[2023-05-27 13:12:30,843][__main__][INFO] - Test accuracy - 0.5134500000000001
[2023-05-27 13:12:31,119][__main__][INFO] - Iteration 0, epoch 172, train accuracy 0.50, loss 0.6931
[2023-05-27 13:12:43,627][__main__][INFO] - Test accuracy - 0.5134500000000001
[2023-05-27 13:12:43,924][__main__][INFO] - Iteration 0, epoch 173, train accuracy 0.50, loss 0.6931
[2023-05-27 13:12:56,501][__main__][INFO] - Test accuracy - 0.5134500000000001
[2023-05-27 13:12:56,771][__main__][INFO] - Iteration 0, epoch 174, train accuracy 0.50, loss 0.6931
[2023-05-27 13:13:09,268][__main__][INFO] - Test accuracy - 0.5134500000000001
[2023-05-27 13:13:09,520][__main__][INFO] - Iteration 0, epoch 175, train accuracy 0.50, loss 0.6931
[2023-05-27 13:13:21,934][__main__][INFO] - Test accuracy - 0.5134500000000001
[2023-05-27 13:13:22,203][__main__][INFO] - Iteration 0, epoch 176, train accuracy 0.50, loss 0.6931
[2023-05-27 13:13:34,713][__main__][INFO] - Test accuracy - 0.48655
[2023-05-27 13:13:34,988][__main__][INFO] - Iteration 0, epoch 177, train accuracy 0.50, loss 0.6931
[2023-05-27 13:13:47,496][__main__][INFO] - Test accuracy - 0.5134500000000001
[2023-05-27 13:13:47,750][__main__][INFO] - Iteration 0, epoch 178, train accuracy 0.50, loss 0.6931
[2023-05-27 13:14:00,318][__main__][INFO] - Test accuracy - 0.48655
[2023-05-27 13:14:00,577][__main__][INFO] - Iteration 0, epoch 179, train accuracy 0.50, loss 0.6931
[2023-05-27 13:14:13,013][__main__][INFO] - Test accuracy - 0.48655
[2023-05-27 13:14:13,326][__main__][INFO] - Iteration 0, epoch 180, train accuracy 0.50, loss 0.6931
[2023-05-27 13:14:25,792][__main__][INFO] - Test accuracy - 0.5134500000000001
[2023-05-27 13:14:26,066][__main__][INFO] - Iteration 0, epoch 181, train accuracy 0.51, loss 0.6931
[2023-05-27 13:14:38,566][__main__][INFO] - Test accuracy - 0.48655
[2023-05-27 13:14:38,855][__main__][INFO] - Iteration 0, epoch 182, train accuracy 0.51, loss 0.6931
[2023-05-27 13:14:51,362][__main__][INFO] - Test accuracy - 0.48655
[2023-05-27 13:14:51,619][__main__][INFO] - Iteration 0, epoch 183, train accuracy 0.50, loss 0.6931
[2023-05-27 13:15:04,105][__main__][INFO] - Test accuracy - 0.48655
[2023-05-27 13:15:04,404][__main__][INFO] - Iteration 0, epoch 184, train accuracy 0.50, loss 0.6931
[2023-05-27 13:15:16,870][__main__][INFO] - Test accuracy - 0.5134500000000001
[2023-05-27 13:15:17,139][__main__][INFO] - Iteration 0, epoch 185, train accuracy 0.51, loss 0.6931
[2023-05-27 13:15:29,583][__main__][INFO] - Test accuracy - 0.48655
[2023-05-27 13:15:29,880][__main__][INFO] - Iteration 0, epoch 186, train accuracy 0.50, loss 0.6932
[2023-05-27 13:15:42,408][__main__][INFO] - Test accuracy - 0.48655
[2023-05-27 13:15:42,677][__main__][INFO] - Iteration 0, epoch 187, train accuracy 0.50, loss 0.6931
[2023-05-27 13:15:55,104][__main__][INFO] - Test accuracy - 0.48655
[2023-05-27 13:15:55,375][__main__][INFO] - Iteration 0, epoch 188, train accuracy 0.50, loss 0.6931
[2023-05-27 13:16:07,935][__main__][INFO] - Test accuracy - 0.5134500000000001
[2023-05-27 13:16:08,197][__main__][INFO] - Iteration 0, epoch 189, train accuracy 0.50, loss 0.6931
[2023-05-27 13:16:20,768][__main__][INFO] - Test accuracy - 0.5134500000000001
[2023-05-27 13:16:21,046][__main__][INFO] - Iteration 0, epoch 190, train accuracy 0.50, loss 0.6931
[2023-05-27 13:16:33,550][__main__][INFO] - Test accuracy - 0.48655
[2023-05-27 13:16:33,819][__main__][INFO] - Iteration 0, epoch 191, train accuracy 0.51, loss 0.6931
[2023-05-27 13:16:46,336][__main__][INFO] - Test accuracy - 0.48655
[2023-05-27 13:16:46,567][__main__][INFO] - Iteration 0, epoch 192, train accuracy 0.49, loss 0.6931
[2023-05-27 13:16:59,082][__main__][INFO] - Test accuracy - 0.5134500000000001
[2023-05-27 13:16:59,375][__main__][INFO] - Iteration 0, epoch 193, train accuracy 0.50, loss 0.6931
[2023-05-27 13:17:11,843][__main__][INFO] - Test accuracy - 0.48655
[2023-05-27 13:17:12,126][__main__][INFO] - Iteration 0, epoch 194, train accuracy 0.50, loss 0.6932
[2023-05-27 13:17:24,594][__main__][INFO] - Test accuracy - 0.48655
[2023-05-27 13:17:24,911][__main__][INFO] - Iteration 0, epoch 195, train accuracy 0.50, loss 0.6931
[2023-05-27 13:17:37,396][__main__][INFO] - Test accuracy - 0.48655
[2023-05-27 13:17:37,671][__main__][INFO] - Iteration 0, epoch 196, train accuracy 0.50, loss 0.6932
[2023-05-27 13:17:50,260][__main__][INFO] - Test accuracy - 0.48655
[2023-05-27 13:17:50,561][__main__][INFO] - Iteration 0, epoch 197, train accuracy 0.50, loss 0.6931
[2023-05-27 13:18:03,180][__main__][INFO] - Test accuracy - 0.48655
[2023-05-27 13:18:03,443][__main__][INFO] - Iteration 0, epoch 198, train accuracy 0.50, loss 0.6931
[2023-05-27 13:18:15,899][__main__][INFO] - Test accuracy - 0.5134500000000001
[2023-05-27 13:18:16,169][__main__][INFO] - Iteration 0, epoch 199, train accuracy 0.49, loss 0.6931
[2023-05-27 13:18:28,750][__main__][INFO] - Test accuracy - 0.48655
[2023-05-27 13:18:29,012][__main__][INFO] - Iteration 0, epoch 200, train accuracy 0.50, loss 0.6931
[2023-05-27 13:18:41,514][__main__][INFO] - Test accuracy - 0.48655
[2023-05-27 13:18:41,779][__main__][INFO] - Iteration 0, epoch 201, train accuracy 0.50, loss 0.6931
[2023-05-27 13:18:54,361][__main__][INFO] - Test accuracy - 0.48655
[2023-05-27 13:18:54,635][__main__][INFO] - Iteration 0, epoch 202, train accuracy 0.50, loss 0.6931
[2023-05-27 13:19:07,124][__main__][INFO] - Test accuracy - 0.5134500000000001
[2023-05-27 13:19:07,402][__main__][INFO] - Iteration 0, epoch 203, train accuracy 0.50, loss 0.6931
[2023-05-27 13:19:20,032][__main__][INFO] - Test accuracy - 0.5134500000000001
[2023-05-27 13:19:20,335][__main__][INFO] - Iteration 0, epoch 204, train accuracy 0.50, loss 0.6931
[2023-05-27 13:19:32,865][__main__][INFO] - Test accuracy - 0.48655
[2023-05-27 13:19:33,127][__main__][INFO] - Iteration 0, epoch 205, train accuracy 0.50, loss 0.6931
[2023-05-27 13:19:45,581][__main__][INFO] - Test accuracy - 0.5134500000000001
[2023-05-27 13:19:45,889][__main__][INFO] - Iteration 0, epoch 206, train accuracy 0.50, loss 0.6931
[2023-05-27 13:19:58,391][__main__][INFO] - Test accuracy - 0.48655
[2023-05-27 13:19:58,642][__main__][INFO] - Iteration 0, epoch 207, train accuracy 0.50, loss 0.6931
[2023-05-27 13:20:11,180][__main__][INFO] - Test accuracy - 0.5134500000000001
[2023-05-27 13:20:11,480][__main__][INFO] - Iteration 0, epoch 208, train accuracy 0.49, loss 0.6931
[2023-05-27 13:20:23,944][__main__][INFO] - Test accuracy - 0.5134500000000001
[2023-05-27 13:20:24,212][__main__][INFO] - Iteration 0, epoch 209, train accuracy 0.50, loss 0.6931
[2023-05-27 13:20:36,733][__main__][INFO] - Test accuracy - 0.5134500000000001
[2023-05-27 13:20:37,041][__main__][INFO] - Iteration 0, epoch 210, train accuracy 0.50, loss 0.6931
[2023-05-27 13:20:49,628][__main__][INFO] - Test accuracy - 0.48655
[2023-05-27 13:20:49,894][__main__][INFO] - Iteration 0, epoch 211, train accuracy 0.50, loss 0.6931
[2023-05-27 13:21:02,410][__main__][INFO] - Test accuracy - 0.48655
[2023-05-27 13:21:02,691][__main__][INFO] - Iteration 0, epoch 212, train accuracy 0.51, loss 0.6931
[2023-05-27 13:21:15,352][__main__][INFO] - Test accuracy - 0.5134500000000001
[2023-05-27 13:21:15,619][__main__][INFO] - Iteration 0, epoch 213, train accuracy 0.49, loss 0.6931
[2023-05-27 13:21:28,249][__main__][INFO] - Test accuracy - 0.48655
[2023-05-27 13:21:28,522][__main__][INFO] - Iteration 0, epoch 214, train accuracy 0.50, loss 0.6931
[2023-05-27 13:21:41,086][__main__][INFO] - Test accuracy - 0.48655
[2023-05-27 13:21:41,354][__main__][INFO] - Iteration 0, epoch 215, train accuracy 0.50, loss 0.6931
[2023-05-27 13:21:53,916][__main__][INFO] - Test accuracy - 0.5134500000000001
[2023-05-27 13:21:54,184][__main__][INFO] - Iteration 0, epoch 216, train accuracy 0.50, loss 0.6931
[2023-05-27 13:22:06,679][__main__][INFO] - Test accuracy - 0.5134500000000001
[2023-05-27 13:22:06,980][__main__][INFO] - Iteration 0, epoch 217, train accuracy 0.50, loss 0.6931
[2023-05-27 13:22:19,433][__main__][INFO] - Test accuracy - 0.48655
[2023-05-27 13:22:19,691][__main__][INFO] - Iteration 0, epoch 218, train accuracy 0.50, loss 0.6931
[2023-05-27 13:22:32,226][__main__][INFO] - Test accuracy - 0.48655
[2023-05-27 13:22:32,503][__main__][INFO] - Iteration 0, epoch 219, train accuracy 0.51, loss 0.6931
[2023-05-27 13:22:45,088][__main__][INFO] - Test accuracy - 0.48655
[2023-05-27 13:22:45,363][__main__][INFO] - Iteration 0, epoch 220, train accuracy 0.50, loss 0.6931
[2023-05-27 13:22:57,836][__main__][INFO] - Test accuracy - 0.48655
[2023-05-27 13:22:58,132][__main__][INFO] - Iteration 0, epoch 221, train accuracy 0.51, loss 0.6931
[2023-05-27 13:23:10,628][__main__][INFO] - Test accuracy - 0.48655
[2023-05-27 13:23:10,894][__main__][INFO] - Iteration 0, epoch 222, train accuracy 0.49, loss 0.6931
[2023-05-27 13:23:23,392][__main__][INFO] - Test accuracy - 0.48655
[2023-05-27 13:23:23,692][__main__][INFO] - Iteration 0, epoch 223, train accuracy 0.50, loss 0.6931
[2023-05-27 13:23:36,197][__main__][INFO] - Test accuracy - 0.5134500000000001
[2023-05-27 13:23:36,472][__main__][INFO] - Iteration 0, epoch 224, train accuracy 0.50, loss 0.6931
[2023-05-27 13:23:49,102][__main__][INFO] - Test accuracy - 0.5134500000000001
[2023-05-27 13:23:49,371][__main__][INFO] - Iteration 0, epoch 225, train accuracy 0.50, loss 0.6931
[2023-05-27 13:24:01,999][__main__][INFO] - Test accuracy - 0.48655
[2023-05-27 13:24:02,274][__main__][INFO] - Iteration 0, epoch 226, train accuracy 0.50, loss 0.6931
[2023-05-27 13:24:14,750][__main__][INFO] - Test accuracy - 0.48655
[2023-05-27 13:24:15,028][__main__][INFO] - Iteration 0, epoch 227, train accuracy 0.50, loss 0.6931
[2023-05-27 13:24:27,418][__main__][INFO] - Test accuracy - 0.48655
[2023-05-27 13:24:27,712][__main__][INFO] - Iteration 0, epoch 228, train accuracy 0.49, loss 0.6932
[2023-05-27 13:24:40,240][__main__][INFO] - Test accuracy - 0.5134500000000001
[2023-05-27 13:24:40,488][__main__][INFO] - Iteration 0, epoch 229, train accuracy 0.50, loss 0.6931
[2023-05-27 13:24:53,056][__main__][INFO] - Test accuracy - 0.48655
[2023-05-27 13:24:53,358][__main__][INFO] - Iteration 0, epoch 230, train accuracy 0.50, loss 0.6931
[2023-05-27 13:25:05,850][__main__][INFO] - Test accuracy - 0.5134500000000001
[2023-05-27 13:25:06,126][__main__][INFO] - Iteration 0, epoch 231, train accuracy 0.49, loss 0.6931
[2023-05-27 13:25:18,589][__main__][INFO] - Test accuracy - 0.48655
[2023-05-27 13:25:18,878][__main__][INFO] - Iteration 0, epoch 232, train accuracy 0.50, loss 0.6931
[2023-05-27 13:25:31,391][__main__][INFO] - Test accuracy - 0.5134500000000001
[2023-05-27 13:25:31,680][__main__][INFO] - Iteration 0, epoch 233, train accuracy 0.51, loss 0.6931
[2023-05-27 13:25:44,243][__main__][INFO] - Test accuracy - 0.48655
[2023-05-27 13:25:44,534][__main__][INFO] - Iteration 0, epoch 234, train accuracy 0.50, loss 0.6931
[2023-05-27 13:25:57,084][__main__][INFO] - Test accuracy - 0.5134500000000001
[2023-05-27 13:25:57,343][__main__][INFO] - Iteration 0, epoch 235, train accuracy 0.50, loss 0.6931
[2023-05-27 13:26:09,857][__main__][INFO] - Test accuracy - 0.48655
[2023-05-27 13:26:10,113][__main__][INFO] - Iteration 0, epoch 236, train accuracy 0.49, loss 0.6931
[2023-05-27 13:26:22,611][__main__][INFO] - Test accuracy - 0.48655
[2023-05-27 13:26:22,891][__main__][INFO] - Iteration 0, epoch 237, train accuracy 0.51, loss 0.6931
[2023-05-27 13:26:35,442][__main__][INFO] - Test accuracy - 0.5134500000000001
[2023-05-27 13:26:35,717][__main__][INFO] - Iteration 0, epoch 238, train accuracy 0.51, loss 0.6931
[2023-05-27 13:26:48,301][__main__][INFO] - Test accuracy - 0.48655
[2023-05-27 13:26:48,553][__main__][INFO] - Iteration 0, epoch 239, train accuracy 0.49, loss 0.6932
[2023-05-27 13:27:01,025][__main__][INFO] - Test accuracy - 0.5134500000000001
[2023-05-27 13:27:01,304][__main__][INFO] - Iteration 0, epoch 240, train accuracy 0.50, loss 0.6931
[2023-05-27 13:27:13,878][__main__][INFO] - Test accuracy - 0.5134500000000001
[2023-05-27 13:27:14,188][__main__][INFO] - Iteration 0, epoch 241, train accuracy 0.50, loss 0.6931
[2023-05-27 13:27:26,789][__main__][INFO] - Test accuracy - 0.48655
[2023-05-27 13:27:27,061][__main__][INFO] - Iteration 0, epoch 242, train accuracy 0.49, loss 0.6932
[2023-05-27 13:27:39,565][__main__][INFO] - Test accuracy - 0.48655
[2023-05-27 13:27:39,863][__main__][INFO] - Iteration 0, epoch 243, train accuracy 0.50, loss 0.6931
[2023-05-27 13:27:52,190][__main__][INFO] - Test accuracy - 0.48655
[2023-05-27 13:27:52,460][__main__][INFO] - Iteration 0, epoch 244, train accuracy 0.50, loss 0.6931
[2023-05-27 13:28:05,070][__main__][INFO] - Test accuracy - 0.48655
[2023-05-27 13:28:05,370][__main__][INFO] - Iteration 0, epoch 245, train accuracy 0.49, loss 0.6931
[2023-05-27 13:28:17,976][__main__][INFO] - Test accuracy - 0.48655
[2023-05-27 13:28:18,251][__main__][INFO] - Iteration 0, epoch 246, train accuracy 0.51, loss 0.6931
[2023-05-27 13:28:30,875][__main__][INFO] - Test accuracy - 0.5134500000000001
[2023-05-27 13:28:31,184][__main__][INFO] - Iteration 0, epoch 247, train accuracy 0.50, loss 0.6931
[2023-05-27 13:28:43,636][__main__][INFO] - Test accuracy - 0.48655
[2023-05-27 13:28:43,905][__main__][INFO] - Iteration 0, epoch 248, train accuracy 0.49, loss 0.6931
[2023-05-27 13:28:56,531][__main__][INFO] - Test accuracy - 0.5134500000000001
[2023-05-27 13:28:56,796][__main__][INFO] - Iteration 0, epoch 249, train accuracy 0.50, loss 0.6931
[2023-05-27 13:29:09,384][__main__][INFO] - Test accuracy - 0.48655
[2023-05-27 13:29:09,646][__main__][INFO] - Iteration 0, epoch 250, train accuracy 0.50, loss 0.6931
[2023-05-27 13:29:22,223][__main__][INFO] - Test accuracy - 0.48655
[2023-05-27 13:29:22,473][__main__][INFO] - Iteration 0, epoch 251, train accuracy 0.49, loss 0.6931
[2023-05-27 13:29:35,056][__main__][INFO] - Test accuracy - 0.5134500000000001
[2023-05-27 13:29:35,363][__main__][INFO] - Iteration 0, epoch 252, train accuracy 0.50, loss 0.6931
[2023-05-27 13:29:47,989][__main__][INFO] - Test accuracy - 0.48655
[2023-05-27 13:29:48,244][__main__][INFO] - Iteration 0, epoch 253, train accuracy 0.50, loss 0.6931
[2023-05-27 13:30:00,672][__main__][INFO] - Test accuracy - 0.5134500000000001
[2023-05-27 13:30:00,970][__main__][INFO] - Iteration 0, epoch 254, train accuracy 0.49, loss 0.6931
[2023-05-27 13:30:13,513][__main__][INFO] - Test accuracy - 0.5134500000000001
[2023-05-27 13:30:13,789][__main__][INFO] - Iteration 0, epoch 255, train accuracy 0.50, loss 0.6931
[2023-05-27 13:30:26,296][__main__][INFO] - Test accuracy - 0.5134500000000001
[2023-05-27 13:30:26,574][__main__][INFO] - Iteration 0, epoch 256, train accuracy 0.49, loss 0.6931
[2023-05-27 13:30:39,113][__main__][INFO] - Test accuracy - 0.5134500000000001
[2023-05-27 13:30:39,370][__main__][INFO] - Iteration 0, epoch 257, train accuracy 0.51, loss 0.6931
[2023-05-27 13:30:51,861][__main__][INFO] - Test accuracy - 0.48655
[2023-05-27 13:30:52,165][__main__][INFO] - Iteration 0, epoch 258, train accuracy 0.50, loss 0.6931
[2023-05-27 13:31:04,844][__main__][INFO] - Test accuracy - 0.5134500000000001
[2023-05-27 13:31:05,116][__main__][INFO] - Iteration 0, epoch 259, train accuracy 0.50, loss 0.6931
[2023-05-27 13:31:17,668][__main__][INFO] - Test accuracy - 0.5134500000000001
[2023-05-27 13:31:17,950][__main__][INFO] - Iteration 0, epoch 260, train accuracy 0.50, loss 0.6931
[2023-05-27 13:31:30,491][__main__][INFO] - Test accuracy - 0.48655
[2023-05-27 13:31:30,767][__main__][INFO] - Iteration 0, epoch 261, train accuracy 0.50, loss 0.6931
[2023-05-27 13:31:43,333][__main__][INFO] - Test accuracy - 0.5134500000000001
[2023-05-27 13:31:43,586][__main__][INFO] - Iteration 0, epoch 262, train accuracy 0.49, loss 0.6932
[2023-05-27 13:31:56,136][__main__][INFO] - Test accuracy - 0.5134500000000001
[2023-05-27 13:31:56,413][__main__][INFO] - Iteration 0, epoch 263, train accuracy 0.49, loss 0.6931
[2023-05-27 13:32:09,055][__main__][INFO] - Test accuracy - 0.48655
[2023-05-27 13:32:09,320][__main__][INFO] - Iteration 0, epoch 264, train accuracy 0.50, loss 0.6931
[2023-05-27 13:32:21,820][__main__][INFO] - Test accuracy - 0.48655
[2023-05-27 13:32:22,130][__main__][INFO] - Iteration 0, epoch 265, train accuracy 0.50, loss 0.6931
[2023-05-27 13:32:34,616][__main__][INFO] - Test accuracy - 0.5134500000000001
[2023-05-27 13:32:34,881][__main__][INFO] - Iteration 0, epoch 266, train accuracy 0.49, loss 0.6932
[2023-05-27 13:32:47,403][__main__][INFO] - Test accuracy - 0.5134500000000001
[2023-05-27 13:32:47,686][__main__][INFO] - Iteration 0, epoch 267, train accuracy 0.50, loss 0.6931
[2023-05-27 13:33:00,215][__main__][INFO] - Test accuracy - 0.48655
[2023-05-27 13:33:00,486][__main__][INFO] - Iteration 0, epoch 268, train accuracy 0.50, loss 0.6931
[2023-05-27 13:33:13,126][__main__][INFO] - Test accuracy - 0.5134500000000001
[2023-05-27 13:33:13,431][__main__][INFO] - Iteration 0, epoch 269, train accuracy 0.50, loss 0.6931
[2023-05-27 13:33:25,872][__main__][INFO] - Test accuracy - 0.5134500000000001
[2023-05-27 13:33:26,143][__main__][INFO] - Iteration 0, epoch 270, train accuracy 0.50, loss 0.6931
[2023-05-27 13:33:38,567][__main__][INFO] - Test accuracy - 0.5134500000000001
[2023-05-27 13:33:38,863][__main__][INFO] - Iteration 0, epoch 271, train accuracy 0.50, loss 0.6931
[2023-05-27 13:33:51,335][__main__][INFO] - Test accuracy - 0.5134500000000001
[2023-05-27 13:33:51,595][__main__][INFO] - Iteration 0, epoch 272, train accuracy 0.50, loss 0.6931
[2023-05-27 13:34:03,907][__main__][INFO] - Test accuracy - 0.48655
[2023-05-27 13:34:04,173][__main__][INFO] - Iteration 0, epoch 273, train accuracy 0.50, loss 0.6931
[2023-05-27 13:34:16,751][__main__][INFO] - Test accuracy - 0.5134500000000001
[2023-05-27 13:34:17,019][__main__][INFO] - Iteration 0, epoch 274, train accuracy 0.50, loss 0.6931
[2023-05-27 13:34:29,554][__main__][INFO] - Test accuracy - 0.48655
[2023-05-27 13:34:29,825][__main__][INFO] - Iteration 0, epoch 275, train accuracy 0.49, loss 0.6931
[2023-05-27 13:34:42,435][__main__][INFO] - Test accuracy - 0.5134500000000001
[2023-05-27 13:34:42,739][__main__][INFO] - Iteration 0, epoch 276, train accuracy 0.50, loss 0.6931
[2023-05-27 13:34:55,305][__main__][INFO] - Test accuracy - 0.48655
[2023-05-27 13:34:55,565][__main__][INFO] - Iteration 0, epoch 277, train accuracy 0.50, loss 0.6931
[2023-05-27 13:35:08,150][__main__][INFO] - Test accuracy - 0.5134500000000001
[2023-05-27 13:35:08,454][__main__][INFO] - Iteration 0, epoch 278, train accuracy 0.50, loss 0.6931
[2023-05-27 13:35:20,933][__main__][INFO] - Test accuracy - 0.48655
[2023-05-27 13:35:21,204][__main__][INFO] - Iteration 0, epoch 279, train accuracy 0.49, loss 0.6932
[2023-05-27 13:35:33,792][__main__][INFO] - Test accuracy - 0.5134500000000001
[2023-05-27 13:35:34,106][__main__][INFO] - Iteration 0, epoch 280, train accuracy 0.50, loss 0.6931
[2023-05-27 13:35:46,636][__main__][INFO] - Test accuracy - 0.5134500000000001
[2023-05-27 13:35:46,909][__main__][INFO] - Iteration 0, epoch 281, train accuracy 0.50, loss 0.6931
[2023-05-27 13:35:59,448][__main__][INFO] - Test accuracy - 0.48655
[2023-05-27 13:35:59,739][__main__][INFO] - Iteration 0, epoch 282, train accuracy 0.50, loss 0.6931
[2023-05-27 13:36:12,347][__main__][INFO] - Test accuracy - 0.48655
[2023-05-27 13:36:12,615][__main__][INFO] - Iteration 0, epoch 283, train accuracy 0.50, loss 0.6931
[2023-05-27 13:36:25,075][__main__][INFO] - Test accuracy - 0.48655
[2023-05-27 13:36:25,342][__main__][INFO] - Iteration 0, epoch 284, train accuracy 0.50, loss 0.6931
[2023-05-27 13:36:37,905][__main__][INFO] - Test accuracy - 0.48655
[2023-05-27 13:36:38,184][__main__][INFO] - Iteration 0, epoch 285, train accuracy 0.50, loss 0.6931
[2023-05-27 13:36:50,646][__main__][INFO] - Test accuracy - 0.48655
[2023-05-27 13:36:50,927][__main__][INFO] - Iteration 0, epoch 286, train accuracy 0.50, loss 0.6931
[2023-05-27 13:37:03,468][__main__][INFO] - Test accuracy - 0.5134500000000001
[2023-05-27 13:37:03,738][__main__][INFO] - Iteration 0, epoch 287, train accuracy 0.50, loss 0.6931
[2023-05-27 13:37:16,233][__main__][INFO] - Test accuracy - 0.48655
[2023-05-27 13:37:16,498][__main__][INFO] - Iteration 0, epoch 288, train accuracy 0.50, loss 0.6931
[2023-05-27 13:37:28,870][__main__][INFO] - Test accuracy - 0.48655
[2023-05-27 13:37:29,187][__main__][INFO] - Iteration 0, epoch 289, train accuracy 0.50, loss 0.6931
[2023-05-27 13:37:41,592][__main__][INFO] - Test accuracy - 0.48655
[2023-05-27 13:37:41,862][__main__][INFO] - Iteration 0, epoch 290, train accuracy 0.50, loss 0.6931
[2023-05-27 13:37:54,389][__main__][INFO] - Test accuracy - 0.5134500000000001
[2023-05-27 13:37:54,678][__main__][INFO] - Iteration 0, epoch 291, train accuracy 0.50, loss 0.6931
[2023-05-27 13:38:07,166][__main__][INFO] - Test accuracy - 0.48655
[2023-05-27 13:38:07,435][__main__][INFO] - Iteration 0, epoch 292, train accuracy 0.50, loss 0.6931
[2023-05-27 13:38:20,051][__main__][INFO] - Test accuracy - 0.48655
[2023-05-27 13:38:20,344][__main__][INFO] - Iteration 0, epoch 293, train accuracy 0.50, loss 0.6931
[2023-05-27 13:38:32,843][__main__][INFO] - Test accuracy - 0.48655
[2023-05-27 13:38:33,110][__main__][INFO] - Iteration 0, epoch 294, train accuracy 0.49, loss 0.6932
[2023-05-27 13:38:45,548][__main__][INFO] - Test accuracy - 0.5134500000000001
[2023-05-27 13:38:45,861][__main__][INFO] - Iteration 0, epoch 295, train accuracy 0.50, loss 0.6932
[2023-05-27 13:38:58,396][__main__][INFO] - Test accuracy - 0.48655
[2023-05-27 13:38:58,655][__main__][INFO] - Iteration 0, epoch 296, train accuracy 0.50, loss 0.6931
[2023-05-27 13:39:11,137][__main__][INFO] - Test accuracy - 0.48655
[2023-05-27 13:39:11,400][__main__][INFO] - Iteration 0, epoch 297, train accuracy 0.50, loss 0.6932
[2023-05-27 13:39:23,812][__main__][INFO] - Test accuracy - 0.5134500000000001
[2023-05-27 13:39:24,087][__main__][INFO] - Iteration 0, epoch 298, train accuracy 0.50, loss 0.6931
[2023-05-27 13:39:36,542][__main__][INFO] - Test accuracy - 0.48655
[2023-05-27 13:39:36,810][__main__][INFO] - Iteration 0, epoch 299, train accuracy 0.51, loss 0.6931
[2023-05-27 13:39:49,389][__main__][INFO] - Test accuracy - 0.5134500000000001
[2023-05-27 13:39:49,658][__main__][INFO] - Iteration 0, epoch 300, train accuracy 0.50, loss 0.6931
[2023-05-27 13:40:02,136][__main__][INFO] - Test accuracy - 0.5134500000000001
[2023-05-27 13:40:02,414][__main__][INFO] - Iteration 0, epoch 301, train accuracy 0.50, loss 0.6931
[2023-05-27 13:40:14,972][__main__][INFO] - Test accuracy - 0.5134500000000001
[2023-05-27 13:40:15,261][__main__][INFO] - Iteration 0, epoch 302, train accuracy 0.50, loss 0.6931
[2023-05-27 13:40:27,645][__main__][INFO] - Test accuracy - 0.48655
[2023-05-27 13:40:27,921][__main__][INFO] - Iteration 0, epoch 303, train accuracy 0.50, loss 0.6931
[2023-05-27 13:40:40,385][__main__][INFO] - Test accuracy - 0.48655
[2023-05-27 13:40:40,675][__main__][INFO] - Iteration 0, epoch 304, train accuracy 0.50, loss 0.6931
[2023-05-27 13:40:53,222][__main__][INFO] - Test accuracy - 0.5134500000000001
[2023-05-27 13:40:53,489][__main__][INFO] - Iteration 0, epoch 305, train accuracy 0.50, loss 0.6931
[2023-05-27 13:41:06,127][__main__][INFO] - Test accuracy - 0.5134500000000001
[2023-05-27 13:41:06,431][__main__][INFO] - Iteration 0, epoch 306, train accuracy 0.51, loss 0.6931
[2023-05-27 13:41:19,065][__main__][INFO] - Test accuracy - 0.5134500000000001
[2023-05-27 13:41:19,333][__main__][INFO] - Iteration 0, epoch 307, train accuracy 0.50, loss 0.6931
[2023-05-27 13:41:31,852][__main__][INFO] - Test accuracy - 0.48655
[2023-05-27 13:41:32,110][__main__][INFO] - Iteration 0, epoch 308, train accuracy 0.50, loss 0.6931
[2023-05-27 13:41:44,606][__main__][INFO] - Test accuracy - 0.48655
[2023-05-27 13:41:44,873][__main__][INFO] - Iteration 0, epoch 309, train accuracy 0.50, loss 0.6931
[2023-05-27 13:41:57,362][__main__][INFO] - Test accuracy - 0.5134500000000001
[2023-05-27 13:41:57,620][__main__][INFO] - Iteration 0, epoch 310, train accuracy 0.49, loss 0.6931
[2023-05-27 13:42:10,215][__main__][INFO] - Test accuracy - 0.5134500000000001
[2023-05-27 13:42:10,490][__main__][INFO] - Iteration 0, epoch 311, train accuracy 0.50, loss 0.6931
[2023-05-27 13:42:22,981][__main__][INFO] - Test accuracy - 0.48655
[2023-05-27 13:42:23,247][__main__][INFO] - Iteration 0, epoch 312, train accuracy 0.49, loss 0.6931
[2023-05-27 13:42:35,815][__main__][INFO] - Test accuracy - 0.5134500000000001
[2023-05-27 13:42:36,121][__main__][INFO] - Iteration 0, epoch 313, train accuracy 0.50, loss 0.6931
[2023-05-27 13:42:48,622][__main__][INFO] - Test accuracy - 0.48655
[2023-05-27 13:42:48,887][__main__][INFO] - Iteration 0, epoch 314, train accuracy 0.49, loss 0.6932
[2023-05-27 13:43:01,489][__main__][INFO] - Test accuracy - 0.48655
[2023-05-27 13:43:01,805][__main__][INFO] - Iteration 0, epoch 315, train accuracy 0.51, loss 0.6931
[2023-05-27 13:43:14,312][__main__][INFO] - Test accuracy - 0.5134500000000001
[2023-05-27 13:43:14,577][__main__][INFO] - Iteration 0, epoch 316, train accuracy 0.49, loss 0.6931
[2023-05-27 13:43:27,091][__main__][INFO] - Test accuracy - 0.48655
[2023-05-27 13:43:27,398][__main__][INFO] - Iteration 0, epoch 317, train accuracy 0.50, loss 0.6931
[2023-05-27 13:43:40,025][__main__][INFO] - Test accuracy - 0.48655
[2023-05-27 13:43:40,297][__main__][INFO] - Iteration 0, epoch 318, train accuracy 0.50, loss 0.6931
[2023-05-27 13:43:52,787][__main__][INFO] - Test accuracy - 0.48655
[2023-05-27 13:43:53,083][__main__][INFO] - Iteration 0, epoch 319, train accuracy 0.50, loss 0.6932
[2023-05-27 13:44:05,590][__main__][INFO] - Test accuracy - 0.48655
[2023-05-27 13:44:05,859][__main__][INFO] - Iteration 0, epoch 320, train accuracy 0.50, loss 0.6931
[2023-05-27 13:44:18,300][__main__][INFO] - Test accuracy - 0.48655
[2023-05-27 13:44:18,565][__main__][INFO] - Iteration 0, epoch 321, train accuracy 0.50, loss 0.6931
[2023-05-27 13:44:30,940][__main__][INFO] - Test accuracy - 0.5134500000000001
[2023-05-27 13:44:31,207][__main__][INFO] - Iteration 0, epoch 322, train accuracy 0.51, loss 0.6931
[2023-05-27 13:44:43,652][__main__][INFO] - Test accuracy - 0.48655
[2023-05-27 13:44:43,903][__main__][INFO] - Iteration 0, epoch 323, train accuracy 0.50, loss 0.6931
[2023-05-27 13:44:56,412][__main__][INFO] - Test accuracy - 0.48655
[2023-05-27 13:44:56,674][__main__][INFO] - Iteration 0, epoch 324, train accuracy 0.51, loss 0.6931
[2023-05-27 13:45:09,268][__main__][INFO] - Test accuracy - 0.5134500000000001
[2023-05-27 13:45:09,529][__main__][INFO] - Iteration 0, epoch 325, train accuracy 0.50, loss 0.6931
[2023-05-27 13:45:22,018][__main__][INFO] - Test accuracy - 0.5134500000000001
[2023-05-27 13:45:22,312][__main__][INFO] - Iteration 0, epoch 326, train accuracy 0.49, loss 0.6932
[2023-05-27 13:45:34,747][__main__][INFO] - Test accuracy - 0.48655
[2023-05-27 13:45:35,030][__main__][INFO] - Iteration 0, epoch 327, train accuracy 0.50, loss 0.6932
[2023-05-27 13:45:47,615][__main__][INFO] - Test accuracy - 0.5134500000000001
[2023-05-27 13:45:47,917][__main__][INFO] - Iteration 0, epoch 328, train accuracy 0.50, loss 0.6931
[2023-05-27 13:46:00,384][__main__][INFO] - Test accuracy - 0.48655
[2023-05-27 13:46:00,661][__main__][INFO] - Iteration 0, epoch 329, train accuracy 0.49, loss 0.6931
[2023-05-27 13:46:13,144][__main__][INFO] - Test accuracy - 0.48655
[2023-05-27 13:46:13,440][__main__][INFO] - Iteration 0, epoch 330, train accuracy 0.50, loss 0.6931
[2023-05-27 13:46:25,839][__main__][INFO] - Test accuracy - 0.48655
[2023-05-27 13:46:26,120][__main__][INFO] - Iteration 0, epoch 331, train accuracy 0.50, loss 0.6931
[2023-05-27 13:46:38,596][__main__][INFO] - Test accuracy - 0.48655
[2023-05-27 13:46:38,862][__main__][INFO] - Iteration 0, epoch 332, train accuracy 0.50, loss 0.6931
[2023-05-27 13:46:51,433][__main__][INFO] - Test accuracy - 0.48655
[2023-05-27 13:46:51,698][__main__][INFO] - Iteration 0, epoch 333, train accuracy 0.51, loss 0.6931
[2023-05-27 13:47:04,181][__main__][INFO] - Test accuracy - 0.5134500000000001
[2023-05-27 13:47:04,461][__main__][INFO] - Iteration 0, epoch 334, train accuracy 0.50, loss 0.6931
[2023-05-27 13:47:17,009][__main__][INFO] - Test accuracy - 0.5134500000000001
[2023-05-27 13:47:17,262][__main__][INFO] - Iteration 0, epoch 335, train accuracy 0.50, loss 0.6931
[2023-05-27 13:47:29,701][__main__][INFO] - Test accuracy - 0.5134500000000001
[2023-05-27 13:47:29,980][__main__][INFO] - Iteration 0, epoch 336, train accuracy 0.50, loss 0.6931
[2023-05-27 13:47:42,499][__main__][INFO] - Test accuracy - 0.48655
[2023-05-27 13:47:42,810][__main__][INFO] - Iteration 0, epoch 337, train accuracy 0.50, loss 0.6931
[2023-05-27 13:47:55,279][__main__][INFO] - Test accuracy - 0.5134500000000001
[2023-05-27 13:47:55,541][__main__][INFO] - Iteration 0, epoch 338, train accuracy 0.49, loss 0.6931
[2023-05-27 13:48:08,069][__main__][INFO] - Test accuracy - 0.5134500000000001
[2023-05-27 13:48:08,393][__main__][INFO] - Iteration 0, epoch 339, train accuracy 0.50, loss 0.6931
[2023-05-27 13:48:20,820][__main__][INFO] - Test accuracy - 0.5134500000000001
[2023-05-27 13:48:21,092][__main__][INFO] - Iteration 0, epoch 340, train accuracy 0.50, loss 0.6931
[2023-05-27 13:48:33,527][__main__][INFO] - Test accuracy - 0.48655
[2023-05-27 13:48:33,836][__main__][INFO] - Iteration 0, epoch 341, train accuracy 0.50, loss 0.6931
[2023-05-27 13:48:46,367][__main__][INFO] - Test accuracy - 0.5134500000000001
[2023-05-27 13:48:46,618][__main__][INFO] - Iteration 0, epoch 342, train accuracy 0.51, loss 0.6931
[2023-05-27 13:48:59,114][__main__][INFO] - Test accuracy - 0.48655
[2023-05-27 13:48:59,404][__main__][INFO] - Iteration 0, epoch 343, train accuracy 0.49, loss 0.6931
[2023-05-27 13:49:11,903][__main__][INFO] - Test accuracy - 0.48655
[2023-05-27 13:49:12,185][__main__][INFO] - Iteration 0, epoch 344, train accuracy 0.50, loss 0.6931
[2023-05-27 13:49:24,728][__main__][INFO] - Test accuracy - 0.5134500000000001
[2023-05-27 13:49:24,985][__main__][INFO] - Iteration 0, epoch 345, train accuracy 0.50, loss 0.6931
[2023-05-27 13:49:37,520][__main__][INFO] - Test accuracy - 0.48655
[2023-05-27 13:49:37,792][__main__][INFO] - Iteration 0, epoch 346, train accuracy 0.51, loss 0.6931
[2023-05-27 13:49:50,337][__main__][INFO] - Test accuracy - 0.5134500000000001
[2023-05-27 13:49:50,585][__main__][INFO] - Iteration 0, epoch 347, train accuracy 0.50, loss 0.6931
[2023-05-27 13:50:03,192][__main__][INFO] - Test accuracy - 0.48655
[2023-05-27 13:50:03,458][__main__][INFO] - Iteration 0, epoch 348, train accuracy 0.50, loss 0.6931
[2023-05-27 13:50:16,015][__main__][INFO] - Test accuracy - 0.48655
[2023-05-27 13:50:16,292][__main__][INFO] - Iteration 0, epoch 349, train accuracy 0.49, loss 0.6932
[2023-05-27 13:50:28,725][__main__][INFO] - Test accuracy - 0.48655
[2023-05-27 13:50:29,045][__main__][INFO] - Iteration 0, epoch 350, train accuracy 0.49, loss 0.6931
[2023-05-27 13:50:41,442][__main__][INFO] - Test accuracy - 0.5134500000000001
[2023-05-27 13:50:41,711][__main__][INFO] - Iteration 0, epoch 351, train accuracy 0.50, loss 0.6931
[2023-05-27 13:50:54,119][__main__][INFO] - Test accuracy - 0.48655
[2023-05-27 13:50:54,424][__main__][INFO] - Iteration 0, epoch 352, train accuracy 0.49, loss 0.6931
[2023-05-27 13:51:07,031][__main__][INFO] - Test accuracy - 0.48655
[2023-05-27 13:51:07,294][__main__][INFO] - Iteration 0, epoch 353, train accuracy 0.51, loss 0.6931
[2023-05-27 13:51:19,793][__main__][INFO] - Test accuracy - 0.5134500000000001
[2023-05-27 13:51:20,105][__main__][INFO] - Iteration 0, epoch 354, train accuracy 0.50, loss 0.6931
[2023-05-27 13:51:32,490][__main__][INFO] - Test accuracy - 0.5134500000000001
[2023-05-27 13:51:32,763][__main__][INFO] - Iteration 0, epoch 355, train accuracy 0.51, loss 0.6931
[2023-05-27 13:51:45,194][__main__][INFO] - Test accuracy - 0.48655
[2023-05-27 13:51:45,494][__main__][INFO] - Iteration 0, epoch 356, train accuracy 0.50, loss 0.6931
[2023-05-27 13:51:58,073][__main__][INFO] - Test accuracy - 0.48655
[2023-05-27 13:51:58,343][__main__][INFO] - Iteration 0, epoch 357, train accuracy 0.50, loss 0.6931
[2023-05-27 13:52:10,776][__main__][INFO] - Test accuracy - 0.48655
[2023-05-27 13:52:11,049][__main__][INFO] - Iteration 0, epoch 358, train accuracy 0.50, loss 0.6931
[2023-05-27 13:52:23,458][__main__][INFO] - Test accuracy - 0.5134500000000001
[2023-05-27 13:52:23,715][__main__][INFO] - Iteration 0, epoch 359, train accuracy 0.50, loss 0.6931
[2023-05-27 13:52:36,106][__main__][INFO] - Test accuracy - 0.48655
[2023-05-27 13:52:36,376][__main__][INFO] - Iteration 0, epoch 360, train accuracy 0.50, loss 0.6931
[2023-05-27 13:52:48,833][__main__][INFO] - Test accuracy - 0.5134500000000001
[2023-05-27 13:52:49,135][__main__][INFO] - Iteration 0, epoch 361, train accuracy 0.50, loss 0.6931
[2023-05-27 13:53:01,603][__main__][INFO] - Test accuracy - 0.48655
[2023-05-27 13:53:01,878][__main__][INFO] - Iteration 0, epoch 362, train accuracy 0.51, loss 0.6931
[2023-05-27 13:53:14,372][__main__][INFO] - Test accuracy - 0.5134500000000001
[2023-05-27 13:53:14,640][__main__][INFO] - Iteration 0, epoch 363, train accuracy 0.49, loss 0.6932
[2023-05-27 13:53:27,369][__main__][INFO] - Test accuracy - 0.5134500000000001
[2023-05-27 13:53:27,617][__main__][INFO] - Iteration 0, epoch 364, train accuracy 0.51, loss 0.6931
[2023-05-27 13:53:40,068][__main__][INFO] - Test accuracy - 0.48655
[2023-05-27 13:53:40,387][__main__][INFO] - Iteration 0, epoch 365, train accuracy 0.51, loss 0.6931
[2023-05-27 13:53:52,050][__main__][INFO] - Test accuracy - 0.48655
[2023-05-27 13:53:52,284][__main__][INFO] - Iteration 0, epoch 366, train accuracy 0.50, loss 0.6931
[2023-05-27 13:54:04,185][__main__][INFO] - Test accuracy - 0.48655
[2023-05-27 13:54:04,414][__main__][INFO] - Iteration 0, epoch 367, train accuracy 0.50, loss 0.6931
[2023-05-27 13:54:16,473][__main__][INFO] - Test accuracy - 0.5134500000000001
[2023-05-27 13:54:16,662][__main__][INFO] - Iteration 0, epoch 368, train accuracy 0.50, loss 0.6931
[2023-05-27 13:54:29,051][__main__][INFO] - Test accuracy - 0.48655
[2023-05-27 13:54:29,250][__main__][INFO] - Iteration 0, epoch 369, train accuracy 0.50, loss 0.6931
[2023-05-27 13:54:41,253][__main__][INFO] - Test accuracy - 0.5134500000000001
[2023-05-27 13:54:41,463][__main__][INFO] - Iteration 0, epoch 370, train accuracy 0.50, loss 0.6931
[2023-05-27 13:54:53,453][__main__][INFO] - Test accuracy - 0.5134500000000001
[2023-05-27 13:54:53,834][__main__][INFO] - Iteration 0, epoch 371, train accuracy 0.49, loss 0.6932
