[2023-05-23 12:00:56,420][__main__][INFO] - Net(
  (fc1): Linear(in_features=17, out_features=34, bias=True)
  (fc2): Linear(in_features=34, out_features=34, bias=True)
  (fc3): Linear(in_features=34, out_features=1, bias=True)
  (dropout): Dropout(p=0.2, inplace=False)
  (act1): ReLU()
)
[2023-05-23 12:00:57,290][__main__][INFO] - Iteration 0, epoch 0, train accuracy 0.50, loss 0.6932
[2023-05-23 12:01:00,237][__main__][INFO] - Test accuracy - 0.6289897333161002
[2023-05-23 12:01:00,334][__main__][INFO] - Iteration 0, epoch 1, train accuracy 0.59, loss 0.6893
[2023-05-23 12:01:03,122][__main__][INFO] - Test accuracy - 0.6202339795786481
[2023-05-23 12:01:03,173][__main__][INFO] - Iteration 0, epoch 2, train accuracy 0.61, loss 0.6807
[2023-05-23 12:01:06,042][__main__][INFO] - Test accuracy - 0.6452679074576709
[2023-05-23 12:01:06,140][__main__][INFO] - Iteration 0, epoch 3, train accuracy 0.64, loss 0.6630
[2023-05-23 12:01:08,966][__main__][INFO] - Test accuracy - 0.6767017039334797
[2023-05-23 12:01:09,017][__main__][INFO] - Iteration 0, epoch 4, train accuracy 0.67, loss 0.6318
[2023-05-23 12:01:11,772][__main__][INFO] - Test accuracy - 0.6891994980828056
[2023-05-23 12:01:11,862][__main__][INFO] - Iteration 0, epoch 5, train accuracy 0.68, loss 0.6043
[2023-05-23 12:01:14,689][__main__][INFO] - Test accuracy - 0.6999540993494464
[2023-05-23 12:01:14,743][__main__][INFO] - Iteration 0, epoch 6, train accuracy 0.70, loss 0.5838
[2023-05-23 12:01:17,445][__main__][INFO] - Test accuracy - 0.7121942958080221
[2023-05-23 12:01:17,503][__main__][INFO] - Iteration 0, epoch 7, train accuracy 0.72, loss 0.5686
[2023-05-23 12:01:20,269][__main__][INFO] - Test accuracy - 0.7203209103442334
[2023-05-23 12:01:20,319][__main__][INFO] - Iteration 0, epoch 8, train accuracy 0.72, loss 0.5529
[2023-05-23 12:01:23,173][__main__][INFO] - Test accuracy - 0.7263629615268623
[2023-05-23 12:01:23,259][__main__][INFO] - Iteration 0, epoch 9, train accuracy 0.72, loss 0.5466
[2023-05-23 12:01:26,340][__main__][INFO] - Test accuracy - 0.7299813299728576
[2023-05-23 12:01:26,432][__main__][INFO] - Iteration 0, epoch 10, train accuracy 0.73, loss 0.5385
[2023-05-23 12:01:29,536][__main__][INFO] - Test accuracy - 0.7350433199775969
[2023-05-23 12:01:29,607][__main__][INFO] - Iteration 0, epoch 11, train accuracy 0.73, loss 0.5351
[2023-05-23 12:01:32,519][__main__][INFO] - Test accuracy - 0.7381988647623972
[2023-05-23 12:01:32,601][__main__][INFO] - Iteration 0, epoch 12, train accuracy 0.74, loss 0.5277
[2023-05-23 12:01:35,516][__main__][INFO] - Test accuracy - 0.739936172504416
[2023-05-23 12:01:35,580][__main__][INFO] - Iteration 0, epoch 13, train accuracy 0.74, loss 0.5285
[2023-05-23 12:01:38,369][__main__][INFO] - Test accuracy - 0.7414258519667398
[2023-05-23 12:01:38,454][__main__][INFO] - Iteration 0, epoch 14, train accuracy 0.73, loss 0.5346
[2023-05-23 12:01:41,284][__main__][INFO] - Test accuracy - 0.7430298156046702
[2023-05-23 12:01:41,337][__main__][INFO] - Iteration 0, epoch 15, train accuracy 0.73, loss 0.5296
[2023-05-23 12:01:44,506][__main__][INFO] - Test accuracy - 0.7442137197880316
[2023-05-23 12:01:44,620][__main__][INFO] - Iteration 0, epoch 16, train accuracy 0.74, loss 0.5290
[2023-05-23 12:01:47,437][__main__][INFO] - Test accuracy - 0.7459431993451381
[2023-05-23 12:01:47,494][__main__][INFO] - Iteration 0, epoch 17, train accuracy 0.75, loss 0.5193
[2023-05-23 12:01:50,309][__main__][INFO] - Test accuracy - 0.747957813105855
[2023-05-23 12:01:50,359][__main__][INFO] - Iteration 0, epoch 18, train accuracy 0.74, loss 0.5223
[2023-05-23 12:01:53,320][__main__][INFO] - Test accuracy - 0.7486845698160356
[2023-05-23 12:01:53,380][__main__][INFO] - Iteration 0, epoch 19, train accuracy 0.75, loss 0.5221
[2023-05-23 12:01:56,236][__main__][INFO] - Test accuracy - 0.7498501055534015
[2023-05-23 12:01:56,294][__main__][INFO] - Iteration 0, epoch 20, train accuracy 0.75, loss 0.5165
[2023-05-23 12:01:59,122][__main__][INFO] - Test accuracy - 0.7508109646288398
[2023-05-23 12:01:59,178][__main__][INFO] - Iteration 0, epoch 21, train accuracy 0.75, loss 0.5140
[2023-05-23 12:02:02,096][__main__][INFO] - Test accuracy - 0.7522415966567576
[2023-05-23 12:02:02,166][__main__][INFO] - Iteration 0, epoch 22, train accuracy 0.75, loss 0.5075
[2023-05-23 12:02:05,000][__main__][INFO] - Test accuracy - 0.7532394554306149
[2023-05-23 12:02:05,079][__main__][INFO] - Iteration 0, epoch 23, train accuracy 0.75, loss 0.5139
[2023-05-23 12:02:07,988][__main__][INFO] - Test accuracy - 0.7541073521175305
[2023-05-23 12:02:08,043][__main__][INFO] - Iteration 0, epoch 24, train accuracy 0.75, loss 0.5146
[2023-05-23 12:02:11,175][__main__][INFO] - Test accuracy - 0.7550961311447159
[2023-05-23 12:02:11,255][__main__][INFO] - Iteration 0, epoch 25, train accuracy 0.76, loss 0.5050
[2023-05-23 12:02:14,336][__main__][INFO] - Test accuracy - 0.7559445392270906
[2023-05-23 12:02:14,390][__main__][INFO] - Iteration 0, epoch 26, train accuracy 0.75, loss 0.5131
[2023-05-23 12:02:17,300][__main__][INFO] - Test accuracy - 0.7567270819869889
[2023-05-23 12:02:17,380][__main__][INFO] - Iteration 0, epoch 27, train accuracy 0.75, loss 0.5063
[2023-05-23 12:02:20,293][__main__][INFO] - Test accuracy - 0.7576558700616087
[2023-05-23 12:02:20,349][__main__][INFO] - Iteration 0, epoch 28, train accuracy 0.75, loss 0.5065
[2023-05-23 12:02:23,266][__main__][INFO] - Test accuracy - 0.7574621278704063
[2023-05-23 12:02:23,356][__main__][INFO] - Iteration 0, epoch 29, train accuracy 0.75, loss 0.5159
[2023-05-23 12:02:26,324][__main__][INFO] - Test accuracy - 0.7585759402869328
[2023-05-23 12:02:26,377][__main__][INFO] - Iteration 0, epoch 30, train accuracy 0.76, loss 0.5022
[2023-05-23 12:02:29,472][__main__][INFO] - Test accuracy - 0.7594186937228039
[2023-05-23 12:02:29,525][__main__][INFO] - Iteration 0, epoch 31, train accuracy 0.76, loss 0.5073
[2023-05-23 12:02:32,415][__main__][INFO] - Test accuracy - 0.7596192538020765
[2023-05-23 12:02:32,466][__main__][INFO] - Iteration 0, epoch 32, train accuracy 0.76, loss 0.5143
[2023-05-23 12:02:35,367][__main__][INFO] - Test accuracy - 0.7601985136357761
[2023-05-23 12:02:35,418][__main__][INFO] - Iteration 0, epoch 33, train accuracy 0.76, loss 0.5097
[2023-05-23 12:02:38,287][__main__][INFO] - Test accuracy - 0.7605646094524148
[2023-05-23 12:02:38,363][__main__][INFO] - Iteration 0, epoch 34, train accuracy 0.77, loss 0.4971
[2023-05-23 12:02:41,362][__main__][INFO] - Test accuracy - 0.7610122269613545
[2023-05-23 12:02:41,426][__main__][INFO] - Iteration 0, epoch 35, train accuracy 0.76, loss 0.4971
[2023-05-23 12:02:44,462][__main__][INFO] - Test accuracy - 0.7616391043039938
[2023-05-23 12:02:44,544][__main__][INFO] - Iteration 0, epoch 36, train accuracy 0.76, loss 0.5007
[2023-05-23 12:02:47,366][__main__][INFO] - Test accuracy - 0.7616412455301366
[2023-05-23 12:02:47,416][__main__][INFO] - Iteration 0, epoch 37, train accuracy 0.76, loss 0.5064
[2023-05-23 12:02:50,175][__main__][INFO] - Test accuracy - 0.7623512364827022
[2023-05-23 12:02:50,255][__main__][INFO] - Iteration 0, epoch 38, train accuracy 0.77, loss 0.4882
[2023-05-23 12:02:53,113][__main__][INFO] - Test accuracy - 0.762856100555771
[2023-05-23 12:02:53,168][__main__][INFO] - Iteration 0, epoch 39, train accuracy 0.77, loss 0.4961
[2023-05-23 12:02:56,053][__main__][INFO] - Test accuracy - 0.7633125673172202
[2023-05-23 12:02:56,134][__main__][INFO] - Iteration 0, epoch 40, train accuracy 0.75, loss 0.5042
[2023-05-23 12:02:59,022][__main__][INFO] - Test accuracy - 0.763643067941924
[2023-05-23 12:02:59,074][__main__][INFO] - Iteration 0, epoch 41, train accuracy 0.76, loss 0.5033
[2023-05-23 12:03:02,142][__main__][INFO] - Test accuracy - 0.7639718667872991
[2023-05-23 12:03:02,204][__main__][INFO] - Iteration 0, epoch 42, train accuracy 0.76, loss 0.5019
[2023-05-23 12:03:05,314][__main__][INFO] - Test accuracy - 0.7642622269613545
[2023-05-23 12:03:05,372][__main__][INFO] - Iteration 0, epoch 43, train accuracy 0.76, loss 0.5023
[2023-05-23 12:03:08,498][__main__][INFO] - Test accuracy - 0.7644959006505536
[2023-05-23 12:03:08,549][__main__][INFO] - Iteration 0, epoch 44, train accuracy 0.76, loss 0.5019
[2023-05-23 12:03:11,353][__main__][INFO] - Test accuracy - 0.7647627978113825
[2023-05-23 12:03:11,412][__main__][INFO] - Iteration 0, epoch 45, train accuracy 0.76, loss 0.4963
[2023-05-23 12:03:14,209][__main__][INFO] - Test accuracy - 0.7649635883848176
[2023-05-23 12:03:14,258][__main__][INFO] - Iteration 0, epoch 46, train accuracy 0.77, loss 0.4954
[2023-05-23 12:03:17,037][__main__][INFO] - Test accuracy - 0.7654654991167981
[2023-05-23 12:03:17,119][__main__][INFO] - Iteration 0, epoch 47, train accuracy 0.77, loss 0.4950
[2023-05-23 12:03:19,836][__main__][INFO] - Test accuracy - 0.7654219766490027
[2023-05-23 12:03:19,885][__main__][INFO] - Iteration 0, epoch 48, train accuracy 0.76, loss 0.4977
[2023-05-23 12:03:22,675][__main__][INFO] - Test accuracy - 0.7658604153203223
[2023-05-23 12:03:22,765][__main__][INFO] - Iteration 0, epoch 49, train accuracy 0.77, loss 0.4924
[2023-05-23 12:03:25,642][__main__][INFO] - Test accuracy - 0.7658412563008918
[2023-05-23 12:03:25,693][__main__][INFO] - Iteration 0, epoch 50, train accuracy 0.76, loss 0.4976
[2023-05-23 12:03:28,467][__main__][INFO] - Test accuracy - 0.7662124466847616
[2023-05-23 12:03:28,547][__main__][INFO] - Iteration 0, epoch 51, train accuracy 0.76, loss 0.5097
[2023-05-23 12:03:31,363][__main__][INFO] - Test accuracy - 0.7667448688122012
[2023-05-23 12:03:31,422][__main__][INFO] - Iteration 0, epoch 52, train accuracy 0.77, loss 0.4927
[2023-05-23 12:03:34,205][__main__][INFO] - Test accuracy - 0.7666319352893025
[2023-05-23 12:03:34,304][__main__][INFO] - Iteration 0, epoch 53, train accuracy 0.76, loss 0.5008
[2023-05-23 12:03:37,177][__main__][INFO] - Test accuracy - 0.7669129076730861
[2023-05-23 12:03:37,227][__main__][INFO] - Iteration 0, epoch 54, train accuracy 0.77, loss 0.4819
[2023-05-23 12:03:39,991][__main__][INFO] - Test accuracy - 0.767482967127655
[2023-05-23 12:03:40,041][__main__][INFO] - Iteration 0, epoch 55, train accuracy 0.77, loss 0.4977
[2023-05-23 12:03:42,901][__main__][INFO] - Test accuracy - 0.7672446598595495
[2023-05-23 12:03:42,950][__main__][INFO] - Iteration 0, epoch 56, train accuracy 0.77, loss 0.4960
[2023-05-23 12:03:45,824][__main__][INFO] - Test accuracy - 0.7678401253715911
[2023-05-23 12:03:45,875][__main__][INFO] - Iteration 0, epoch 57, train accuracy 0.77, loss 0.4888
[2023-05-23 12:03:48,601][__main__][INFO] - Test accuracy - 0.7682795635689975
[2023-05-23 12:03:48,681][__main__][INFO] - Iteration 0, epoch 58, train accuracy 0.76, loss 0.4924
[2023-05-23 12:03:51,552][__main__][INFO] - Test accuracy - 0.7682660807375813
[2023-05-23 12:03:51,608][__main__][INFO] - Iteration 0, epoch 59, train accuracy 0.78, loss 0.4831
[2023-05-23 12:03:54,456][__main__][INFO] - Test accuracy - 0.7685822971866787
[2023-05-23 12:03:54,536][__main__][INFO] - Iteration 0, epoch 60, train accuracy 0.76, loss 0.4996
[2023-05-23 12:03:57,298][__main__][INFO] - Test accuracy - 0.7684969217181509
[2023-05-23 12:03:57,347][__main__][INFO] - Iteration 0, epoch 61, train accuracy 0.77, loss 0.4905
[2023-05-23 12:04:00,138][__main__][INFO] - Test accuracy - 0.7686373917539098
[2023-05-23 12:04:00,218][__main__][INFO] - Iteration 0, epoch 62, train accuracy 0.77, loss 0.4968
[2023-05-23 12:04:02,922][__main__][INFO] - Test accuracy - 0.7688375231571238
[2023-05-23 12:04:02,975][__main__][INFO] - Iteration 0, epoch 63, train accuracy 0.77, loss 0.4896
[2023-05-23 12:04:05,939][__main__][INFO] - Test accuracy - 0.7691229977165999
[2023-05-23 12:04:06,019][__main__][INFO] - Iteration 0, epoch 64, train accuracy 0.77, loss 0.4927
[2023-05-23 12:04:08,826][__main__][INFO] - Test accuracy - 0.76913581060704
[2023-05-23 12:04:08,875][__main__][INFO] - Iteration 0, epoch 65, train accuracy 0.78, loss 0.4868
[2023-05-23 12:04:11,963][__main__][INFO] - Test accuracy - 0.7695140278316316
[2023-05-23 12:04:12,018][__main__][INFO] - Iteration 0, epoch 66, train accuracy 0.77, loss 0.4858
[2023-05-23 12:04:15,592][__main__][INFO] - Test accuracy - 0.7694021369178405
[2023-05-23 12:04:15,646][__main__][INFO] - Iteration 0, epoch 67, train accuracy 0.77, loss 0.4889
[2023-05-23 12:04:18,799][__main__][INFO] - Test accuracy - 0.7696410258067296
[2023-05-23 12:04:18,849][__main__][INFO] - Iteration 0, epoch 68, train accuracy 0.77, loss 0.4918
[2023-05-23 12:04:21,824][__main__][INFO] - Test accuracy - 0.7695175412519926
[2023-05-23 12:04:21,886][__main__][INFO] - Iteration 0, epoch 69, train accuracy 0.76, loss 0.4940
[2023-05-23 12:04:24,918][__main__][INFO] - Test accuracy - 0.7700453405712809
[2023-05-23 12:04:24,982][__main__][INFO] - Iteration 0, epoch 70, train accuracy 0.77, loss 0.4846
[2023-05-23 12:04:28,517][__main__][INFO] - Test accuracy - 0.7700826375425445
[2023-05-23 12:04:28,601][__main__][INFO] - Iteration 0, epoch 71, train accuracy 0.77, loss 0.4895
[2023-05-23 12:04:31,701][__main__][INFO] - Test accuracy - 0.7703914760242988
[2023-05-23 12:04:31,757][__main__][INFO] - Iteration 0, epoch 72, train accuracy 0.77, loss 0.4866
[2023-05-23 12:04:34,772][__main__][INFO] - Test accuracy - 0.7702339989660074
[2023-05-23 12:04:34,853][__main__][INFO] - Iteration 0, epoch 73, train accuracy 0.77, loss 0.4902
[2023-05-23 12:04:37,873][__main__][INFO] - Test accuracy - 0.7703297940631596
[2023-05-23 12:04:37,925][__main__][INFO] - Iteration 0, epoch 74, train accuracy 0.78, loss 0.4793
[2023-05-23 12:04:40,864][__main__][INFO] - Test accuracy - 0.7703354702511739
[2023-05-23 12:04:40,952][__main__][INFO] - Iteration 0, epoch 75, train accuracy 0.77, loss 0.4886
[2023-05-23 12:04:44,024][__main__][INFO] - Test accuracy - 0.7703477122915859
[2023-05-23 12:04:44,079][__main__][INFO] - Iteration 0, epoch 76, train accuracy 0.77, loss 0.4854
[2023-05-23 12:04:47,071][__main__][INFO] - Test accuracy - 0.7706661905992848
[2023-05-23 12:04:47,171][__main__][INFO] - Iteration 0, epoch 77, train accuracy 0.77, loss 0.4948
[2023-05-23 12:04:50,284][__main__][INFO] - Test accuracy - 0.77044973288527
[2023-05-23 12:04:50,343][__main__][INFO] - Iteration 0, epoch 78, train accuracy 0.77, loss 0.4872
[2023-05-23 12:04:53,179][__main__][INFO] - Test accuracy - 0.7708226573607342
[2023-05-23 12:04:53,230][__main__][INFO] - Iteration 0, epoch 79, train accuracy 0.76, loss 0.4918
[2023-05-23 12:04:56,304][__main__][INFO] - Test accuracy - 0.7711788936280212
[2023-05-23 12:04:56,360][__main__][INFO] - Iteration 0, epoch 80, train accuracy 0.77, loss 0.4825
[2023-05-23 12:04:59,449][__main__][INFO] - Test accuracy - 0.7709278617896688
[2023-05-23 12:04:59,509][__main__][INFO] - Iteration 0, epoch 81, train accuracy 0.76, loss 0.4970
[2023-05-23 12:05:02,562][__main__][INFO] - Test accuracy - 0.7712570117616648
[2023-05-23 12:05:02,617][__main__][INFO] - Iteration 0, epoch 82, train accuracy 0.77, loss 0.4896
[2023-05-23 12:05:05,509][__main__][INFO] - Test accuracy - 0.771359043126104
[2023-05-23 12:05:05,559][__main__][INFO] - Iteration 0, epoch 83, train accuracy 0.77, loss 0.4899
[2023-05-23 12:05:08,396][__main__][INFO] - Test accuracy - 0.7712656305200121
[2023-05-23 12:05:08,483][__main__][INFO] - Iteration 0, epoch 84, train accuracy 0.77, loss 0.4886
[2023-05-23 12:05:11,278][__main__][INFO] - Test accuracy - 0.7715457800180948
[2023-05-23 12:05:11,330][__main__][INFO] - Iteration 0, epoch 85, train accuracy 0.77, loss 0.4859
[2023-05-23 12:05:14,211][__main__][INFO] - Test accuracy - 0.7716610960320538
[2023-05-23 12:05:14,321][__main__][INFO] - Iteration 0, epoch 86, train accuracy 0.77, loss 0.4855
[2023-05-23 12:05:17,168][__main__][INFO] - Test accuracy - 0.7717039377881177
[2023-05-23 12:05:17,222][__main__][INFO] - Iteration 0, epoch 87, train accuracy 0.76, loss 0.4966
[2023-05-23 12:05:20,147][__main__][INFO] - Test accuracy - 0.7716963508681228
[2023-05-23 12:05:20,228][__main__][INFO] - Iteration 0, epoch 88, train accuracy 0.77, loss 0.4844
[2023-05-23 12:05:23,067][__main__][INFO] - Test accuracy - 0.7716132480289518
[2023-05-23 12:05:23,127][__main__][INFO] - Iteration 0, epoch 89, train accuracy 0.78, loss 0.4800
[2023-05-23 12:05:26,123][__main__][INFO] - Test accuracy - 0.7719861509629056
[2023-05-23 12:05:26,175][__main__][INFO] - Iteration 0, epoch 90, train accuracy 0.77, loss 0.4842
[2023-05-23 12:05:29,202][__main__][INFO] - Test accuracy - 0.7721092843910216
[2023-05-23 12:05:29,256][__main__][INFO] - Iteration 0, epoch 91, train accuracy 0.77, loss 0.4815
[2023-05-23 12:05:32,082][__main__][INFO] - Test accuracy - 0.7725491835767524
[2023-05-23 12:05:32,136][__main__][INFO] - Iteration 0, epoch 92, train accuracy 0.77, loss 0.4908
[2023-05-23 12:05:34,956][__main__][INFO] - Test accuracy - 0.7723209555814053
[2023-05-23 12:05:35,009][__main__][INFO] - Iteration 0, epoch 93, train accuracy 0.77, loss 0.4867
[2023-05-23 12:05:37,815][__main__][INFO] - Test accuracy - 0.772566640816854
[2023-05-23 12:05:37,865][__main__][INFO] - Iteration 0, epoch 94, train accuracy 0.77, loss 0.4941
[2023-05-23 12:05:40,711][__main__][INFO] - Test accuracy - 0.7722920468743268
[2023-05-23 12:05:40,809][__main__][INFO] - Iteration 0, epoch 95, train accuracy 0.77, loss 0.4862
[2023-05-23 12:05:43,790][__main__][INFO] - Test accuracy - 0.7724867218129335
[2023-05-23 12:05:43,840][__main__][INFO] - Iteration 0, epoch 96, train accuracy 0.78, loss 0.4810
[2023-05-23 12:05:46,790][__main__][INFO] - Test accuracy - 0.7727200443755117
[2023-05-23 12:05:46,879][__main__][INFO] - Iteration 0, epoch 97, train accuracy 0.77, loss 0.4796
[2023-05-23 12:05:49,815][__main__][INFO] - Test accuracy - 0.7727927275860584
[2023-05-23 12:05:49,875][__main__][INFO] - Iteration 0, epoch 98, train accuracy 0.77, loss 0.4829
[2023-05-23 12:05:52,743][__main__][INFO] - Test accuracy - 0.7731692538020767
[2023-05-23 12:05:52,846][__main__][INFO] - Iteration 0, epoch 99, train accuracy 0.77, loss 0.4910
[2023-05-23 12:05:55,810][__main__][INFO] - Test accuracy - 0.7728441881004696
[2023-05-23 12:05:55,814][__main__][INFO] - Total time 299.3947 seconds
