[2023-05-16 12:27:49,551][__main__][INFO] - Net(
  (fc1): Linear(in_features=17, out_features=102, bias=True)
  (fc2): Linear(in_features=102, out_features=102, bias=True)
  (fc3): Linear(in_features=102, out_features=102, bias=True)
  (fc4): Linear(in_features=102, out_features=102, bias=True)
  (fc5): Linear(in_features=102, out_features=102, bias=True)
  (fc6): Linear(in_features=102, out_features=102, bias=True)
  (fc7): Linear(in_features=102, out_features=102, bias=True)
  (fc8): Linear(in_features=102, out_features=102, bias=True)
  (fc9): Linear(in_features=102, out_features=1, bias=True)
  (act1): ReLU()
)
[2023-05-16 12:27:50,420][__main__][INFO] - Iteration 0, epoch 0, train accuracy 0.50, loss 0.5000
[2023-05-16 12:27:53,090][__main__][INFO] - Test accuracy - 0.5134500000000001
[2023-05-16 12:27:53,175][__main__][INFO] - Iteration 0, epoch 1, train accuracy 0.50, loss 0.5001
[2023-05-16 12:27:55,852][__main__][INFO] - Test accuracy - 0.5134500000000001
[2023-05-16 12:27:55,909][__main__][INFO] - Iteration 0, epoch 2, train accuracy 0.50, loss 0.5001
[2023-05-16 12:27:58,645][__main__][INFO] - Test accuracy - 0.5134500000000001
[2023-05-16 12:27:58,736][__main__][INFO] - Iteration 0, epoch 3, train accuracy 0.50, loss 0.4999
[2023-05-16 12:28:01,635][__main__][INFO] - Test accuracy - 0.5134500000000001
[2023-05-16 12:28:01,705][__main__][INFO] - Iteration 0, epoch 4, train accuracy 0.49, loss 0.5003
[2023-05-16 12:28:04,547][__main__][INFO] - Test accuracy - 0.5134500000000001
[2023-05-16 12:28:04,643][__main__][INFO] - Iteration 0, epoch 5, train accuracy 0.51, loss 0.4998
[2023-05-16 12:28:07,519][__main__][INFO] - Test accuracy - 0.5134500000000001
[2023-05-16 12:28:07,582][__main__][INFO] - Iteration 0, epoch 6, train accuracy 0.50, loss 0.5000
[2023-05-16 12:28:10,537][__main__][INFO] - Test accuracy - 0.5134500000000001
[2023-05-16 12:28:10,601][__main__][INFO] - Iteration 0, epoch 7, train accuracy 0.50, loss 0.5001
