[2023-05-23 10:10:44,031][__main__][INFO] - Net(
  (fc1): Linear(in_features=17, out_features=34, bias=True)
  (fc2): Linear(in_features=34, out_features=34, bias=True)
  (fc3): Linear(in_features=34, out_features=1, bias=True)
  (dropout): Dropout(p=0, inplace=False)
  (act1): ReLU()
)
[2023-05-23 10:10:44,900][__main__][INFO] - Iteration 0, epoch 0, train accuracy 0.50, loss 0.6938
[2023-05-23 10:10:47,581][__main__][INFO] - Test accuracy - 0.5704483369953901
[2023-05-23 10:10:47,672][__main__][INFO] - Iteration 0, epoch 1, train accuracy 0.59, loss 0.6891
[2023-05-23 10:10:50,262][__main__][INFO] - Test accuracy - 0.6536806664943344
[2023-05-23 10:10:50,310][__main__][INFO] - Iteration 0, epoch 2, train accuracy 0.67, loss 0.6803
[2023-05-23 10:10:53,101][__main__][INFO] - Test accuracy - 0.6760681185644737
[2023-05-23 10:10:53,210][__main__][INFO] - Iteration 0, epoch 3, train accuracy 0.67, loss 0.6609
[2023-05-23 10:10:56,438][__main__][INFO] - Test accuracy - 0.685294952824092
[2023-05-23 10:10:56,507][__main__][INFO] - Iteration 0, epoch 4, train accuracy 0.69, loss 0.6283
[2023-05-23 10:10:59,623][__main__][INFO] - Test accuracy - 0.6961731377364181
[2023-05-23 10:10:59,735][__main__][INFO] - Iteration 0, epoch 5, train accuracy 0.71, loss 0.5928
[2023-05-23 10:11:03,048][__main__][INFO] - Test accuracy - 0.7025364999353756
[2023-05-23 10:11:03,105][__main__][INFO] - Iteration 0, epoch 6, train accuracy 0.70, loss 0.5756
[2023-05-23 10:11:06,078][__main__][INFO] - Test accuracy - 0.711184985567188
[2023-05-23 10:11:06,139][__main__][INFO] - Iteration 0, epoch 7, train accuracy 0.72, loss 0.5616
[2023-05-23 10:11:09,011][__main__][INFO] - Test accuracy - 0.717033843867132
[2023-05-23 10:11:09,079][__main__][INFO] - Iteration 0, epoch 8, train accuracy 0.72, loss 0.5516
[2023-05-23 10:11:11,756][__main__][INFO] - Test accuracy - 0.7247314398345612
[2023-05-23 10:11:11,816][__main__][INFO] - Iteration 0, epoch 9, train accuracy 0.72, loss 0.5413
[2023-05-23 10:11:14,489][__main__][INFO] - Test accuracy - 0.7282620503209685
[2023-05-23 10:11:14,575][__main__][INFO] - Iteration 0, epoch 10, train accuracy 0.73, loss 0.5381
[2023-05-23 10:11:17,253][__main__][INFO] - Test accuracy - 0.7312352936107881
[2023-05-23 10:11:17,303][__main__][INFO] - Iteration 0, epoch 11, train accuracy 0.73, loss 0.5378
[2023-05-23 10:11:20,084][__main__][INFO] - Test accuracy - 0.7319442634957563
[2023-05-23 10:11:20,160][__main__][INFO] - Iteration 0, epoch 12, train accuracy 0.74, loss 0.5251
[2023-05-23 10:11:22,804][__main__][INFO] - Test accuracy - 0.7338025311274827
[2023-05-23 10:11:22,852][__main__][INFO] - Iteration 0, epoch 13, train accuracy 0.73, loss 0.5361
[2023-05-23 10:11:25,539][__main__][INFO] - Test accuracy - 0.735736084184223
[2023-05-23 10:11:25,624][__main__][INFO] - Iteration 0, epoch 14, train accuracy 0.74, loss 0.5290
[2023-05-23 10:11:28,451][__main__][INFO] - Test accuracy - 0.736659217612339
[2023-05-23 10:11:28,502][__main__][INFO] - Iteration 0, epoch 15, train accuracy 0.74, loss 0.5291
[2023-05-23 10:11:31,427][__main__][INFO] - Test accuracy - 0.7393291564344492
[2023-05-23 10:11:31,516][__main__][INFO] - Iteration 0, epoch 16, train accuracy 0.74, loss 0.5188
[2023-05-23 10:11:34,395][__main__][INFO] - Test accuracy - 0.7390150036620567
[2023-05-23 10:11:34,451][__main__][INFO] - Iteration 0, epoch 17, train accuracy 0.74, loss 0.5227
[2023-05-23 10:11:37,276][__main__][INFO] - Test accuracy - 0.7411323294989445
[2023-05-23 10:11:37,331][__main__][INFO] - Iteration 0, epoch 18, train accuracy 0.74, loss 0.5231
[2023-05-23 10:11:40,125][__main__][INFO] - Test accuracy - 0.7415020701391583
[2023-05-23 10:11:40,175][__main__][INFO] - Iteration 0, epoch 19, train accuracy 0.75, loss 0.5134
[2023-05-23 10:11:43,080][__main__][INFO] - Test accuracy - 0.7430811985696437
[2023-05-23 10:11:43,144][__main__][INFO] - Iteration 0, epoch 20, train accuracy 0.73, loss 0.5291
[2023-05-23 10:11:46,022][__main__][INFO] - Test accuracy - 0.7435622700443756
[2023-05-23 10:11:46,079][__main__][INFO] - Iteration 0, epoch 21, train accuracy 0.75, loss 0.5192
[2023-05-23 10:11:49,000][__main__][INFO] - Test accuracy - 0.7458117982852959
[2023-05-23 10:11:49,056][__main__][INFO] - Iteration 0, epoch 22, train accuracy 0.75, loss 0.5156
[2023-05-23 10:11:51,944][__main__][INFO] - Test accuracy - 0.7458375446986344
[2023-05-23 10:11:52,027][__main__][INFO] - Iteration 0, epoch 23, train accuracy 0.75, loss 0.5169
[2023-05-23 10:11:54,701][__main__][INFO] - Test accuracy - 0.7470440006893282
[2023-05-23 10:11:54,761][__main__][INFO] - Iteration 0, epoch 24, train accuracy 0.74, loss 0.5234
[2023-05-23 10:11:57,436][__main__][INFO] - Test accuracy - 0.7475983154538796
[2023-05-23 10:11:57,512][__main__][INFO] - Iteration 0, epoch 25, train accuracy 0.75, loss 0.5126
[2023-05-23 10:12:00,191][__main__][INFO] - Test accuracy - 0.7473378958252552
[2023-05-23 10:12:00,243][__main__][INFO] - Iteration 0, epoch 26, train accuracy 0.74, loss 0.5139
[2023-05-23 10:12:03,125][__main__][INFO] - Test accuracy - 0.7484127094911895
[2023-05-23 10:12:03,204][__main__][INFO] - Iteration 0, epoch 27, train accuracy 0.75, loss 0.5132
[2023-05-23 10:12:06,322][__main__][INFO] - Test accuracy - 0.7491723385463789
[2023-05-23 10:12:06,393][__main__][INFO] - Iteration 0, epoch 28, train accuracy 0.75, loss 0.5088
[2023-05-23 10:12:09,300][__main__][INFO] - Test accuracy - 0.7495768622635819
[2023-05-23 10:12:09,383][__main__][INFO] - Iteration 0, epoch 29, train accuracy 0.75, loss 0.5095
[2023-05-23 10:12:12,280][__main__][INFO] - Test accuracy - 0.7502594157942356
[2023-05-23 10:12:12,334][__main__][INFO] - Iteration 0, epoch 30, train accuracy 0.75, loss 0.5112
[2023-05-23 10:12:15,023][__main__][INFO] - Test accuracy - 0.7511892141656973
[2023-05-23 10:12:15,084][__main__][INFO] - Iteration 0, epoch 31, train accuracy 0.75, loss 0.5091
[2023-05-23 10:12:17,821][__main__][INFO] - Test accuracy - 0.7511902567748051
[2023-05-23 10:12:17,880][__main__][INFO] - Iteration 0, epoch 32, train accuracy 0.75, loss 0.5106
[2023-05-23 10:12:20,560][__main__][INFO] - Test accuracy - 0.7516189457584767
[2023-05-23 10:12:20,608][__main__][INFO] - Iteration 0, epoch 33, train accuracy 0.76, loss 0.5047
[2023-05-23 10:12:23,316][__main__][INFO] - Test accuracy - 0.7522150919822499
[2023-05-23 10:12:23,393][__main__][INFO] - Iteration 0, epoch 34, train accuracy 0.74, loss 0.5187
[2023-05-23 10:12:26,093][__main__][INFO] - Test accuracy - 0.7532631597087589
[2023-05-23 10:12:26,151][__main__][INFO] - Iteration 0, epoch 35, train accuracy 0.75, loss 0.5119
[2023-05-23 10:12:28,865][__main__][INFO] - Test accuracy - 0.7544981840506656
[2023-05-23 10:12:28,948][__main__][INFO] - Iteration 0, epoch 36, train accuracy 0.75, loss 0.5020
[2023-05-23 10:12:31,615][__main__][INFO] - Test accuracy - 0.7547428589892724
[2023-05-23 10:12:31,666][__main__][INFO] - Iteration 0, epoch 37, train accuracy 0.75, loss 0.5112
[2023-05-23 10:12:34,288][__main__][INFO] - Test accuracy - 0.7547957024686571
[2023-05-23 10:12:34,368][__main__][INFO] - Iteration 0, epoch 38, train accuracy 0.75, loss 0.5047
[2023-05-23 10:12:37,104][__main__][INFO] - Test accuracy - 0.7566434190685452
[2023-05-23 10:12:37,158][__main__][INFO] - Iteration 0, epoch 39, train accuracy 0.76, loss 0.4977
[2023-05-23 10:12:39,890][__main__][INFO] - Test accuracy - 0.7564128193528931
[2023-05-23 10:12:39,970][__main__][INFO] - Iteration 0, epoch 40, train accuracy 0.75, loss 0.5015
[2023-05-23 10:12:42,691][__main__][INFO] - Test accuracy - 0.7569748416698979
[2023-05-23 10:12:42,740][__main__][INFO] - Iteration 0, epoch 41, train accuracy 0.75, loss 0.5110
[2023-05-23 10:12:45,554][__main__][INFO] - Test accuracy - 0.7579973934772305
[2023-05-23 10:12:45,616][__main__][INFO] - Iteration 0, epoch 42, train accuracy 0.75, loss 0.5082
[2023-05-23 10:12:48,344][__main__][INFO] - Test accuracy - 0.7586940006893284
[2023-05-23 10:12:48,395][__main__][INFO] - Iteration 0, epoch 43, train accuracy 0.76, loss 0.4996
[2023-05-23 10:12:51,158][__main__][INFO] - Test accuracy - 0.7592183749084486
[2023-05-23 10:12:51,207][__main__][INFO] - Iteration 0, epoch 44, train accuracy 0.77, loss 0.4931
[2023-05-23 10:12:53,920][__main__][INFO] - Test accuracy - 0.7597734694756797
[2023-05-23 10:12:53,969][__main__][INFO] - Iteration 0, epoch 45, train accuracy 0.76, loss 0.4961
[2023-05-23 10:12:56,614][__main__][INFO] - Test accuracy - 0.7601146094524148
[2023-05-23 10:12:56,664][__main__][INFO] - Iteration 0, epoch 46, train accuracy 0.76, loss 0.5035
[2023-05-23 10:12:59,427][__main__][INFO] - Test accuracy - 0.7606024880444616
[2023-05-23 10:12:59,519][__main__][INFO] - Iteration 0, epoch 47, train accuracy 0.76, loss 0.5018
[2023-05-23 10:13:02,224][__main__][INFO] - Test accuracy - 0.7608379841454482
[2023-05-23 10:13:02,272][__main__][INFO] - Iteration 0, epoch 48, train accuracy 0.77, loss 0.4901
[2023-05-23 10:13:04,959][__main__][INFO] - Test accuracy - 0.7589787169876352
[2023-05-23 10:13:05,037][__main__][INFO] - Iteration 0, epoch 49, train accuracy 0.76, loss 0.4894
[2023-05-23 10:13:07,771][__main__][INFO] - Test accuracy - 0.761699084485804
[2023-05-23 10:13:07,839][__main__][INFO] - Iteration 0, epoch 50, train accuracy 0.77, loss 0.4908
[2023-05-23 10:13:10,524][__main__][INFO] - Test accuracy - 0.7618430787126793
[2023-05-23 10:13:10,604][__main__][INFO] - Iteration 0, epoch 51, train accuracy 0.76, loss 0.5020
[2023-05-23 10:13:13,285][__main__][INFO] - Test accuracy - 0.7620128085821378
[2023-05-23 10:13:13,334][__main__][INFO] - Iteration 0, epoch 52, train accuracy 0.76, loss 0.4973
[2023-05-23 10:13:16,052][__main__][INFO] - Test accuracy - 0.7624228986256517
[2023-05-23 10:13:16,153][__main__][INFO] - Iteration 0, epoch 53, train accuracy 0.77, loss 0.4893
[2023-05-23 10:13:18,865][__main__][INFO] - Test accuracy - 0.7625107664469434
[2023-05-23 10:13:18,915][__main__][INFO] - Iteration 0, epoch 54, train accuracy 0.76, loss 0.4958
[2023-05-23 10:13:21,638][__main__][INFO] - Test accuracy - 0.7622229977166
[2023-05-23 10:13:21,688][__main__][INFO] - Iteration 0, epoch 55, train accuracy 0.77, loss 0.4878
[2023-05-23 10:13:24,365][__main__][INFO] - Test accuracy - 0.7632202856404291
[2023-05-23 10:13:24,414][__main__][INFO] - Iteration 0, epoch 56, train accuracy 0.76, loss 0.4885
[2023-05-23 10:13:27,082][__main__][INFO] - Test accuracy - 0.7635221080522167
[2023-05-23 10:13:27,134][__main__][INFO] - Iteration 0, epoch 57, train accuracy 0.77, loss 0.4898
[2023-05-23 10:13:29,784][__main__][INFO] - Test accuracy - 0.7633652901641463
[2023-05-23 10:13:29,858][__main__][INFO] - Iteration 0, epoch 58, train accuracy 0.76, loss 0.4975
[2023-05-23 10:13:32,623][__main__][INFO] - Test accuracy - 0.7635196049286976
[2023-05-23 10:13:32,673][__main__][INFO] - Iteration 0, epoch 59, train accuracy 0.77, loss 0.4919
[2023-05-23 10:13:35,383][__main__][INFO] - Test accuracy - 0.7637174529317996
[2023-05-23 10:13:35,462][__main__][INFO] - Iteration 0, epoch 60, train accuracy 0.76, loss 0.4923
[2023-05-23 10:13:38,151][__main__][INFO] - Test accuracy - 0.764065191073198
[2023-05-23 10:13:38,201][__main__][INFO] - Iteration 0, epoch 61, train accuracy 0.76, loss 0.4912
[2023-05-23 10:13:40,907][__main__][INFO] - Test accuracy - 0.7639929688509759
[2023-05-23 10:13:40,994][__main__][INFO] - Iteration 0, epoch 62, train accuracy 0.77, loss 0.4831
[2023-05-23 10:13:43,694][__main__][INFO] - Test accuracy - 0.7640223277756236
[2023-05-23 10:13:43,743][__main__][INFO] - Iteration 0, epoch 63, train accuracy 0.77, loss 0.4844
[2023-05-23 10:13:46,379][__main__][INFO] - Test accuracy - 0.7644387747188834
[2023-05-23 10:13:46,474][__main__][INFO] - Iteration 0, epoch 64, train accuracy 0.76, loss 0.4935
[2023-05-23 10:13:49,142][__main__][INFO] - Test accuracy - 0.7642851514368187
[2023-05-23 10:13:49,192][__main__][INFO] - Iteration 0, epoch 65, train accuracy 0.77, loss 0.4889
[2023-05-23 10:13:51,879][__main__][INFO] - Test accuracy - 0.7646399056481841
[2023-05-23 10:13:51,930][__main__][INFO] - Iteration 0, epoch 66, train accuracy 0.77, loss 0.4882
[2023-05-23 10:13:54,621][__main__][INFO] - Test accuracy - 0.7647586144500452
[2023-05-23 10:13:54,674][__main__][INFO] - Iteration 0, epoch 67, train accuracy 0.77, loss 0.4885
[2023-05-23 10:13:57,376][__main__][INFO] - Test accuracy - 0.7646201650079704
[2023-05-23 10:13:57,426][__main__][INFO] - Iteration 0, epoch 68, train accuracy 0.77, loss 0.4809
[2023-05-23 10:14:00,122][__main__][INFO] - Test accuracy - 0.7649923980009478
[2023-05-23 10:14:00,172][__main__][INFO] - Iteration 0, epoch 69, train accuracy 0.77, loss 0.4831
[2023-05-23 10:14:02,831][__main__][INFO] - Test accuracy - 0.7651078131058549
[2023-05-23 10:14:02,894][__main__][INFO] - Iteration 0, epoch 70, train accuracy 0.76, loss 0.4898
[2023-05-23 10:14:05,677][__main__][INFO] - Test accuracy - 0.765311326526216
[2023-05-23 10:14:05,759][__main__][INFO] - Iteration 0, epoch 71, train accuracy 0.77, loss 0.4837
[2023-05-23 10:14:08,413][__main__][INFO] - Test accuracy - 0.7652635000646245
[2023-05-23 10:14:08,462][__main__][INFO] - Iteration 0, epoch 72, train accuracy 0.77, loss 0.4921
[2023-05-23 10:14:11,086][__main__][INFO] - Test accuracy - 0.76569104734824
[2023-05-23 10:14:11,164][__main__][INFO] - Iteration 0, epoch 73, train accuracy 0.77, loss 0.4838
[2023-05-23 10:14:13,892][__main__][INFO] - Test accuracy - 0.7656056718797122
[2023-05-23 10:14:13,942][__main__][INFO] - Iteration 0, epoch 74, train accuracy 0.76, loss 0.4924
[2023-05-23 10:14:16,644][__main__][INFO] - Test accuracy - 0.7659547714445736
[2023-05-23 10:14:16,730][__main__][INFO] - Iteration 0, epoch 75, train accuracy 0.77, loss 0.4919
[2023-05-23 10:14:19,405][__main__][INFO] - Test accuracy - 0.7660632695704623
[2023-05-23 10:14:19,454][__main__][INFO] - Iteration 0, epoch 76, train accuracy 0.76, loss 0.4906
[2023-05-23 10:14:22,085][__main__][INFO] - Test accuracy - 0.7660022575502994
[2023-05-23 10:14:22,176][__main__][INFO] - Iteration 0, epoch 77, train accuracy 0.76, loss 0.4944
[2023-05-23 10:14:24,904][__main__][INFO] - Test accuracy - 0.7662616884235922
[2023-05-23 10:14:24,955][__main__][INFO] - Iteration 0, epoch 78, train accuracy 0.77, loss 0.4849
[2023-05-23 10:14:27,594][__main__][INFO] - Test accuracy - 0.7665539485588729
[2023-05-23 10:14:27,641][__main__][INFO] - Iteration 0, epoch 79, train accuracy 0.77, loss 0.4895
[2023-05-23 10:14:30,324][__main__][INFO] - Test accuracy - 0.7667735685666278
[2023-05-23 10:14:30,372][__main__][INFO] - Iteration 0, epoch 80, train accuracy 0.77, loss 0.4873
[2023-05-23 10:14:33,127][__main__][INFO] - Test accuracy - 0.767288763948128
[2023-05-23 10:14:33,177][__main__][INFO] - Iteration 0, epoch 81, train accuracy 0.77, loss 0.4864
[2023-05-23 10:14:35,937][__main__][INFO] - Test accuracy - 0.7670419370126234
[2023-05-23 10:14:35,995][__main__][INFO] - Iteration 0, epoch 82, train accuracy 0.78, loss 0.4790
[2023-05-23 10:14:38,714][__main__][INFO] - Test accuracy - 0.7671337684718452
[2023-05-23 10:14:38,770][__main__][INFO] - Iteration 0, epoch 83, train accuracy 0.77, loss 0.4848
[2023-05-23 10:14:41,533][__main__][INFO] - Test accuracy - 0.7676556611089569
[2023-05-23 10:14:41,613][__main__][INFO] - Iteration 0, epoch 84, train accuracy 0.77, loss 0.4875
[2023-05-23 10:14:44,349][__main__][INFO] - Test accuracy - 0.7675346796777389
[2023-05-23 10:14:44,398][__main__][INFO] - Iteration 0, epoch 85, train accuracy 0.77, loss 0.4918
[2023-05-23 10:14:47,096][__main__][INFO] - Test accuracy - 0.7683737990607901
[2023-05-23 10:14:47,180][__main__][INFO] - Iteration 0, epoch 86, train accuracy 0.77, loss 0.4828
[2023-05-23 10:14:49,898][__main__][INFO] - Test accuracy - 0.7679718883288096
[2023-05-23 10:14:49,954][__main__][INFO] - Iteration 0, epoch 87, train accuracy 0.77, loss 0.4884
[2023-05-23 10:14:52,622][__main__][INFO] - Test accuracy - 0.768326521907716
[2023-05-23 10:14:52,701][__main__][INFO] - Iteration 0, epoch 88, train accuracy 0.76, loss 0.4939
[2023-05-23 10:14:55,466][__main__][INFO] - Test accuracy - 0.7686252703459567
[2023-05-23 10:14:55,528][__main__][INFO] - Iteration 0, epoch 89, train accuracy 0.77, loss 0.4839
[2023-05-23 10:14:58,285][__main__][INFO] - Test accuracy - 0.7685970208090992
[2023-05-23 10:14:58,336][__main__][INFO] - Iteration 0, epoch 90, train accuracy 0.77, loss 0.4793
[2023-05-23 10:15:01,075][__main__][INFO] - Test accuracy - 0.7689313859807849
[2023-05-23 10:15:01,124][__main__][INFO] - Iteration 0, epoch 91, train accuracy 0.77, loss 0.4846
[2023-05-23 10:15:03,976][__main__][INFO] - Test accuracy - 0.7690363922278229
[2023-05-23 10:15:04,027][__main__][INFO] - Iteration 0, epoch 92, train accuracy 0.77, loss 0.4870
[2023-05-23 10:15:06,766][__main__][INFO] - Test accuracy - 0.769347723062341
[2023-05-23 10:15:06,818][__main__][INFO] - Iteration 0, epoch 93, train accuracy 0.77, loss 0.4899
[2023-05-23 10:15:09,562][__main__][INFO] - Test accuracy - 0.7695073521175305
[2023-05-23 10:15:09,625][__main__][INFO] - Iteration 0, epoch 94, train accuracy 0.77, loss 0.4915
[2023-05-23 10:15:12,347][__main__][INFO] - Test accuracy - 0.7694469324889062
[2023-05-23 10:15:12,426][__main__][INFO] - Iteration 0, epoch 95, train accuracy 0.77, loss 0.4850
[2023-05-23 10:15:15,134][__main__][INFO] - Test accuracy - 0.7698688143552626
[2023-05-23 10:15:15,184][__main__][INFO] - Iteration 0, epoch 96, train accuracy 0.78, loss 0.4786
[2023-05-23 10:15:17,873][__main__][INFO] - Test accuracy - 0.7697497651975356
[2023-05-23 10:15:17,952][__main__][INFO] - Iteration 0, epoch 97, train accuracy 0.77, loss 0.4773
[2023-05-23 10:15:20,685][__main__][INFO] - Test accuracy - 0.7699140386023867
[2023-05-23 10:15:20,734][__main__][INFO] - Iteration 0, epoch 98, train accuracy 0.78, loss 0.4820
[2023-05-23 10:15:23,411][__main__][INFO] - Test accuracy - 0.7701600857352118
[2023-05-23 10:15:23,501][__main__][INFO] - Iteration 0, epoch 99, train accuracy 0.78, loss 0.4717
[2023-05-23 10:15:26,182][__main__][INFO] - Test accuracy - 0.7704912563008918
[2023-05-23 10:15:26,186][__main__][INFO] - Total time 282.1543 seconds
