[2023-05-10 18:04:30,287][__main__][INFO] - Net(
  (fc1): Linear(in_features=17, out_features=68, bias=True)
  (fc2): Linear(in_features=68, out_features=68, bias=True)
  (fc3): Linear(in_features=68, out_features=68, bias=True)
  (fc4): Linear(in_features=68, out_features=68, bias=True)
  (fc5): Linear(in_features=68, out_features=68, bias=True)
  (fc6): Linear(in_features=68, out_features=68, bias=True)
  (fc7): Linear(in_features=68, out_features=68, bias=True)
  (fc8): Linear(in_features=68, out_features=68, bias=True)
  (fc9): Linear(in_features=68, out_features=68, bias=True)
  (fc10): Linear(in_features=68, out_features=68, bias=True)
  (fc11): Linear(in_features=68, out_features=68, bias=True)
  (fc12): Linear(in_features=68, out_features=68, bias=True)
  (fc13): Linear(in_features=68, out_features=68, bias=True)
  (fc14): Linear(in_features=68, out_features=68, bias=True)
  (fc15): Linear(in_features=68, out_features=68, bias=True)
  (fc16): Linear(in_features=68, out_features=1, bias=True)
  (act1): ReLU()
)
[2023-05-10 18:04:31,143][__main__][INFO] - Iteration 0, epoch 0, train accuracy 0.47, loss 0.5014
[2023-05-10 18:04:34,786][__main__][INFO] - Test accuracy - 0.4976079545454546
[2023-05-10 18:04:34,816][__main__][INFO] - Iteration 0, epoch 1, train accuracy 0.47, loss 0.5011
[2023-05-10 18:04:38,503][__main__][INFO] - Test accuracy - 0.4976079545454546
[2023-05-10 18:04:38,535][__main__][INFO] - Iteration 0, epoch 2, train accuracy 0.51, loss 0.4998
[2023-05-10 18:04:42,384][__main__][INFO] - Test accuracy - 0.4976079545454546
[2023-05-10 18:04:42,415][__main__][INFO] - Iteration 0, epoch 3, train accuracy 0.51, loss 0.4997
[2023-05-10 18:04:46,312][__main__][INFO] - Test accuracy - 0.4976079545454546
[2023-05-10 18:04:46,345][__main__][INFO] - Iteration 0, epoch 4, train accuracy 0.51, loss 0.4997
[2023-05-10 18:04:50,335][__main__][INFO] - Test accuracy - 0.4976079545454546
[2023-05-10 18:04:50,367][__main__][INFO] - Iteration 0, epoch 5, train accuracy 0.48, loss 0.5008
[2023-05-10 18:04:54,427][__main__][INFO] - Test accuracy - 0.4976079545454546
[2023-05-10 18:04:54,458][__main__][INFO] - Iteration 0, epoch 6, train accuracy 0.52, loss 0.4993
[2023-05-10 18:04:58,498][__main__][INFO] - Test accuracy - 0.4976079545454546
[2023-05-10 18:04:58,539][__main__][INFO] - Iteration 0, epoch 7, train accuracy 0.51, loss 0.4998
