[2023-05-04 10:44:50,555][__main__][INFO] - Net(
  (fc1): Linear(in_features=17, out_features=34, bias=True)
  (fc2): Linear(in_features=34, out_features=34, bias=True)
  (fc3): Linear(in_features=34, out_features=34, bias=True)
  (fc4): Linear(in_features=34, out_features=17, bias=True)
  (fc5): Linear(in_features=17, out_features=1, bias=True)
  (act1): ReLU()
  (act2): Tanh()
)
[2023-05-04 10:44:51,411][__main__][INFO] - Iteration 0, epoch 0, train accuracy 0.48, loss 0.5007
[2023-05-04 10:44:53,663][__main__][INFO] - Test accuracy - 0.9128426406638268
[2023-05-04 10:44:53,684][__main__][INFO] - Iteration 0, epoch 1, train accuracy 0.49, loss 0.4956
[2023-05-04 10:44:55,992][__main__][INFO] - Test accuracy - 0.8454664093006743
[2023-05-04 10:44:56,008][__main__][INFO] - Iteration 0, epoch 2, train accuracy 0.59, loss 0.4588
[2023-05-04 10:44:58,364][__main__][INFO] - Test accuracy - 0.6708941249556265
[2023-05-04 10:44:58,380][__main__][INFO] - Iteration 0, epoch 3, train accuracy 0.70, loss 0.3688
[2023-05-04 10:45:00,916][__main__][INFO] - Test accuracy - 0.6538970979765709
[2023-05-04 10:45:00,931][__main__][INFO] - Iteration 0, epoch 4, train accuracy 0.71, loss 0.3336
[2023-05-04 10:45:03,620][__main__][INFO] - Test accuracy - 0.6384238773517926
[2023-05-04 10:45:03,641][__main__][INFO] - Iteration 0, epoch 5, train accuracy 0.71, loss 0.3010
[2023-05-04 10:45:06,408][__main__][INFO] - Test accuracy - 0.6461466875221867
[2023-05-04 10:45:06,429][__main__][INFO] - Iteration 0, epoch 6, train accuracy 0.72, loss 0.2945
[2023-05-04 10:45:09,230][__main__][INFO] - Test accuracy - 0.6492660077209798
[2023-05-04 10:45:09,245][__main__][INFO] - Iteration 0, epoch 7, train accuracy 0.69, loss 0.3161
[2023-05-04 10:45:11,916][__main__][INFO] - Test accuracy - 0.6480042376641818
[2023-05-04 10:45:11,932][__main__][INFO] - Iteration 0, epoch 8, train accuracy 0.72, loss 0.2899
[2023-05-04 10:45:14,776][__main__][INFO] - Test accuracy - 0.6626588680333688
[2023-05-04 10:45:14,794][__main__][INFO] - Iteration 0, epoch 9, train accuracy 0.73, loss 0.2746
[2023-05-04 10:45:17,640][__main__][INFO] - Test accuracy - 0.6642324613951013
[2023-05-04 10:45:17,664][__main__][INFO] - Iteration 0, epoch 10, train accuracy 0.75, loss 0.2631
[2023-05-04 10:45:20,988][__main__][INFO] - Test accuracy - 0.6722781882321619
[2023-05-04 10:45:21,009][__main__][INFO] - Iteration 0, epoch 11, train accuracy 0.75, loss 0.2592
[2023-05-04 10:45:23,670][__main__][INFO] - Test accuracy - 0.6708823548988286
[2023-05-04 10:45:23,730][__main__][INFO] - Iteration 0, epoch 12, train accuracy 0.74, loss 0.2590
[2023-05-04 10:45:26,378][__main__][INFO] - Test accuracy - 0.6856502152112176
[2023-05-04 10:45:26,403][__main__][INFO] - Iteration 0, epoch 13, train accuracy 0.73, loss 0.2795
[2023-05-04 10:45:29,144][__main__][INFO] - Test accuracy - 0.665942148118566
[2023-05-04 10:45:29,163][__main__][INFO] - Iteration 0, epoch 14, train accuracy 0.72, loss 0.2857
[2023-05-04 10:45:31,876][__main__][INFO] - Test accuracy - 0.6793628749556265
[2023-05-04 10:45:31,893][__main__][INFO] - Iteration 0, epoch 15, train accuracy 0.75, loss 0.2471
[2023-05-04 10:45:34,500][__main__][INFO] - Test accuracy - 0.6845218317358892
[2023-05-04 10:45:34,519][__main__][INFO] - Iteration 0, epoch 16, train accuracy 0.72, loss 0.2801
[2023-05-04 10:45:37,038][__main__][INFO] - Test accuracy - 0.6770587615370962
[2023-05-04 10:45:37,056][__main__][INFO] - Iteration 0, epoch 17, train accuracy 0.74, loss 0.2671
[2023-05-04 10:45:39,664][__main__][INFO] - Test accuracy - 0.6810386048988285
[2023-05-04 10:45:39,681][__main__][INFO] - Iteration 0, epoch 18, train accuracy 0.75, loss 0.2485
[2023-05-04 10:45:42,214][__main__][INFO] - Test accuracy - 0.6934398517926872
[2023-05-04 10:45:42,235][__main__][INFO] - Iteration 0, epoch 19, train accuracy 0.73, loss 0.2750
[2023-05-04 10:45:44,739][__main__][INFO] - Test accuracy - 0.6867288116790912
[2023-05-04 10:45:44,763][__main__][INFO] - Iteration 0, epoch 20, train accuracy 0.75, loss 0.2537
[2023-05-04 10:45:47,326][__main__][INFO] - Test accuracy - 0.679514388090167
[2023-05-04 10:45:47,342][__main__][INFO] - Iteration 0, epoch 21, train accuracy 0.77, loss 0.2342
[2023-05-04 10:45:49,898][__main__][INFO] - Test accuracy - 0.6870809482605608
[2023-05-04 10:45:49,913][__main__][INFO] - Iteration 0, epoch 22, train accuracy 0.75, loss 0.2532
[2023-05-04 10:45:52,471][__main__][INFO] - Test accuracy - 0.6819414714235
[2023-05-04 10:45:52,487][__main__][INFO] - Iteration 0, epoch 23, train accuracy 0.74, loss 0.2603
[2023-05-04 10:45:55,043][__main__][INFO] - Test accuracy - 0.6953662584309551
[2023-05-04 10:45:55,059][__main__][INFO] - Iteration 0, epoch 24, train accuracy 0.72, loss 0.2795
[2023-05-04 10:45:57,590][__main__][INFO] - Test accuracy - 0.6963461017926873
[2023-05-04 10:45:57,606][__main__][INFO] - Iteration 0, epoch 25, train accuracy 0.72, loss 0.2850
[2023-05-04 10:46:00,258][__main__][INFO] - Test accuracy - 0.6815227746716365
[2023-05-04 10:46:00,277][__main__][INFO] - Iteration 0, epoch 26, train accuracy 0.73, loss 0.2715
[2023-05-04 10:46:02,897][__main__][INFO] - Test accuracy - 0.6907926650692225
[2023-05-04 10:46:02,921][__main__][INFO] - Iteration 0, epoch 27, train accuracy 0.75, loss 0.2504
[2023-05-04 10:46:05,419][__main__][INFO] - Test accuracy - 0.6915537584309549
[2023-05-04 10:46:05,434][__main__][INFO] - Iteration 0, epoch 28, train accuracy 0.75, loss 0.2544
[2023-05-04 10:46:07,940][__main__][INFO] - Test accuracy - 0.6837512646432375
[2023-05-04 10:46:07,956][__main__][INFO] - Iteration 0, epoch 29, train accuracy 0.75, loss 0.2530
[2023-05-04 10:46:10,610][__main__][INFO] - Test accuracy - 0.6880295416222934
[2023-05-04 10:46:10,627][__main__][INFO] - Iteration 0, epoch 30, train accuracy 0.76, loss 0.2437
[2023-05-04 10:46:13,138][__main__][INFO] - Test accuracy - 0.6747250177493788
[2023-05-04 10:46:13,154][__main__][INFO] - Iteration 0, epoch 31, train accuracy 0.76, loss 0.2356
[2023-05-04 10:46:15,780][__main__][INFO] - Test accuracy - 0.6844435015086971
[2023-05-04 10:46:15,796][__main__][INFO] - Iteration 0, epoch 32, train accuracy 0.77, loss 0.2353
[2023-05-04 10:46:18,364][__main__][INFO] - Test accuracy - 0.7042840122470713
[2023-05-04 10:46:18,379][__main__][INFO] - Iteration 0, epoch 33, train accuracy 0.75, loss 0.2530
[2023-05-04 10:46:20,867][__main__][INFO] - Test accuracy - 0.688467718317359
[2023-05-04 10:46:20,883][__main__][INFO] - Iteration 0, epoch 34, train accuracy 0.77, loss 0.2355
[2023-05-04 10:46:23,494][__main__][INFO] - Test accuracy - 0.6813477214235002
[2023-05-04 10:46:23,510][__main__][INFO] - Iteration 0, epoch 35, train accuracy 0.73, loss 0.2722
[2023-05-04 10:46:26,046][__main__][INFO] - Test accuracy - 0.7012806287717429
[2023-05-04 10:46:26,062][__main__][INFO] - Iteration 0, epoch 36, train accuracy 0.75, loss 0.2539
[2023-05-04 10:46:28,617][__main__][INFO] - Test accuracy - 0.6827963147852326
[2023-05-04 10:46:28,640][__main__][INFO] - Iteration 0, epoch 37, train accuracy 0.76, loss 0.2497
[2023-05-04 10:46:31,292][__main__][INFO] - Test accuracy - 0.6851434482605608
[2023-05-04 10:46:31,312][__main__][INFO] - Iteration 0, epoch 38, train accuracy 0.75, loss 0.2482
[2023-05-04 10:46:33,937][__main__][INFO] - Test accuracy - 0.6828275647852325
[2023-05-04 10:46:33,962][__main__][INFO] - Iteration 0, epoch 39, train accuracy 0.74, loss 0.2550
[2023-05-04 10:46:36,546][__main__][INFO] - Test accuracy - 0.6814727214235002
[2023-05-04 10:46:36,569][__main__][INFO] - Iteration 0, epoch 40, train accuracy 0.74, loss 0.2642
[2023-05-04 10:46:39,221][__main__][INFO] - Test accuracy - 0.6914724551828186
[2023-05-04 10:46:39,238][__main__][INFO] - Iteration 0, epoch 41, train accuracy 0.77, loss 0.2393
[2023-05-04 10:46:41,741][__main__][INFO] - Test accuracy - 0.6928787051828187
[2023-05-04 10:46:41,759][__main__][INFO] - Iteration 0, epoch 42, train accuracy 0.73, loss 0.2660
