[2023-05-29 12:18:46,297][__main__][INFO] - Net(
  (fc1): Linear(in_features=3753, out_features=136, bias=True)
  (fc2): Linear(in_features=136, out_features=136, bias=True)
  (fc3): Linear(in_features=136, out_features=136, bias=True)
  (fc4): Linear(in_features=136, out_features=136, bias=True)
  (fc5): Linear(in_features=136, out_features=136, bias=True)
  (fc6): Linear(in_features=136, out_features=136, bias=True)
  (fc7): Linear(in_features=136, out_features=136, bias=True)
  (fc8): Linear(in_features=136, out_features=1, bias=True)
  (dropout): Dropout(p=0.025, inplace=False)
  (act1): ReLU()
)
[2023-05-29 12:18:47,395][__main__][INFO] - Iteration 0, epoch 0, train accuracy 0.50, loss 0.6941
[2023-05-29 12:18:59,255][__main__][INFO] - Test accuracy - 0.48655
[2023-05-29 12:18:59,492][__main__][INFO] - Iteration 0, epoch 1, train accuracy 0.49, loss 0.6933
[2023-05-29 12:19:11,066][__main__][INFO] - Test accuracy - 0.5134500000000001
[2023-05-29 12:19:11,324][__main__][INFO] - Iteration 0, epoch 2, train accuracy 0.50, loss 0.6931
[2023-05-29 12:19:23,329][__main__][INFO] - Test accuracy - 0.5134500000000001
[2023-05-29 12:19:23,594][__main__][INFO] - Iteration 0, epoch 3, train accuracy 0.50, loss 0.6931
[2023-05-29 12:19:34,811][__main__][INFO] - Test accuracy - 0.48655
[2023-05-29 12:19:35,108][__main__][INFO] - Iteration 0, epoch 4, train accuracy 0.50, loss 0.6931
[2023-05-29 12:19:47,190][__main__][INFO] - Test accuracy - 0.48655
[2023-05-29 12:19:47,428][__main__][INFO] - Iteration 0, epoch 5, train accuracy 0.50, loss 0.6931
[2023-05-29 12:19:59,109][__main__][INFO] - Test accuracy - 0.48655
[2023-05-29 12:19:59,296][__main__][INFO] - Iteration 0, epoch 6, train accuracy 0.51, loss 0.6931
[2023-05-29 12:20:11,183][__main__][INFO] - Test accuracy - 0.5134500000000001
[2023-05-29 12:20:11,387][__main__][INFO] - Iteration 0, epoch 7, train accuracy 0.51, loss 0.6931
[2023-05-29 12:20:23,316][__main__][INFO] - Test accuracy - 0.5134500000000001
[2023-05-29 12:20:23,547][__main__][INFO] - Iteration 0, epoch 8, train accuracy 0.50, loss 0.6931
[2023-05-29 12:20:35,666][__main__][INFO] - Test accuracy - 0.48655
[2023-05-29 12:20:35,854][__main__][INFO] - Iteration 0, epoch 9, train accuracy 0.50, loss 0.6931
[2023-05-29 12:20:47,736][__main__][INFO] - Test accuracy - 0.48655
[2023-05-29 12:20:48,008][__main__][INFO] - Iteration 0, epoch 10, train accuracy 0.50, loss 0.6931
